[0.163s] Invoking command in '/home/simone/tesi_ws/build/turtlebot3_gazebo': CMAKE_PREFIX_PATH=/opt/ros/humble /usr/bin/cmake /home/simone/tesi_ws/src/turtlebot3/turtlebot3_simulations/turtlebot3_gazebo -DAMENT_CMAKE_SYMLINK_INSTALL=1 -DCMAKE_INSTALL_PREFIX=/home/simone/tesi_ws/install/turtlebot3_gazebo
[0.646s] -- The C compiler identification is GNU 11.4.0
[0.747s] -- The CXX compiler identification is GNU 11.4.0
[1.000s] -- Detecting C compiler ABI info
[1.148s] -- Detecting C compiler ABI info - done
[1.159s] -- Check for working C compiler: /usr/bin/cc - skipped
[1.159s] -- Detecting C compile features
[1.160s] -- Detecting C compile features - done
[1.164s] -- Detecting CXX compiler ABI info
[1.295s] -- Detecting CXX compiler ABI info - done
[1.309s] -- Check for working CXX compiler: /usr/bin/c++ - skipped
[1.309s] -- Detecting CXX compile features
[1.309s] -- Detecting CXX compile features - done
[1.312s] -- Found ament_cmake: 1.3.5 (/opt/ros/humble/share/ament_cmake/cmake)
[1.503s] -- Found Python3: /usr/bin/python3.10 (found version "3.10.12") found components: Interpreter 
[1.588s] -- Override CMake install command with custom implementation using symlinks instead of copying resources
[1.624s] [33mCMake Warning (dev) at /usr/share/cmake-3.22/Modules/FindPackageHandleStandardArgs.cmake:438 (message):
[1.624s]   The package name passed to `find_package_handle_standard_args` (PkgConfig)
[1.624s]   does not match the name of the calling package (gazebo).  This can lead to
[1.624s]   problems in calling code that expects `find_package` result variables
[1.625s]   (e.g., `_FOUND`) to follow a certain pattern.
[1.625s] Call Stack (most recent call first):
[1.625s]   /usr/share/cmake-3.22/Modules/FindPkgConfig.cmake:99 (find_package_handle_standard_args)
[1.625s]   /usr/lib/x86_64-linux-gnu/cmake/gazebo/gazebo-config.cmake:72 (include)
[1.625s]   CMakeLists.txt:23 (find_package)
[1.625s] This warning is for project developers.  Use -Wno-dev to suppress it.
[1.626s] [0m
[1.626s] -- Found PkgConfig: /usr/bin/pkg-config (found version "0.29.2") 
[1.628s] -- Checking for module 'bullet>=2.82'
[1.637s] --   Found bullet, version 3.05
[1.783s] -- Found fcl: /usr/include (found suitable version "0.7.0", minimum required is "0.5.0") 
[1.898s] -- Found assimp: /usr/include (found version "5.2.0") 
[1.926s] -- Found DART: /usr/include (Required is at least version "6.6") found components: dart 
[2.298s] -- Found Boost: /usr/lib/x86_64-linux-gnu/cmake/Boost-1.74.0/BoostConfig.cmake (found suitable version "1.74.0", minimum required is "1.40.0") found components: thread system filesystem program_options regex iostreams date_time 
[2.743s] -- Found Protobuf: /usr/lib/x86_64-linux-gnu/libprotobuf.so (found version "3.12.4") 
[2.747s] -- Looking for ignition-math6 -- found version 6.15.0
[2.754s] -- Searching for dependencies of ignition-math6
[2.755s] -- Looking for OGRE...
[2.756s] -- OGRE_PREFIX_WATCH changed.
[2.760s] -- Checking for module 'OGRE'
[2.769s] --   Found OGRE, version 1.9.0
[2.793s] -- Found Ogre Ghadamon (1.9.0)
[3.158s] -- Found OGRE: optimized;/usr/lib/x86_64-linux-gnu/libOgreMain.so;debug;/usr/lib/x86_64-linux-gnu/libOgreMain.so
[3.171s] -- Looking for OGRE_Paging...
[3.560s] -- Found OGRE_Paging: optimized;/usr/lib/x86_64-linux-gnu/libOgrePaging.so;debug;/usr/lib/x86_64-linux-gnu/libOgrePaging.so
[3.560s] -- Looking for OGRE_Terrain...
[3.885s] -- Found OGRE_Terrain: optimized;/usr/lib/x86_64-linux-gnu/libOgreTerrain.so;debug;/usr/lib/x86_64-linux-gnu/libOgreTerrain.so
[3.885s] -- Looking for OGRE_Property...
[4.286s] -- Found OGRE_Property: optimized;/usr/lib/x86_64-linux-gnu/libOgreProperty.so;debug;/usr/lib/x86_64-linux-gnu/libOgreProperty.so
[4.286s] -- Looking for OGRE_RTShaderSystem...
[4.735s] -- Found OGRE_RTShaderSystem: optimized;/usr/lib/x86_64-linux-gnu/libOgreRTShaderSystem.so;debug;/usr/lib/x86_64-linux-gnu/libOgreRTShaderSystem.so
[4.735s] -- Looking for OGRE_Volume...
[5.222s] -- Found OGRE_Volume: optimized;/usr/lib/x86_64-linux-gnu/libOgreVolume.so;debug;/usr/lib/x86_64-linux-gnu/libOgreVolume.so
[5.222s] -- Looking for OGRE_Overlay...
[5.627s] -- Found OGRE_Overlay: optimized;/usr/lib/x86_64-linux-gnu/libOgreOverlay.so;debug;/usr/lib/x86_64-linux-gnu/libOgreOverlay.so
[22.417s] -- Looking for ignition-math6 -- found version 6.15.0
[22.420s] -- Looking for ignition-transport8 -- found version 8.2.1
[22.420s] -- Searching for dependencies of ignition-transport8
[23.655s] -- Found Protobuf: /usr/lib/x86_64-linux-gnu/libprotobuf.so (found suitable version "3.12.4", minimum required is "3") 
[24.827s] -- Config-file not installed for ZeroMQ -- checking for pkg-config
[24.832s] -- Checking for module 'libzmq >= 4'
[24.839s] --   Found libzmq , version 4.3.4
[24.858s] -- Found ZeroMQ: TRUE (Required is at least version "4") 
[24.897s] -- Checking for module 'uuid'
[24.907s] --   Found uuid, version 2.37.2
[24.928s] -- Found UUID: TRUE  
[24.930s] -- Looking for ignition-msgs5 -- found version 5.8.1
[24.931s] -- Searching for dependencies of ignition-msgs5
[26.121s] -- Looking for ignition-math6 -- found version 6.15.0
[26.125s] -- Checking for module 'tinyxml2'
[26.132s] --   Found tinyxml2, version 9.0.0
[26.151s] -- Looking for ignition-msgs5 -- found version 5.8.1
[26.152s] -- Looking for ignition-common3 -- found version 3.14.0
[26.153s] -- Searching for dependencies of ignition-common3
[26.189s] -- Looking for dlfcn.h - found
[26.228s] -- Looking for libdl - found
[26.229s] -- Found DL: TRUE  
[26.305s] -- Found tinyobjloader: /usr/lib/x86_64-linux-gnu/cmake/tinyobjloader/tinyobjloader-config.cmake (found version "2.0.0") 
[26.306s] -- Searching for <ignition-common3> component [graphics]
[26.308s] -- Looking for ignition-common3-graphics -- found version 3.14.0
[26.308s] -- Searching for dependencies of ignition-common3-graphics
[26.308s] -- Looking for ignition-math6 -- found version 6.15.0
[26.311s] -- Looking for ignition-fuel_tools4 -- found version 4.4.0
[26.311s] -- Searching for dependencies of ignition-fuel_tools4
[27.890s] -- Found CURL: /usr/lib/x86_64-linux-gnu/libcurl.so (found version "7.81.0")  
[27.897s] -- Checking for module 'jsoncpp'
[27.903s] --   Found jsoncpp, version 1.9.5
[27.920s] -- Found JSONCPP: TRUE  
[27.924s] -- Checking for module 'libzip'
[27.931s] --   Found libzip, version 1.7.3
[27.951s] -- Found ZIP: TRUE  
[27.951s] -- Looking for ignition-common3 -- found version 3.14.0
[27.952s] -- Looking for ignition-math6 -- found version 6.15.0
[27.952s] -- Looking for ignition-msgs5 -- found version 5.8.1
[27.957s] -- Found gazebo_ros_pkgs: 3.7.0 (/opt/ros/humble/share/gazebo_ros_pkgs/cmake)
[27.959s] -- Found geometry_msgs: 4.2.3 (/opt/ros/humble/share/geometry_msgs/cmake)
[28.031s] -- Found rosidl_generator_c: 3.1.5 (/opt/ros/humble/share/rosidl_generator_c/cmake)
[28.038s] -- Found rosidl_adapter: 3.1.5 (/opt/ros/humble/share/rosidl_adapter/cmake)
[28.049s] -- Found rosidl_generator_cpp: 3.1.5 (/opt/ros/humble/share/rosidl_generator_cpp/cmake)
[28.066s] -- Using all available rosidl_typesupport_c: rosidl_typesupport_fastrtps_c;rosidl_typesupport_introspection_c
[28.085s] -- Using all available rosidl_typesupport_cpp: rosidl_typesupport_fastrtps_cpp;rosidl_typesupport_introspection_cpp
[28.245s] -- Found nav_msgs: 4.2.3 (/opt/ros/humble/share/nav_msgs/cmake)
[28.395s] -- Found rclcpp: 16.0.6 (/opt/ros/humble/share/rclcpp/cmake)
[28.464s] -- Found rmw_implementation_cmake: 6.1.1 (/opt/ros/humble/share/rmw_implementation_cmake/cmake)
[28.466s] -- Found rmw_fastrtps_cpp: 6.2.4 (/opt/ros/humble/share/rmw_fastrtps_cpp/cmake)
[29.838s] -- Found OpenSSL: /usr/lib/x86_64-linux-gnu/libcrypto.so (found version "3.0.2")  
[31.113s] -- Found FastRTPS: /opt/ros/humble/include  
[33.544s] -- Using RMW implementation 'rmw_fastrtps_cpp' as default
[33.556s] -- Found Threads: TRUE  
[33.679s] -- Found sensor_msgs: 4.2.3 (/opt/ros/humble/share/sensor_msgs/cmake)
[33.767s] -- Found tf2: 0.25.4 (/opt/ros/humble/share/tf2/cmake)
[33.852s] -- Configuring done
[33.887s] -- Generating done
[33.891s] -- Build files have been written to: /home/simone/tesi_ws/build/turtlebot3_gazebo
[33.904s] Invoked command in '/home/simone/tesi_ws/build/turtlebot3_gazebo' returned '0': CMAKE_PREFIX_PATH=/opt/ros/humble /usr/bin/cmake /home/simone/tesi_ws/src/turtlebot3/turtlebot3_simulations/turtlebot3_gazebo -DAMENT_CMAKE_SYMLINK_INSTALL=1 -DCMAKE_INSTALL_PREFIX=/home/simone/tesi_ws/install/turtlebot3_gazebo
[33.906s] Invoking command in '/home/simone/tesi_ws/build/turtlebot3_gazebo': CMAKE_PREFIX_PATH=/opt/ros/humble /usr/bin/cmake --build /home/simone/tesi_ws/build/turtlebot3_gazebo -- -j12 -l12
[33.946s] [ 12%] [32mBuilding CXX object CMakeFiles/obstacles.dir/models/turtlebot3_dqn_world/obstacle_plugin/obstacles.cc.o[0m
[33.946s] [ 25%] [32mBuilding CXX object CMakeFiles/turtlebot3_drive.dir/src/turtlebot3_drive.cpp.o[0m
[33.946s] [ 37%] [32mBuilding CXX object CMakeFiles/obstacle2.dir/models/turtlebot3_dqn_world/obstacle_plugin/obstacle2.cc.o[0m
[33.947s] [ 50%] [32mBuilding CXX object CMakeFiles/obstacle1.dir/models/turtlebot3_dqn_world/obstacle_plugin/obstacle1.cc.o[0m
[48.243s] [ 62%] [32m[1mLinking CXX shared library libobstacles.so[0m
[48.404s] [ 75%] [32m[1mLinking CXX shared library libobstacle2.so[0m
[48.519s] [ 87%] [32m[1mLinking CXX executable turtlebot3_drive[0m
[48.639s] [ 87%] Built target obstacles
[48.792s] [ 87%] Built target obstacle2
[48.880s] [100%] [32m[1mLinking CXX shared library libobstacle1.so[0m
[49.153s] [100%] Built target obstacle1
[49.165s] [100%] Built target turtlebot3_drive
[49.173s] Invoked command in '/home/simone/tesi_ws/build/turtlebot3_gazebo' returned '0': CMAKE_PREFIX_PATH=/opt/ros/humble /usr/bin/cmake --build /home/simone/tesi_ws/build/turtlebot3_gazebo -- -j12 -l12
[49.197s] Invoking command in '/home/simone/tesi_ws/build/turtlebot3_gazebo': CMAKE_PREFIX_PATH=/opt/ros/humble /usr/bin/cmake --install /home/simone/tesi_ws/build/turtlebot3_gazebo
[49.203s] -- Install configuration: ""
[49.203s] -- Execute custom install script
[49.204s] -- Symlinking: /home/simone/tesi_ws/install/turtlebot3_gazebo/lib/turtlebot3_gazebo/turtlebot3_drive
[49.210s] -- Symlinking: /home/simone/tesi_ws/install/turtlebot3_gazebo/share/turtlebot3_gazebo//launch/empty_world.launch.py
[49.215s] -- Symlinking: /home/simone/tesi_ws/install/turtlebot3_gazebo/share/turtlebot3_gazebo//launch/robot_state_publisher.launch.py
[49.222s] -- Symlinking: /home/simone/tesi_ws/install/turtlebot3_gazebo/share/turtlebot3_gazebo//launch/spawn_turtlebot3.launch.py
[49.227s] -- Symlinking: /home/simone/tesi_ws/install/turtlebot3_gazebo/share/turtlebot3_gazebo//launch/turtlebot3_dqn_stage1.launch.py
[49.236s] -- Symlinking: /home/simone/tesi_ws/install/turtlebot3_gazebo/share/turtlebot3_gazebo//launch/turtlebot3_dqn_stage2.launch.py
[49.242s] -- Symlinking: /home/simone/tesi_ws/install/turtlebot3_gazebo/share/turtlebot3_gazebo//launch/turtlebot3_dqn_stage3.launch.py
[49.248s] -- Symlinking: /home/simone/tesi_ws/install/turtlebot3_gazebo/share/turtlebot3_gazebo//launch/turtlebot3_dqn_stage4.launch.py
[49.255s] -- Symlinking: /home/simone/tesi_ws/install/turtlebot3_gazebo/share/turtlebot3_gazebo//launch/turtlebot3_house.launch.py
[49.261s] -- Symlinking: /home/simone/tesi_ws/install/turtlebot3_gazebo/share/turtlebot3_gazebo//launch/turtlebot3_world.launch.py
[49.271s] -- Symlinking: /home/simone/tesi_ws/install/turtlebot3_gazebo/share/turtlebot3_gazebo//models/turtlebot3_burger/model-1_4.sdf
[49.276s] -- Symlinking: /home/simone/tesi_ws/install/turtlebot3_gazebo/share/turtlebot3_gazebo//models/turtlebot3_burger/model.config
[49.283s] -- Symlinking: /home/simone/tesi_ws/install/turtlebot3_gazebo/share/turtlebot3_gazebo//models/turtlebot3_burger/model.sdf
[49.292s] -- Symlinking: /home/simone/tesi_ws/install/turtlebot3_gazebo/share/turtlebot3_gazebo//models/turtlebot3_common/meshes/burger_base.dae
[49.300s] -- Symlinking: /home/simone/tesi_ws/install/turtlebot3_gazebo/share/turtlebot3_gazebo//models/turtlebot3_common/meshes/lds.dae
[49.307s] -- Symlinking: /home/simone/tesi_ws/install/turtlebot3_gazebo/share/turtlebot3_gazebo//models/turtlebot3_common/meshes/r200.dae
[49.312s] -- Symlinking: /home/simone/tesi_ws/install/turtlebot3_gazebo/share/turtlebot3_gazebo//models/turtlebot3_common/meshes/tire.dae
[49.319s] -- Symlinking: /home/simone/tesi_ws/install/turtlebot3_gazebo/share/turtlebot3_gazebo//models/turtlebot3_common/meshes/waffle_base.dae
[49.326s] -- Symlinking: /home/simone/tesi_ws/install/turtlebot3_gazebo/share/turtlebot3_gazebo//models/turtlebot3_common/meshes/waffle_pi_base.dae
[49.333s] -- Symlinking: /home/simone/tesi_ws/install/turtlebot3_gazebo/share/turtlebot3_gazebo//models/turtlebot3_common/model.config
[49.340s] -- Symlinking: /home/simone/tesi_ws/install/turtlebot3_gazebo/share/turtlebot3_gazebo//models/turtlebot3_dqn_world/goal_box/model.config
[49.345s] -- Symlinking: /home/simone/tesi_ws/install/turtlebot3_gazebo/share/turtlebot3_gazebo//models/turtlebot3_dqn_world/goal_box/model.sdf
[49.352s] -- Symlinking: /home/simone/tesi_ws/install/turtlebot3_gazebo/share/turtlebot3_gazebo//models/turtlebot3_dqn_world/inner_walls/model.config
[49.358s] -- Symlinking: /home/simone/tesi_ws/install/turtlebot3_gazebo/share/turtlebot3_gazebo//models/turtlebot3_dqn_world/inner_walls/model.sdf
[49.364s] -- Symlinking: /home/simone/tesi_ws/install/turtlebot3_gazebo/share/turtlebot3_gazebo//models/turtlebot3_dqn_world/model.config
[49.371s] -- Symlinking: /home/simone/tesi_ws/install/turtlebot3_gazebo/share/turtlebot3_gazebo//models/turtlebot3_dqn_world/model.sdf
[49.378s] -- Symlinking: /home/simone/tesi_ws/install/turtlebot3_gazebo/share/turtlebot3_gazebo//models/turtlebot3_dqn_world/obstacle1/model.config
[49.387s] -- Symlinking: /home/simone/tesi_ws/install/turtlebot3_gazebo/share/turtlebot3_gazebo//models/turtlebot3_dqn_world/obstacle1/model.sdf
[49.395s] -- Symlinking: /home/simone/tesi_ws/install/turtlebot3_gazebo/share/turtlebot3_gazebo//models/turtlebot3_dqn_world/obstacle2/model.config
[49.404s] -- Symlinking: /home/simone/tesi_ws/install/turtlebot3_gazebo/share/turtlebot3_gazebo//models/turtlebot3_dqn_world/obstacle2/model.sdf
[49.411s] -- Symlinking: /home/simone/tesi_ws/install/turtlebot3_gazebo/share/turtlebot3_gazebo//models/turtlebot3_dqn_world/obstacle_plugin/CMakeLists.txt
[49.419s] -- Symlinking: /home/simone/tesi_ws/install/turtlebot3_gazebo/share/turtlebot3_gazebo//models/turtlebot3_dqn_world/obstacle_plugin/obstacle1.cc
[49.425s] -- Symlinking: /home/simone/tesi_ws/install/turtlebot3_gazebo/share/turtlebot3_gazebo//models/turtlebot3_dqn_world/obstacle_plugin/obstacle2.cc
[49.435s] -- Symlinking: /home/simone/tesi_ws/install/turtlebot3_gazebo/share/turtlebot3_gazebo//models/turtlebot3_dqn_world/obstacle_plugin/obstacles.cc
[49.443s] -- Symlinking: /home/simone/tesi_ws/install/turtlebot3_gazebo/share/turtlebot3_gazebo//models/turtlebot3_dqn_world/obstacles/model.config
[49.452s] -- Symlinking: /home/simone/tesi_ws/install/turtlebot3_gazebo/share/turtlebot3_gazebo//models/turtlebot3_dqn_world/obstacles/model.sdf
[49.459s] -- Symlinking: /home/simone/tesi_ws/install/turtlebot3_gazebo/share/turtlebot3_gazebo//models/turtlebot3_house/model.config
[49.466s] -- Symlinking: /home/simone/tesi_ws/install/turtlebot3_gazebo/share/turtlebot3_gazebo//models/turtlebot3_house/model.sdf
[49.473s] -- Symlinking: /home/simone/tesi_ws/install/turtlebot3_gazebo/share/turtlebot3_gazebo//models/turtlebot3_waffle/model-1_4.sdf
[49.479s] -- Symlinking: /home/simone/tesi_ws/install/turtlebot3_gazebo/share/turtlebot3_gazebo//models/turtlebot3_waffle/model.config
[49.485s] -- Symlinking: /home/simone/tesi_ws/install/turtlebot3_gazebo/share/turtlebot3_gazebo//models/turtlebot3_waffle/model.sdf
[49.490s] -- Symlinking: /home/simone/tesi_ws/install/turtlebot3_gazebo/share/turtlebot3_gazebo//models/turtlebot3_waffle_pi/model-1_4_.sdf
[49.495s] -- Symlinking: /home/simone/tesi_ws/install/turtlebot3_gazebo/share/turtlebot3_gazebo//models/turtlebot3_waffle_pi/model.config
[49.500s] -- Symlinking: /home/simone/tesi_ws/install/turtlebot3_gazebo/share/turtlebot3_gazebo//models/turtlebot3_waffle_pi/model.sdf
[49.505s] -- Symlinking: /home/simone/tesi_ws/install/turtlebot3_gazebo/share/turtlebot3_gazebo//models/turtlebot3_world/meshes/hexagon.dae
[49.510s] -- Symlinking: /home/simone/tesi_ws/install/turtlebot3_gazebo/share/turtlebot3_gazebo//models/turtlebot3_world/meshes/wall.dae
[49.515s] -- Symlinking: /home/simone/tesi_ws/install/turtlebot3_gazebo/share/turtlebot3_gazebo//models/turtlebot3_world/model-1_4.sdf
[49.520s] -- Symlinking: /home/simone/tesi_ws/install/turtlebot3_gazebo/share/turtlebot3_gazebo//models/turtlebot3_world/model.config
[49.525s] -- Symlinking: /home/simone/tesi_ws/install/turtlebot3_gazebo/share/turtlebot3_gazebo//models/turtlebot3_world/model.sdf
[49.531s] -- Symlinking: /home/simone/tesi_ws/install/turtlebot3_gazebo/share/turtlebot3_gazebo//rviz/tb3_gazebo.rviz
[49.536s] -- Symlinking: /home/simone/tesi_ws/install/turtlebot3_gazebo/share/turtlebot3_gazebo//urdf/common_properties.urdf
[49.541s] -- Symlinking: /home/simone/tesi_ws/install/turtlebot3_gazebo/share/turtlebot3_gazebo//urdf/turtlebot3_burger.urdf
[49.545s] -- Symlinking: /home/simone/tesi_ws/install/turtlebot3_gazebo/share/turtlebot3_gazebo//urdf/turtlebot3_waffle.urdf
[49.550s] -- Symlinking: /home/simone/tesi_ws/install/turtlebot3_gazebo/share/turtlebot3_gazebo//urdf/turtlebot3_waffle_pi.urdf
[49.555s] -- Symlinking: /home/simone/tesi_ws/install/turtlebot3_gazebo/share/turtlebot3_gazebo//worlds/empty_world.world
[49.560s] -- Symlinking: /home/simone/tesi_ws/install/turtlebot3_gazebo/share/turtlebot3_gazebo//worlds/turtlebot3_dqn_stage1.world
[49.563s] -- Symlinking: /home/simone/tesi_ws/install/turtlebot3_gazebo/share/turtlebot3_gazebo//worlds/turtlebot3_dqn_stage2.world
[49.568s] -- Symlinking: /home/simone/tesi_ws/install/turtlebot3_gazebo/share/turtlebot3_gazebo//worlds/turtlebot3_dqn_stage3.world
[49.572s] -- Symlinking: /home/simone/tesi_ws/install/turtlebot3_gazebo/share/turtlebot3_gazebo//worlds/turtlebot3_dqn_stage4.world
[49.577s] -- Symlinking: /home/simone/tesi_ws/install/turtlebot3_gazebo/share/turtlebot3_gazebo//worlds/turtlebot3_house.world
[49.581s] -- Symlinking: /home/simone/tesi_ws/install/turtlebot3_gazebo/share/turtlebot3_gazebo//worlds/turtlebot3_world.world
[49.586s] -- Symlinking: /home/simone/tesi_ws/install/turtlebot3_gazebo/include//turtlebot3_gazebo/turtlebot3_drive.hpp
[49.591s] -- Symlinking: /home/simone/tesi_ws/install/turtlebot3_gazebo/share/ament_index/resource_index/package_run_dependencies/turtlebot3_gazebo
[49.595s] -- Symlinking: /home/simone/tesi_ws/install/turtlebot3_gazebo/share/ament_index/resource_index/parent_prefix_path/turtlebot3_gazebo
[49.600s] -- Symlinking: /home/simone/tesi_ws/install/turtlebot3_gazebo/share/turtlebot3_gazebo/environment/ament_prefix_path.sh
[49.605s] -- Symlinking: /home/simone/tesi_ws/install/turtlebot3_gazebo/share/turtlebot3_gazebo/environment/ament_prefix_path.dsv
[49.611s] -- Symlinking: /home/simone/tesi_ws/install/turtlebot3_gazebo/share/turtlebot3_gazebo/environment/path.sh
[49.617s] -- Symlinking: /home/simone/tesi_ws/install/turtlebot3_gazebo/share/turtlebot3_gazebo/environment/path.dsv
[49.622s] -- Symlinking: /home/simone/tesi_ws/install/turtlebot3_gazebo/share/turtlebot3_gazebo/local_setup.bash
[49.627s] -- Symlinking: /home/simone/tesi_ws/install/turtlebot3_gazebo/share/turtlebot3_gazebo/local_setup.sh
[49.637s] -- Symlinking: /home/simone/tesi_ws/install/turtlebot3_gazebo/share/turtlebot3_gazebo/local_setup.zsh
[49.642s] -- Symlinking: /home/simone/tesi_ws/install/turtlebot3_gazebo/share/turtlebot3_gazebo/local_setup.dsv
[49.647s] -- Symlinking: /home/simone/tesi_ws/install/turtlebot3_gazebo/share/turtlebot3_gazebo/package.dsv
[49.652s] -- Symlinking: /home/simone/tesi_ws/install/turtlebot3_gazebo/share/ament_index/resource_index/packages/turtlebot3_gazebo
[49.657s] -- Symlinking: /home/simone/tesi_ws/install/turtlebot3_gazebo/share/turtlebot3_gazebo/cmake/ament_cmake_export_include_directories-extras.cmake
[49.661s] -- Symlinking: /home/simone/tesi_ws/install/turtlebot3_gazebo/share/turtlebot3_gazebo/cmake/ament_cmake_export_dependencies-extras.cmake
[49.666s] -- Symlinking: /home/simone/tesi_ws/install/turtlebot3_gazebo/share/turtlebot3_gazebo/cmake/turtlebot3_gazeboConfig.cmake
[49.672s] -- Symlinking: /home/simone/tesi_ws/install/turtlebot3_gazebo/share/turtlebot3_gazebo/cmake/turtlebot3_gazeboConfig-version.cmake
[49.677s] -- Symlinking: /home/simone/tesi_ws/install/turtlebot3_gazebo/share/turtlebot3_gazebo/package.xml
[49.684s] Invoked command in '/home/simone/tesi_ws/build/turtlebot3_gazebo' returned '0': CMAKE_PREFIX_PATH=/opt/ros/humble /usr/bin/cmake --install /home/simone/tesi_ws/build/turtlebot3_gazebo
