[0.170s] Invoking command in '/home/simone/tesi_ws/build/turtlebot3_hardware': CMAKE_PREFIX_PATH=/home/simone/tesi_ws/install/dynamixel_sdk:/home/simone/tesi_ws/install/turtlebot3:/home/simone/tesi_ws/install/turtlebot3_simulations:/home/simone/tesi_ws/install/turtlebot3_navigation2:/home/simone/tesi_ws/install/turtlebot3_fake_node:/home/simone/tesi_ws/install/turtlebot3_msgs:/home/simone/tesi_ws/install/turtlebot3_hardware:/home/simone/tesi_ws/install/turtlebot3_gazebo:/home/simone/tesi_ws/install/turtlebot3_bringup:/home/simone/tesi_ws/install/turtlebot3_description:/home/simone/tesi_ws/install/turtlebot3_cartographer:/home/simone/tesi_ws/install/dynamixel_sdk_examples:/home/simone/tesi_ws/install/dynamixel_sdk_custom_interfaces:/home/simone/tesi_ws/install/turtlebot3_teleop:/home/simone/tesi_ws/install/turtlebot3_example:/home/simone/tesi_ws/install/relocalization_pkg:/home/simone/tesi_ws/install/create_dataset:/opt/ros/humble LD_LIBRARY_PATH=/home/simone/tesi_ws/install/dynamixel_sdk/lib:/home/simone/tesi_ws/install/turtlebot3_msgs/lib:/home/simone/tesi_ws/install/turtlebot3_hardware/lib:/home/simone/tesi_ws/install/dynamixel_sdk_custom_interfaces/lib:/opt/ros/humble/opt/rviz_ogre_vendor/lib:/opt/ros/humble/lib/x86_64-linux-gnu:/opt/ros/humble/lib:/usr/lib/x86_64-linux-gnu/gazebo-11/plugins:/usr/lib/x86_64-linux-gnu/gazebo-11/plugins:/usr/lib/x86_64-linux-gnu/gazebo-11/plugins /usr/bin/cmake --build /home/simone/tesi_ws/build/turtlebot3_hardware -- -j12 -l12
[0.209s] -- Found ament_cmake: 1.3.6 (/opt/ros/humble/share/ament_cmake/cmake)
[0.429s] -- Override CMake install command with custom implementation using symlinks instead of copying resources
[0.430s] -- Found dynamixel_sdk: 3.7.60 (/home/simone/tesi_ws/install/dynamixel_sdk/share/dynamixel_sdk/cmake)
[0.430s] -- Found hardware_interface: 2.36.0 (/opt/ros/humble/share/hardware_interface/cmake)
[0.532s] -- Found rosidl_generator_c: 3.1.5 (/opt/ros/humble/share/rosidl_generator_c/cmake)
[0.535s] -- Found rosidl_adapter: 3.1.5 (/opt/ros/humble/share/rosidl_adapter/cmake)
[0.540s] -- Found rosidl_generator_cpp: 3.1.5 (/opt/ros/humble/share/rosidl_generator_cpp/cmake)
[0.549s] -- Using all available rosidl_typesupport_c: rosidl_typesupport_fastrtps_c;rosidl_typesupport_introspection_c
[0.563s] -- Using all available rosidl_typesupport_cpp: rosidl_typesupport_fastrtps_cpp;rosidl_typesupport_introspection_cpp
[2.206s] -- Found rmw_implementation_cmake: 6.1.1 (/opt/ros/humble/share/rmw_implementation_cmake/cmake)
[2.211s] -- Found rmw_fastrtps_cpp: 6.2.5 (/opt/ros/humble/share/rmw_fastrtps_cpp/cmake)
[2.264s] -- Found TinyXML2 via Config file: TinyXML2_DIR-NOTFOUND
[2.283s] -- Found TinyXML2 via Config file: TinyXML2_DIR-NOTFOUND
[2.375s] -- Found TinyXML2 via Config file: TinyXML2_DIR-NOTFOUND
[2.388s] -- Found TinyXML2 via Config file: TinyXML2_DIR-NOTFOUND
[2.450s] -- Using RMW implementation 'rmw_fastrtps_cpp' as default
[2.846s] -- Configuring done
[2.886s] -- Generating done
[2.888s] -- Build files have been written to: /home/simone/tesi_ws/build/turtlebot3_hardware
[2.929s] [35m[1mConsolidate compiler generated dependencies of target turtlebot3_hardware[0m
[2.951s] [100%] Built target turtlebot3_hardware
[2.966s] Invoked command in '/home/simone/tesi_ws/build/turtlebot3_hardware' returned '0': CMAKE_PREFIX_PATH=/home/simone/tesi_ws/install/dynamixel_sdk:/home/simone/tesi_ws/install/turtlebot3:/home/simone/tesi_ws/install/turtlebot3_simulations:/home/simone/tesi_ws/install/turtlebot3_navigation2:/home/simone/tesi_ws/install/turtlebot3_fake_node:/home/simone/tesi_ws/install/turtlebot3_msgs:/home/simone/tesi_ws/install/turtlebot3_hardware:/home/simone/tesi_ws/install/turtlebot3_gazebo:/home/simone/tesi_ws/install/turtlebot3_bringup:/home/simone/tesi_ws/install/turtlebot3_description:/home/simone/tesi_ws/install/turtlebot3_cartographer:/home/simone/tesi_ws/install/dynamixel_sdk_examples:/home/simone/tesi_ws/install/dynamixel_sdk_custom_interfaces:/home/simone/tesi_ws/install/turtlebot3_teleop:/home/simone/tesi_ws/install/turtlebot3_example:/home/simone/tesi_ws/install/relocalization_pkg:/home/simone/tesi_ws/install/create_dataset:/opt/ros/humble LD_LIBRARY_PATH=/home/simone/tesi_ws/install/dynamixel_sdk/lib:/home/simone/tesi_ws/install/turtlebot3_msgs/lib:/home/simone/tesi_ws/install/turtlebot3_hardware/lib:/home/simone/tesi_ws/install/dynamixel_sdk_custom_interfaces/lib:/opt/ros/humble/opt/rviz_ogre_vendor/lib:/opt/ros/humble/lib/x86_64-linux-gnu:/opt/ros/humble/lib:/usr/lib/x86_64-linux-gnu/gazebo-11/plugins:/usr/lib/x86_64-linux-gnu/gazebo-11/plugins:/usr/lib/x86_64-linux-gnu/gazebo-11/plugins /usr/bin/cmake --build /home/simone/tesi_ws/build/turtlebot3_hardware -- -j12 -l12
[3.008s] Invoking command in '/home/simone/tesi_ws/build/turtlebot3_hardware': CMAKE_PREFIX_PATH=/home/simone/tesi_ws/install/dynamixel_sdk:/home/simone/tesi_ws/install/turtlebot3:/home/simone/tesi_ws/install/turtlebot3_simulations:/home/simone/tesi_ws/install/turtlebot3_navigation2:/home/simone/tesi_ws/install/turtlebot3_fake_node:/home/simone/tesi_ws/install/turtlebot3_msgs:/home/simone/tesi_ws/install/turtlebot3_hardware:/home/simone/tesi_ws/install/turtlebot3_gazebo:/home/simone/tesi_ws/install/turtlebot3_bringup:/home/simone/tesi_ws/install/turtlebot3_description:/home/simone/tesi_ws/install/turtlebot3_cartographer:/home/simone/tesi_ws/install/dynamixel_sdk_examples:/home/simone/tesi_ws/install/dynamixel_sdk_custom_interfaces:/home/simone/tesi_ws/install/turtlebot3_teleop:/home/simone/tesi_ws/install/turtlebot3_example:/home/simone/tesi_ws/install/relocalization_pkg:/home/simone/tesi_ws/install/create_dataset:/opt/ros/humble LD_LIBRARY_PATH=/home/simone/tesi_ws/install/dynamixel_sdk/lib:/home/simone/tesi_ws/install/turtlebot3_msgs/lib:/home/simone/tesi_ws/install/turtlebot3_hardware/lib:/home/simone/tesi_ws/install/dynamixel_sdk_custom_interfaces/lib:/opt/ros/humble/opt/rviz_ogre_vendor/lib:/opt/ros/humble/lib/x86_64-linux-gnu:/opt/ros/humble/lib:/usr/lib/x86_64-linux-gnu/gazebo-11/plugins:/usr/lib/x86_64-linux-gnu/gazebo-11/plugins:/usr/lib/x86_64-linux-gnu/gazebo-11/plugins /usr/bin/cmake --install /home/simone/tesi_ws/build/turtlebot3_hardware
[3.018s] -- Install configuration: ""
[3.018s] -- Execute custom install script
[3.019s] -- Up-to-date symlink: /home/simone/tesi_ws/install/turtlebot3_hardware/share/turtlebot3_hardware//turtlebot3_hardware.xml
[3.019s] -- Up-to-date symlink: /home/simone/tesi_ws/install/turtlebot3_hardware/include/turtlebot3_hardware/dynamixel_sdk_wrapper.hpp
[3.019s] -- Up-to-date symlink: /home/simone/tesi_ws/install/turtlebot3_hardware/include/turtlebot3_hardware/opencr.hpp
[3.020s] -- Up-to-date symlink: /home/simone/tesi_ws/install/turtlebot3_hardware/include/turtlebot3_hardware/opencr_control_table.hpp
[3.020s] -- Up-to-date symlink: /home/simone/tesi_ws/install/turtlebot3_hardware/include/turtlebot3_hardware/opencr_definitions.hpp
[3.020s] -- Up-to-date symlink: /home/simone/tesi_ws/install/turtlebot3_hardware/include/turtlebot3_hardware/turtlebot3_system.hpp
[3.021s] -- Up-to-date symlink: /home/simone/tesi_ws/install/turtlebot3_hardware/include/turtlebot3_hardware/visibility_control.h
[3.021s] -- Up-to-date symlink: /home/simone/tesi_ws/install/turtlebot3_hardware/lib/libturtlebot3_hardware.so
[3.021s] -- Up-to-date symlink: /home/simone/tesi_ws/install/turtlebot3_hardware/share/turtlebot3_hardware/environment/library_path.sh
[3.021s] -- Up-to-date symlink: /home/simone/tesi_ws/install/turtlebot3_hardware/share/turtlebot3_hardware/environment/library_path.dsv
[3.021s] -- Up-to-date symlink: /home/simone/tesi_ws/install/turtlebot3_hardware/share/ament_index/resource_index/package_run_dependencies/turtlebot3_hardware
[3.022s] -- Up-to-date symlink: /home/simone/tesi_ws/install/turtlebot3_hardware/share/ament_index/resource_index/parent_prefix_path/turtlebot3_hardware
[3.022s] -- Up-to-date symlink: /home/simone/tesi_ws/install/turtlebot3_hardware/share/turtlebot3_hardware/environment/ament_prefix_path.sh
[3.022s] -- Up-to-date symlink: /home/simone/tesi_ws/install/turtlebot3_hardware/share/turtlebot3_hardware/environment/ament_prefix_path.dsv
[3.022s] -- Up-to-date symlink: /home/simone/tesi_ws/install/turtlebot3_hardware/share/turtlebot3_hardware/environment/path.sh
[3.023s] -- Up-to-date symlink: /home/simone/tesi_ws/install/turtlebot3_hardware/share/turtlebot3_hardware/environment/path.dsv
[3.023s] -- Up-to-date symlink: /home/simone/tesi_ws/install/turtlebot3_hardware/share/turtlebot3_hardware/local_setup.bash
[3.024s] -- Up-to-date symlink: /home/simone/tesi_ws/install/turtlebot3_hardware/share/turtlebot3_hardware/local_setup.sh
[3.024s] -- Up-to-date symlink: /home/simone/tesi_ws/install/turtlebot3_hardware/share/turtlebot3_hardware/local_setup.zsh
[3.024s] -- Up-to-date symlink: /home/simone/tesi_ws/install/turtlebot3_hardware/share/turtlebot3_hardware/local_setup.dsv
[3.024s] -- Symlinking: /home/simone/tesi_ws/install/turtlebot3_hardware/share/turtlebot3_hardware/package.dsv
[3.037s] -- Up-to-date symlink: /home/simone/tesi_ws/install/turtlebot3_hardware/share/ament_index/resource_index/packages/turtlebot3_hardware
[3.038s] -- Up-to-date symlink: /home/simone/tesi_ws/install/turtlebot3_hardware/share/ament_index/resource_index/hardware_interface__pluginlib__plugin/turtlebot3_hardware
[3.038s] -- Up-to-date symlink: /home/simone/tesi_ws/install/turtlebot3_hardware/share/turtlebot3_hardware/cmake/ament_cmake_export_include_directories-extras.cmake
[3.038s] -- Up-to-date symlink: /home/simone/tesi_ws/install/turtlebot3_hardware/share/turtlebot3_hardware/cmake/ament_cmake_export_libraries-extras.cmake
[3.038s] -- Up-to-date symlink: /home/simone/tesi_ws/install/turtlebot3_hardware/share/turtlebot3_hardware/cmake/ament_cmake_export_dependencies-extras.cmake
[3.038s] -- Up-to-date symlink: /home/simone/tesi_ws/install/turtlebot3_hardware/share/turtlebot3_hardware/cmake/turtlebot3_hardwareConfig.cmake
[3.038s] -- Up-to-date symlink: /home/simone/tesi_ws/install/turtlebot3_hardware/share/turtlebot3_hardware/cmake/turtlebot3_hardwareConfig-version.cmake
[3.039s] -- Up-to-date symlink: /home/simone/tesi_ws/install/turtlebot3_hardware/share/turtlebot3_hardware/package.xml
[3.041s] Invoked command in '/home/simone/tesi_ws/build/turtlebot3_hardware' returned '0': CMAKE_PREFIX_PATH=/home/simone/tesi_ws/install/dynamixel_sdk:/home/simone/tesi_ws/install/turtlebot3:/home/simone/tesi_ws/install/turtlebot3_simulations:/home/simone/tesi_ws/install/turtlebot3_navigation2:/home/simone/tesi_ws/install/turtlebot3_fake_node:/home/simone/tesi_ws/install/turtlebot3_msgs:/home/simone/tesi_ws/install/turtlebot3_hardware:/home/simone/tesi_ws/install/turtlebot3_gazebo:/home/simone/tesi_ws/install/turtlebot3_bringup:/home/simone/tesi_ws/install/turtlebot3_description:/home/simone/tesi_ws/install/turtlebot3_cartographer:/home/simone/tesi_ws/install/dynamixel_sdk_examples:/home/simone/tesi_ws/install/dynamixel_sdk_custom_interfaces:/home/simone/tesi_ws/install/turtlebot3_teleop:/home/simone/tesi_ws/install/turtlebot3_example:/home/simone/tesi_ws/install/relocalization_pkg:/home/simone/tesi_ws/install/create_dataset:/opt/ros/humble LD_LIBRARY_PATH=/home/simone/tesi_ws/install/dynamixel_sdk/lib:/home/simone/tesi_ws/install/turtlebot3_msgs/lib:/home/simone/tesi_ws/install/turtlebot3_hardware/lib:/home/simone/tesi_ws/install/dynamixel_sdk_custom_interfaces/lib:/opt/ros/humble/opt/rviz_ogre_vendor/lib:/opt/ros/humble/lib/x86_64-linux-gnu:/opt/ros/humble/lib:/usr/lib/x86_64-linux-gnu/gazebo-11/plugins:/usr/lib/x86_64-linux-gnu/gazebo-11/plugins:/usr/lib/x86_64-linux-gnu/gazebo-11/plugins /usr/bin/cmake --install /home/simone/tesi_ws/build/turtlebot3_hardware
