-- Found ament_cmake: 1.3.6 (/opt/ros/humble/share/ament_cmake/cmake)
-- Override CMake install command with custom implementation using symlinks instead of copying resources
-- Configuring done
-- Generating done
-- Build files have been written to: /home/simone/tesi_ws/build/turtlebot3_bringup
-- Install configuration: ""
-- Execute custom install script
-- Up-to-date symlink: /home/simone/tesi_ws/install/turtlebot3_bringup/share/turtlebot3_bringup/launch/base.launch.py
-- Up-to-date symlink: /home/simone/tesi_ws/install/turtlebot3_bringup/share/turtlebot3_bringup/launch/fake.launch.py
-- Up-to-date symlink: /home/simone/tesi_ws/install/turtlebot3_bringup/share/turtlebot3_bringup/launch/gazebo.launch.py
-- Up-to-date symlink: /home/simone/tesi_ws/install/turtlebot3_bringup/share/turtlebot3_bringup/launch/hardware.launch.py
-- Up-to-date symlink: /home/simone/tesi_ws/install/turtlebot3_bringup/share/turtlebot3_bringup/launch/lab03.launch.py
-- Up-to-date symlink: /home/simone/tesi_ws/install/turtlebot3_bringup/share/turtlebot3_bringup/config/burger/gazebo_controller_manager.yaml
-- Up-to-date symlink: /home/simone/tesi_ws/install/turtlebot3_bringup/share/turtlebot3_bringup/config/burger/hardware_controller_manager.yaml
-- Up-to-date symlink: /home/simone/tesi_ws/install/turtlebot3_bringup/share/turtlebot3_bringup/config/burger/twist_mux.yaml
-- Up-to-date symlink: /home/simone/tesi_ws/install/turtlebot3_bringup/share/turtlebot3_bringup/config/ekf_odometry.yaml
-- Up-to-date symlink: /home/simone/tesi_ws/install/turtlebot3_bringup/share/turtlebot3_bringup/config/waffle_pi/gazebo_controller_manager.yaml
-- Up-to-date symlink: /home/simone/tesi_ws/install/turtlebot3_bringup/share/turtlebot3_bringup/config/waffle_pi/hardware_controller_manager.yaml
-- Up-to-date symlink: /home/simone/tesi_ws/install/turtlebot3_bringup/share/turtlebot3_bringup/config/waffle_pi/twist_mux.yaml
-- Up-to-date symlink: /home/simone/tesi_ws/install/turtlebot3_bringup/share/turtlebot3_bringup/script/99-turtlebot3-cdc.rules
-- Up-to-date symlink: /home/simone/tesi_ws/install/turtlebot3_bringup/share/turtlebot3_bringup/script/create_udev_rules
-- Up-to-date symlink: /home/simone/tesi_ws/install/turtlebot3_bringup/share/turtlebot3_bringup/worlds/cafe.world
-- Up-to-date symlink: /home/simone/tesi_ws/install/turtlebot3_bringup/share/turtlebot3_bringup/worlds/empty_world.model
-- Symlinking: /home/simone/tesi_ws/install/turtlebot3_bringup/share/turtlebot3_bringup/worlds/hospital.world
-- Up-to-date symlink: /home/simone/tesi_ws/install/turtlebot3_bringup/share/turtlebot3_bringup/worlds/indoor.world
-- Up-to-date symlink: /home/simone/tesi_ws/install/turtlebot3_bringup/share/turtlebot3_bringup/worlds/lab03.world
-- Up-to-date symlink: /home/simone/tesi_ws/install/turtlebot3_bringup/share/turtlebot3_bringup/worlds/new_indoor.world
-- Symlinking: /home/simone/tesi_ws/install/turtlebot3_bringup/share/turtlebot3_bringup/worlds/new_indoor_dynamic.world
-- Symlinking: /home/simone/tesi_ws/install/turtlebot3_bringup/share/turtlebot3_bringup/worlds/new_indoor_v2.world
-- Symlinking: /home/simone/tesi_ws/install/turtlebot3_bringup/share/turtlebot3_bringup/worlds/small_house.world
-- Symlinking: /home/simone/tesi_ws/install/turtlebot3_bringup/share/turtlebot3_bringup/worlds/tunnel.world
-- Symlinking: /home/simone/tesi_ws/install/turtlebot3_bringup/share/turtlebot3_bringup/worlds/tunnel.world:Zone.Identifier
-- Up-to-date symlink: /home/simone/tesi_ws/install/turtlebot3_bringup/share/turtlebot3_bringup/worlds/turtlebot3_world.model
-- Up-to-date symlink: /home/simone/tesi_ws/install/turtlebot3_bringup/share/turtlebot3_bringup/worlds/turtlebot3_world/meshes/hexagon.dae
-- Up-to-date symlink: /home/simone/tesi_ws/install/turtlebot3_bringup/share/turtlebot3_bringup/worlds/turtlebot3_world/meshes/wall.dae
-- Up-to-date symlink: /home/simone/tesi_ws/install/turtlebot3_bringup/share/turtlebot3_bringup/worlds/turtlebot3_world/model-1_4.sdf
-- Up-to-date symlink: /home/simone/tesi_ws/install/turtlebot3_bringup/share/turtlebot3_bringup/worlds/turtlebot3_world/model.config
-- Up-to-date symlink: /home/simone/tesi_ws/install/turtlebot3_bringup/share/turtlebot3_bringup/worlds/turtlebot3_world/model.sdf
-- Up-to-date symlink: /home/simone/tesi_ws/install/turtlebot3_bringup/share/turtlebot3_bringup/rviz/turtlebot3.rviz
