[0.983s] Invoking command in '/home/simone/tesi_ws/build/turtlebot3_bringup': CMAKE_PREFIX_PATH=/home/simone/tesi_ws/install/turtlebot3_description:/home/simone/tesi_ws/install/turtlebot3:/home/simone/tesi_ws/install/turtlebot3_simulations:/home/simone/tesi_ws/install/turtlebot3_navigation2:/home/simone/tesi_ws/install/turtlebot3_fake_node:/home/simone/tesi_ws/install/turtlebot3_msgs:/home/simone/tesi_ws/install/turtlebot3_hardware:/home/simone/tesi_ws/install/turtlebot3_gazebo:/home/simone/tesi_ws/install/turtlebot3_bringup:/home/simone/tesi_ws/install/turtlebot3_cartographer:/home/simone/tesi_ws/install/dynamixel_sdk_examples:/home/simone/tesi_ws/install/dynamixel_sdk_custom_interfaces:/home/simone/tesi_ws/install/dynamixel_sdk:/home/simone/tesi_ws/install/turtlebot3_teleop:/home/simone/tesi_ws/install/turtlebot3_example:/home/simone/tesi_ws/install/relocalization_pkg:/home/simone/tesi_ws/install/create_dataset:/opt/ros/humble /usr/bin/cmake /home/simone/tesi_ws/src/turtlebot3/turtlebot3_bringup -DCMAKE_INSTALL_PREFIX=/home/simone/tesi_ws/install/turtlebot3_bringup
[1.401s] -- Found ament_cmake: 1.3.6 (/opt/ros/humble/share/ament_cmake/cmake)
[1.573s] -- Override CMake install command with custom implementation using symlinks instead of copying resources
[1.793s] -- Configuring done
[1.822s] -- Generating done
[1.822s] -- Build files have been written to: /home/simone/tesi_ws/build/turtlebot3_bringup
[2.018s] Invoked command in '/home/simone/tesi_ws/build/turtlebot3_bringup' returned '0': CMAKE_PREFIX_PATH=/home/simone/tesi_ws/install/turtlebot3_description:/home/simone/tesi_ws/install/turtlebot3:/home/simone/tesi_ws/install/turtlebot3_simulations:/home/simone/tesi_ws/install/turtlebot3_navigation2:/home/simone/tesi_ws/install/turtlebot3_fake_node:/home/simone/tesi_ws/install/turtlebot3_msgs:/home/simone/tesi_ws/install/turtlebot3_hardware:/home/simone/tesi_ws/install/turtlebot3_gazebo:/home/simone/tesi_ws/install/turtlebot3_bringup:/home/simone/tesi_ws/install/turtlebot3_cartographer:/home/simone/tesi_ws/install/dynamixel_sdk_examples:/home/simone/tesi_ws/install/dynamixel_sdk_custom_interfaces:/home/simone/tesi_ws/install/dynamixel_sdk:/home/simone/tesi_ws/install/turtlebot3_teleop:/home/simone/tesi_ws/install/turtlebot3_example:/home/simone/tesi_ws/install/relocalization_pkg:/home/simone/tesi_ws/install/create_dataset:/opt/ros/humble /usr/bin/cmake /home/simone/tesi_ws/src/turtlebot3/turtlebot3_bringup -DCMAKE_INSTALL_PREFIX=/home/simone/tesi_ws/install/turtlebot3_bringup
[2.021s] Invoking command in '/home/simone/tesi_ws/build/turtlebot3_bringup': CMAKE_PREFIX_PATH=/home/simone/tesi_ws/install/turtlebot3_description:/home/simone/tesi_ws/install/turtlebot3:/home/simone/tesi_ws/install/turtlebot3_simulations:/home/simone/tesi_ws/install/turtlebot3_navigation2:/home/simone/tesi_ws/install/turtlebot3_fake_node:/home/simone/tesi_ws/install/turtlebot3_msgs:/home/simone/tesi_ws/install/turtlebot3_hardware:/home/simone/tesi_ws/install/turtlebot3_gazebo:/home/simone/tesi_ws/install/turtlebot3_bringup:/home/simone/tesi_ws/install/turtlebot3_cartographer:/home/simone/tesi_ws/install/dynamixel_sdk_examples:/home/simone/tesi_ws/install/dynamixel_sdk_custom_interfaces:/home/simone/tesi_ws/install/dynamixel_sdk:/home/simone/tesi_ws/install/turtlebot3_teleop:/home/simone/tesi_ws/install/turtlebot3_example:/home/simone/tesi_ws/install/relocalization_pkg:/home/simone/tesi_ws/install/create_dataset:/opt/ros/humble /usr/bin/cmake --build /home/simone/tesi_ws/build/turtlebot3_bringup -- -j12 -l12
[2.176s] Invoked command in '/home/simone/tesi_ws/build/turtlebot3_bringup' returned '0': CMAKE_PREFIX_PATH=/home/simone/tesi_ws/install/turtlebot3_description:/home/simone/tesi_ws/install/turtlebot3:/home/simone/tesi_ws/install/turtlebot3_simulations:/home/simone/tesi_ws/install/turtlebot3_navigation2:/home/simone/tesi_ws/install/turtlebot3_fake_node:/home/simone/tesi_ws/install/turtlebot3_msgs:/home/simone/tesi_ws/install/turtlebot3_hardware:/home/simone/tesi_ws/install/turtlebot3_gazebo:/home/simone/tesi_ws/install/turtlebot3_bringup:/home/simone/tesi_ws/install/turtlebot3_cartographer:/home/simone/tesi_ws/install/dynamixel_sdk_examples:/home/simone/tesi_ws/install/dynamixel_sdk_custom_interfaces:/home/simone/tesi_ws/install/dynamixel_sdk:/home/simone/tesi_ws/install/turtlebot3_teleop:/home/simone/tesi_ws/install/turtlebot3_example:/home/simone/tesi_ws/install/relocalization_pkg:/home/simone/tesi_ws/install/create_dataset:/opt/ros/humble /usr/bin/cmake --build /home/simone/tesi_ws/build/turtlebot3_bringup -- -j12 -l12
[2.232s] Invoking command in '/home/simone/tesi_ws/build/turtlebot3_bringup': CMAKE_PREFIX_PATH=/home/simone/tesi_ws/install/turtlebot3_description:/home/simone/tesi_ws/install/turtlebot3:/home/simone/tesi_ws/install/turtlebot3_simulations:/home/simone/tesi_ws/install/turtlebot3_navigation2:/home/simone/tesi_ws/install/turtlebot3_fake_node:/home/simone/tesi_ws/install/turtlebot3_msgs:/home/simone/tesi_ws/install/turtlebot3_hardware:/home/simone/tesi_ws/install/turtlebot3_gazebo:/home/simone/tesi_ws/install/turtlebot3_bringup:/home/simone/tesi_ws/install/turtlebot3_cartographer:/home/simone/tesi_ws/install/dynamixel_sdk_examples:/home/simone/tesi_ws/install/dynamixel_sdk_custom_interfaces:/home/simone/tesi_ws/install/dynamixel_sdk:/home/simone/tesi_ws/install/turtlebot3_teleop:/home/simone/tesi_ws/install/turtlebot3_example:/home/simone/tesi_ws/install/relocalization_pkg:/home/simone/tesi_ws/install/create_dataset:/opt/ros/humble /usr/bin/cmake --install /home/simone/tesi_ws/build/turtlebot3_bringup
[2.244s] -- Install configuration: ""
[2.244s] -- Execute custom install script
[2.245s] -- Up-to-date symlink: /home/simone/tesi_ws/install/turtlebot3_bringup/share/turtlebot3_bringup/launch/base.launch.py
[2.246s] -- Up-to-date symlink: /home/simone/tesi_ws/install/turtlebot3_bringup/share/turtlebot3_bringup/launch/fake.launch.py
[2.246s] -- Up-to-date symlink: /home/simone/tesi_ws/install/turtlebot3_bringup/share/turtlebot3_bringup/launch/gazebo.launch.py
[2.247s] -- Up-to-date symlink: /home/simone/tesi_ws/install/turtlebot3_bringup/share/turtlebot3_bringup/launch/hardware.launch.py
[2.247s] -- Up-to-date symlink: /home/simone/tesi_ws/install/turtlebot3_bringup/share/turtlebot3_bringup/launch/lab03.launch.py
[2.252s] -- Up-to-date symlink: /home/simone/tesi_ws/install/turtlebot3_bringup/share/turtlebot3_bringup/config/burger/gazebo_controller_manager.yaml
[2.253s] -- Up-to-date symlink: /home/simone/tesi_ws/install/turtlebot3_bringup/share/turtlebot3_bringup/config/burger/hardware_controller_manager.yaml
[2.253s] -- Up-to-date symlink: /home/simone/tesi_ws/install/turtlebot3_bringup/share/turtlebot3_bringup/config/burger/twist_mux.yaml
[2.253s] -- Up-to-date symlink: /home/simone/tesi_ws/install/turtlebot3_bringup/share/turtlebot3_bringup/config/ekf_odometry.yaml
[2.253s] -- Up-to-date symlink: /home/simone/tesi_ws/install/turtlebot3_bringup/share/turtlebot3_bringup/config/waffle_pi/gazebo_controller_manager.yaml
[2.253s] -- Up-to-date symlink: /home/simone/tesi_ws/install/turtlebot3_bringup/share/turtlebot3_bringup/config/waffle_pi/hardware_controller_manager.yaml
[2.254s] -- Up-to-date symlink: /home/simone/tesi_ws/install/turtlebot3_bringup/share/turtlebot3_bringup/config/waffle_pi/twist_mux.yaml
[2.255s] -- Up-to-date symlink: /home/simone/tesi_ws/install/turtlebot3_bringup/share/turtlebot3_bringup/script/99-turtlebot3-cdc.rules
[2.255s] -- Up-to-date symlink: /home/simone/tesi_ws/install/turtlebot3_bringup/share/turtlebot3_bringup/script/create_udev_rules
[2.257s] -- Up-to-date symlink: /home/simone/tesi_ws/install/turtlebot3_bringup/share/turtlebot3_bringup/worlds/cafe.world
[2.258s] -- Up-to-date symlink: /home/simone/tesi_ws/install/turtlebot3_bringup/share/turtlebot3_bringup/worlds/empty_world.model
[2.258s] -- Symlinking: /home/simone/tesi_ws/install/turtlebot3_bringup/share/turtlebot3_bringup/worlds/hospital.world
[2.279s] -- Up-to-date symlink: /home/simone/tesi_ws/install/turtlebot3_bringup/share/turtlebot3_bringup/worlds/indoor.world
[2.279s] -- Up-to-date symlink: /home/simone/tesi_ws/install/turtlebot3_bringup/share/turtlebot3_bringup/worlds/lab03.world
[2.279s] -- Up-to-date symlink: /home/simone/tesi_ws/install/turtlebot3_bringup/share/turtlebot3_bringup/worlds/new_indoor.world
[2.279s] -- Symlinking: /home/simone/tesi_ws/install/turtlebot3_bringup/share/turtlebot3_bringup/worlds/new_indoor_dynamic.world
[2.298s] -- Symlinking: /home/simone/tesi_ws/install/turtlebot3_bringup/share/turtlebot3_bringup/worlds/new_indoor_v2.world
[2.322s] -- Symlinking: /home/simone/tesi_ws/install/turtlebot3_bringup/share/turtlebot3_bringup/worlds/small_house.world
[2.333s] -- Symlinking: /home/simone/tesi_ws/install/turtlebot3_bringup/share/turtlebot3_bringup/worlds/tunnel.world
[2.366s] -- Symlinking: /home/simone/tesi_ws/install/turtlebot3_bringup/share/turtlebot3_bringup/worlds/tunnel.world:Zone.Identifier
[2.385s] -- Up-to-date symlink: /home/simone/tesi_ws/install/turtlebot3_bringup/share/turtlebot3_bringup/worlds/turtlebot3_world.model
[2.386s] -- Up-to-date symlink: /home/simone/tesi_ws/install/turtlebot3_bringup/share/turtlebot3_bringup/worlds/turtlebot3_world/meshes/hexagon.dae
[2.386s] -- Up-to-date symlink: /home/simone/tesi_ws/install/turtlebot3_bringup/share/turtlebot3_bringup/worlds/turtlebot3_world/meshes/wall.dae
[2.387s] -- Up-to-date symlink: /home/simone/tesi_ws/install/turtlebot3_bringup/share/turtlebot3_bringup/worlds/turtlebot3_world/model-1_4.sdf
[2.387s] -- Up-to-date symlink: /home/simone/tesi_ws/install/turtlebot3_bringup/share/turtlebot3_bringup/worlds/turtlebot3_world/model.config
[2.388s] -- Up-to-date symlink: /home/simone/tesi_ws/install/turtlebot3_bringup/share/turtlebot3_bringup/worlds/turtlebot3_world/model.sdf
[2.388s] -- Up-to-date symlink: /home/simone/tesi_ws/install/turtlebot3_bringup/share/turtlebot3_bringup/rviz/turtlebot3.rviz
[2.389s] [31mCMake Error at ament_cmake_symlink_install/ament_cmake_symlink_install.cmake:100 (message):
[2.389s]   ament_cmake_symlink_install_directory() can't find
[2.390s]   '/home/simone/tesi_ws/src/turtlebot3/turtlebot3_bringup/models'
[2.390s] Call Stack (most recent call first):
[2.390s]   ament_cmake_symlink_install/ament_cmake_symlink_install.cmake:314 (ament_cmake_symlink_install_directory)
[2.391s]   cmake_install.cmake:46 (include)
[2.391s] 
[2.391s] [0m
[2.443s] Invoked command in '/home/simone/tesi_ws/build/turtlebot3_bringup' returned '1': CMAKE_PREFIX_PATH=/home/simone/tesi_ws/install/turtlebot3_description:/home/simone/tesi_ws/install/turtlebot3:/home/simone/tesi_ws/install/turtlebot3_simulations:/home/simone/tesi_ws/install/turtlebot3_navigation2:/home/simone/tesi_ws/install/turtlebot3_fake_node:/home/simone/tesi_ws/install/turtlebot3_msgs:/home/simone/tesi_ws/install/turtlebot3_hardware:/home/simone/tesi_ws/install/turtlebot3_gazebo:/home/simone/tesi_ws/install/turtlebot3_bringup:/home/simone/tesi_ws/install/turtlebot3_cartographer:/home/simone/tesi_ws/install/dynamixel_sdk_examples:/home/simone/tesi_ws/install/dynamixel_sdk_custom_interfaces:/home/simone/tesi_ws/install/dynamixel_sdk:/home/simone/tesi_ws/install/turtlebot3_teleop:/home/simone/tesi_ws/install/turtlebot3_example:/home/simone/tesi_ws/install/relocalization_pkg:/home/simone/tesi_ws/install/create_dataset:/opt/ros/humble /usr/bin/cmake --install /home/simone/tesi_ws/build/turtlebot3_bringup
