[0.710s] Invoking command in '/home/simone/tesi_ws/build/turtlebot3_msgs': CMAKE_PREFIX_PATH=${CMAKE_PREFIX_PATH}:/home/simone/tesi_ws/install/turtlebot3_teleop:/home/simone/tesi_ws/install/turtlebot3_example:/home/simone/tesi_ws/install/relocalization_pkg:/home/simone/tesi_ws/install/create_dataset:/opt/ros/humble /usr/bin/cmake --build /home/simone/tesi_ws/build/turtlebot3_msgs -- -j12 -l12
[2.025s] -- Found action_msgs: 1.2.1 (/opt/ros/humble/share/action_msgs/cmake)
[2.027s] -- Override CMake install command with custom implementation using symlinks instead of copying resources
[2.028s] -- Found rosidl_generator_c: 3.1.5 (/opt/ros/humble/share/rosidl_generator_c/cmake)
[2.031s] -- Found rosidl_adapter: 3.1.5 (/opt/ros/humble/share/rosidl_adapter/cmake)
[2.033s] -- Found rosidl_generator_cpp: 3.1.5 (/opt/ros/humble/share/rosidl_generator_cpp/cmake)
[2.035s] -- Using all available rosidl_typesupport_c: rosidl_typesupport_fastrtps_c;rosidl_typesupport_introspection_c
[2.036s] -- Using all available rosidl_typesupport_cpp: rosidl_typesupport_fastrtps_cpp;rosidl_typesupport_introspection_cpp
[2.038s] -- Found rosidl_default_generators: 1.2.0 (/opt/ros/humble/share/rosidl_default_generators/cmake)
[2.039s] -- Found std_msgs: 4.2.3 (/opt/ros/humble/share/std_msgs/cmake)
[2.039s] -- Found ament_cmake_cppcheck: 0.12.9 (/opt/ros/humble/share/ament_cmake_cppcheck/cmake)
[2.041s] -- Found ament_cmake_cpplint: 0.12.9 (/opt/ros/humble/share/ament_cmake_cpplint/cmake)
[2.043s] -- Found ament_cmake_uncrustify: 0.12.9 (/opt/ros/humble/share/ament_cmake_uncrustify/cmake)
[2.044s] -- Found ament_cmake_ros: 0.10.0 (/opt/ros/humble/share/ament_cmake_ros/cmake)
[2.121s] -- Using all available rosidl_typesupport_c: rosidl_typesupport_fastrtps_c;rosidl_typesupport_introspection_c
[2.336s] -- Using all available rosidl_typesupport_cpp: rosidl_typesupport_fastrtps_cpp;rosidl_typesupport_introspection_cpp
[2.395s] -- Found python_cmake_module: 0.10.0 (/opt/ros/humble/share/python_cmake_module/cmake)
[2.447s] -- Using PYTHON_EXECUTABLE: /usr/bin/python3
[2.448s] -- Using PYTHON_INCLUDE_DIRS: /usr/include/python3.10
[2.448s] -- Using PYTHON_LIBRARIES: /usr/lib/x86_64-linux-gnu/libpython3.10.so
[2.498s] -- Found ament_cmake_flake8: 0.12.9 (/opt/ros/humble/share/ament_cmake_flake8/cmake)
[2.500s] -- Found ament_cmake_pep257: 0.12.9 (/opt/ros/humble/share/ament_cmake_pep257/cmake)
[2.514s] -- Configuring done
[2.579s] -- Generating done
[2.584s] -- Build files have been written to: /home/simone/tesi_ws/build/turtlebot3_msgs
[2.632s] [35m[1mConsolidate compiler generated dependencies of target turtlebot3_msgs__rosidl_generator_c[0m
[2.647s] [  1%] Built target turtlebot3_msgs__cpp
[2.652s] [ 12%] Built target turtlebot3_msgs__rosidl_generator_c
[2.657s] [ 12%] Built target ament_cmake_python_symlink_turtlebot3_msgs
[2.662s] [35m[1mConsolidate compiler generated dependencies of target turtlebot3_msgs__rosidl_typesupport_cpp[0m
[2.670s] [35m[1mConsolidate compiler generated dependencies of target turtlebot3_msgs__rosidl_typesupport_introspection_cpp[0m
[2.670s] [35m[1mConsolidate compiler generated dependencies of target turtlebot3_msgs__rosidl_typesupport_fastrtps_cpp[0m
[2.672s] [35m[1mConsolidate compiler generated dependencies of target turtlebot3_msgs__rosidl_typesupport_introspection_c[0m
[2.687s] [35m[1mConsolidate compiler generated dependencies of target turtlebot3_msgs__rosidl_typesupport_c[0m
[2.690s] [35m[1mConsolidate compiler generated dependencies of target turtlebot3_msgs__rosidl_typesupport_fastrtps_c[0m
[2.701s] [ 35%] Built target turtlebot3_msgs__rosidl_typesupport_fastrtps_cpp
[2.702s] [ 35%] Built target turtlebot3_msgs__rosidl_typesupport_introspection_c
[2.703s] [ 46%] Built target turtlebot3_msgs__rosidl_typesupport_cpp
[2.709s] [ 57%] Built target turtlebot3_msgs__rosidl_typesupport_introspection_cpp
[2.712s] [ 69%] Built target turtlebot3_msgs__rosidl_typesupport_c
[2.724s] [ 80%] Built target turtlebot3_msgs__rosidl_typesupport_fastrtps_c
[2.756s] [ 80%] Built target turtlebot3_msgs
[2.781s] [ 81%] Built target turtlebot3_msgs__py
[2.796s] [35m[1mConsolidate compiler generated dependencies of target turtlebot3_msgs__rosidl_generator_py[0m
[2.817s] [ 91%] Built target turtlebot3_msgs__rosidl_generator_py
[2.829s] [35m[1mConsolidate compiler generated dependencies of target turtlebot3_msgs__rosidl_typesupport_c__pyext[0m
[2.829s] [35m[1mConsolidate compiler generated dependencies of target turtlebot3_msgs__rosidl_typesupport_introspection_c__pyext[0m
[2.829s] [35m[1mConsolidate compiler generated dependencies of target turtlebot3_msgs__rosidl_typesupport_fastrtps_c__pyext[0m
[2.845s] [100%] Built target turtlebot3_msgs__rosidl_typesupport_introspection_c__pyext
[2.845s] [100%] Built target turtlebot3_msgs__rosidl_typesupport_fastrtps_c__pyext
[2.846s] [100%] Built target turtlebot3_msgs__rosidl_typesupport_c__pyext
[3.039s] running egg_info
[3.040s] writing turtlebot3_msgs.egg-info/PKG-INFO
[3.041s] writing dependency_links to turtlebot3_msgs.egg-info/dependency_links.txt
[3.041s] writing top-level names to turtlebot3_msgs.egg-info/top_level.txt
[3.047s] reading manifest file 'turtlebot3_msgs.egg-info/SOURCES.txt'
[3.048s] writing manifest file 'turtlebot3_msgs.egg-info/SOURCES.txt'
[3.097s] [100%] Built target ament_cmake_python_build_turtlebot3_msgs_egg
[3.308s] Invoked command in '/home/simone/tesi_ws/build/turtlebot3_msgs' returned '0': CMAKE_PREFIX_PATH=${CMAKE_PREFIX_PATH}:/home/simone/tesi_ws/install/turtlebot3_teleop:/home/simone/tesi_ws/install/turtlebot3_example:/home/simone/tesi_ws/install/relocalization_pkg:/home/simone/tesi_ws/install/create_dataset:/opt/ros/humble /usr/bin/cmake --build /home/simone/tesi_ws/build/turtlebot3_msgs -- -j12 -l12
[3.500s] Invoking command in '/home/simone/tesi_ws/build/turtlebot3_msgs': CMAKE_PREFIX_PATH=${CMAKE_PREFIX_PATH}:/home/simone/tesi_ws/install/turtlebot3_teleop:/home/simone/tesi_ws/install/turtlebot3_example:/home/simone/tesi_ws/install/relocalization_pkg:/home/simone/tesi_ws/install/create_dataset:/opt/ros/humble /usr/bin/cmake --install /home/simone/tesi_ws/build/turtlebot3_msgs
[3.513s] -- Install configuration: ""
[3.513s] -- Execute custom install script
[3.513s] -- Up-to-date symlink: /home/simone/tesi_ws/install/turtlebot3_msgs/share/ament_index/resource_index/rosidl_interfaces/turtlebot3_msgs
[3.521s] -- Up-to-date symlink: /home/simone/tesi_ws/install/turtlebot3_msgs/include/turtlebot3_msgs/turtlebot3_msgs/action/detail/patrol__functions.h
[3.522s] -- Up-to-date symlink: /home/simone/tesi_ws/install/turtlebot3_msgs/include/turtlebot3_msgs/turtlebot3_msgs/action/detail/patrol__struct.h
[3.522s] -- Up-to-date symlink: /home/simone/tesi_ws/install/turtlebot3_msgs/include/turtlebot3_msgs/turtlebot3_msgs/action/detail/patrol__type_support.h
[3.522s] -- Up-to-date symlink: /home/simone/tesi_ws/install/turtlebot3_msgs/include/turtlebot3_msgs/turtlebot3_msgs/action/patrol.h
[3.523s] -- Up-to-date symlink: /home/simone/tesi_ws/install/turtlebot3_msgs/include/turtlebot3_msgs/turtlebot3_msgs/msg/detail/sensor_state__functions.h
[3.523s] -- Up-to-date symlink: /home/simone/tesi_ws/install/turtlebot3_msgs/include/turtlebot3_msgs/turtlebot3_msgs/msg/detail/sensor_state__struct.h
[3.523s] -- Up-to-date symlink: /home/simone/tesi_ws/install/turtlebot3_msgs/include/turtlebot3_msgs/turtlebot3_msgs/msg/detail/sensor_state__type_support.h
[3.524s] -- Up-to-date symlink: /home/simone/tesi_ws/install/turtlebot3_msgs/include/turtlebot3_msgs/turtlebot3_msgs/msg/detail/sound__functions.h
[3.524s] -- Up-to-date symlink: /home/simone/tesi_ws/install/turtlebot3_msgs/include/turtlebot3_msgs/turtlebot3_msgs/msg/detail/sound__struct.h
[3.524s] -- Up-to-date symlink: /home/simone/tesi_ws/install/turtlebot3_msgs/include/turtlebot3_msgs/turtlebot3_msgs/msg/detail/sound__type_support.h
[3.525s] -- Up-to-date symlink: /home/simone/tesi_ws/install/turtlebot3_msgs/include/turtlebot3_msgs/turtlebot3_msgs/msg/detail/version_info__functions.h
[3.526s] -- Up-to-date symlink: /home/simone/tesi_ws/install/turtlebot3_msgs/include/turtlebot3_msgs/turtlebot3_msgs/msg/detail/version_info__struct.h
[3.526s] -- Up-to-date symlink: /home/simone/tesi_ws/install/turtlebot3_msgs/include/turtlebot3_msgs/turtlebot3_msgs/msg/detail/version_info__type_support.h
[3.526s] -- Up-to-date symlink: /home/simone/tesi_ws/install/turtlebot3_msgs/include/turtlebot3_msgs/turtlebot3_msgs/msg/rosidl_generator_c__visibility_control.h
[3.527s] -- Up-to-date symlink: /home/simone/tesi_ws/install/turtlebot3_msgs/include/turtlebot3_msgs/turtlebot3_msgs/msg/sensor_state.h
[3.527s] -- Up-to-date symlink: /home/simone/tesi_ws/install/turtlebot3_msgs/include/turtlebot3_msgs/turtlebot3_msgs/msg/sound.h
[3.528s] -- Up-to-date symlink: /home/simone/tesi_ws/install/turtlebot3_msgs/include/turtlebot3_msgs/turtlebot3_msgs/msg/version_info.h
[3.528s] -- Up-to-date symlink: /home/simone/tesi_ws/install/turtlebot3_msgs/include/turtlebot3_msgs/turtlebot3_msgs/srv/detail/dqn__functions.h
[3.528s] -- Up-to-date symlink: /home/simone/tesi_ws/install/turtlebot3_msgs/include/turtlebot3_msgs/turtlebot3_msgs/srv/detail/dqn__struct.h
[3.529s] -- Up-to-date symlink: /home/simone/tesi_ws/install/turtlebot3_msgs/include/turtlebot3_msgs/turtlebot3_msgs/srv/detail/dqn__type_support.h
[3.529s] -- Up-to-date symlink: /home/simone/tesi_ws/install/turtlebot3_msgs/include/turtlebot3_msgs/turtlebot3_msgs/srv/detail/sound__functions.h
[3.531s] -- Up-to-date symlink: /home/simone/tesi_ws/install/turtlebot3_msgs/include/turtlebot3_msgs/turtlebot3_msgs/srv/detail/sound__struct.h
[3.531s] -- Up-to-date symlink: /home/simone/tesi_ws/install/turtlebot3_msgs/include/turtlebot3_msgs/turtlebot3_msgs/srv/detail/sound__type_support.h
[3.532s] -- Up-to-date symlink: /home/simone/tesi_ws/install/turtlebot3_msgs/include/turtlebot3_msgs/turtlebot3_msgs/srv/dqn.h
[3.532s] -- Up-to-date symlink: /home/simone/tesi_ws/install/turtlebot3_msgs/include/turtlebot3_msgs/turtlebot3_msgs/srv/sound.h
[3.533s] -- Up-to-date symlink: /home/simone/tesi_ws/install/turtlebot3_msgs/share/turtlebot3_msgs/environment/library_path.sh
[3.536s] -- Up-to-date symlink: /home/simone/tesi_ws/install/turtlebot3_msgs/share/turtlebot3_msgs/environment/library_path.dsv
[3.537s] -- Up-to-date symlink: /home/simone/tesi_ws/install/turtlebot3_msgs/include/turtlebot3_msgs/turtlebot3_msgs/action/detail/patrol__rosidl_typesupport_fastrtps_c.h
[3.538s] -- Up-to-date symlink: /home/simone/tesi_ws/install/turtlebot3_msgs/include/turtlebot3_msgs/turtlebot3_msgs/msg/detail/sensor_state__rosidl_typesupport_fastrtps_c.h
[3.539s] -- Up-to-date symlink: /home/simone/tesi_ws/install/turtlebot3_msgs/include/turtlebot3_msgs/turtlebot3_msgs/msg/detail/sound__rosidl_typesupport_fastrtps_c.h
[3.539s] -- Up-to-date symlink: /home/simone/tesi_ws/install/turtlebot3_msgs/include/turtlebot3_msgs/turtlebot3_msgs/msg/detail/version_info__rosidl_typesupport_fastrtps_c.h
[3.540s] -- Up-to-date symlink: /home/simone/tesi_ws/install/turtlebot3_msgs/include/turtlebot3_msgs/turtlebot3_msgs/msg/rosidl_typesupport_fastrtps_c__visibility_control.h
[3.541s] -- Up-to-date symlink: /home/simone/tesi_ws/install/turtlebot3_msgs/include/turtlebot3_msgs/turtlebot3_msgs/srv/detail/dqn__rosidl_typesupport_fastrtps_c.h
[3.541s] -- Up-to-date symlink: /home/simone/tesi_ws/install/turtlebot3_msgs/include/turtlebot3_msgs/turtlebot3_msgs/srv/detail/sound__rosidl_typesupport_fastrtps_c.h
[3.542s] -- Up-to-date symlink: /home/simone/tesi_ws/install/turtlebot3_msgs/include/turtlebot3_msgs/turtlebot3_msgs/action/detail/patrol__builder.hpp
[3.542s] -- Up-to-date symlink: /home/simone/tesi_ws/install/turtlebot3_msgs/include/turtlebot3_msgs/turtlebot3_msgs/action/detail/patrol__struct.hpp
[3.543s] -- Up-to-date symlink: /home/simone/tesi_ws/install/turtlebot3_msgs/include/turtlebot3_msgs/turtlebot3_msgs/action/detail/patrol__traits.hpp
[3.544s] -- Up-to-date symlink: /home/simone/tesi_ws/install/turtlebot3_msgs/include/turtlebot3_msgs/turtlebot3_msgs/action/patrol.hpp
[3.547s] -- Up-to-date symlink: /home/simone/tesi_ws/install/turtlebot3_msgs/include/turtlebot3_msgs/turtlebot3_msgs/msg/detail/sensor_state__builder.hpp
[3.548s] -- Up-to-date symlink: /home/simone/tesi_ws/install/turtlebot3_msgs/include/turtlebot3_msgs/turtlebot3_msgs/msg/detail/sensor_state__struct.hpp
[3.549s] -- Up-to-date symlink: /home/simone/tesi_ws/install/turtlebot3_msgs/include/turtlebot3_msgs/turtlebot3_msgs/msg/detail/sensor_state__traits.hpp
[3.549s] -- Up-to-date symlink: /home/simone/tesi_ws/install/turtlebot3_msgs/include/turtlebot3_msgs/turtlebot3_msgs/msg/detail/sound__builder.hpp
[3.549s] -- Up-to-date symlink: /home/simone/tesi_ws/install/turtlebot3_msgs/include/turtlebot3_msgs/turtlebot3_msgs/msg/detail/sound__struct.hpp
[3.549s] -- Up-to-date symlink: /home/simone/tesi_ws/install/turtlebot3_msgs/include/turtlebot3_msgs/turtlebot3_msgs/msg/detail/sound__traits.hpp
[3.550s] -- Up-to-date symlink: /home/simone/tesi_ws/install/turtlebot3_msgs/include/turtlebot3_msgs/turtlebot3_msgs/msg/detail/version_info__builder.hpp
[3.551s] -- Up-to-date symlink: /home/simone/tesi_ws/install/turtlebot3_msgs/include/turtlebot3_msgs/turtlebot3_msgs/msg/detail/version_info__struct.hpp
[3.551s] -- Up-to-date symlink: /home/simone/tesi_ws/install/turtlebot3_msgs/include/turtlebot3_msgs/turtlebot3_msgs/msg/detail/version_info__traits.hpp
[3.551s] -- Up-to-date symlink: /home/simone/tesi_ws/install/turtlebot3_msgs/include/turtlebot3_msgs/turtlebot3_msgs/msg/sensor_state.hpp
[3.552s] -- Up-to-date symlink: /home/simone/tesi_ws/install/turtlebot3_msgs/include/turtlebot3_msgs/turtlebot3_msgs/msg/sound.hpp
[3.553s] -- Up-to-date symlink: /home/simone/tesi_ws/install/turtlebot3_msgs/include/turtlebot3_msgs/turtlebot3_msgs/msg/version_info.hpp
[3.553s] -- Up-to-date symlink: /home/simone/tesi_ws/install/turtlebot3_msgs/include/turtlebot3_msgs/turtlebot3_msgs/srv/detail/dqn__builder.hpp
[3.554s] -- Up-to-date symlink: /home/simone/tesi_ws/install/turtlebot3_msgs/include/turtlebot3_msgs/turtlebot3_msgs/srv/detail/dqn__struct.hpp
[3.555s] -- Up-to-date symlink: /home/simone/tesi_ws/install/turtlebot3_msgs/include/turtlebot3_msgs/turtlebot3_msgs/srv/detail/dqn__traits.hpp
[3.556s] -- Up-to-date symlink: /home/simone/tesi_ws/install/turtlebot3_msgs/include/turtlebot3_msgs/turtlebot3_msgs/srv/detail/sound__builder.hpp
[3.557s] -- Up-to-date symlink: /home/simone/tesi_ws/install/turtlebot3_msgs/include/turtlebot3_msgs/turtlebot3_msgs/srv/detail/sound__struct.hpp
[3.558s] -- Up-to-date symlink: /home/simone/tesi_ws/install/turtlebot3_msgs/include/turtlebot3_msgs/turtlebot3_msgs/srv/detail/sound__traits.hpp
[3.558s] -- Up-to-date symlink: /home/simone/tesi_ws/install/turtlebot3_msgs/include/turtlebot3_msgs/turtlebot3_msgs/srv/dqn.hpp
[3.559s] -- Up-to-date symlink: /home/simone/tesi_ws/install/turtlebot3_msgs/include/turtlebot3_msgs/turtlebot3_msgs/srv/sound.hpp
[3.560s] -- Up-to-date symlink: /home/simone/tesi_ws/install/turtlebot3_msgs/include/turtlebot3_msgs/turtlebot3_msgs/action/detail/patrol__rosidl_typesupport_fastrtps_cpp.hpp
[3.560s] -- Up-to-date symlink: /home/simone/tesi_ws/install/turtlebot3_msgs/include/turtlebot3_msgs/turtlebot3_msgs/msg/detail/sensor_state__rosidl_typesupport_fastrtps_cpp.hpp
[3.561s] -- Up-to-date symlink: /home/simone/tesi_ws/install/turtlebot3_msgs/include/turtlebot3_msgs/turtlebot3_msgs/msg/detail/sound__rosidl_typesupport_fastrtps_cpp.hpp
[3.561s] -- Up-to-date symlink: /home/simone/tesi_ws/install/turtlebot3_msgs/include/turtlebot3_msgs/turtlebot3_msgs/msg/detail/version_info__rosidl_typesupport_fastrtps_cpp.hpp
[3.562s] -- Up-to-date symlink: /home/simone/tesi_ws/install/turtlebot3_msgs/include/turtlebot3_msgs/turtlebot3_msgs/msg/rosidl_typesupport_fastrtps_cpp__visibility_control.h
[3.563s] -- Up-to-date symlink: /home/simone/tesi_ws/install/turtlebot3_msgs/include/turtlebot3_msgs/turtlebot3_msgs/srv/detail/dqn__rosidl_typesupport_fastrtps_cpp.hpp
[3.563s] -- Up-to-date symlink: /home/simone/tesi_ws/install/turtlebot3_msgs/include/turtlebot3_msgs/turtlebot3_msgs/srv/detail/sound__rosidl_typesupport_fastrtps_cpp.hpp
[3.564s] -- Up-to-date symlink: /home/simone/tesi_ws/install/turtlebot3_msgs/include/turtlebot3_msgs/turtlebot3_msgs/action/detail/patrol__rosidl_typesupport_introspection_c.h
[3.564s] -- Up-to-date symlink: /home/simone/tesi_ws/install/turtlebot3_msgs/include/turtlebot3_msgs/turtlebot3_msgs/msg/detail/sensor_state__rosidl_typesupport_introspection_c.h
[3.565s] -- Up-to-date symlink: /home/simone/tesi_ws/install/turtlebot3_msgs/include/turtlebot3_msgs/turtlebot3_msgs/msg/detail/sound__rosidl_typesupport_introspection_c.h
[3.566s] -- Up-to-date symlink: /home/simone/tesi_ws/install/turtlebot3_msgs/include/turtlebot3_msgs/turtlebot3_msgs/msg/detail/version_info__rosidl_typesupport_introspection_c.h
[3.566s] -- Up-to-date symlink: /home/simone/tesi_ws/install/turtlebot3_msgs/include/turtlebot3_msgs/turtlebot3_msgs/msg/rosidl_typesupport_introspection_c__visibility_control.h
[3.566s] -- Up-to-date symlink: /home/simone/tesi_ws/install/turtlebot3_msgs/include/turtlebot3_msgs/turtlebot3_msgs/srv/detail/dqn__rosidl_typesupport_introspection_c.h
[3.566s] -- Up-to-date symlink: /home/simone/tesi_ws/install/turtlebot3_msgs/include/turtlebot3_msgs/turtlebot3_msgs/srv/detail/sound__rosidl_typesupport_introspection_c.h
[3.567s] -- Up-to-date symlink: /home/simone/tesi_ws/install/turtlebot3_msgs/include/turtlebot3_msgs/turtlebot3_msgs/action/detail/patrol__rosidl_typesupport_introspection_cpp.hpp
[3.567s] -- Up-to-date symlink: /home/simone/tesi_ws/install/turtlebot3_msgs/include/turtlebot3_msgs/turtlebot3_msgs/msg/detail/sensor_state__rosidl_typesupport_introspection_cpp.hpp
[3.568s] -- Up-to-date symlink: /home/simone/tesi_ws/install/turtlebot3_msgs/include/turtlebot3_msgs/turtlebot3_msgs/msg/detail/sound__rosidl_typesupport_introspection_cpp.hpp
[3.568s] -- Up-to-date symlink: /home/simone/tesi_ws/install/turtlebot3_msgs/include/turtlebot3_msgs/turtlebot3_msgs/msg/detail/version_info__rosidl_typesupport_introspection_cpp.hpp
[3.568s] -- Up-to-date symlink: /home/simone/tesi_ws/install/turtlebot3_msgs/include/turtlebot3_msgs/turtlebot3_msgs/srv/detail/dqn__rosidl_typesupport_introspection_cpp.hpp
[3.568s] -- Up-to-date symlink: /home/simone/tesi_ws/install/turtlebot3_msgs/include/turtlebot3_msgs/turtlebot3_msgs/srv/detail/sound__rosidl_typesupport_introspection_cpp.hpp
[3.569s] -- Up-to-date symlink: /home/simone/tesi_ws/install/turtlebot3_msgs/share/turtlebot3_msgs/environment/pythonpath.sh
[3.569s] -- Up-to-date symlink: /home/simone/tesi_ws/install/turtlebot3_msgs/share/turtlebot3_msgs/environment/pythonpath.dsv
[3.570s] -- Up-to-date symlink: /home/simone/tesi_ws/install/turtlebot3_msgs/local/lib/python3.10/dist-packages/turtlebot3_msgs-2.2.3-py3.10.egg-info/PKG-INFO
[3.571s] -- Up-to-date symlink: /home/simone/tesi_ws/install/turtlebot3_msgs/local/lib/python3.10/dist-packages/turtlebot3_msgs-2.2.3-py3.10.egg-info/SOURCES.txt
[3.571s] -- Up-to-date symlink: /home/simone/tesi_ws/install/turtlebot3_msgs/local/lib/python3.10/dist-packages/turtlebot3_msgs-2.2.3-py3.10.egg-info/dependency_links.txt
[3.572s] -- Up-to-date symlink: /home/simone/tesi_ws/install/turtlebot3_msgs/local/lib/python3.10/dist-packages/turtlebot3_msgs-2.2.3-py3.10.egg-info/top_level.txt
[3.572s] -- Up-to-date symlink: /home/simone/tesi_ws/install/turtlebot3_msgs/local/lib/python3.10/dist-packages/turtlebot3_msgs/__init__.py
[3.572s] -- Up-to-date symlink: /home/simone/tesi_ws/install/turtlebot3_msgs/local/lib/python3.10/dist-packages/turtlebot3_msgs/_turtlebot3_msgs_s.ep.rosidl_typesupport_c.c
[3.573s] -- Up-to-date symlink: /home/simone/tesi_ws/install/turtlebot3_msgs/local/lib/python3.10/dist-packages/turtlebot3_msgs/_turtlebot3_msgs_s.ep.rosidl_typesupport_fastrtps_c.c
[3.573s] -- Up-to-date symlink: /home/simone/tesi_ws/install/turtlebot3_msgs/local/lib/python3.10/dist-packages/turtlebot3_msgs/_turtlebot3_msgs_s.ep.rosidl_typesupport_introspection_c.c
[3.573s] -- Up-to-date symlink: /home/simone/tesi_ws/install/turtlebot3_msgs/local/lib/python3.10/dist-packages/turtlebot3_msgs/action/__init__.py
[3.573s] -- Up-to-date symlink: /home/simone/tesi_ws/install/turtlebot3_msgs/local/lib/python3.10/dist-packages/turtlebot3_msgs/action/_patrol.py
[3.574s] -- Up-to-date symlink: /home/simone/tesi_ws/install/turtlebot3_msgs/local/lib/python3.10/dist-packages/turtlebot3_msgs/action/_patrol_s.c
[3.575s] -- Up-to-date symlink: /home/simone/tesi_ws/install/turtlebot3_msgs/local/lib/python3.10/dist-packages/turtlebot3_msgs/libturtlebot3_msgs__rosidl_generator_py.so
[3.575s] -- Up-to-date symlink: /home/simone/tesi_ws/install/turtlebot3_msgs/local/lib/python3.10/dist-packages/turtlebot3_msgs/msg/__init__.py
[3.575s] -- Up-to-date symlink: /home/simone/tesi_ws/install/turtlebot3_msgs/local/lib/python3.10/dist-packages/turtlebot3_msgs/msg/_sensor_state.py
[3.575s] -- Up-to-date symlink: /home/simone/tesi_ws/install/turtlebot3_msgs/local/lib/python3.10/dist-packages/turtlebot3_msgs/msg/_sensor_state_s.c
[3.576s] -- Up-to-date symlink: /home/simone/tesi_ws/install/turtlebot3_msgs/local/lib/python3.10/dist-packages/turtlebot3_msgs/msg/_sound.py
[3.576s] -- Up-to-date symlink: /home/simone/tesi_ws/install/turtlebot3_msgs/local/lib/python3.10/dist-packages/turtlebot3_msgs/msg/_sound_s.c
[3.576s] -- Up-to-date symlink: /home/simone/tesi_ws/install/turtlebot3_msgs/local/lib/python3.10/dist-packages/turtlebot3_msgs/msg/_version_info.py
[3.576s] -- Up-to-date symlink: /home/simone/tesi_ws/install/turtlebot3_msgs/local/lib/python3.10/dist-packages/turtlebot3_msgs/msg/_version_info_s.c
[3.577s] -- Up-to-date symlink: /home/simone/tesi_ws/install/turtlebot3_msgs/local/lib/python3.10/dist-packages/turtlebot3_msgs/srv/__init__.py
[3.577s] -- Up-to-date symlink: /home/simone/tesi_ws/install/turtlebot3_msgs/local/lib/python3.10/dist-packages/turtlebot3_msgs/srv/_dqn.py
[3.577s] -- Up-to-date symlink: /home/simone/tesi_ws/install/turtlebot3_msgs/local/lib/python3.10/dist-packages/turtlebot3_msgs/srv/_dqn_s.c
[3.577s] -- Up-to-date symlink: /home/simone/tesi_ws/install/turtlebot3_msgs/local/lib/python3.10/dist-packages/turtlebot3_msgs/srv/_sound.py
[3.577s] -- Up-to-date symlink: /home/simone/tesi_ws/install/turtlebot3_msgs/local/lib/python3.10/dist-packages/turtlebot3_msgs/srv/_sound_s.c
[3.578s] -- Up-to-date symlink: /home/simone/tesi_ws/install/turtlebot3_msgs/local/lib/python3.10/dist-packages/turtlebot3_msgs/turtlebot3_msgs_s__rosidl_typesupport_c.cpython-310-x86_64-linux-gnu.so
[3.578s] -- Up-to-date symlink: /home/simone/tesi_ws/install/turtlebot3_msgs/local/lib/python3.10/dist-packages/turtlebot3_msgs/turtlebot3_msgs_s__rosidl_typesupport_fastrtps_c.cpython-310-x86_64-linux-gnu.so
[3.579s] -- Up-to-date symlink: /home/simone/tesi_ws/install/turtlebot3_msgs/local/lib/python3.10/dist-packages/turtlebot3_msgs/turtlebot3_msgs_s__rosidl_typesupport_introspection_c.cpython-310-x86_64-linux-gnu.so
[3.579s] -- Up-to-date symlink: /home/simone/tesi_ws/install/turtlebot3_msgs/local/lib/python3.10/dist-packages/turtlebot3_msgs/turtlebot3_msgs_s__rosidl_typesupport_fastrtps_c.cpython-310-x86_64-linux-gnu.so
[3.580s] -- Up-to-date symlink: /home/simone/tesi_ws/install/turtlebot3_msgs/local/lib/python3.10/dist-packages/turtlebot3_msgs/turtlebot3_msgs_s__rosidl_typesupport_introspection_c.cpython-310-x86_64-linux-gnu.so
[3.581s] -- Up-to-date symlink: /home/simone/tesi_ws/install/turtlebot3_msgs/local/lib/python3.10/dist-packages/turtlebot3_msgs/turtlebot3_msgs_s__rosidl_typesupport_c.cpython-310-x86_64-linux-gnu.so
[3.581s] -- Up-to-date symlink: /home/simone/tesi_ws/install/turtlebot3_msgs/share/turtlebot3_msgs/msg/SensorState.idl
[3.581s] -- Up-to-date symlink: /home/simone/tesi_ws/install/turtlebot3_msgs/share/turtlebot3_msgs/msg/Sound.idl
[3.582s] -- Up-to-date symlink: /home/simone/tesi_ws/install/turtlebot3_msgs/share/turtlebot3_msgs/msg/VersionInfo.idl
[3.582s] -- Up-to-date symlink: /home/simone/tesi_ws/install/turtlebot3_msgs/share/turtlebot3_msgs/srv/Sound.idl
[3.583s] -- Up-to-date symlink: /home/simone/tesi_ws/install/turtlebot3_msgs/share/turtlebot3_msgs/srv/Dqn.idl
[3.586s] -- Up-to-date symlink: /home/simone/tesi_ws/install/turtlebot3_msgs/share/turtlebot3_msgs/action/Patrol.idl
[3.586s] -- Up-to-date symlink: /home/simone/tesi_ws/install/turtlebot3_msgs/share/turtlebot3_msgs/msg/SensorState.msg
[3.586s] -- Up-to-date symlink: /home/simone/tesi_ws/install/turtlebot3_msgs/share/turtlebot3_msgs/msg/Sound.msg
[3.589s] -- Up-to-date symlink: /home/simone/tesi_ws/install/turtlebot3_msgs/share/turtlebot3_msgs/msg/VersionInfo.msg
[3.591s] -- Up-to-date symlink: /home/simone/tesi_ws/install/turtlebot3_msgs/share/turtlebot3_msgs/srv/Sound.srv
[3.591s] -- Up-to-date symlink: /home/simone/tesi_ws/install/turtlebot3_msgs/share/turtlebot3_msgs/srv/Sound_Request.msg
[3.591s] -- Up-to-date symlink: /home/simone/tesi_ws/install/turtlebot3_msgs/share/turtlebot3_msgs/srv/Sound_Response.msg
[3.592s] -- Up-to-date symlink: /home/simone/tesi_ws/install/turtlebot3_msgs/share/turtlebot3_msgs/srv/Dqn.srv
[3.592s] -- Up-to-date symlink: /home/simone/tesi_ws/install/turtlebot3_msgs/share/turtlebot3_msgs/srv/Dqn_Request.msg
[3.592s] -- Up-to-date symlink: /home/simone/tesi_ws/install/turtlebot3_msgs/share/turtlebot3_msgs/srv/Dqn_Response.msg
[3.592s] -- Up-to-date symlink: /home/simone/tesi_ws/install/turtlebot3_msgs/share/turtlebot3_msgs/action/Patrol.action
[3.592s] -- Up-to-date symlink: /home/simone/tesi_ws/install/turtlebot3_msgs/share/ament_index/resource_index/package_run_dependencies/turtlebot3_msgs
[3.592s] -- Up-to-date symlink: /home/simone/tesi_ws/install/turtlebot3_msgs/share/ament_index/resource_index/parent_prefix_path/turtlebot3_msgs
[3.592s] -- Up-to-date symlink: /home/simone/tesi_ws/install/turtlebot3_msgs/share/turtlebot3_msgs/environment/ament_prefix_path.sh
[3.592s] -- Up-to-date symlink: /home/simone/tesi_ws/install/turtlebot3_msgs/share/turtlebot3_msgs/environment/ament_prefix_path.dsv
[3.592s] -- Up-to-date symlink: /home/simone/tesi_ws/install/turtlebot3_msgs/share/turtlebot3_msgs/environment/path.sh
[3.593s] -- Up-to-date symlink: /home/simone/tesi_ws/install/turtlebot3_msgs/share/turtlebot3_msgs/environment/path.dsv
[3.594s] -- Up-to-date symlink: /home/simone/tesi_ws/install/turtlebot3_msgs/share/turtlebot3_msgs/local_setup.bash
[3.596s] -- Up-to-date symlink: /home/simone/tesi_ws/install/turtlebot3_msgs/share/turtlebot3_msgs/local_setup.sh
[3.596s] -- Up-to-date symlink: /home/simone/tesi_ws/install/turtlebot3_msgs/share/turtlebot3_msgs/local_setup.zsh
[3.596s] -- Up-to-date symlink: /home/simone/tesi_ws/install/turtlebot3_msgs/share/turtlebot3_msgs/local_setup.dsv
[3.597s] -- Symlinking: /home/simone/tesi_ws/install/turtlebot3_msgs/share/turtlebot3_msgs/package.dsv
[3.599s] -- Up-to-date symlink: /home/simone/tesi_ws/install/turtlebot3_msgs/share/ament_index/resource_index/packages/turtlebot3_msgs
[3.599s] -- Up-to-date symlink: /home/simone/tesi_ws/install/turtlebot3_msgs/share/turtlebot3_msgs/cmake/rosidl_cmake-extras.cmake
[3.600s] -- Up-to-date symlink: /home/simone/tesi_ws/install/turtlebot3_msgs/share/turtlebot3_msgs/cmake/ament_cmake_export_dependencies-extras.cmake
[3.600s] -- Up-to-date symlink: /home/simone/tesi_ws/install/turtlebot3_msgs/share/turtlebot3_msgs/cmake/ament_cmake_export_include_directories-extras.cmake
[3.600s] -- Up-to-date symlink: /home/simone/tesi_ws/install/turtlebot3_msgs/share/turtlebot3_msgs/cmake/ament_cmake_export_libraries-extras.cmake
[3.600s] -- Up-to-date symlink: /home/simone/tesi_ws/install/turtlebot3_msgs/share/turtlebot3_msgs/cmake/ament_cmake_export_targets-extras.cmake
[3.600s] -- Up-to-date symlink: /home/simone/tesi_ws/install/turtlebot3_msgs/share/turtlebot3_msgs/cmake/rosidl_cmake_export_typesupport_targets-extras.cmake
[3.600s] -- Up-to-date symlink: /home/simone/tesi_ws/install/turtlebot3_msgs/share/turtlebot3_msgs/cmake/rosidl_cmake_export_typesupport_libraries-extras.cmake
[3.600s] -- Up-to-date symlink: /home/simone/tesi_ws/install/turtlebot3_msgs/share/turtlebot3_msgs/cmake/turtlebot3_msgsConfig.cmake
[3.600s] -- Up-to-date symlink: /home/simone/tesi_ws/install/turtlebot3_msgs/share/turtlebot3_msgs/cmake/turtlebot3_msgsConfig-version.cmake
[3.600s] -- Up-to-date symlink: /home/simone/tesi_ws/install/turtlebot3_msgs/share/turtlebot3_msgs/package.xml
[3.602s] -- Up-to-date: /home/simone/tesi_ws/install/turtlebot3_msgs/lib/libturtlebot3_msgs__rosidl_generator_c.so
[3.602s] -- Installing: /home/simone/tesi_ws/install/turtlebot3_msgs/lib/libturtlebot3_msgs__rosidl_typesupport_fastrtps_c.so
[3.603s] -- Set runtime path of "/home/simone/tesi_ws/install/turtlebot3_msgs/lib/libturtlebot3_msgs__rosidl_typesupport_fastrtps_c.so" to ""
[3.603s] -- Installing: /home/simone/tesi_ws/install/turtlebot3_msgs/lib/libturtlebot3_msgs__rosidl_typesupport_fastrtps_cpp.so
[3.603s] -- Set runtime path of "/home/simone/tesi_ws/install/turtlebot3_msgs/lib/libturtlebot3_msgs__rosidl_typesupport_fastrtps_cpp.so" to ""
[3.604s] -- Up-to-date: /home/simone/tesi_ws/install/turtlebot3_msgs/lib/libturtlebot3_msgs__rosidl_typesupport_introspection_c.so
[3.604s] -- Up-to-date: /home/simone/tesi_ws/install/turtlebot3_msgs/lib/libturtlebot3_msgs__rosidl_typesupport_c.so
[3.604s] -- Up-to-date: /home/simone/tesi_ws/install/turtlebot3_msgs/lib/libturtlebot3_msgs__rosidl_typesupport_introspection_cpp.so
[3.604s] -- Up-to-date: /home/simone/tesi_ws/install/turtlebot3_msgs/lib/libturtlebot3_msgs__rosidl_typesupport_cpp.so
[3.638s] Listing '/home/simone/tesi_ws/install/turtlebot3_msgs/local/lib/python3.10/dist-packages/turtlebot3_msgs'...
[3.639s] Compiling '/home/simone/tesi_ws/install/turtlebot3_msgs/local/lib/python3.10/dist-packages/turtlebot3_msgs/__init__.py'...
[3.639s] Listing '/home/simone/tesi_ws/install/turtlebot3_msgs/local/lib/python3.10/dist-packages/turtlebot3_msgs/action'...
[3.639s] Compiling '/home/simone/tesi_ws/install/turtlebot3_msgs/local/lib/python3.10/dist-packages/turtlebot3_msgs/action/__init__.py'...
[3.639s] Compiling '/home/simone/tesi_ws/install/turtlebot3_msgs/local/lib/python3.10/dist-packages/turtlebot3_msgs/action/_patrol.py'...
[3.639s] Listing '/home/simone/tesi_ws/install/turtlebot3_msgs/local/lib/python3.10/dist-packages/turtlebot3_msgs/msg'...
[3.641s] Compiling '/home/simone/tesi_ws/install/turtlebot3_msgs/local/lib/python3.10/dist-packages/turtlebot3_msgs/msg/__init__.py'...
[3.642s] Compiling '/home/simone/tesi_ws/install/turtlebot3_msgs/local/lib/python3.10/dist-packages/turtlebot3_msgs/msg/_sensor_state.py'...
[3.642s] Compiling '/home/simone/tesi_ws/install/turtlebot3_msgs/local/lib/python3.10/dist-packages/turtlebot3_msgs/msg/_sound.py'...
[3.642s] Compiling '/home/simone/tesi_ws/install/turtlebot3_msgs/local/lib/python3.10/dist-packages/turtlebot3_msgs/msg/_version_info.py'...
[3.642s] Listing '/home/simone/tesi_ws/install/turtlebot3_msgs/local/lib/python3.10/dist-packages/turtlebot3_msgs/srv'...
[3.642s] Compiling '/home/simone/tesi_ws/install/turtlebot3_msgs/local/lib/python3.10/dist-packages/turtlebot3_msgs/srv/__init__.py'...
[3.642s] Compiling '/home/simone/tesi_ws/install/turtlebot3_msgs/local/lib/python3.10/dist-packages/turtlebot3_msgs/srv/_dqn.py'...
[3.642s] Compiling '/home/simone/tesi_ws/install/turtlebot3_msgs/local/lib/python3.10/dist-packages/turtlebot3_msgs/srv/_sound.py'...
[3.649s] -- Up-to-date: /home/simone/tesi_ws/install/turtlebot3_msgs/lib/libturtlebot3_msgs__rosidl_generator_py.so
[3.650s] -- Up-to-date: /home/simone/tesi_ws/install/turtlebot3_msgs/share/turtlebot3_msgs/cmake/export_turtlebot3_msgs__rosidl_generator_cExport.cmake
[3.651s] -- Up-to-date: /home/simone/tesi_ws/install/turtlebot3_msgs/share/turtlebot3_msgs/cmake/export_turtlebot3_msgs__rosidl_generator_cExport-noconfig.cmake
[3.652s] -- Up-to-date: /home/simone/tesi_ws/install/turtlebot3_msgs/share/turtlebot3_msgs/cmake/export_turtlebot3_msgs__rosidl_typesupport_fastrtps_cExport.cmake
[3.652s] -- Up-to-date: /home/simone/tesi_ws/install/turtlebot3_msgs/share/turtlebot3_msgs/cmake/export_turtlebot3_msgs__rosidl_typesupport_fastrtps_cExport-noconfig.cmake
[3.653s] -- Up-to-date: /home/simone/tesi_ws/install/turtlebot3_msgs/share/turtlebot3_msgs/cmake/export_turtlebot3_msgs__rosidl_generator_cppExport.cmake
[3.653s] -- Up-to-date: /home/simone/tesi_ws/install/turtlebot3_msgs/share/turtlebot3_msgs/cmake/export_turtlebot3_msgs__rosidl_typesupport_fastrtps_cppExport.cmake
[3.654s] -- Up-to-date: /home/simone/tesi_ws/install/turtlebot3_msgs/share/turtlebot3_msgs/cmake/export_turtlebot3_msgs__rosidl_typesupport_fastrtps_cppExport-noconfig.cmake
[3.654s] -- Up-to-date: /home/simone/tesi_ws/install/turtlebot3_msgs/share/turtlebot3_msgs/cmake/turtlebot3_msgs__rosidl_typesupport_introspection_cExport.cmake
[3.655s] -- Up-to-date: /home/simone/tesi_ws/install/turtlebot3_msgs/share/turtlebot3_msgs/cmake/turtlebot3_msgs__rosidl_typesupport_introspection_cExport-noconfig.cmake
[3.655s] -- Up-to-date: /home/simone/tesi_ws/install/turtlebot3_msgs/share/turtlebot3_msgs/cmake/turtlebot3_msgs__rosidl_typesupport_cExport.cmake
[3.656s] -- Up-to-date: /home/simone/tesi_ws/install/turtlebot3_msgs/share/turtlebot3_msgs/cmake/turtlebot3_msgs__rosidl_typesupport_cExport-noconfig.cmake
[3.657s] -- Up-to-date: /home/simone/tesi_ws/install/turtlebot3_msgs/share/turtlebot3_msgs/cmake/turtlebot3_msgs__rosidl_typesupport_introspection_cppExport.cmake
[3.657s] -- Up-to-date: /home/simone/tesi_ws/install/turtlebot3_msgs/share/turtlebot3_msgs/cmake/turtlebot3_msgs__rosidl_typesupport_introspection_cppExport-noconfig.cmake
[3.657s] -- Up-to-date: /home/simone/tesi_ws/install/turtlebot3_msgs/share/turtlebot3_msgs/cmake/turtlebot3_msgs__rosidl_typesupport_cppExport.cmake
[3.657s] -- Up-to-date: /home/simone/tesi_ws/install/turtlebot3_msgs/share/turtlebot3_msgs/cmake/turtlebot3_msgs__rosidl_typesupport_cppExport-noconfig.cmake
[3.658s] -- Up-to-date: /home/simone/tesi_ws/install/turtlebot3_msgs/share/turtlebot3_msgs/cmake/export_turtlebot3_msgs__rosidl_generator_pyExport.cmake
[3.658s] -- Up-to-date: /home/simone/tesi_ws/install/turtlebot3_msgs/share/turtlebot3_msgs/cmake/export_turtlebot3_msgs__rosidl_generator_pyExport-noconfig.cmake
[3.724s] Invoked command in '/home/simone/tesi_ws/build/turtlebot3_msgs' returned '0': CMAKE_PREFIX_PATH=${CMAKE_PREFIX_PATH}:/home/simone/tesi_ws/install/turtlebot3_teleop:/home/simone/tesi_ws/install/turtlebot3_example:/home/simone/tesi_ws/install/relocalization_pkg:/home/simone/tesi_ws/install/create_dataset:/opt/ros/humble /usr/bin/cmake --install /home/simone/tesi_ws/build/turtlebot3_msgs
