[4.836s] Invoking command in '/home/simone/tesi_ws/src/turtlebot3/turtlebot3_teleop': PYTHONPATH=/home/simone/tesi_ws/build/turtlebot3_teleop/prefix_override:/home/simone/tesi_ws/install/turtlebot3_teleop/lib/python3.10/site-packages:${PYTHONPATH} /usr/bin/python3 setup.py egg_info --egg-base ../../../build/turtlebot3_teleop build --build-base /home/simone/tesi_ws/build/turtlebot3_teleop/build install --record /home/simone/tesi_ws/build/turtlebot3_teleop/install.log --single-version-externally-managed
[5.376s] running egg_info
[5.376s] writing ../../../build/turtlebot3_teleop/turtlebot3_teleop.egg-info/PKG-INFO
[5.376s] writing dependency_links to ../../../build/turtlebot3_teleop/turtlebot3_teleop.egg-info/dependency_links.txt
[5.376s] writing entry points to ../../../build/turtlebot3_teleop/turtlebot3_teleop.egg-info/entry_points.txt
[5.377s] writing requirements to ../../../build/turtlebot3_teleop/turtlebot3_teleop.egg-info/requires.txt
[5.377s] writing top-level names to ../../../build/turtlebot3_teleop/turtlebot3_teleop.egg-info/top_level.txt
[5.386s] reading manifest file '../../../build/turtlebot3_teleop/turtlebot3_teleop.egg-info/SOURCES.txt'
[5.388s] writing manifest file '../../../build/turtlebot3_teleop/turtlebot3_teleop.egg-info/SOURCES.txt'
[5.389s] running build
[5.389s] running build_py
[5.397s] running install
[5.397s] running install_lib
[5.401s] running install_data
[5.404s] running install_egg_info
[5.409s] removing '/home/simone/tesi_ws/install/turtlebot3_teleop/lib/python3.10/site-packages/turtlebot3_teleop-2.1.5-py3.10.egg-info' (and everything under it)
[5.415s] Copying ../../../build/turtlebot3_teleop/turtlebot3_teleop.egg-info to /home/simone/tesi_ws/install/turtlebot3_teleop/lib/python3.10/site-packages/turtlebot3_teleop-2.1.5-py3.10.egg-info
[5.420s] running install_scripts
[5.492s] Installing teleop_keyboard script to /home/simone/tesi_ws/install/turtlebot3_teleop/lib/turtlebot3_teleop
[5.496s] writing list of installed files to '/home/simone/tesi_ws/build/turtlebot3_teleop/install.log'
[5.962s] Invoked command in '/home/simone/tesi_ws/src/turtlebot3/turtlebot3_teleop' returned '0': PYTHONPATH=/home/simone/tesi_ws/build/turtlebot3_teleop/prefix_override:/home/simone/tesi_ws/install/turtlebot3_teleop/lib/python3.10/site-packages:${PYTHONPATH} /usr/bin/python3 setup.py egg_info --egg-base ../../../build/turtlebot3_teleop build --build-base /home/simone/tesi_ws/build/turtlebot3_teleop/build install --record /home/simone/tesi_ws/build/turtlebot3_teleop/install.log --single-version-externally-managed
