[1.060s] Invoking command in '/home/simone/tesi_ws/src/relocalization_pkg': PYTHONPATH=/home/simone/tesi_ws/build/relocalization_pkg/prefix_override:/home/simone/tesi_ws/install/relocalization_pkg/lib/python3.10/site-packages:${PYTHONPATH} /usr/bin/python3 setup.py egg_info --egg-base ../../build/relocalization_pkg build --build-base /home/simone/tesi_ws/build/relocalization_pkg/build install --record /home/simone/tesi_ws/build/relocalization_pkg/install.log --single-version-externally-managed
[1.386s] running egg_info
[1.387s] writing ../../build/relocalization_pkg/relocalization_pkg.egg-info/PKG-INFO
[1.388s] writing dependency_links to ../../build/relocalization_pkg/relocalization_pkg.egg-info/dependency_links.txt
[1.388s] writing entry points to ../../build/relocalization_pkg/relocalization_pkg.egg-info/entry_points.txt
[1.388s] writing requirements to ../../build/relocalization_pkg/relocalization_pkg.egg-info/requires.txt
[1.389s] writing top-level names to ../../build/relocalization_pkg/relocalization_pkg.egg-info/top_level.txt
[1.391s] reading manifest file '../../build/relocalization_pkg/relocalization_pkg.egg-info/SOURCES.txt'
[1.392s] writing manifest file '../../build/relocalization_pkg/relocalization_pkg.egg-info/SOURCES.txt'
[1.393s] running build
[1.393s] running build_py
[1.393s] running install
[1.394s] running install_lib
[1.395s] running install_data
[1.396s] copying launch/relocalization.launch.py -> /home/simone/tesi_ws/install/relocalization_pkg/share/relocalization_pkg/launch
[1.396s] creating /home/simone/tesi_ws/install/relocalization_pkg/share/relocalization_pkg/rviz
[1.397s] copying rviz/relocalization.rviz -> /home/simone/tesi_ws/install/relocalization_pkg/share/relocalization_pkg/rviz
[1.397s] creating /home/simone/tesi_ws/install/relocalization_pkg/share/relocalization_pkg/maps
[1.397s] copying maps/new_indoor_save.yaml -> /home/simone/tesi_ws/install/relocalization_pkg/share/relocalization_pkg/maps
[1.398s] copying maps/my_map_v2.yaml -> /home/simone/tesi_ws/install/relocalization_pkg/share/relocalization_pkg/maps
[1.398s] running install_egg_info
[1.400s] removing '/home/simone/tesi_ws/install/relocalization_pkg/lib/python3.10/site-packages/relocalization_pkg-0.0.0-py3.10.egg-info' (and everything under it)
[1.401s] Copying ../../build/relocalization_pkg/relocalization_pkg.egg-info to /home/simone/tesi_ws/install/relocalization_pkg/lib/python3.10/site-packages/relocalization_pkg-0.0.0-py3.10.egg-info
[1.402s] running install_scripts
[1.424s] writing list of installed files to '/home/simone/tesi_ws/build/relocalization_pkg/install.log'
[1.454s] Invoked command in '/home/simone/tesi_ws/src/relocalization_pkg' returned '0': PYTHONPATH=/home/simone/tesi_ws/build/relocalization_pkg/prefix_override:/home/simone/tesi_ws/install/relocalization_pkg/lib/python3.10/site-packages:${PYTHONPATH} /usr/bin/python3 setup.py egg_info --egg-base ../../build/relocalization_pkg build --build-base /home/simone/tesi_ws/build/relocalization_pkg/build install --record /home/simone/tesi_ws/build/relocalization_pkg/install.log --single-version-externally-managed
