[0.676s] Invoking command in '/home/simone/tesi_ws/build/turtlebot3_cartographer': CMAKE_PREFIX_PATH=${CMAKE_PREFIX_PATH}:/home/simone/tesi_ws/install/turtlebot3_teleop:/home/simone/tesi_ws/install/turtlebot3_example:/home/simone/tesi_ws/install/relocalization_pkg:/home/simone/tesi_ws/install/create_dataset:/opt/ros/humble /usr/bin/cmake /home/simone/tesi_ws/src/turtlebot3/turtlebot3_cartographer -DCMAKE_INSTALL_PREFIX=/home/simone/tesi_ws/install/turtlebot3_cartographer
[2.618s] -- Found ament_cmake: 1.3.6 (/opt/ros/humble/share/ament_cmake/cmake)
[2.618s] -- Override CMake install command with custom implementation using symlinks instead of copying resources
[2.618s] -- Configuring done
[2.619s] -- Generating done
[2.619s] -- Build files have been written to: /home/simone/tesi_ws/build/turtlebot3_cartographer
[2.638s] Invoked command in '/home/simone/tesi_ws/build/turtlebot3_cartographer' returned '0': CMAKE_PREFIX_PATH=${CMAKE_PREFIX_PATH}:/home/simone/tesi_ws/install/turtlebot3_teleop:/home/simone/tesi_ws/install/turtlebot3_example:/home/simone/tesi_ws/install/relocalization_pkg:/home/simone/tesi_ws/install/create_dataset:/opt/ros/humble /usr/bin/cmake /home/simone/tesi_ws/src/turtlebot3/turtlebot3_cartographer -DCMAKE_INSTALL_PREFIX=/home/simone/tesi_ws/install/turtlebot3_cartographer
[2.638s] Invoking command in '/home/simone/tesi_ws/build/turtlebot3_cartographer': CMAKE_PREFIX_PATH=${CMAKE_PREFIX_PATH}:/home/simone/tesi_ws/install/turtlebot3_teleop:/home/simone/tesi_ws/install/turtlebot3_example:/home/simone/tesi_ws/install/relocalization_pkg:/home/simone/tesi_ws/install/create_dataset:/opt/ros/humble /usr/bin/cmake --build /home/simone/tesi_ws/build/turtlebot3_cartographer -- -j12 -l12
[2.697s] Invoked command in '/home/simone/tesi_ws/build/turtlebot3_cartographer' returned '0': CMAKE_PREFIX_PATH=${CMAKE_PREFIX_PATH}:/home/simone/tesi_ws/install/turtlebot3_teleop:/home/simone/tesi_ws/install/turtlebot3_example:/home/simone/tesi_ws/install/relocalization_pkg:/home/simone/tesi_ws/install/create_dataset:/opt/ros/humble /usr/bin/cmake --build /home/simone/tesi_ws/build/turtlebot3_cartographer -- -j12 -l12
[2.763s] Invoking command in '/home/simone/tesi_ws/build/turtlebot3_cartographer': CMAKE_PREFIX_PATH=${CMAKE_PREFIX_PATH}:/home/simone/tesi_ws/install/turtlebot3_teleop:/home/simone/tesi_ws/install/turtlebot3_example:/home/simone/tesi_ws/install/relocalization_pkg:/home/simone/tesi_ws/install/create_dataset:/opt/ros/humble /usr/bin/cmake --install /home/simone/tesi_ws/build/turtlebot3_cartographer
[2.779s] -- Install configuration: ""
[2.779s] -- Execute custom install script
[2.779s] -- Up-to-date symlink: /home/simone/tesi_ws/install/turtlebot3_cartographer/share/turtlebot3_cartographer/config/turtlebot3_2d.lua
[2.779s] -- Up-to-date symlink: /home/simone/tesi_ws/install/turtlebot3_cartographer/share/turtlebot3_cartographer/launch/cartographer.launch.py
[2.779s] -- Up-to-date symlink: /home/simone/tesi_ws/install/turtlebot3_cartographer/share/turtlebot3_cartographer/rviz/cartographer.rviz
[2.779s] -- Up-to-date symlink: /home/simone/tesi_ws/install/turtlebot3_cartographer/share/ament_index/resource_index/package_run_dependencies/turtlebot3_cartographer
[2.779s] -- Up-to-date symlink: /home/simone/tesi_ws/install/turtlebot3_cartographer/share/ament_index/resource_index/parent_prefix_path/turtlebot3_cartographer
[2.780s] -- Up-to-date symlink: /home/simone/tesi_ws/install/turtlebot3_cartographer/share/turtlebot3_cartographer/environment/ament_prefix_path.sh
[2.780s] -- Up-to-date symlink: /home/simone/tesi_ws/install/turtlebot3_cartographer/share/turtlebot3_cartographer/environment/ament_prefix_path.dsv
[2.780s] -- Up-to-date symlink: /home/simone/tesi_ws/install/turtlebot3_cartographer/share/turtlebot3_cartographer/environment/path.sh
[2.780s] -- Up-to-date symlink: /home/simone/tesi_ws/install/turtlebot3_cartographer/share/turtlebot3_cartographer/environment/path.dsv
[2.780s] -- Up-to-date symlink: /home/simone/tesi_ws/install/turtlebot3_cartographer/share/turtlebot3_cartographer/local_setup.bash
[2.780s] -- Up-to-date symlink: /home/simone/tesi_ws/install/turtlebot3_cartographer/share/turtlebot3_cartographer/local_setup.sh
[2.781s] -- Up-to-date symlink: /home/simone/tesi_ws/install/turtlebot3_cartographer/share/turtlebot3_cartographer/local_setup.zsh
[2.781s] -- Up-to-date symlink: /home/simone/tesi_ws/install/turtlebot3_cartographer/share/turtlebot3_cartographer/local_setup.dsv
[2.782s] -- Symlinking: /home/simone/tesi_ws/install/turtlebot3_cartographer/share/turtlebot3_cartographer/package.dsv
[2.818s] -- Up-to-date symlink: /home/simone/tesi_ws/install/turtlebot3_cartographer/share/ament_index/resource_index/packages/turtlebot3_cartographer
[2.819s] -- Up-to-date symlink: /home/simone/tesi_ws/install/turtlebot3_cartographer/share/turtlebot3_cartographer/cmake/turtlebot3_cartographerConfig.cmake
[2.819s] -- Up-to-date symlink: /home/simone/tesi_ws/install/turtlebot3_cartographer/share/turtlebot3_cartographer/cmake/turtlebot3_cartographerConfig-version.cmake
[2.823s] -- Up-to-date symlink: /home/simone/tesi_ws/install/turtlebot3_cartographer/share/turtlebot3_cartographer/package.xml
[2.935s] Invoked command in '/home/simone/tesi_ws/build/turtlebot3_cartographer' returned '0': CMAKE_PREFIX_PATH=${CMAKE_PREFIX_PATH}:/home/simone/tesi_ws/install/turtlebot3_teleop:/home/simone/tesi_ws/install/turtlebot3_example:/home/simone/tesi_ws/install/relocalization_pkg:/home/simone/tesi_ws/install/create_dataset:/opt/ros/humble /usr/bin/cmake --install /home/simone/tesi_ws/build/turtlebot3_cartographer
