[2.333s] Invoking command in '/home/simone/tesi_ws/src/turtlebot3/turtlebot3_teleop': PYTHONPATH=/home/simone/tesi_ws/build/turtlebot3_teleop/prefix_override:/home/simone/tesi_ws/install/turtlebot3_teleop/lib/python3.10/site-packages:${PYTHONPATH} /usr/bin/python3 setup.py egg_info --egg-base ../../../build/turtlebot3_teleop build --build-base /home/simone/tesi_ws/build/turtlebot3_teleop/build install --record /home/simone/tesi_ws/build/turtlebot3_teleop/install.log --single-version-externally-managed
[2.648s] running egg_info
[2.649s] writing ../../../build/turtlebot3_teleop/turtlebot3_teleop.egg-info/PKG-INFO
[2.649s] writing dependency_links to ../../../build/turtlebot3_teleop/turtlebot3_teleop.egg-info/dependency_links.txt
[2.650s] writing entry points to ../../../build/turtlebot3_teleop/turtlebot3_teleop.egg-info/entry_points.txt
[2.650s] writing requirements to ../../../build/turtlebot3_teleop/turtlebot3_teleop.egg-info/requires.txt
[2.650s] writing top-level names to ../../../build/turtlebot3_teleop/turtlebot3_teleop.egg-info/top_level.txt
[2.655s] reading manifest file '../../../build/turtlebot3_teleop/turtlebot3_teleop.egg-info/SOURCES.txt'
[2.658s] writing manifest file '../../../build/turtlebot3_teleop/turtlebot3_teleop.egg-info/SOURCES.txt'
[2.658s] running build
[2.659s] running build_py
[2.660s] running install
[2.660s] running install_lib
[2.662s] running install_data
[2.664s] running install_egg_info
[2.667s] removing '/home/simone/tesi_ws/install/turtlebot3_teleop/lib/python3.10/site-packages/turtlebot3_teleop-2.1.5-py3.10.egg-info' (and everything under it)
[2.668s] Copying ../../../build/turtlebot3_teleop/turtlebot3_teleop.egg-info to /home/simone/tesi_ws/install/turtlebot3_teleop/lib/python3.10/site-packages/turtlebot3_teleop-2.1.5-py3.10.egg-info
[2.670s] running install_scripts
[2.699s] Installing teleop_keyboard script to /home/simone/tesi_ws/install/turtlebot3_teleop/lib/turtlebot3_teleop
[2.700s] writing list of installed files to '/home/simone/tesi_ws/build/turtlebot3_teleop/install.log'
[3.135s] Invoked command in '/home/simone/tesi_ws/src/turtlebot3/turtlebot3_teleop' returned '0': PYTHONPATH=/home/simone/tesi_ws/build/turtlebot3_teleop/prefix_override:/home/simone/tesi_ws/install/turtlebot3_teleop/lib/python3.10/site-packages:${PYTHONPATH} /usr/bin/python3 setup.py egg_info --egg-base ../../../build/turtlebot3_teleop build --build-base /home/simone/tesi_ws/build/turtlebot3_teleop/build install --record /home/simone/tesi_ws/build/turtlebot3_teleop/install.log --single-version-externally-managed
