[0.937s] Invoking command in '/home/simone/tesi_ws/build/turtlebot3_cartographer': CMAKE_PREFIX_PATH=${CMAKE_PREFIX_PATH}:/home/simone/tesi_ws/install/turtlebot3_teleop:/home/simone/tesi_ws/install/turtlebot3_example:/home/simone/tesi_ws/install/relocalization_pkg:/home/simone/tesi_ws/install/create_dataset:/opt/ros/humble /usr/bin/cmake --build /home/simone/tesi_ws/build/turtlebot3_cartographer -- -j12 -l12
[3.173s] Invoked command in '/home/simone/tesi_ws/build/turtlebot3_cartographer' returned '0': CMAKE_PREFIX_PATH=${CMAKE_PREFIX_PATH}:/home/simone/tesi_ws/install/turtlebot3_teleop:/home/simone/tesi_ws/install/turtlebot3_example:/home/simone/tesi_ws/install/relocalization_pkg:/home/simone/tesi_ws/install/create_dataset:/opt/ros/humble /usr/bin/cmake --build /home/simone/tesi_ws/build/turtlebot3_cartographer -- -j12 -l12
[3.299s] Invoking command in '/home/simone/tesi_ws/build/turtlebot3_cartographer': CMAKE_PREFIX_PATH=${CMAKE_PREFIX_PATH}:/home/simone/tesi_ws/install/turtlebot3_teleop:/home/simone/tesi_ws/install/turtlebot3_example:/home/simone/tesi_ws/install/relocalization_pkg:/home/simone/tesi_ws/install/create_dataset:/opt/ros/humble /usr/bin/cmake --install /home/simone/tesi_ws/build/turtlebot3_cartographer
[3.349s] -- Install configuration: ""
[3.349s] -- Up-to-date: /home/simone/tesi_ws/install/turtlebot3_cartographer/share/turtlebot3_cartographer/config
[3.349s] -- Up-to-date: /home/simone/tesi_ws/install/turtlebot3_cartographer/share/turtlebot3_cartographer/config/turtlebot3_2d.lua
[3.349s] -- Up-to-date: /home/simone/tesi_ws/install/turtlebot3_cartographer/share/turtlebot3_cartographer/launch
[3.349s] -- Up-to-date: /home/simone/tesi_ws/install/turtlebot3_cartographer/share/turtlebot3_cartographer/launch/cartographer.launch.py
[3.349s] -- Up-to-date: /home/simone/tesi_ws/install/turtlebot3_cartographer/share/turtlebot3_cartographer/rviz
[3.349s] -- Up-to-date: /home/simone/tesi_ws/install/turtlebot3_cartographer/share/turtlebot3_cartographer/rviz/cartographer.rviz
[3.350s] -- Up-to-date: /home/simone/tesi_ws/install/turtlebot3_cartographer/share/ament_index/resource_index/package_run_dependencies/turtlebot3_cartographer
[3.350s] -- Up-to-date: /home/simone/tesi_ws/install/turtlebot3_cartographer/share/ament_index/resource_index/parent_prefix_path/turtlebot3_cartographer
[3.350s] -- Up-to-date: /home/simone/tesi_ws/install/turtlebot3_cartographer/share/turtlebot3_cartographer/environment/ament_prefix_path.sh
[3.350s] -- Up-to-date: /home/simone/tesi_ws/install/turtlebot3_cartographer/share/turtlebot3_cartographer/environment/ament_prefix_path.dsv
[3.350s] -- Up-to-date: /home/simone/tesi_ws/install/turtlebot3_cartographer/share/turtlebot3_cartographer/environment/path.sh
[3.350s] -- Up-to-date: /home/simone/tesi_ws/install/turtlebot3_cartographer/share/turtlebot3_cartographer/environment/path.dsv
[3.350s] -- Up-to-date: /home/simone/tesi_ws/install/turtlebot3_cartographer/share/turtlebot3_cartographer/local_setup.bash
[3.350s] -- Up-to-date: /home/simone/tesi_ws/install/turtlebot3_cartographer/share/turtlebot3_cartographer/local_setup.sh
[3.351s] -- Up-to-date: /home/simone/tesi_ws/install/turtlebot3_cartographer/share/turtlebot3_cartographer/local_setup.zsh
[3.351s] -- Up-to-date: /home/simone/tesi_ws/install/turtlebot3_cartographer/share/turtlebot3_cartographer/local_setup.dsv
[3.351s] -- Installing: /home/simone/tesi_ws/install/turtlebot3_cartographer/share/turtlebot3_cartographer/package.dsv
[3.351s] -- Up-to-date: /home/simone/tesi_ws/install/turtlebot3_cartographer/share/ament_index/resource_index/packages/turtlebot3_cartographer
[3.351s] -- Up-to-date: /home/simone/tesi_ws/install/turtlebot3_cartographer/share/turtlebot3_cartographer/cmake/turtlebot3_cartographerConfig.cmake
[3.351s] -- Up-to-date: /home/simone/tesi_ws/install/turtlebot3_cartographer/share/turtlebot3_cartographer/cmake/turtlebot3_cartographerConfig-version.cmake
[3.351s] -- Up-to-date: /home/simone/tesi_ws/install/turtlebot3_cartographer/share/turtlebot3_cartographer/package.xml
[3.536s] Invoked command in '/home/simone/tesi_ws/build/turtlebot3_cartographer' returned '0': CMAKE_PREFIX_PATH=${CMAKE_PREFIX_PATH}:/home/simone/tesi_ws/install/turtlebot3_teleop:/home/simone/tesi_ws/install/turtlebot3_example:/home/simone/tesi_ws/install/relocalization_pkg:/home/simone/tesi_ws/install/create_dataset:/opt/ros/humble /usr/bin/cmake --install /home/simone/tesi_ws/build/turtlebot3_cartographer
