[1.365s] Invoking command in '/home/simone/tesi_ws/src/turtlebot3/turtlebot3_example': CMAKE_PREFIX_PATH=/home/simone/tesi_ws/install/turtlebot3_msgs:/home/simone/tesi_ws/install/turtlebot3:/home/simone/tesi_ws/install/turtlebot3_simulations:/home/simone/tesi_ws/install/turtlebot3_navigation2:/home/simone/tesi_ws/install/turtlebot3_fake_node:/home/simone/tesi_ws/install/turtlebot3_hardware:/home/simone/tesi_ws/install/turtlebot3_gazebo:/home/simone/tesi_ws/install/turtlebot3_bringup:/home/simone/tesi_ws/install/turtlebot3_description:/home/simone/tesi_ws/install/turtlebot3_cartographer:/home/simone/tesi_ws/install/dynamixel_sdk_examples:/home/simone/tesi_ws/install/dynamixel_sdk_custom_interfaces:/home/simone/tesi_ws/install/dynamixel_sdk LD_LIBRARY_PATH=/home/simone/tesi_ws/install/turtlebot3_msgs/lib:/home/simone/tesi_ws/install/turtlebot3_hardware/lib:/home/simone/tesi_ws/install/dynamixel_sdk_custom_interfaces/lib:/home/simone/tesi_ws/install/dynamixel_sdk/lib:/opt/ros/humble/opt/rviz_ogre_vendor/lib:/opt/ros/humble/lib/x86_64-linux-gnu:/opt/ros/humble/lib:/usr/lib/x86_64-linux-gnu/gazebo-11/plugins PYTHONPATH=/home/simone/tesi_ws/build/turtlebot3_example/prefix_override:/home/simone/tesi_ws/install/turtlebot3_example/lib/python3.10/site-packages:${PYTHONPATH} /usr/bin/python3 setup.py egg_info --egg-base ../../../build/turtlebot3_example build --build-base /home/simone/tesi_ws/build/turtlebot3_example/build install --record /home/simone/tesi_ws/build/turtlebot3_example/install.log --single-version-externally-managed
[1.650s] running egg_info
[1.650s] writing ../../../build/turtlebot3_example/turtlebot3_example.egg-info/PKG-INFO
[1.650s] writing dependency_links to ../../../build/turtlebot3_example/turtlebot3_example.egg-info/dependency_links.txt
[1.651s] writing entry points to ../../../build/turtlebot3_example/turtlebot3_example.egg-info/entry_points.txt
[1.651s] writing requirements to ../../../build/turtlebot3_example/turtlebot3_example.egg-info/requires.txt
[1.651s] writing top-level names to ../../../build/turtlebot3_example/turtlebot3_example.egg-info/top_level.txt
[1.653s] reading manifest file '../../../build/turtlebot3_example/turtlebot3_example.egg-info/SOURCES.txt'
[1.654s] writing manifest file '../../../build/turtlebot3_example/turtlebot3_example.egg-info/SOURCES.txt'
[1.655s] running build
[1.655s] running build_py
[1.655s] running install
[1.655s] running install_lib
[1.656s] running install_data
[1.657s] running install_egg_info
[1.658s] removing '/home/simone/tesi_ws/install/turtlebot3_example/lib/python3.10/site-packages/turtlebot3_example-2.1.5-py3.10.egg-info' (and everything under it)
[1.658s] Copying ../../../build/turtlebot3_example/turtlebot3_example.egg-info to /home/simone/tesi_ws/install/turtlebot3_example/lib/python3.10/site-packages/turtlebot3_example-2.1.5-py3.10.egg-info
[1.659s] running install_scripts
[1.677s] Installing turtlebot3_interactive_marker script to /home/simone/tesi_ws/install/turtlebot3_example/lib/turtlebot3_example
[1.678s] Installing turtlebot3_obstacle_detection script to /home/simone/tesi_ws/install/turtlebot3_example/lib/turtlebot3_example
[1.678s] Installing turtlebot3_patrol_client script to /home/simone/tesi_ws/install/turtlebot3_example/lib/turtlebot3_example
[1.678s] Installing turtlebot3_patrol_server script to /home/simone/tesi_ws/install/turtlebot3_example/lib/turtlebot3_example
[1.679s] Installing turtlebot3_position_control_pointop_key script to /home/simone/tesi_ws/install/turtlebot3_example/lib/turtlebot3_example
[1.679s] writing list of installed files to '/home/simone/tesi_ws/build/turtlebot3_example/install.log'
[1.738s] Invoked command in '/home/simone/tesi_ws/src/turtlebot3/turtlebot3_example' returned '0': CMAKE_PREFIX_PATH=/home/simone/tesi_ws/install/turtlebot3_msgs:/home/simone/tesi_ws/install/turtlebot3:/home/simone/tesi_ws/install/turtlebot3_simulations:/home/simone/tesi_ws/install/turtlebot3_navigation2:/home/simone/tesi_ws/install/turtlebot3_fake_node:/home/simone/tesi_ws/install/turtlebot3_hardware:/home/simone/tesi_ws/install/turtlebot3_gazebo:/home/simone/tesi_ws/install/turtlebot3_bringup:/home/simone/tesi_ws/install/turtlebot3_description:/home/simone/tesi_ws/install/turtlebot3_cartographer:/home/simone/tesi_ws/install/dynamixel_sdk_examples:/home/simone/tesi_ws/install/dynamixel_sdk_custom_interfaces:/home/simone/tesi_ws/install/dynamixel_sdk LD_LIBRARY_PATH=/home/simone/tesi_ws/install/turtlebot3_msgs/lib:/home/simone/tesi_ws/install/turtlebot3_hardware/lib:/home/simone/tesi_ws/install/dynamixel_sdk_custom_interfaces/lib:/home/simone/tesi_ws/install/dynamixel_sdk/lib:/opt/ros/humble/opt/rviz_ogre_vendor/lib:/opt/ros/humble/lib/x86_64-linux-gnu:/opt/ros/humble/lib:/usr/lib/x86_64-linux-gnu/gazebo-11/plugins PYTHONPATH=/home/simone/tesi_ws/build/turtlebot3_example/prefix_override:/home/simone/tesi_ws/install/turtlebot3_example/lib/python3.10/site-packages:${PYTHONPATH} /usr/bin/python3 setup.py egg_info --egg-base ../../../build/turtlebot3_example build --build-base /home/simone/tesi_ws/build/turtlebot3_example/build install --record /home/simone/tesi_ws/build/turtlebot3_example/install.log --single-version-externally-managed
