/home/simone/tesi_ws/install/relocalization_pkg/lib/python3.10/site-packages/relocalization_pkg/pose_estimation_node.py
/home/simone/tesi_ws/install/relocalization_pkg/lib/python3.10/site-packages/relocalization_pkg/show_poses_node.py
/home/simone/tesi_ws/install/relocalization_pkg/lib/python3.10/site-packages/relocalization_pkg/acquire_query_node.py
/home/simone/tesi_ws/install/relocalization_pkg/lib/python3.10/site-packages/relocalization_pkg/reloc_eval_node.py
/home/simone/tesi_ws/install/relocalization_pkg/lib/python3.10/site-packages/relocalization_pkg/__init__.py
/home/simone/tesi_ws/install/relocalization_pkg/lib/python3.10/site-packages/relocalization_pkg/converge_to_pose_node.py
/home/simone/tesi_ws/install/relocalization_pkg/lib/python3.10/site-packages/relocalization_pkg/__pycache__/pose_estimation_node.cpython-310.pyc
/home/simone/tesi_ws/install/relocalization_pkg/lib/python3.10/site-packages/relocalization_pkg/__pycache__/show_poses_node.cpython-310.pyc
/home/simone/tesi_ws/install/relocalization_pkg/lib/python3.10/site-packages/relocalization_pkg/__pycache__/acquire_query_node.cpython-310.pyc
/home/simone/tesi_ws/install/relocalization_pkg/lib/python3.10/site-packages/relocalization_pkg/__pycache__/reloc_eval_node.cpython-310.pyc
/home/simone/tesi_ws/install/relocalization_pkg/lib/python3.10/site-packages/relocalization_pkg/__pycache__/__init__.cpython-310.pyc
/home/simone/tesi_ws/install/relocalization_pkg/lib/python3.10/site-packages/relocalization_pkg/__pycache__/converge_to_pose_node.cpython-310.pyc
/home/simone/tesi_ws/install/relocalization_pkg/share/ament_index/resource_index/packages/relocalization_pkg
/home/simone/tesi_ws/install/relocalization_pkg/share/relocalization_pkg/package.xml
/home/simone/tesi_ws/install/relocalization_pkg/share/relocalization_pkg/launch/relocalization.launch.py
/home/simone/tesi_ws/install/relocalization_pkg/share/relocalization_pkg/params/nav2_params.yaml
/home/simone/tesi_ws/install/relocalization_pkg/share/relocalization_pkg/rviz/relocalization.rviz
/home/simone/tesi_ws/install/relocalization_pkg/share/relocalization_pkg/maps/new_indoor_save.yaml
/home/simone/tesi_ws/install/relocalization_pkg/share/relocalization_pkg/maps/my_map_v2.yaml
/home/simone/tesi_ws/install/relocalization_pkg/share/relocalization_pkg/maps/my_map_v2.pgm
/home/simone/tesi_ws/install/relocalization_pkg/share/relocalization_pkg/maps/new_indoor_save.pgm
/home/simone/tesi_ws/install/relocalization_pkg/share/relocalization_pkg/reloc_test
/home/simone/tesi_ws/install/relocalization_pkg/share/relocalization_pkg/config/ekf_odometry.yaml
/home/simone/tesi_ws/install/relocalization_pkg/lib/python3.10/site-packages/relocalization_pkg-0.0.0-py3.10.egg-info/top_level.txt
/home/simone/tesi_ws/install/relocalization_pkg/lib/python3.10/site-packages/relocalization_pkg-0.0.0-py3.10.egg-info/PKG-INFO
/home/simone/tesi_ws/install/relocalization_pkg/lib/python3.10/site-packages/relocalization_pkg-0.0.0-py3.10.egg-info/zip-safe
/home/simone/tesi_ws/install/relocalization_pkg/lib/python3.10/site-packages/relocalization_pkg-0.0.0-py3.10.egg-info/requires.txt
/home/simone/tesi_ws/install/relocalization_pkg/lib/python3.10/site-packages/relocalization_pkg-0.0.0-py3.10.egg-info/SOURCES.txt
/home/simone/tesi_ws/install/relocalization_pkg/lib/python3.10/site-packages/relocalization_pkg-0.0.0-py3.10.egg-info/entry_points.txt
/home/simone/tesi_ws/install/relocalization_pkg/lib/python3.10/site-packages/relocalization_pkg-0.0.0-py3.10.egg-info/dependency_links.txt
/home/simone/tesi_ws/install/relocalization_pkg/lib/relocalization_pkg/acquire_query_node
/home/simone/tesi_ws/install/relocalization_pkg/lib/relocalization_pkg/converge_to_pose_node
/home/simone/tesi_ws/install/relocalization_pkg/lib/relocalization_pkg/pose_estimation_node
/home/simone/tesi_ws/install/relocalization_pkg/lib/relocalization_pkg/reloc_eval_node
/home/simone/tesi_ws/install/relocalization_pkg/lib/relocalization_pkg/show_poses_node
