[0.647s] Invoking command in '/home/simone/tesi_ws/build/dynamixel_sdk': CMAKE_PREFIX_PATH=${CMAKE_PREFIX_PATH}:/home/simone/tesi_ws/install/turtlebot3_teleop:/home/simone/tesi_ws/install/turtlebot3_example:/home/simone/tesi_ws/install/relocalization_pkg:/home/simone/tesi_ws/install/create_dataset:/opt/ros/humble /usr/bin/cmake --build /home/simone/tesi_ws/build/dynamixel_sdk -- -j12 -l12
[1.981s] -- Found ament_cmake: 1.3.6 (/opt/ros/humble/share/ament_cmake/cmake)
[1.982s] -- Override CMake install command with custom implementation using symlinks instead of copying resources
[1.982s] -- Configuring done
[1.982s] -- Generating done
[1.983s] -- Build files have been written to: /home/simone/tesi_ws/build/dynamixel_sdk
[1.983s] [35m[1mConsolidate compiler generated dependencies of target dynamixel_sdk[0m
[1.983s] [100%] Built target dynamixel_sdk
[2.005s] Invoked command in '/home/simone/tesi_ws/build/dynamixel_sdk' returned '0': CMAKE_PREFIX_PATH=${CMAKE_PREFIX_PATH}:/home/simone/tesi_ws/install/turtlebot3_teleop:/home/simone/tesi_ws/install/turtlebot3_example:/home/simone/tesi_ws/install/relocalization_pkg:/home/simone/tesi_ws/install/create_dataset:/opt/ros/humble /usr/bin/cmake --build /home/simone/tesi_ws/build/dynamixel_sdk -- -j12 -l12
[2.046s] Invoking command in '/home/simone/tesi_ws/build/dynamixel_sdk': CMAKE_PREFIX_PATH=${CMAKE_PREFIX_PATH}:/home/simone/tesi_ws/install/turtlebot3_teleop:/home/simone/tesi_ws/install/turtlebot3_example:/home/simone/tesi_ws/install/relocalization_pkg:/home/simone/tesi_ws/install/create_dataset:/opt/ros/humble /usr/bin/cmake --install /home/simone/tesi_ws/build/dynamixel_sdk
[2.058s] -- Install configuration: ""
[2.059s] -- Execute custom install script
[2.059s] -- Up-to-date symlink: /home/simone/tesi_ws/install/dynamixel_sdk/include//dynamixel_sdk/dynamixel_sdk.h
[2.059s] -- Up-to-date symlink: /home/simone/tesi_ws/install/dynamixel_sdk/include//dynamixel_sdk/group_bulk_read.h
[2.059s] -- Up-to-date symlink: /home/simone/tesi_ws/install/dynamixel_sdk/include//dynamixel_sdk/group_bulk_write.h
[2.059s] -- Up-to-date symlink: /home/simone/tesi_ws/install/dynamixel_sdk/include//dynamixel_sdk/group_sync_read.h
[2.060s] -- Up-to-date symlink: /home/simone/tesi_ws/install/dynamixel_sdk/include//dynamixel_sdk/group_sync_write.h
[2.060s] -- Up-to-date symlink: /home/simone/tesi_ws/install/dynamixel_sdk/include//dynamixel_sdk/packet_handler.h
[2.061s] -- Up-to-date symlink: /home/simone/tesi_ws/install/dynamixel_sdk/include//dynamixel_sdk/port_handler.h
[2.062s] -- Up-to-date symlink: /home/simone/tesi_ws/install/dynamixel_sdk/include//dynamixel_sdk/port_handler_arduino.h
[2.063s] -- Up-to-date symlink: /home/simone/tesi_ws/install/dynamixel_sdk/include//dynamixel_sdk/port_handler_linux.h
[2.063s] -- Up-to-date symlink: /home/simone/tesi_ws/install/dynamixel_sdk/include//dynamixel_sdk/port_handler_mac.h
[2.063s] -- Up-to-date symlink: /home/simone/tesi_ws/install/dynamixel_sdk/include//dynamixel_sdk/port_handler_windows.h
[2.064s] -- Up-to-date symlink: /home/simone/tesi_ws/install/dynamixel_sdk/include//dynamixel_sdk/protocol1_packet_handler.h
[2.064s] -- Up-to-date symlink: /home/simone/tesi_ws/install/dynamixel_sdk/include//dynamixel_sdk/protocol2_packet_handler.h
[2.065s] -- Up-to-date symlink: /home/simone/tesi_ws/install/dynamixel_sdk/lib/libdynamixel_sdk.so
[2.066s] -- Up-to-date symlink: /home/simone/tesi_ws/install/dynamixel_sdk/share/dynamixel_sdk/environment/library_path.sh
[2.067s] -- Up-to-date symlink: /home/simone/tesi_ws/install/dynamixel_sdk/share/dynamixel_sdk/environment/library_path.dsv
[2.068s] -- Up-to-date symlink: /home/simone/tesi_ws/install/dynamixel_sdk/share/ament_index/resource_index/package_run_dependencies/dynamixel_sdk
[2.068s] -- Up-to-date symlink: /home/simone/tesi_ws/install/dynamixel_sdk/share/ament_index/resource_index/parent_prefix_path/dynamixel_sdk
[2.068s] -- Up-to-date symlink: /home/simone/tesi_ws/install/dynamixel_sdk/share/dynamixel_sdk/environment/ament_prefix_path.sh
[2.069s] -- Up-to-date symlink: /home/simone/tesi_ws/install/dynamixel_sdk/share/dynamixel_sdk/environment/ament_prefix_path.dsv
[2.069s] -- Up-to-date symlink: /home/simone/tesi_ws/install/dynamixel_sdk/share/dynamixel_sdk/environment/path.sh
[2.070s] -- Up-to-date symlink: /home/simone/tesi_ws/install/dynamixel_sdk/share/dynamixel_sdk/environment/path.dsv
[2.070s] -- Up-to-date symlink: /home/simone/tesi_ws/install/dynamixel_sdk/share/dynamixel_sdk/local_setup.bash
[2.071s] -- Up-to-date symlink: /home/simone/tesi_ws/install/dynamixel_sdk/share/dynamixel_sdk/local_setup.sh
[2.071s] -- Up-to-date symlink: /home/simone/tesi_ws/install/dynamixel_sdk/share/dynamixel_sdk/local_setup.zsh
[2.071s] -- Up-to-date symlink: /home/simone/tesi_ws/install/dynamixel_sdk/share/dynamixel_sdk/local_setup.dsv
[2.072s] -- Symlinking: /home/simone/tesi_ws/install/dynamixel_sdk/share/dynamixel_sdk/package.dsv
[2.072s] -- Up-to-date symlink: /home/simone/tesi_ws/install/dynamixel_sdk/share/ament_index/resource_index/packages/dynamixel_sdk
[2.072s] -- Up-to-date symlink: /home/simone/tesi_ws/install/dynamixel_sdk/share/dynamixel_sdk/cmake/ament_cmake_export_include_directories-extras.cmake
[2.073s] -- Up-to-date symlink: /home/simone/tesi_ws/install/dynamixel_sdk/share/dynamixel_sdk/cmake/ament_cmake_export_libraries-extras.cmake
[2.074s] -- Up-to-date symlink: /home/simone/tesi_ws/install/dynamixel_sdk/share/dynamixel_sdk/cmake/dynamixel_sdkConfig.cmake
[2.074s] -- Up-to-date symlink: /home/simone/tesi_ws/install/dynamixel_sdk/share/dynamixel_sdk/cmake/dynamixel_sdkConfig-version.cmake
[2.074s] -- Up-to-date symlink: /home/simone/tesi_ws/install/dynamixel_sdk/share/dynamixel_sdk/package.xml
[2.421s] Invoked command in '/home/simone/tesi_ws/build/dynamixel_sdk' returned '0': CMAKE_PREFIX_PATH=${CMAKE_PREFIX_PATH}:/home/simone/tesi_ws/install/turtlebot3_teleop:/home/simone/tesi_ws/install/turtlebot3_example:/home/simone/tesi_ws/install/relocalization_pkg:/home/simone/tesi_ws/install/create_dataset:/opt/ros/humble /usr/bin/cmake --install /home/simone/tesi_ws/build/dynamixel_sdk
