[1.770s] Invoking command in '/home/simone/tesi_ws/src/relocalization_pkg': PYTHONPATH=/home/simone/tesi_ws/build/relocalization_pkg/prefix_override:/home/simone/tesi_ws/install/relocalization_pkg/lib/python3.10/site-packages:${PYTHONPATH} /usr/bin/python3 setup.py egg_info --egg-base ../../build/relocalization_pkg build --build-base /home/simone/tesi_ws/build/relocalization_pkg/build install --record /home/simone/tesi_ws/build/relocalization_pkg/install.log --single-version-externally-managed
[2.168s] running egg_info
[2.169s] writing ../../build/relocalization_pkg/relocalization_pkg.egg-info/PKG-INFO
[2.170s] writing dependency_links to ../../build/relocalization_pkg/relocalization_pkg.egg-info/dependency_links.txt
[2.170s] writing entry points to ../../build/relocalization_pkg/relocalization_pkg.egg-info/entry_points.txt
[2.171s] writing requirements to ../../build/relocalization_pkg/relocalization_pkg.egg-info/requires.txt
[2.171s] writing top-level names to ../../build/relocalization_pkg/relocalization_pkg.egg-info/top_level.txt
[2.176s] reading manifest file '../../build/relocalization_pkg/relocalization_pkg.egg-info/SOURCES.txt'
[2.177s] writing manifest file '../../build/relocalization_pkg/relocalization_pkg.egg-info/SOURCES.txt'
[2.178s] running build
[2.178s] running build_py
[2.179s] copying relocalization_pkg/acquire_query_node.py -> /home/simone/tesi_ws/build/relocalization_pkg/build/lib/relocalization_pkg
[2.179s] running install
[2.179s] running install_lib
[2.181s] copying /home/simone/tesi_ws/build/relocalization_pkg/build/lib/relocalization_pkg/acquire_query_node.py -> /home/simone/tesi_ws/install/relocalization_pkg/lib/python3.10/site-packages/relocalization_pkg
[2.183s] byte-compiling /home/simone/tesi_ws/install/relocalization_pkg/lib/python3.10/site-packages/relocalization_pkg/acquire_query_node.py to acquire_query_node.cpython-310.pyc
[2.187s] running install_data
[2.188s] running install_egg_info
[2.192s] removing '/home/simone/tesi_ws/install/relocalization_pkg/lib/python3.10/site-packages/relocalization_pkg-0.0.0-py3.10.egg-info' (and everything under it)
[2.192s] Copying ../../build/relocalization_pkg/relocalization_pkg.egg-info to /home/simone/tesi_ws/install/relocalization_pkg/lib/python3.10/site-packages/relocalization_pkg-0.0.0-py3.10.egg-info
[2.194s] running install_scripts
[2.232s] Installing acquire_query_node script to /home/simone/tesi_ws/install/relocalization_pkg/lib/relocalization_pkg
[2.233s] Installing reloc_eval_node script to /home/simone/tesi_ws/install/relocalization_pkg/lib/relocalization_pkg
[2.233s] Installing show_poses_node script to /home/simone/tesi_ws/install/relocalization_pkg/lib/relocalization_pkg
[2.233s] writing list of installed files to '/home/simone/tesi_ws/build/relocalization_pkg/install.log'
[2.353s] Invoked command in '/home/simone/tesi_ws/src/relocalization_pkg' returned '0': PYTHONPATH=/home/simone/tesi_ws/build/relocalization_pkg/prefix_override:/home/simone/tesi_ws/install/relocalization_pkg/lib/python3.10/site-packages:${PYTHONPATH} /usr/bin/python3 setup.py egg_info --egg-base ../../build/relocalization_pkg build --build-base /home/simone/tesi_ws/build/relocalization_pkg/build install --record /home/simone/tesi_ws/build/relocalization_pkg/install.log --single-version-externally-managed
