[0.942s] Invoking command in '/home/simone/tesi_ws/build/dynamixel_sdk': CMAKE_PREFIX_PATH=${CMAKE_PREFIX_PATH}:/home/simone/tesi_ws/install/turtlebot3_teleop:/home/simone/tesi_ws/install/turtlebot3_example:/home/simone/tesi_ws/install/relocalization_pkg:/home/simone/tesi_ws/install/create_dataset:/opt/ros/humble /usr/bin/cmake /home/simone/tesi_ws/src/turtlebot3/utils/DynamixelSDK/dynamixel_sdk -DCMAKE_INSTALL_PREFIX=/home/simone/tesi_ws/install/dynamixel_sdk
[2.886s] -- Found ament_cmake: 1.3.6 (/opt/ros/humble/share/ament_cmake/cmake)
[2.886s] -- Override CMake install command with custom implementation using symlinks instead of copying resources
[2.887s] -- Configuring done
[2.887s] -- Generating done
[2.887s] -- Build files have been written to: /home/simone/tesi_ws/build/dynamixel_sdk
[2.922s] Invoked command in '/home/simone/tesi_ws/build/dynamixel_sdk' returned '0': CMAKE_PREFIX_PATH=${CMAKE_PREFIX_PATH}:/home/simone/tesi_ws/install/turtlebot3_teleop:/home/simone/tesi_ws/install/turtlebot3_example:/home/simone/tesi_ws/install/relocalization_pkg:/home/simone/tesi_ws/install/create_dataset:/opt/ros/humble /usr/bin/cmake /home/simone/tesi_ws/src/turtlebot3/utils/DynamixelSDK/dynamixel_sdk -DCMAKE_INSTALL_PREFIX=/home/simone/tesi_ws/install/dynamixel_sdk
[2.925s] Invoking command in '/home/simone/tesi_ws/build/dynamixel_sdk': CMAKE_PREFIX_PATH=${CMAKE_PREFIX_PATH}:/home/simone/tesi_ws/install/turtlebot3_teleop:/home/simone/tesi_ws/install/turtlebot3_example:/home/simone/tesi_ws/install/relocalization_pkg:/home/simone/tesi_ws/install/create_dataset:/opt/ros/humble /usr/bin/cmake --build /home/simone/tesi_ws/build/dynamixel_sdk -- -j12 -l12
[3.002s] [35m[1mConsolidate compiler generated dependencies of target dynamixel_sdk[0m
[3.050s] [100%] Built target dynamixel_sdk
[3.064s] Invoked command in '/home/simone/tesi_ws/build/dynamixel_sdk' returned '0': CMAKE_PREFIX_PATH=${CMAKE_PREFIX_PATH}:/home/simone/tesi_ws/install/turtlebot3_teleop:/home/simone/tesi_ws/install/turtlebot3_example:/home/simone/tesi_ws/install/relocalization_pkg:/home/simone/tesi_ws/install/create_dataset:/opt/ros/humble /usr/bin/cmake --build /home/simone/tesi_ws/build/dynamixel_sdk -- -j12 -l12
[3.217s] Invoking command in '/home/simone/tesi_ws/build/dynamixel_sdk': CMAKE_PREFIX_PATH=${CMAKE_PREFIX_PATH}:/home/simone/tesi_ws/install/turtlebot3_teleop:/home/simone/tesi_ws/install/turtlebot3_example:/home/simone/tesi_ws/install/relocalization_pkg:/home/simone/tesi_ws/install/create_dataset:/opt/ros/humble /usr/bin/cmake --install /home/simone/tesi_ws/build/dynamixel_sdk
[3.342s] -- Install configuration: ""
[3.344s] -- Execute custom install script
[3.344s] -- Up-to-date symlink: /home/simone/tesi_ws/install/dynamixel_sdk/include//dynamixel_sdk/dynamixel_sdk.h
[3.345s] -- Up-to-date symlink: /home/simone/tesi_ws/install/dynamixel_sdk/include//dynamixel_sdk/group_bulk_read.h
[3.345s] -- Up-to-date symlink: /home/simone/tesi_ws/install/dynamixel_sdk/include//dynamixel_sdk/group_bulk_write.h
[3.345s] -- Up-to-date symlink: /home/simone/tesi_ws/install/dynamixel_sdk/include//dynamixel_sdk/group_sync_read.h
[3.346s] -- Up-to-date symlink: /home/simone/tesi_ws/install/dynamixel_sdk/include//dynamixel_sdk/group_sync_write.h
[3.346s] -- Up-to-date symlink: /home/simone/tesi_ws/install/dynamixel_sdk/include//dynamixel_sdk/packet_handler.h
[3.346s] -- Up-to-date symlink: /home/simone/tesi_ws/install/dynamixel_sdk/include//dynamixel_sdk/port_handler.h
[3.347s] -- Up-to-date symlink: /home/simone/tesi_ws/install/dynamixel_sdk/include//dynamixel_sdk/port_handler_arduino.h
[3.347s] -- Up-to-date symlink: /home/simone/tesi_ws/install/dynamixel_sdk/include//dynamixel_sdk/port_handler_linux.h
[3.347s] -- Up-to-date symlink: /home/simone/tesi_ws/install/dynamixel_sdk/include//dynamixel_sdk/port_handler_mac.h
[3.347s] -- Up-to-date symlink: /home/simone/tesi_ws/install/dynamixel_sdk/include//dynamixel_sdk/port_handler_windows.h
[3.348s] -- Up-to-date symlink: /home/simone/tesi_ws/install/dynamixel_sdk/include//dynamixel_sdk/protocol1_packet_handler.h
[3.348s] -- Up-to-date symlink: /home/simone/tesi_ws/install/dynamixel_sdk/include//dynamixel_sdk/protocol2_packet_handler.h
[3.349s] -- Up-to-date symlink: /home/simone/tesi_ws/install/dynamixel_sdk/lib/libdynamixel_sdk.so
[3.349s] -- Up-to-date symlink: /home/simone/tesi_ws/install/dynamixel_sdk/share/dynamixel_sdk/environment/library_path.sh
[3.350s] -- Up-to-date symlink: /home/simone/tesi_ws/install/dynamixel_sdk/share/dynamixel_sdk/environment/library_path.dsv
[3.350s] -- Up-to-date symlink: /home/simone/tesi_ws/install/dynamixel_sdk/share/ament_index/resource_index/package_run_dependencies/dynamixel_sdk
[3.350s] -- Up-to-date symlink: /home/simone/tesi_ws/install/dynamixel_sdk/share/ament_index/resource_index/parent_prefix_path/dynamixel_sdk
[3.350s] -- Up-to-date symlink: /home/simone/tesi_ws/install/dynamixel_sdk/share/dynamixel_sdk/environment/ament_prefix_path.sh
[3.350s] -- Up-to-date symlink: /home/simone/tesi_ws/install/dynamixel_sdk/share/dynamixel_sdk/environment/ament_prefix_path.dsv
[3.351s] -- Up-to-date symlink: /home/simone/tesi_ws/install/dynamixel_sdk/share/dynamixel_sdk/environment/path.sh
[3.351s] -- Up-to-date symlink: /home/simone/tesi_ws/install/dynamixel_sdk/share/dynamixel_sdk/environment/path.dsv
[3.351s] -- Up-to-date symlink: /home/simone/tesi_ws/install/dynamixel_sdk/share/dynamixel_sdk/local_setup.bash
[3.351s] -- Up-to-date symlink: /home/simone/tesi_ws/install/dynamixel_sdk/share/dynamixel_sdk/local_setup.sh
[3.351s] -- Up-to-date symlink: /home/simone/tesi_ws/install/dynamixel_sdk/share/dynamixel_sdk/local_setup.zsh
[3.351s] -- Up-to-date symlink: /home/simone/tesi_ws/install/dynamixel_sdk/share/dynamixel_sdk/local_setup.dsv
[3.351s] -- Symlinking: /home/simone/tesi_ws/install/dynamixel_sdk/share/dynamixel_sdk/package.dsv
[3.352s] -- Up-to-date symlink: /home/simone/tesi_ws/install/dynamixel_sdk/share/ament_index/resource_index/packages/dynamixel_sdk
[3.352s] -- Up-to-date symlink: /home/simone/tesi_ws/install/dynamixel_sdk/share/dynamixel_sdk/cmake/ament_cmake_export_include_directories-extras.cmake
[3.352s] -- Up-to-date symlink: /home/simone/tesi_ws/install/dynamixel_sdk/share/dynamixel_sdk/cmake/ament_cmake_export_libraries-extras.cmake
[3.352s] -- Up-to-date symlink: /home/simone/tesi_ws/install/dynamixel_sdk/share/dynamixel_sdk/cmake/dynamixel_sdkConfig.cmake
[3.352s] -- Up-to-date symlink: /home/simone/tesi_ws/install/dynamixel_sdk/share/dynamixel_sdk/cmake/dynamixel_sdkConfig-version.cmake
[3.352s] -- Up-to-date symlink: /home/simone/tesi_ws/install/dynamixel_sdk/share/dynamixel_sdk/package.xml
[3.626s] Invoked command in '/home/simone/tesi_ws/build/dynamixel_sdk' returned '0': CMAKE_PREFIX_PATH=${CMAKE_PREFIX_PATH}:/home/simone/tesi_ws/install/turtlebot3_teleop:/home/simone/tesi_ws/install/turtlebot3_example:/home/simone/tesi_ws/install/relocalization_pkg:/home/simone/tesi_ws/install/create_dataset:/opt/ros/humble /usr/bin/cmake --install /home/simone/tesi_ws/build/dynamixel_sdk
