[2.686s] Invoking command in '/home/simone/tesi_ws/src/turtlebot3/turtlebot3_teleop': PYTHONPATH=/home/simone/tesi_ws/build/turtlebot3_teleop/prefix_override:/home/simone/tesi_ws/install/turtlebot3_teleop/lib/python3.10/site-packages:${PYTHONPATH} /usr/bin/python3 setup.py egg_info --egg-base ../../../build/turtlebot3_teleop build --build-base /home/simone/tesi_ws/build/turtlebot3_teleop/build install --record /home/simone/tesi_ws/build/turtlebot3_teleop/install.log --single-version-externally-managed
[3.440s] running egg_info
[3.443s] creating ../../../build/turtlebot3_teleop/turtlebot3_teleop.egg-info
[3.447s] writing ../../../build/turtlebot3_teleop/turtlebot3_teleop.egg-info/PKG-INFO
[3.448s] writing dependency_links to ../../../build/turtlebot3_teleop/turtlebot3_teleop.egg-info/dependency_links.txt
[3.448s] writing entry points to ../../../build/turtlebot3_teleop/turtlebot3_teleop.egg-info/entry_points.txt
[3.449s] writing requirements to ../../../build/turtlebot3_teleop/turtlebot3_teleop.egg-info/requires.txt
[3.449s] writing top-level names to ../../../build/turtlebot3_teleop/turtlebot3_teleop.egg-info/top_level.txt
[3.451s] writing manifest file '../../../build/turtlebot3_teleop/turtlebot3_teleop.egg-info/SOURCES.txt'
[3.460s] reading manifest file '../../../build/turtlebot3_teleop/turtlebot3_teleop.egg-info/SOURCES.txt'
[3.464s] writing manifest file '../../../build/turtlebot3_teleop/turtlebot3_teleop.egg-info/SOURCES.txt'
[3.465s] running build
[3.465s] running build_py
[3.465s] creating /home/simone/tesi_ws/build/turtlebot3_teleop/build
[3.467s] creating /home/simone/tesi_ws/build/turtlebot3_teleop/build/lib
[3.468s] creating /home/simone/tesi_ws/build/turtlebot3_teleop/build/lib/turtlebot3_teleop
[3.469s] copying turtlebot3_teleop/__init__.py -> /home/simone/tesi_ws/build/turtlebot3_teleop/build/lib/turtlebot3_teleop
[3.472s] creating /home/simone/tesi_ws/build/turtlebot3_teleop/build/lib/turtlebot3_teleop/script
[3.473s] copying turtlebot3_teleop/script/teleop_keyboard.py -> /home/simone/tesi_ws/build/turtlebot3_teleop/build/lib/turtlebot3_teleop/script
[3.474s] copying turtlebot3_teleop/script/__init__.py -> /home/simone/tesi_ws/build/turtlebot3_teleop/build/lib/turtlebot3_teleop/script
[3.476s] running install
[3.477s] running install_lib
[3.483s] creating /home/simone/tesi_ws/install/turtlebot3_teleop/lib/python3.10/site-packages/turtlebot3_teleop
[3.486s] creating /home/simone/tesi_ws/install/turtlebot3_teleop/lib/python3.10/site-packages/turtlebot3_teleop/script
[3.486s] copying /home/simone/tesi_ws/build/turtlebot3_teleop/build/lib/turtlebot3_teleop/script/teleop_keyboard.py -> /home/simone/tesi_ws/install/turtlebot3_teleop/lib/python3.10/site-packages/turtlebot3_teleop/script
[3.487s] copying /home/simone/tesi_ws/build/turtlebot3_teleop/build/lib/turtlebot3_teleop/script/__init__.py -> /home/simone/tesi_ws/install/turtlebot3_teleop/lib/python3.10/site-packages/turtlebot3_teleop/script
[3.488s] copying /home/simone/tesi_ws/build/turtlebot3_teleop/build/lib/turtlebot3_teleop/__init__.py -> /home/simone/tesi_ws/install/turtlebot3_teleop/lib/python3.10/site-packages/turtlebot3_teleop
[3.490s] byte-compiling /home/simone/tesi_ws/install/turtlebot3_teleop/lib/python3.10/site-packages/turtlebot3_teleop/script/teleop_keyboard.py to teleop_keyboard.cpython-310.pyc
[3.498s] byte-compiling /home/simone/tesi_ws/install/turtlebot3_teleop/lib/python3.10/site-packages/turtlebot3_teleop/script/__init__.py to __init__.cpython-310.pyc
[3.498s] byte-compiling /home/simone/tesi_ws/install/turtlebot3_teleop/lib/python3.10/site-packages/turtlebot3_teleop/__init__.py to __init__.cpython-310.pyc
[3.503s] running install_data
[3.506s] creating /home/simone/tesi_ws/install/turtlebot3_teleop/share/ament_index
[3.507s] creating /home/simone/tesi_ws/install/turtlebot3_teleop/share/ament_index/resource_index
[3.508s] creating /home/simone/tesi_ws/install/turtlebot3_teleop/share/ament_index/resource_index/packages
[3.508s] copying resource/turtlebot3_teleop -> /home/simone/tesi_ws/install/turtlebot3_teleop/share/ament_index/resource_index/packages
[3.510s] copying package.xml -> /home/simone/tesi_ws/install/turtlebot3_teleop/share/turtlebot3_teleop
[3.511s] running install_egg_info
[3.520s] Copying ../../../build/turtlebot3_teleop/turtlebot3_teleop.egg-info to /home/simone/tesi_ws/install/turtlebot3_teleop/lib/python3.10/site-packages/turtlebot3_teleop-2.1.5-py3.10.egg-info
[3.525s] running install_scripts
[3.596s] Installing teleop_keyboard script to /home/simone/tesi_ws/install/turtlebot3_teleop/lib/turtlebot3_teleop
[3.602s] writing list of installed files to '/home/simone/tesi_ws/build/turtlebot3_teleop/install.log'
[3.798s] Invoked command in '/home/simone/tesi_ws/src/turtlebot3/turtlebot3_teleop' returned '0': PYTHONPATH=/home/simone/tesi_ws/build/turtlebot3_teleop/prefix_override:/home/simone/tesi_ws/install/turtlebot3_teleop/lib/python3.10/site-packages:${PYTHONPATH} /usr/bin/python3 setup.py egg_info --egg-base ../../../build/turtlebot3_teleop build --build-base /home/simone/tesi_ws/build/turtlebot3_teleop/build install --record /home/simone/tesi_ws/build/turtlebot3_teleop/install.log --single-version-externally-managed
