[1.179s] Invoking command in '/home/simone/tesi_ws/build/turtlebot3_bringup': CMAKE_PREFIX_PATH=/home/simone/tesi_ws/install/turtlebot3_description:/home/simone/tesi_ws/install/turtlebot3:/home/simone/tesi_ws/install/turtlebot3_simulations:/home/simone/tesi_ws/install/turtlebot3_navigation2:/home/simone/tesi_ws/install/turtlebot3_fake_node:/home/simone/tesi_ws/install/turtlebot3_msgs:/home/simone/tesi_ws/install/turtlebot3_hardware:/home/simone/tesi_ws/install/turtlebot3_gazebo:/home/simone/tesi_ws/install/turtlebot3_bringup:/home/simone/tesi_ws/install/turtlebot3_cartographer:/home/simone/tesi_ws/install/dynamixel_sdk_examples:/home/simone/tesi_ws/install/dynamixel_sdk_custom_interfaces:/home/simone/tesi_ws/install/dynamixel_sdk:/home/simone/tesi_ws/install/turtlebot3_teleop:/home/simone/tesi_ws/install/turtlebot3_example:/home/simone/tesi_ws/install/relocalization_pkg:/home/simone/tesi_ws/install/create_dataset:/opt/ros/humble /usr/bin/cmake --build /home/simone/tesi_ws/build/turtlebot3_bringup -- -j12 -l12
[1.575s] Invoked command in '/home/simone/tesi_ws/build/turtlebot3_bringup' returned '0': CMAKE_PREFIX_PATH=/home/simone/tesi_ws/install/turtlebot3_description:/home/simone/tesi_ws/install/turtlebot3:/home/simone/tesi_ws/install/turtlebot3_simulations:/home/simone/tesi_ws/install/turtlebot3_navigation2:/home/simone/tesi_ws/install/turtlebot3_fake_node:/home/simone/tesi_ws/install/turtlebot3_msgs:/home/simone/tesi_ws/install/turtlebot3_hardware:/home/simone/tesi_ws/install/turtlebot3_gazebo:/home/simone/tesi_ws/install/turtlebot3_bringup:/home/simone/tesi_ws/install/turtlebot3_cartographer:/home/simone/tesi_ws/install/dynamixel_sdk_examples:/home/simone/tesi_ws/install/dynamixel_sdk_custom_interfaces:/home/simone/tesi_ws/install/dynamixel_sdk:/home/simone/tesi_ws/install/turtlebot3_teleop:/home/simone/tesi_ws/install/turtlebot3_example:/home/simone/tesi_ws/install/relocalization_pkg:/home/simone/tesi_ws/install/create_dataset:/opt/ros/humble /usr/bin/cmake --build /home/simone/tesi_ws/build/turtlebot3_bringup -- -j12 -l12
[2.473s] Invoking command in '/home/simone/tesi_ws/build/turtlebot3_bringup': CMAKE_PREFIX_PATH=/home/simone/tesi_ws/install/turtlebot3_description:/home/simone/tesi_ws/install/turtlebot3:/home/simone/tesi_ws/install/turtlebot3_simulations:/home/simone/tesi_ws/install/turtlebot3_navigation2:/home/simone/tesi_ws/install/turtlebot3_fake_node:/home/simone/tesi_ws/install/turtlebot3_msgs:/home/simone/tesi_ws/install/turtlebot3_hardware:/home/simone/tesi_ws/install/turtlebot3_gazebo:/home/simone/tesi_ws/install/turtlebot3_bringup:/home/simone/tesi_ws/install/turtlebot3_cartographer:/home/simone/tesi_ws/install/dynamixel_sdk_examples:/home/simone/tesi_ws/install/dynamixel_sdk_custom_interfaces:/home/simone/tesi_ws/install/dynamixel_sdk:/home/simone/tesi_ws/install/turtlebot3_teleop:/home/simone/tesi_ws/install/turtlebot3_example:/home/simone/tesi_ws/install/relocalization_pkg:/home/simone/tesi_ws/install/create_dataset:/opt/ros/humble /usr/bin/cmake --install /home/simone/tesi_ws/build/turtlebot3_bringup
[2.505s] -- Install configuration: ""
[2.505s] -- Up-to-date: /home/simone/tesi_ws/install/turtlebot3_bringup/share/turtlebot3_bringup/launch
[2.505s] -- Up-to-date: /home/simone/tesi_ws/install/turtlebot3_bringup/share/turtlebot3_bringup/launch/fake.launch.py
[2.505s] -- Up-to-date: /home/simone/tesi_ws/install/turtlebot3_bringup/share/turtlebot3_bringup/launch/base.launch.py
[2.505s] -- Up-to-date: /home/simone/tesi_ws/install/turtlebot3_bringup/share/turtlebot3_bringup/launch/hardware.launch.py
[2.505s] -- Up-to-date: /home/simone/tesi_ws/install/turtlebot3_bringup/share/turtlebot3_bringup/launch/lab03.launch.py
[2.505s] -- Up-to-date: /home/simone/tesi_ws/install/turtlebot3_bringup/share/turtlebot3_bringup/launch/gazebo.launch.py
[2.505s] -- Up-to-date: /home/simone/tesi_ws/install/turtlebot3_bringup/share/turtlebot3_bringup/config
[2.505s] -- Up-to-date: /home/simone/tesi_ws/install/turtlebot3_bringup/share/turtlebot3_bringup/config/waffle_pi
[2.505s] -- Up-to-date: /home/simone/tesi_ws/install/turtlebot3_bringup/share/turtlebot3_bringup/config/waffle_pi/gazebo_controller_manager.yaml
[2.506s] -- Up-to-date: /home/simone/tesi_ws/install/turtlebot3_bringup/share/turtlebot3_bringup/config/waffle_pi/twist_mux.yaml
[2.506s] -- Up-to-date: /home/simone/tesi_ws/install/turtlebot3_bringup/share/turtlebot3_bringup/config/waffle_pi/hardware_controller_manager.yaml
[2.506s] -- Up-to-date: /home/simone/tesi_ws/install/turtlebot3_bringup/share/turtlebot3_bringup/config/burger
[2.506s] -- Up-to-date: /home/simone/tesi_ws/install/turtlebot3_bringup/share/turtlebot3_bringup/config/burger/gazebo_controller_manager.yaml
[2.506s] -- Up-to-date: /home/simone/tesi_ws/install/turtlebot3_bringup/share/turtlebot3_bringup/config/burger/twist_mux.yaml
[2.506s] -- Up-to-date: /home/simone/tesi_ws/install/turtlebot3_bringup/share/turtlebot3_bringup/config/burger/hardware_controller_manager.yaml
[2.506s] -- Up-to-date: /home/simone/tesi_ws/install/turtlebot3_bringup/share/turtlebot3_bringup/script
[2.506s] -- Up-to-date: /home/simone/tesi_ws/install/turtlebot3_bringup/share/turtlebot3_bringup/script/create_udev_rules
[2.506s] -- Up-to-date: /home/simone/tesi_ws/install/turtlebot3_bringup/share/turtlebot3_bringup/script/99-turtlebot3-cdc.rules
[2.506s] -- Up-to-date: /home/simone/tesi_ws/install/turtlebot3_bringup/share/turtlebot3_bringup/worlds
[2.506s] -- Up-to-date: /home/simone/tesi_ws/install/turtlebot3_bringup/share/turtlebot3_bringup/worlds/lab03.world
[2.506s] -- Up-to-date: /home/simone/tesi_ws/install/turtlebot3_bringup/share/turtlebot3_bringup/worlds/turtlebot3_world.model
[2.506s] -- Up-to-date: /home/simone/tesi_ws/install/turtlebot3_bringup/share/turtlebot3_bringup/worlds/hospital.world
[2.506s] -- Up-to-date: /home/simone/tesi_ws/install/turtlebot3_bringup/share/turtlebot3_bringup/worlds/turtlebot3_world
[2.506s] -- Up-to-date: /home/simone/tesi_ws/install/turtlebot3_bringup/share/turtlebot3_bringup/worlds/turtlebot3_world/meshes
[2.506s] -- Up-to-date: /home/simone/tesi_ws/install/turtlebot3_bringup/share/turtlebot3_bringup/worlds/turtlebot3_world/meshes/wall.dae
[2.506s] -- Up-to-date: /home/simone/tesi_ws/install/turtlebot3_bringup/share/turtlebot3_bringup/worlds/turtlebot3_world/meshes/hexagon.dae
[2.507s] -- Up-to-date: /home/simone/tesi_ws/install/turtlebot3_bringup/share/turtlebot3_bringup/worlds/turtlebot3_world/model.config
[2.507s] -- Up-to-date: /home/simone/tesi_ws/install/turtlebot3_bringup/share/turtlebot3_bringup/worlds/turtlebot3_world/model.sdf
[2.507s] -- Up-to-date: /home/simone/tesi_ws/install/turtlebot3_bringup/share/turtlebot3_bringup/worlds/turtlebot3_world/model-1_4.sdf
[2.507s] -- Up-to-date: /home/simone/tesi_ws/install/turtlebot3_bringup/share/turtlebot3_bringup/worlds/new_indoor.world
[2.507s] -- Up-to-date: /home/simone/tesi_ws/install/turtlebot3_bringup/share/turtlebot3_bringup/worlds/empty_world.model
[2.507s] -- Up-to-date: /home/simone/tesi_ws/install/turtlebot3_bringup/share/turtlebot3_bringup/worlds/new_indoor_dynamic.world
[2.507s] -- Up-to-date: /home/simone/tesi_ws/install/turtlebot3_bringup/share/turtlebot3_bringup/worlds/small_house.world
[2.507s] -- Up-to-date: /home/simone/tesi_ws/install/turtlebot3_bringup/share/turtlebot3_bringup/worlds/indoor.world
[2.507s] -- Up-to-date: /home/simone/tesi_ws/install/turtlebot3_bringup/share/turtlebot3_bringup/rviz
[2.507s] -- Up-to-date: /home/simone/tesi_ws/install/turtlebot3_bringup/share/turtlebot3_bringup/rviz/turtlebot3.rviz
[2.507s] -- Up-to-date: /home/simone/tesi_ws/install/turtlebot3_bringup/share/turtlebot3_bringup/environment/turtlebot3_bringup.dsv
[2.507s] -- Up-to-date: /home/simone/tesi_ws/install/turtlebot3_bringup/share/ament_index/resource_index/package_run_dependencies/turtlebot3_bringup
[2.507s] -- Up-to-date: /home/simone/tesi_ws/install/turtlebot3_bringup/share/ament_index/resource_index/parent_prefix_path/turtlebot3_bringup
[2.507s] -- Up-to-date: /home/simone/tesi_ws/install/turtlebot3_bringup/share/turtlebot3_bringup/environment/ament_prefix_path.sh
[2.507s] -- Up-to-date: /home/simone/tesi_ws/install/turtlebot3_bringup/share/turtlebot3_bringup/environment/ament_prefix_path.dsv
[2.507s] -- Up-to-date: /home/simone/tesi_ws/install/turtlebot3_bringup/share/turtlebot3_bringup/environment/path.sh
[2.507s] -- Up-to-date: /home/simone/tesi_ws/install/turtlebot3_bringup/share/turtlebot3_bringup/environment/path.dsv
[2.508s] -- Up-to-date: /home/simone/tesi_ws/install/turtlebot3_bringup/share/turtlebot3_bringup/local_setup.bash
[2.508s] -- Up-to-date: /home/simone/tesi_ws/install/turtlebot3_bringup/share/turtlebot3_bringup/local_setup.sh
[2.508s] -- Up-to-date: /home/simone/tesi_ws/install/turtlebot3_bringup/share/turtlebot3_bringup/local_setup.zsh
[2.508s] -- Up-to-date: /home/simone/tesi_ws/install/turtlebot3_bringup/share/turtlebot3_bringup/local_setup.dsv
[2.508s] -- Installing: /home/simone/tesi_ws/install/turtlebot3_bringup/share/turtlebot3_bringup/package.dsv
[2.508s] -- Up-to-date: /home/simone/tesi_ws/install/turtlebot3_bringup/share/ament_index/resource_index/packages/turtlebot3_bringup
[2.508s] -- Up-to-date: /home/simone/tesi_ws/install/turtlebot3_bringup/share/turtlebot3_bringup/cmake/turtlebot3_bringupConfig.cmake
[2.508s] -- Up-to-date: /home/simone/tesi_ws/install/turtlebot3_bringup/share/turtlebot3_bringup/cmake/turtlebot3_bringupConfig-version.cmake
[2.508s] -- Up-to-date: /home/simone/tesi_ws/install/turtlebot3_bringup/share/turtlebot3_bringup/package.xml
[3.253s] Invoked command in '/home/simone/tesi_ws/build/turtlebot3_bringup' returned '0': CMAKE_PREFIX_PATH=/home/simone/tesi_ws/install/turtlebot3_description:/home/simone/tesi_ws/install/turtlebot3:/home/simone/tesi_ws/install/turtlebot3_simulations:/home/simone/tesi_ws/install/turtlebot3_navigation2:/home/simone/tesi_ws/install/turtlebot3_fake_node:/home/simone/tesi_ws/install/turtlebot3_msgs:/home/simone/tesi_ws/install/turtlebot3_hardware:/home/simone/tesi_ws/install/turtlebot3_gazebo:/home/simone/tesi_ws/install/turtlebot3_bringup:/home/simone/tesi_ws/install/turtlebot3_cartographer:/home/simone/tesi_ws/install/dynamixel_sdk_examples:/home/simone/tesi_ws/install/dynamixel_sdk_custom_interfaces:/home/simone/tesi_ws/install/dynamixel_sdk:/home/simone/tesi_ws/install/turtlebot3_teleop:/home/simone/tesi_ws/install/turtlebot3_example:/home/simone/tesi_ws/install/relocalization_pkg:/home/simone/tesi_ws/install/create_dataset:/opt/ros/humble /usr/bin/cmake --install /home/simone/tesi_ws/build/turtlebot3_bringup
