[0.664s] Invoking command in '/home/simone/tesi_ws/src/create_dataset': PYTHONPATH=/home/simone/tesi_ws/build/create_dataset/prefix_override:/home/simone/tesi_ws/install/create_dataset/lib/python3.10/site-packages:${PYTHONPATH} /usr/bin/python3 setup.py egg_info --egg-base ../../build/create_dataset build --build-base /home/simone/tesi_ws/build/create_dataset/build install --record /home/simone/tesi_ws/build/create_dataset/install.log --single-version-externally-managed
[0.868s] running egg_info
[0.869s] writing ../../build/create_dataset/create_dataset.egg-info/PKG-INFO
[0.871s] writing dependency_links to ../../build/create_dataset/create_dataset.egg-info/dependency_links.txt
[0.871s] writing entry points to ../../build/create_dataset/create_dataset.egg-info/entry_points.txt
[0.871s] writing requirements to ../../build/create_dataset/create_dataset.egg-info/requires.txt
[0.871s] writing top-level names to ../../build/create_dataset/create_dataset.egg-info/top_level.txt
[0.872s] reading manifest file '../../build/create_dataset/create_dataset.egg-info/SOURCES.txt'
[0.872s] writing manifest file '../../build/create_dataset/create_dataset.egg-info/SOURCES.txt'
[0.873s] running build
[0.873s] running build_py
[0.873s] copying create_dataset/reloc_capture.py -> /home/simone/tesi_ws/build/create_dataset/build/lib/create_dataset
[0.873s] copying create_dataset/image_capture.py -> /home/simone/tesi_ws/build/create_dataset/build/lib/create_dataset
[0.873s] running install
[0.873s] running install_lib
[0.874s] copying /home/simone/tesi_ws/build/create_dataset/build/lib/create_dataset/reloc_capture.py -> /home/simone/tesi_ws/install/create_dataset/lib/python3.10/site-packages/create_dataset
[0.874s] copying /home/simone/tesi_ws/build/create_dataset/build/lib/create_dataset/image_capture.py -> /home/simone/tesi_ws/install/create_dataset/lib/python3.10/site-packages/create_dataset
[0.875s] byte-compiling /home/simone/tesi_ws/install/create_dataset/lib/python3.10/site-packages/create_dataset/reloc_capture.py to reloc_capture.cpython-310.pyc
[0.875s] byte-compiling /home/simone/tesi_ws/install/create_dataset/lib/python3.10/site-packages/create_dataset/image_capture.py to image_capture.cpython-310.pyc
[0.876s] running install_data
[0.876s] running install_egg_info
[0.878s] removing '/home/simone/tesi_ws/install/create_dataset/lib/python3.10/site-packages/create_dataset-0.0.0-py3.10.egg-info' (and everything under it)
[0.878s] Copying ../../build/create_dataset/create_dataset.egg-info to /home/simone/tesi_ws/install/create_dataset/lib/python3.10/site-packages/create_dataset-0.0.0-py3.10.egg-info
[0.879s] running install_scripts
[0.892s] Installing image_capture_node script to /home/simone/tesi_ws/install/create_dataset/lib/create_dataset
[0.893s] Installing reloc_capture_node script to /home/simone/tesi_ws/install/create_dataset/lib/create_dataset
[0.893s] writing list of installed files to '/home/simone/tesi_ws/build/create_dataset/install.log'
[0.911s] Invoked command in '/home/simone/tesi_ws/src/create_dataset' returned '0': PYTHONPATH=/home/simone/tesi_ws/build/create_dataset/prefix_override:/home/simone/tesi_ws/install/create_dataset/lib/python3.10/site-packages:${PYTHONPATH} /usr/bin/python3 setup.py egg_info --egg-base ../../build/create_dataset build --build-base /home/simone/tesi_ws/build/create_dataset/build install --record /home/simone/tesi_ws/build/create_dataset/install.log --single-version-externally-managed
