[0.339s] Invoking command in '/home/simone/tesi_ws/build/dynamixel_sdk': CMAKE_PREFIX_PATH=/opt/ros/humble /usr/bin/cmake /home/simone/tesi_ws/src/turtlebot3/utils/DynamixelSDK/dynamixel_sdk -DAMENT_CMAKE_SYMLINK_INSTALL=1 -DCMAKE_INSTALL_PREFIX=/home/simone/tesi_ws/install/dynamixel_sdk
[0.824s] -- The C compiler identification is GNU 11.4.0
[0.941s] -- The CXX compiler identification is GNU 11.4.0
[1.162s] -- Detecting C compiler ABI info
[1.320s] -- Detecting C compiler ABI info - done
[1.332s] -- Check for working C compiler: /usr/bin/cc - skipped
[1.332s] -- Detecting C compile features
[1.333s] -- Detecting C compile features - done
[1.336s] -- Detecting CXX compiler ABI info
[1.482s] -- Detecting CXX compiler ABI info - done
[1.493s] -- Check for working CXX compiler: /usr/bin/c++ - skipped
[1.494s] -- Detecting CXX compile features
[1.494s] -- Detecting CXX compile features - done
[1.497s] -- Found ament_cmake: 1.3.5 (/opt/ros/humble/share/ament_cmake/cmake)
[1.681s] -- Found Python3: /usr/bin/python3.10 (found version "3.10.12") found components: Interpreter 
[1.767s] -- Override CMake install command with custom implementation using symlinks instead of copying resources
[1.898s] -- Configuring done
[1.906s] -- Generating done
[1.907s] -- Build files have been written to: /home/simone/tesi_ws/build/dynamixel_sdk
[1.916s] Invoked command in '/home/simone/tesi_ws/build/dynamixel_sdk' returned '0': CMAKE_PREFIX_PATH=/opt/ros/humble /usr/bin/cmake /home/simone/tesi_ws/src/turtlebot3/utils/DynamixelSDK/dynamixel_sdk -DAMENT_CMAKE_SYMLINK_INSTALL=1 -DCMAKE_INSTALL_PREFIX=/home/simone/tesi_ws/install/dynamixel_sdk
[1.917s] Invoking command in '/home/simone/tesi_ws/build/dynamixel_sdk': CMAKE_PREFIX_PATH=/opt/ros/humble /usr/bin/cmake --build /home/simone/tesi_ws/build/dynamixel_sdk -- -j12 -l12
[1.963s] [ 10%] [32mBuilding CXX object CMakeFiles/dynamixel_sdk.dir/src/dynamixel_sdk/packet_handler.cpp.o[0m
[1.963s] [ 30%] [32mBuilding CXX object CMakeFiles/dynamixel_sdk.dir/src/dynamixel_sdk/group_sync_read.cpp.o[0m
[1.963s] [ 30%] [32mBuilding CXX object CMakeFiles/dynamixel_sdk.dir/src/dynamixel_sdk/group_sync_write.cpp.o[0m
[1.965s] [ 40%] [32mBuilding CXX object CMakeFiles/dynamixel_sdk.dir/src/dynamixel_sdk/protocol2_packet_handler.cpp.o[0m
[1.966s] [ 50%] [32mBuilding CXX object CMakeFiles/dynamixel_sdk.dir/src/dynamixel_sdk/protocol1_packet_handler.cpp.o[0m
[1.969s] [ 60%] [32mBuilding CXX object CMakeFiles/dynamixel_sdk.dir/src/dynamixel_sdk/group_bulk_read.cpp.o[0m
[1.972s] [ 70%] [32mBuilding CXX object CMakeFiles/dynamixel_sdk.dir/src/dynamixel_sdk/group_bulk_write.cpp.o[0m
[1.987s] [ 80%] [32mBuilding CXX object CMakeFiles/dynamixel_sdk.dir/src/dynamixel_sdk/port_handler.cpp.o[0m
[1.997s] [ 90%] [32mBuilding CXX object CMakeFiles/dynamixel_sdk.dir/src/dynamixel_sdk/port_handler_linux.cpp.o[0m
[2.614s] [100%] [32m[1mLinking CXX shared library libdynamixel_sdk.so[0m
[2.806s] [100%] Built target dynamixel_sdk
[2.961s] Invoked command in '/home/simone/tesi_ws/build/dynamixel_sdk' returned '0': CMAKE_PREFIX_PATH=/opt/ros/humble /usr/bin/cmake --build /home/simone/tesi_ws/build/dynamixel_sdk -- -j12 -l12
[2.999s] Invoking command in '/home/simone/tesi_ws/build/dynamixel_sdk': CMAKE_PREFIX_PATH=/opt/ros/humble /usr/bin/cmake --install /home/simone/tesi_ws/build/dynamixel_sdk
[3.007s] -- Install configuration: ""
[3.007s] -- Execute custom install script
[3.008s] -- Symlinking: /home/simone/tesi_ws/install/dynamixel_sdk/include//dynamixel_sdk/dynamixel_sdk.h
[3.017s] -- Symlinking: /home/simone/tesi_ws/install/dynamixel_sdk/include//dynamixel_sdk/group_bulk_read.h
[3.026s] -- Symlinking: /home/simone/tesi_ws/install/dynamixel_sdk/include//dynamixel_sdk/group_bulk_write.h
[3.035s] -- Symlinking: /home/simone/tesi_ws/install/dynamixel_sdk/include//dynamixel_sdk/group_sync_read.h
[3.045s] -- Symlinking: /home/simone/tesi_ws/install/dynamixel_sdk/include//dynamixel_sdk/group_sync_write.h
[3.054s] -- Symlinking: /home/simone/tesi_ws/install/dynamixel_sdk/include//dynamixel_sdk/packet_handler.h
[3.061s] -- Symlinking: /home/simone/tesi_ws/install/dynamixel_sdk/include//dynamixel_sdk/port_handler.h
[3.069s] -- Symlinking: /home/simone/tesi_ws/install/dynamixel_sdk/include//dynamixel_sdk/port_handler_arduino.h
[3.078s] -- Symlinking: /home/simone/tesi_ws/install/dynamixel_sdk/include//dynamixel_sdk/port_handler_linux.h
[3.087s] -- Symlinking: /home/simone/tesi_ws/install/dynamixel_sdk/include//dynamixel_sdk/port_handler_mac.h
[3.096s] -- Symlinking: /home/simone/tesi_ws/install/dynamixel_sdk/include//dynamixel_sdk/port_handler_windows.h
[3.107s] -- Symlinking: /home/simone/tesi_ws/install/dynamixel_sdk/include//dynamixel_sdk/protocol1_packet_handler.h
[3.119s] -- Symlinking: /home/simone/tesi_ws/install/dynamixel_sdk/include//dynamixel_sdk/protocol2_packet_handler.h
[3.128s] -- Symlinking: /home/simone/tesi_ws/install/dynamixel_sdk/lib/libdynamixel_sdk.so
[3.136s] -- Symlinking: /home/simone/tesi_ws/install/dynamixel_sdk/share/dynamixel_sdk/environment/library_path.sh
[3.144s] -- Symlinking: /home/simone/tesi_ws/install/dynamixel_sdk/share/dynamixel_sdk/environment/library_path.dsv
[3.153s] -- Symlinking: /home/simone/tesi_ws/install/dynamixel_sdk/share/ament_index/resource_index/package_run_dependencies/dynamixel_sdk
[3.161s] -- Symlinking: /home/simone/tesi_ws/install/dynamixel_sdk/share/ament_index/resource_index/parent_prefix_path/dynamixel_sdk
[3.171s] -- Symlinking: /home/simone/tesi_ws/install/dynamixel_sdk/share/dynamixel_sdk/environment/ament_prefix_path.sh
[3.182s] -- Symlinking: /home/simone/tesi_ws/install/dynamixel_sdk/share/dynamixel_sdk/environment/ament_prefix_path.dsv
[3.192s] -- Symlinking: /home/simone/tesi_ws/install/dynamixel_sdk/share/dynamixel_sdk/environment/path.sh
[3.202s] -- Symlinking: /home/simone/tesi_ws/install/dynamixel_sdk/share/dynamixel_sdk/environment/path.dsv
[3.213s] -- Symlinking: /home/simone/tesi_ws/install/dynamixel_sdk/share/dynamixel_sdk/local_setup.bash
[3.221s] -- Symlinking: /home/simone/tesi_ws/install/dynamixel_sdk/share/dynamixel_sdk/local_setup.sh
[3.230s] -- Symlinking: /home/simone/tesi_ws/install/dynamixel_sdk/share/dynamixel_sdk/local_setup.zsh
[3.239s] -- Symlinking: /home/simone/tesi_ws/install/dynamixel_sdk/share/dynamixel_sdk/local_setup.dsv
[3.248s] -- Symlinking: /home/simone/tesi_ws/install/dynamixel_sdk/share/dynamixel_sdk/package.dsv
[3.255s] -- Symlinking: /home/simone/tesi_ws/install/dynamixel_sdk/share/ament_index/resource_index/packages/dynamixel_sdk
[3.264s] -- Symlinking: /home/simone/tesi_ws/install/dynamixel_sdk/share/dynamixel_sdk/cmake/ament_cmake_export_include_directories-extras.cmake
[3.273s] -- Symlinking: /home/simone/tesi_ws/install/dynamixel_sdk/share/dynamixel_sdk/cmake/ament_cmake_export_libraries-extras.cmake
[3.281s] -- Symlinking: /home/simone/tesi_ws/install/dynamixel_sdk/share/dynamixel_sdk/cmake/dynamixel_sdkConfig.cmake
[3.288s] -- Symlinking: /home/simone/tesi_ws/install/dynamixel_sdk/share/dynamixel_sdk/cmake/dynamixel_sdkConfig-version.cmake
[3.299s] -- Symlinking: /home/simone/tesi_ws/install/dynamixel_sdk/share/dynamixel_sdk/package.xml
[3.311s] Invoked command in '/home/simone/tesi_ws/build/dynamixel_sdk' returned '0': CMAKE_PREFIX_PATH=/opt/ros/humble /usr/bin/cmake --install /home/simone/tesi_ws/build/dynamixel_sdk
