[0.513s] Invoking command in '/home/simone/tesi_ws/build/turtlebot3_fake_node': CMAKE_PREFIX_PATH=/home/simone/tesi_ws/install/turtlebot3_msgs:/home/simone/tesi_ws/install/turtlebot3:/home/simone/tesi_ws/install/turtlebot3_simulations:/home/simone/tesi_ws/install/turtlebot3_navigation2:/home/simone/tesi_ws/install/turtlebot3_fake_node:/home/simone/tesi_ws/install/turtlebot3_hardware:/home/simone/tesi_ws/install/turtlebot3_gazebo:/home/simone/tesi_ws/install/turtlebot3_bringup:/home/simone/tesi_ws/install/turtlebot3_description:/home/simone/tesi_ws/install/turtlebot3_cartographer:/home/simone/tesi_ws/install/dynamixel_sdk_examples:/home/simone/tesi_ws/install/dynamixel_sdk_custom_interfaces:/home/simone/tesi_ws/install/dynamixel_sdk:/home/simone/tesi_ws/install/turtlebot3_teleop:/home/simone/tesi_ws/install/turtlebot3_example:/opt/ros/humble /usr/bin/cmake --build /home/simone/tesi_ws/build/turtlebot3_fake_node -- -j12 -l12
[0.558s] [35m[1mConsolidate compiler generated dependencies of target turtlebot3_fake_node[0m
[0.581s] [100%] Built target turtlebot3_fake_node
[0.734s] Invoked command in '/home/simone/tesi_ws/build/turtlebot3_fake_node' returned '0': CMAKE_PREFIX_PATH=/home/simone/tesi_ws/install/turtlebot3_msgs:/home/simone/tesi_ws/install/turtlebot3:/home/simone/tesi_ws/install/turtlebot3_simulations:/home/simone/tesi_ws/install/turtlebot3_navigation2:/home/simone/tesi_ws/install/turtlebot3_fake_node:/home/simone/tesi_ws/install/turtlebot3_hardware:/home/simone/tesi_ws/install/turtlebot3_gazebo:/home/simone/tesi_ws/install/turtlebot3_bringup:/home/simone/tesi_ws/install/turtlebot3_description:/home/simone/tesi_ws/install/turtlebot3_cartographer:/home/simone/tesi_ws/install/dynamixel_sdk_examples:/home/simone/tesi_ws/install/dynamixel_sdk_custom_interfaces:/home/simone/tesi_ws/install/dynamixel_sdk:/home/simone/tesi_ws/install/turtlebot3_teleop:/home/simone/tesi_ws/install/turtlebot3_example:/opt/ros/humble /usr/bin/cmake --build /home/simone/tesi_ws/build/turtlebot3_fake_node -- -j12 -l12
[0.856s] Invoking command in '/home/simone/tesi_ws/build/turtlebot3_fake_node': CMAKE_PREFIX_PATH=/home/simone/tesi_ws/install/turtlebot3_msgs:/home/simone/tesi_ws/install/turtlebot3:/home/simone/tesi_ws/install/turtlebot3_simulations:/home/simone/tesi_ws/install/turtlebot3_navigation2:/home/simone/tesi_ws/install/turtlebot3_fake_node:/home/simone/tesi_ws/install/turtlebot3_hardware:/home/simone/tesi_ws/install/turtlebot3_gazebo:/home/simone/tesi_ws/install/turtlebot3_bringup:/home/simone/tesi_ws/install/turtlebot3_description:/home/simone/tesi_ws/install/turtlebot3_cartographer:/home/simone/tesi_ws/install/dynamixel_sdk_examples:/home/simone/tesi_ws/install/dynamixel_sdk_custom_interfaces:/home/simone/tesi_ws/install/dynamixel_sdk:/home/simone/tesi_ws/install/turtlebot3_teleop:/home/simone/tesi_ws/install/turtlebot3_example:/opt/ros/humble /usr/bin/cmake --install /home/simone/tesi_ws/build/turtlebot3_fake_node
[0.969s] -- Install configuration: ""
[0.970s] -- Execute custom install script
[0.970s] -- Up-to-date symlink: /home/simone/tesi_ws/install/turtlebot3_fake_node/lib/turtlebot3_fake_node/turtlebot3_fake_node
[0.970s] -- Up-to-date symlink: /home/simone/tesi_ws/install/turtlebot3_fake_node/share/turtlebot3_fake_node/launch/rviz2.launch.py
[0.970s] -- Up-to-date symlink: /home/simone/tesi_ws/install/turtlebot3_fake_node/share/turtlebot3_fake_node/launch/turtlebot3_fake_node.launch.py
[0.971s] -- Up-to-date symlink: /home/simone/tesi_ws/install/turtlebot3_fake_node/share/turtlebot3_fake_node/param/burger.yaml
[0.971s] -- Up-to-date symlink: /home/simone/tesi_ws/install/turtlebot3_fake_node/share/turtlebot3_fake_node/param/waffle.yaml
[0.971s] -- Up-to-date symlink: /home/simone/tesi_ws/install/turtlebot3_fake_node/share/turtlebot3_fake_node/param/waffle_pi.yaml
[0.971s] -- Up-to-date symlink: /home/simone/tesi_ws/install/turtlebot3_fake_node/include//turtlebot3_fake_node/turtlebot3_fake_node.hpp
[0.971s] -- Up-to-date symlink: /home/simone/tesi_ws/install/turtlebot3_fake_node/share/ament_index/resource_index/package_run_dependencies/turtlebot3_fake_node
[0.972s] -- Up-to-date symlink: /home/simone/tesi_ws/install/turtlebot3_fake_node/share/ament_index/resource_index/parent_prefix_path/turtlebot3_fake_node
[0.972s] -- Up-to-date symlink: /home/simone/tesi_ws/install/turtlebot3_fake_node/share/turtlebot3_fake_node/environment/ament_prefix_path.sh
[0.972s] -- Up-to-date symlink: /home/simone/tesi_ws/install/turtlebot3_fake_node/share/turtlebot3_fake_node/environment/ament_prefix_path.dsv
[0.972s] -- Up-to-date symlink: /home/simone/tesi_ws/install/turtlebot3_fake_node/share/turtlebot3_fake_node/environment/path.sh
[0.972s] -- Up-to-date symlink: /home/simone/tesi_ws/install/turtlebot3_fake_node/share/turtlebot3_fake_node/environment/path.dsv
[0.972s] -- Up-to-date symlink: /home/simone/tesi_ws/install/turtlebot3_fake_node/share/turtlebot3_fake_node/local_setup.bash
[0.973s] -- Up-to-date symlink: /home/simone/tesi_ws/install/turtlebot3_fake_node/share/turtlebot3_fake_node/local_setup.sh
[0.974s] -- Up-to-date symlink: /home/simone/tesi_ws/install/turtlebot3_fake_node/share/turtlebot3_fake_node/local_setup.zsh
[0.974s] -- Up-to-date symlink: /home/simone/tesi_ws/install/turtlebot3_fake_node/share/turtlebot3_fake_node/local_setup.dsv
[0.974s] -- Symlinking: /home/simone/tesi_ws/install/turtlebot3_fake_node/share/turtlebot3_fake_node/package.dsv
[0.975s] -- Up-to-date symlink: /home/simone/tesi_ws/install/turtlebot3_fake_node/share/ament_index/resource_index/packages/turtlebot3_fake_node
[0.975s] -- Up-to-date symlink: /home/simone/tesi_ws/install/turtlebot3_fake_node/share/turtlebot3_fake_node/cmake/ament_cmake_export_include_directories-extras.cmake
[0.976s] -- Up-to-date symlink: /home/simone/tesi_ws/install/turtlebot3_fake_node/share/turtlebot3_fake_node/cmake/ament_cmake_export_dependencies-extras.cmake
[0.976s] -- Up-to-date symlink: /home/simone/tesi_ws/install/turtlebot3_fake_node/share/turtlebot3_fake_node/cmake/turtlebot3_fake_nodeConfig.cmake
[0.976s] -- Up-to-date symlink: /home/simone/tesi_ws/install/turtlebot3_fake_node/share/turtlebot3_fake_node/cmake/turtlebot3_fake_nodeConfig-version.cmake
[0.976s] -- Up-to-date symlink: /home/simone/tesi_ws/install/turtlebot3_fake_node/share/turtlebot3_fake_node/package.xml
[0.977s] Invoked command in '/home/simone/tesi_ws/build/turtlebot3_fake_node' returned '0': CMAKE_PREFIX_PATH=/home/simone/tesi_ws/install/turtlebot3_msgs:/home/simone/tesi_ws/install/turtlebot3:/home/simone/tesi_ws/install/turtlebot3_simulations:/home/simone/tesi_ws/install/turtlebot3_navigation2:/home/simone/tesi_ws/install/turtlebot3_fake_node:/home/simone/tesi_ws/install/turtlebot3_hardware:/home/simone/tesi_ws/install/turtlebot3_gazebo:/home/simone/tesi_ws/install/turtlebot3_bringup:/home/simone/tesi_ws/install/turtlebot3_description:/home/simone/tesi_ws/install/turtlebot3_cartographer:/home/simone/tesi_ws/install/dynamixel_sdk_examples:/home/simone/tesi_ws/install/dynamixel_sdk_custom_interfaces:/home/simone/tesi_ws/install/dynamixel_sdk:/home/simone/tesi_ws/install/turtlebot3_teleop:/home/simone/tesi_ws/install/turtlebot3_example:/opt/ros/humble /usr/bin/cmake --install /home/simone/tesi_ws/build/turtlebot3_fake_node
