[0.691s] Invoking command in '/home/simone/tesi_ws/build/turtlebot3_msgs': CMAKE_PREFIX_PATH=${CMAKE_PREFIX_PATH}:/home/simone/tesi_ws/install/turtlebot3_teleop:/home/simone/tesi_ws/install/turtlebot3_example:/home/simone/tesi_ws/install/relocalization_pkg:/home/simone/tesi_ws/install/create_dataset:/opt/ros/humble /usr/bin/cmake --build /home/simone/tesi_ws/build/turtlebot3_msgs -- -j12 -l12
[1.663s] [  1%] Built target turtlebot3_msgs__cpp
[1.664s] [ 12%] Built target turtlebot3_msgs__rosidl_generator_c
[1.665s] [ 12%] Built target ament_cmake_python_copy_turtlebot3_msgs
[1.665s] [ 23%] Built target turtlebot3_msgs__rosidl_typesupport_cpp
[1.666s] [ 35%] Built target turtlebot3_msgs__rosidl_typesupport_fastrtps_cpp
[1.666s] [ 46%] Built target turtlebot3_msgs__rosidl_typesupport_c
[1.666s] [ 60%] Built target turtlebot3_msgs__rosidl_typesupport_introspection_cpp
[1.666s] [ 69%] Built target turtlebot3_msgs__rosidl_typesupport_introspection_c
[1.667s] [ 80%] Built target turtlebot3_msgs__rosidl_typesupport_fastrtps_c
[1.667s] [ 80%] Built target turtlebot3_msgs
[1.667s] [ 81%] Built target turtlebot3_msgs__py
[1.668s] [ 91%] Built target turtlebot3_msgs__rosidl_generator_py
[1.668s] [ 97%] Built target turtlebot3_msgs__rosidl_typesupport_introspection_c__pyext
[1.668s] [ 97%] Built target turtlebot3_msgs__rosidl_typesupport_fastrtps_c__pyext
[1.668s] [100%] Built target turtlebot3_msgs__rosidl_typesupport_c__pyext
[1.669s] running egg_info
[1.669s] writing turtlebot3_msgs.egg-info/PKG-INFO
[1.669s] writing dependency_links to turtlebot3_msgs.egg-info/dependency_links.txt
[1.669s] writing top-level names to turtlebot3_msgs.egg-info/top_level.txt
[1.669s] reading manifest file 'turtlebot3_msgs.egg-info/SOURCES.txt'
[1.669s] writing manifest file 'turtlebot3_msgs.egg-info/SOURCES.txt'
[1.670s] [100%] Built target ament_cmake_python_build_turtlebot3_msgs_egg
[1.688s] Invoked command in '/home/simone/tesi_ws/build/turtlebot3_msgs' returned '0': CMAKE_PREFIX_PATH=${CMAKE_PREFIX_PATH}:/home/simone/tesi_ws/install/turtlebot3_teleop:/home/simone/tesi_ws/install/turtlebot3_example:/home/simone/tesi_ws/install/relocalization_pkg:/home/simone/tesi_ws/install/create_dataset:/opt/ros/humble /usr/bin/cmake --build /home/simone/tesi_ws/build/turtlebot3_msgs -- -j12 -l12
[2.016s] Invoking command in '/home/simone/tesi_ws/build/turtlebot3_msgs': CMAKE_PREFIX_PATH=${CMAKE_PREFIX_PATH}:/home/simone/tesi_ws/install/turtlebot3_teleop:/home/simone/tesi_ws/install/turtlebot3_example:/home/simone/tesi_ws/install/relocalization_pkg:/home/simone/tesi_ws/install/create_dataset:/opt/ros/humble /usr/bin/cmake --install /home/simone/tesi_ws/build/turtlebot3_msgs
[2.029s] -- Install configuration: ""
[2.030s] -- Up-to-date: /home/simone/tesi_ws/install/turtlebot3_msgs/share/ament_index/resource_index/rosidl_interfaces/turtlebot3_msgs
[2.030s] -- Up-to-date: /home/simone/tesi_ws/install/turtlebot3_msgs/include/turtlebot3_msgs/turtlebot3_msgs
[2.030s] -- Up-to-date: /home/simone/tesi_ws/install/turtlebot3_msgs/include/turtlebot3_msgs/turtlebot3_msgs/msg
[2.031s] -- Up-to-date: /home/simone/tesi_ws/install/turtlebot3_msgs/include/turtlebot3_msgs/turtlebot3_msgs/msg/sound.h
[2.031s] -- Up-to-date: /home/simone/tesi_ws/install/turtlebot3_msgs/include/turtlebot3_msgs/turtlebot3_msgs/msg/version_info.h
[2.031s] -- Up-to-date: /home/simone/tesi_ws/install/turtlebot3_msgs/include/turtlebot3_msgs/turtlebot3_msgs/msg/rosidl_generator_c__visibility_control.h
[2.032s] -- Up-to-date: /home/simone/tesi_ws/install/turtlebot3_msgs/include/turtlebot3_msgs/turtlebot3_msgs/msg/detail
[2.032s] -- Up-to-date: /home/simone/tesi_ws/install/turtlebot3_msgs/include/turtlebot3_msgs/turtlebot3_msgs/msg/detail/sensor_state__type_support.h
[2.033s] -- Up-to-date: /home/simone/tesi_ws/install/turtlebot3_msgs/include/turtlebot3_msgs/turtlebot3_msgs/msg/detail/sensor_state__functions.h
[2.034s] -- Up-to-date: /home/simone/tesi_ws/install/turtlebot3_msgs/include/turtlebot3_msgs/turtlebot3_msgs/msg/detail/sensor_state__functions.c
[2.034s] -- Up-to-date: /home/simone/tesi_ws/install/turtlebot3_msgs/include/turtlebot3_msgs/turtlebot3_msgs/msg/detail/sound__functions.h
[2.035s] -- Up-to-date: /home/simone/tesi_ws/install/turtlebot3_msgs/include/turtlebot3_msgs/turtlebot3_msgs/msg/detail/version_info__functions.h
[2.036s] -- Up-to-date: /home/simone/tesi_ws/install/turtlebot3_msgs/include/turtlebot3_msgs/turtlebot3_msgs/msg/detail/sensor_state__struct.h
[2.036s] -- Up-to-date: /home/simone/tesi_ws/install/turtlebot3_msgs/include/turtlebot3_msgs/turtlebot3_msgs/msg/detail/sound__struct.h
[2.036s] -- Up-to-date: /home/simone/tesi_ws/install/turtlebot3_msgs/include/turtlebot3_msgs/turtlebot3_msgs/msg/detail/version_info__type_support.h
[2.037s] -- Up-to-date: /home/simone/tesi_ws/install/turtlebot3_msgs/include/turtlebot3_msgs/turtlebot3_msgs/msg/detail/sound__functions.c
[2.037s] -- Up-to-date: /home/simone/tesi_ws/install/turtlebot3_msgs/include/turtlebot3_msgs/turtlebot3_msgs/msg/detail/version_info__functions.c
[2.038s] -- Up-to-date: /home/simone/tesi_ws/install/turtlebot3_msgs/include/turtlebot3_msgs/turtlebot3_msgs/msg/detail/version_info__struct.h
[2.038s] -- Up-to-date: /home/simone/tesi_ws/install/turtlebot3_msgs/include/turtlebot3_msgs/turtlebot3_msgs/msg/detail/sound__type_support.h
[2.038s] -- Up-to-date: /home/simone/tesi_ws/install/turtlebot3_msgs/include/turtlebot3_msgs/turtlebot3_msgs/msg/sensor_state.h
[2.039s] -- Up-to-date: /home/simone/tesi_ws/install/turtlebot3_msgs/include/turtlebot3_msgs/turtlebot3_msgs/action
[2.039s] -- Up-to-date: /home/simone/tesi_ws/install/turtlebot3_msgs/include/turtlebot3_msgs/turtlebot3_msgs/action/patrol.h
[2.039s] -- Up-to-date: /home/simone/tesi_ws/install/turtlebot3_msgs/include/turtlebot3_msgs/turtlebot3_msgs/action/detail
[2.040s] -- Up-to-date: /home/simone/tesi_ws/install/turtlebot3_msgs/include/turtlebot3_msgs/turtlebot3_msgs/action/detail/patrol__type_support.h
[2.040s] -- Up-to-date: /home/simone/tesi_ws/install/turtlebot3_msgs/include/turtlebot3_msgs/turtlebot3_msgs/action/detail/patrol__functions.c
[2.040s] -- Up-to-date: /home/simone/tesi_ws/install/turtlebot3_msgs/include/turtlebot3_msgs/turtlebot3_msgs/action/detail/patrol__functions.h
[2.040s] -- Up-to-date: /home/simone/tesi_ws/install/turtlebot3_msgs/include/turtlebot3_msgs/turtlebot3_msgs/action/detail/patrol__struct.h
[2.041s] -- Up-to-date: /home/simone/tesi_ws/install/turtlebot3_msgs/include/turtlebot3_msgs/turtlebot3_msgs/srv
[2.044s] -- Up-to-date: /home/simone/tesi_ws/install/turtlebot3_msgs/include/turtlebot3_msgs/turtlebot3_msgs/srv/sound.h
[2.044s] -- Up-to-date: /home/simone/tesi_ws/install/turtlebot3_msgs/include/turtlebot3_msgs/turtlebot3_msgs/srv/dqn.h
[2.044s] -- Up-to-date: /home/simone/tesi_ws/install/turtlebot3_msgs/include/turtlebot3_msgs/turtlebot3_msgs/srv/detail
[2.047s] -- Up-to-date: /home/simone/tesi_ws/install/turtlebot3_msgs/include/turtlebot3_msgs/turtlebot3_msgs/srv/detail/dqn__struct.h
[2.066s] -- Up-to-date: /home/simone/tesi_ws/install/turtlebot3_msgs/include/turtlebot3_msgs/turtlebot3_msgs/srv/detail/dqn__functions.c
[2.067s] -- Up-to-date: /home/simone/tesi_ws/install/turtlebot3_msgs/include/turtlebot3_msgs/turtlebot3_msgs/srv/detail/sound__functions.h
[2.068s] -- Up-to-date: /home/simone/tesi_ws/install/turtlebot3_msgs/include/turtlebot3_msgs/turtlebot3_msgs/srv/detail/sound__struct.h
[2.069s] -- Up-to-date: /home/simone/tesi_ws/install/turtlebot3_msgs/include/turtlebot3_msgs/turtlebot3_msgs/srv/detail/dqn__type_support.h
[2.069s] -- Up-to-date: /home/simone/tesi_ws/install/turtlebot3_msgs/include/turtlebot3_msgs/turtlebot3_msgs/srv/detail/sound__functions.c
[2.069s] -- Up-to-date: /home/simone/tesi_ws/install/turtlebot3_msgs/include/turtlebot3_msgs/turtlebot3_msgs/srv/detail/dqn__functions.h
[2.069s] -- Up-to-date: /home/simone/tesi_ws/install/turtlebot3_msgs/include/turtlebot3_msgs/turtlebot3_msgs/srv/detail/sound__type_support.h
[2.070s] -- Up-to-date: /home/simone/tesi_ws/install/turtlebot3_msgs/share/turtlebot3_msgs/environment/library_path.sh
[2.070s] -- Up-to-date: /home/simone/tesi_ws/install/turtlebot3_msgs/share/turtlebot3_msgs/environment/library_path.dsv
[2.072s] -- Up-to-date: /home/simone/tesi_ws/install/turtlebot3_msgs/lib/libturtlebot3_msgs__rosidl_generator_c.so
[2.072s] -- Up-to-date: /home/simone/tesi_ws/install/turtlebot3_msgs/include/turtlebot3_msgs/turtlebot3_msgs
[2.072s] -- Up-to-date: /home/simone/tesi_ws/install/turtlebot3_msgs/include/turtlebot3_msgs/turtlebot3_msgs/msg
[2.072s] -- Up-to-date: /home/simone/tesi_ws/install/turtlebot3_msgs/include/turtlebot3_msgs/turtlebot3_msgs/msg/detail
[2.073s] -- Up-to-date: /home/simone/tesi_ws/install/turtlebot3_msgs/include/turtlebot3_msgs/turtlebot3_msgs/msg/detail/sensor_state__rosidl_typesupport_fastrtps_c.h
[2.073s] -- Up-to-date: /home/simone/tesi_ws/install/turtlebot3_msgs/include/turtlebot3_msgs/turtlebot3_msgs/msg/detail/sound__rosidl_typesupport_fastrtps_c.h
[2.073s] -- Up-to-date: /home/simone/tesi_ws/install/turtlebot3_msgs/include/turtlebot3_msgs/turtlebot3_msgs/msg/detail/version_info__rosidl_typesupport_fastrtps_c.h
[2.075s] -- Up-to-date: /home/simone/tesi_ws/install/turtlebot3_msgs/include/turtlebot3_msgs/turtlebot3_msgs/msg/rosidl_typesupport_fastrtps_c__visibility_control.h
[2.075s] -- Up-to-date: /home/simone/tesi_ws/install/turtlebot3_msgs/include/turtlebot3_msgs/turtlebot3_msgs/action
[2.075s] -- Up-to-date: /home/simone/tesi_ws/install/turtlebot3_msgs/include/turtlebot3_msgs/turtlebot3_msgs/action/detail
[2.075s] -- Up-to-date: /home/simone/tesi_ws/install/turtlebot3_msgs/include/turtlebot3_msgs/turtlebot3_msgs/action/detail/patrol__rosidl_typesupport_fastrtps_c.h
[2.075s] -- Up-to-date: /home/simone/tesi_ws/install/turtlebot3_msgs/include/turtlebot3_msgs/turtlebot3_msgs/srv
[2.076s] -- Up-to-date: /home/simone/tesi_ws/install/turtlebot3_msgs/include/turtlebot3_msgs/turtlebot3_msgs/srv/detail
[2.076s] -- Up-to-date: /home/simone/tesi_ws/install/turtlebot3_msgs/include/turtlebot3_msgs/turtlebot3_msgs/srv/detail/dqn__rosidl_typesupport_fastrtps_c.h
[2.077s] -- Up-to-date: /home/simone/tesi_ws/install/turtlebot3_msgs/include/turtlebot3_msgs/turtlebot3_msgs/srv/detail/sound__rosidl_typesupport_fastrtps_c.h
[2.077s] -- Up-to-date: /home/simone/tesi_ws/install/turtlebot3_msgs/lib/libturtlebot3_msgs__rosidl_typesupport_fastrtps_c.so
[2.077s] -- Up-to-date: /home/simone/tesi_ws/install/turtlebot3_msgs/include/turtlebot3_msgs/turtlebot3_msgs
[2.077s] -- Up-to-date: /home/simone/tesi_ws/install/turtlebot3_msgs/include/turtlebot3_msgs/turtlebot3_msgs/msg
[2.077s] -- Up-to-date: /home/simone/tesi_ws/install/turtlebot3_msgs/include/turtlebot3_msgs/turtlebot3_msgs/msg/sound.hpp
[2.077s] -- Up-to-date: /home/simone/tesi_ws/install/turtlebot3_msgs/include/turtlebot3_msgs/turtlebot3_msgs/msg/sensor_state.hpp
[2.078s] -- Up-to-date: /home/simone/tesi_ws/install/turtlebot3_msgs/include/turtlebot3_msgs/turtlebot3_msgs/msg/version_info.hpp
[2.078s] -- Up-to-date: /home/simone/tesi_ws/install/turtlebot3_msgs/include/turtlebot3_msgs/turtlebot3_msgs/msg/detail
[2.078s] -- Up-to-date: /home/simone/tesi_ws/install/turtlebot3_msgs/include/turtlebot3_msgs/turtlebot3_msgs/msg/detail/sound__struct.hpp
[2.078s] -- Up-to-date: /home/simone/tesi_ws/install/turtlebot3_msgs/include/turtlebot3_msgs/turtlebot3_msgs/msg/detail/sensor_state__struct.hpp
[2.078s] -- Up-to-date: /home/simone/tesi_ws/install/turtlebot3_msgs/include/turtlebot3_msgs/turtlebot3_msgs/msg/detail/version_info__traits.hpp
[2.079s] -- Up-to-date: /home/simone/tesi_ws/install/turtlebot3_msgs/include/turtlebot3_msgs/turtlebot3_msgs/msg/detail/version_info__struct.hpp
[2.079s] -- Up-to-date: /home/simone/tesi_ws/install/turtlebot3_msgs/include/turtlebot3_msgs/turtlebot3_msgs/msg/detail/sound__traits.hpp
[2.079s] -- Up-to-date: /home/simone/tesi_ws/install/turtlebot3_msgs/include/turtlebot3_msgs/turtlebot3_msgs/msg/detail/version_info__builder.hpp
[2.079s] -- Up-to-date: /home/simone/tesi_ws/install/turtlebot3_msgs/include/turtlebot3_msgs/turtlebot3_msgs/msg/detail/sensor_state__traits.hpp
[2.080s] -- Up-to-date: /home/simone/tesi_ws/install/turtlebot3_msgs/include/turtlebot3_msgs/turtlebot3_msgs/msg/detail/sound__builder.hpp
[2.080s] -- Up-to-date: /home/simone/tesi_ws/install/turtlebot3_msgs/include/turtlebot3_msgs/turtlebot3_msgs/msg/detail/sensor_state__builder.hpp
[2.080s] -- Up-to-date: /home/simone/tesi_ws/install/turtlebot3_msgs/include/turtlebot3_msgs/turtlebot3_msgs/action
[2.080s] -- Up-to-date: /home/simone/tesi_ws/install/turtlebot3_msgs/include/turtlebot3_msgs/turtlebot3_msgs/action/patrol.hpp
[2.080s] -- Up-to-date: /home/simone/tesi_ws/install/turtlebot3_msgs/include/turtlebot3_msgs/turtlebot3_msgs/action/detail
[2.081s] -- Up-to-date: /home/simone/tesi_ws/install/turtlebot3_msgs/include/turtlebot3_msgs/turtlebot3_msgs/action/detail/patrol__struct.hpp
[2.081s] -- Up-to-date: /home/simone/tesi_ws/install/turtlebot3_msgs/include/turtlebot3_msgs/turtlebot3_msgs/action/detail/patrol__builder.hpp
[2.081s] -- Up-to-date: /home/simone/tesi_ws/install/turtlebot3_msgs/include/turtlebot3_msgs/turtlebot3_msgs/action/detail/patrol__traits.hpp
[2.081s] -- Up-to-date: /home/simone/tesi_ws/install/turtlebot3_msgs/include/turtlebot3_msgs/turtlebot3_msgs/srv
[2.088s] -- Up-to-date: /home/simone/tesi_ws/install/turtlebot3_msgs/include/turtlebot3_msgs/turtlebot3_msgs/srv/sound.hpp
[2.088s] -- Up-to-date: /home/simone/tesi_ws/install/turtlebot3_msgs/include/turtlebot3_msgs/turtlebot3_msgs/srv/dqn.hpp
[2.088s] -- Up-to-date: /home/simone/tesi_ws/install/turtlebot3_msgs/include/turtlebot3_msgs/turtlebot3_msgs/srv/detail
[2.089s] -- Up-to-date: /home/simone/tesi_ws/install/turtlebot3_msgs/include/turtlebot3_msgs/turtlebot3_msgs/srv/detail/sound__struct.hpp
[2.089s] -- Up-to-date: /home/simone/tesi_ws/install/turtlebot3_msgs/include/turtlebot3_msgs/turtlebot3_msgs/srv/detail/dqn__traits.hpp
[2.089s] -- Up-to-date: /home/simone/tesi_ws/install/turtlebot3_msgs/include/turtlebot3_msgs/turtlebot3_msgs/srv/detail/dqn__builder.hpp
[2.089s] -- Up-to-date: /home/simone/tesi_ws/install/turtlebot3_msgs/include/turtlebot3_msgs/turtlebot3_msgs/srv/detail/dqn__struct.hpp
[2.095s] -- Up-to-date: /home/simone/tesi_ws/install/turtlebot3_msgs/include/turtlebot3_msgs/turtlebot3_msgs/srv/detail/sound__traits.hpp
[2.096s] -- Up-to-date: /home/simone/tesi_ws/install/turtlebot3_msgs/include/turtlebot3_msgs/turtlebot3_msgs/srv/detail/sound__builder.hpp
[2.096s] -- Up-to-date: /home/simone/tesi_ws/install/turtlebot3_msgs/include/turtlebot3_msgs/turtlebot3_msgs
[2.096s] -- Up-to-date: /home/simone/tesi_ws/install/turtlebot3_msgs/include/turtlebot3_msgs/turtlebot3_msgs/msg
[2.096s] -- Up-to-date: /home/simone/tesi_ws/install/turtlebot3_msgs/include/turtlebot3_msgs/turtlebot3_msgs/msg/detail
[2.096s] -- Up-to-date: /home/simone/tesi_ws/install/turtlebot3_msgs/include/turtlebot3_msgs/turtlebot3_msgs/msg/detail/dds_fastrtps
[2.097s] -- Up-to-date: /home/simone/tesi_ws/install/turtlebot3_msgs/include/turtlebot3_msgs/turtlebot3_msgs/msg/detail/sound__rosidl_typesupport_fastrtps_cpp.hpp
[2.097s] -- Up-to-date: /home/simone/tesi_ws/install/turtlebot3_msgs/include/turtlebot3_msgs/turtlebot3_msgs/msg/detail/sensor_state__rosidl_typesupport_fastrtps_cpp.hpp
[2.097s] -- Up-to-date: /home/simone/tesi_ws/install/turtlebot3_msgs/include/turtlebot3_msgs/turtlebot3_msgs/msg/detail/version_info__rosidl_typesupport_fastrtps_cpp.hpp
[2.097s] -- Up-to-date: /home/simone/tesi_ws/install/turtlebot3_msgs/include/turtlebot3_msgs/turtlebot3_msgs/msg/rosidl_typesupport_fastrtps_cpp__visibility_control.h
[2.097s] -- Up-to-date: /home/simone/tesi_ws/install/turtlebot3_msgs/include/turtlebot3_msgs/turtlebot3_msgs/action
[2.098s] -- Up-to-date: /home/simone/tesi_ws/install/turtlebot3_msgs/include/turtlebot3_msgs/turtlebot3_msgs/action/detail
[2.098s] -- Up-to-date: /home/simone/tesi_ws/install/turtlebot3_msgs/include/turtlebot3_msgs/turtlebot3_msgs/action/detail/dds_fastrtps
[2.098s] -- Up-to-date: /home/simone/tesi_ws/install/turtlebot3_msgs/include/turtlebot3_msgs/turtlebot3_msgs/action/detail/patrol__rosidl_typesupport_fastrtps_cpp.hpp
[2.098s] -- Up-to-date: /home/simone/tesi_ws/install/turtlebot3_msgs/include/turtlebot3_msgs/turtlebot3_msgs/srv
[2.099s] -- Up-to-date: /home/simone/tesi_ws/install/turtlebot3_msgs/include/turtlebot3_msgs/turtlebot3_msgs/srv/detail
[2.099s] -- Up-to-date: /home/simone/tesi_ws/install/turtlebot3_msgs/include/turtlebot3_msgs/turtlebot3_msgs/srv/detail/dds_fastrtps
[2.099s] -- Up-to-date: /home/simone/tesi_ws/install/turtlebot3_msgs/include/turtlebot3_msgs/turtlebot3_msgs/srv/detail/dqn__rosidl_typesupport_fastrtps_cpp.hpp
[2.099s] -- Up-to-date: /home/simone/tesi_ws/install/turtlebot3_msgs/include/turtlebot3_msgs/turtlebot3_msgs/srv/detail/sound__rosidl_typesupport_fastrtps_cpp.hpp
[2.099s] -- Up-to-date: /home/simone/tesi_ws/install/turtlebot3_msgs/lib/libturtlebot3_msgs__rosidl_typesupport_fastrtps_cpp.so
[2.100s] -- Up-to-date: /home/simone/tesi_ws/install/turtlebot3_msgs/include/turtlebot3_msgs/turtlebot3_msgs
[2.100s] -- Up-to-date: /home/simone/tesi_ws/install/turtlebot3_msgs/include/turtlebot3_msgs/turtlebot3_msgs/msg
[2.100s] -- Up-to-date: /home/simone/tesi_ws/install/turtlebot3_msgs/include/turtlebot3_msgs/turtlebot3_msgs/msg/rosidl_typesupport_introspection_c__visibility_control.h
[2.100s] -- Up-to-date: /home/simone/tesi_ws/install/turtlebot3_msgs/include/turtlebot3_msgs/turtlebot3_msgs/msg/detail
[2.100s] -- Up-to-date: /home/simone/tesi_ws/install/turtlebot3_msgs/include/turtlebot3_msgs/turtlebot3_msgs/msg/detail/sensor_state__rosidl_typesupport_introspection_c.h
[2.101s] -- Up-to-date: /home/simone/tesi_ws/install/turtlebot3_msgs/include/turtlebot3_msgs/turtlebot3_msgs/msg/detail/sound__type_support.c
[2.101s] -- Up-to-date: /home/simone/tesi_ws/install/turtlebot3_msgs/include/turtlebot3_msgs/turtlebot3_msgs/msg/detail/version_info__type_support.c
[2.101s] -- Up-to-date: /home/simone/tesi_ws/install/turtlebot3_msgs/include/turtlebot3_msgs/turtlebot3_msgs/msg/detail/sound__rosidl_typesupport_introspection_c.h
[2.102s] -- Up-to-date: /home/simone/tesi_ws/install/turtlebot3_msgs/include/turtlebot3_msgs/turtlebot3_msgs/msg/detail/version_info__rosidl_typesupport_introspection_c.h
[2.102s] -- Up-to-date: /home/simone/tesi_ws/install/turtlebot3_msgs/include/turtlebot3_msgs/turtlebot3_msgs/msg/detail/sensor_state__type_support.c
[2.102s] -- Up-to-date: /home/simone/tesi_ws/install/turtlebot3_msgs/include/turtlebot3_msgs/turtlebot3_msgs/action
[2.102s] -- Up-to-date: /home/simone/tesi_ws/install/turtlebot3_msgs/include/turtlebot3_msgs/turtlebot3_msgs/action/detail
[2.103s] -- Up-to-date: /home/simone/tesi_ws/install/turtlebot3_msgs/include/turtlebot3_msgs/turtlebot3_msgs/action/detail/patrol__rosidl_typesupport_introspection_c.h
[2.103s] -- Up-to-date: /home/simone/tesi_ws/install/turtlebot3_msgs/include/turtlebot3_msgs/turtlebot3_msgs/action/detail/patrol__type_support.c
[2.103s] -- Up-to-date: /home/simone/tesi_ws/install/turtlebot3_msgs/include/turtlebot3_msgs/turtlebot3_msgs/srv
[2.103s] -- Up-to-date: /home/simone/tesi_ws/install/turtlebot3_msgs/include/turtlebot3_msgs/turtlebot3_msgs/srv/detail
[2.103s] -- Up-to-date: /home/simone/tesi_ws/install/turtlebot3_msgs/include/turtlebot3_msgs/turtlebot3_msgs/srv/detail/dqn__type_support.c
[2.104s] -- Up-to-date: /home/simone/tesi_ws/install/turtlebot3_msgs/include/turtlebot3_msgs/turtlebot3_msgs/srv/detail/sound__type_support.c
[2.104s] -- Up-to-date: /home/simone/tesi_ws/install/turtlebot3_msgs/include/turtlebot3_msgs/turtlebot3_msgs/srv/detail/sound__rosidl_typesupport_introspection_c.h
[2.104s] -- Up-to-date: /home/simone/tesi_ws/install/turtlebot3_msgs/include/turtlebot3_msgs/turtlebot3_msgs/srv/detail/dqn__rosidl_typesupport_introspection_c.h
[2.104s] -- Up-to-date: /home/simone/tesi_ws/install/turtlebot3_msgs/lib/libturtlebot3_msgs__rosidl_typesupport_introspection_c.so
[2.104s] -- Up-to-date: /home/simone/tesi_ws/install/turtlebot3_msgs/lib/libturtlebot3_msgs__rosidl_typesupport_c.so
[2.105s] -- Up-to-date: /home/simone/tesi_ws/install/turtlebot3_msgs/include/turtlebot3_msgs/turtlebot3_msgs
[2.106s] -- Up-to-date: /home/simone/tesi_ws/install/turtlebot3_msgs/include/turtlebot3_msgs/turtlebot3_msgs/msg
[2.106s] -- Up-to-date: /home/simone/tesi_ws/install/turtlebot3_msgs/include/turtlebot3_msgs/turtlebot3_msgs/msg/detail
[2.107s] -- Up-to-date: /home/simone/tesi_ws/install/turtlebot3_msgs/include/turtlebot3_msgs/turtlebot3_msgs/msg/detail/sound__type_support.cpp
[2.107s] -- Up-to-date: /home/simone/tesi_ws/install/turtlebot3_msgs/include/turtlebot3_msgs/turtlebot3_msgs/msg/detail/version_info__type_support.cpp
[2.107s] -- Up-to-date: /home/simone/tesi_ws/install/turtlebot3_msgs/include/turtlebot3_msgs/turtlebot3_msgs/msg/detail/sound__rosidl_typesupport_introspection_cpp.hpp
[2.107s] -- Up-to-date: /home/simone/tesi_ws/install/turtlebot3_msgs/include/turtlebot3_msgs/turtlebot3_msgs/msg/detail/sensor_state__type_support.cpp
[2.108s] -- Up-to-date: /home/simone/tesi_ws/install/turtlebot3_msgs/include/turtlebot3_msgs/turtlebot3_msgs/msg/detail/sensor_state__rosidl_typesupport_introspection_cpp.hpp
[2.108s] -- Up-to-date: /home/simone/tesi_ws/install/turtlebot3_msgs/include/turtlebot3_msgs/turtlebot3_msgs/msg/detail/version_info__rosidl_typesupport_introspection_cpp.hpp
[2.108s] -- Up-to-date: /home/simone/tesi_ws/install/turtlebot3_msgs/include/turtlebot3_msgs/turtlebot3_msgs/action
[2.108s] -- Up-to-date: /home/simone/tesi_ws/install/turtlebot3_msgs/include/turtlebot3_msgs/turtlebot3_msgs/action/detail
[2.110s] -- Up-to-date: /home/simone/tesi_ws/install/turtlebot3_msgs/include/turtlebot3_msgs/turtlebot3_msgs/action/detail/patrol__type_support.cpp
[2.111s] -- Up-to-date: /home/simone/tesi_ws/install/turtlebot3_msgs/include/turtlebot3_msgs/turtlebot3_msgs/action/detail/patrol__rosidl_typesupport_introspection_cpp.hpp
[2.111s] -- Up-to-date: /home/simone/tesi_ws/install/turtlebot3_msgs/include/turtlebot3_msgs/turtlebot3_msgs/srv
[2.112s] -- Up-to-date: /home/simone/tesi_ws/install/turtlebot3_msgs/include/turtlebot3_msgs/turtlebot3_msgs/srv/detail
[2.112s] -- Up-to-date: /home/simone/tesi_ws/install/turtlebot3_msgs/include/turtlebot3_msgs/turtlebot3_msgs/srv/detail/sound__type_support.cpp
[2.113s] -- Up-to-date: /home/simone/tesi_ws/install/turtlebot3_msgs/include/turtlebot3_msgs/turtlebot3_msgs/srv/detail/dqn__type_support.cpp
[2.113s] -- Up-to-date: /home/simone/tesi_ws/install/turtlebot3_msgs/include/turtlebot3_msgs/turtlebot3_msgs/srv/detail/sound__rosidl_typesupport_introspection_cpp.hpp
[2.113s] -- Up-to-date: /home/simone/tesi_ws/install/turtlebot3_msgs/include/turtlebot3_msgs/turtlebot3_msgs/srv/detail/dqn__rosidl_typesupport_introspection_cpp.hpp
[2.113s] -- Up-to-date: /home/simone/tesi_ws/install/turtlebot3_msgs/lib/libturtlebot3_msgs__rosidl_typesupport_introspection_cpp.so
[2.114s] -- Up-to-date: /home/simone/tesi_ws/install/turtlebot3_msgs/lib/libturtlebot3_msgs__rosidl_typesupport_cpp.so
[2.114s] -- Up-to-date: /home/simone/tesi_ws/install/turtlebot3_msgs/share/turtlebot3_msgs/environment/pythonpath.sh
[2.117s] -- Up-to-date: /home/simone/tesi_ws/install/turtlebot3_msgs/share/turtlebot3_msgs/environment/pythonpath.dsv
[2.118s] -- Up-to-date: /home/simone/tesi_ws/install/turtlebot3_msgs/local/lib/python3.10/dist-packages/turtlebot3_msgs-2.2.3-py3.10.egg-info
[2.118s] -- Installing: /home/simone/tesi_ws/install/turtlebot3_msgs/local/lib/python3.10/dist-packages/turtlebot3_msgs-2.2.3-py3.10.egg-info/top_level.txt
[2.118s] -- Installing: /home/simone/tesi_ws/install/turtlebot3_msgs/local/lib/python3.10/dist-packages/turtlebot3_msgs-2.2.3-py3.10.egg-info/PKG-INFO
[2.119s] -- Installing: /home/simone/tesi_ws/install/turtlebot3_msgs/local/lib/python3.10/dist-packages/turtlebot3_msgs-2.2.3-py3.10.egg-info/SOURCES.txt
[2.119s] -- Installing: /home/simone/tesi_ws/install/turtlebot3_msgs/local/lib/python3.10/dist-packages/turtlebot3_msgs-2.2.3-py3.10.egg-info/dependency_links.txt
[2.119s] -- Up-to-date: /home/simone/tesi_ws/install/turtlebot3_msgs/local/lib/python3.10/dist-packages/turtlebot3_msgs
[2.120s] -- Up-to-date: /home/simone/tesi_ws/install/turtlebot3_msgs/local/lib/python3.10/dist-packages/turtlebot3_msgs/_turtlebot3_msgs_s.ep.rosidl_typesupport_fastrtps_c.c
[2.120s] -- Up-to-date: /home/simone/tesi_ws/install/turtlebot3_msgs/local/lib/python3.10/dist-packages/turtlebot3_msgs/msg
[2.121s] -- Up-to-date: /home/simone/tesi_ws/install/turtlebot3_msgs/local/lib/python3.10/dist-packages/turtlebot3_msgs/msg/_sound_s.c
[2.121s] -- Up-to-date: /home/simone/tesi_ws/install/turtlebot3_msgs/local/lib/python3.10/dist-packages/turtlebot3_msgs/msg/_sensor_state.py
[2.122s] -- Up-to-date: /home/simone/tesi_ws/install/turtlebot3_msgs/local/lib/python3.10/dist-packages/turtlebot3_msgs/msg/_version_info_s.c
[2.123s] -- Up-to-date: /home/simone/tesi_ws/install/turtlebot3_msgs/local/lib/python3.10/dist-packages/turtlebot3_msgs/msg/__init__.py
[2.123s] -- Up-to-date: /home/simone/tesi_ws/install/turtlebot3_msgs/local/lib/python3.10/dist-packages/turtlebot3_msgs/msg/_version_info.py
[2.124s] -- Up-to-date: /home/simone/tesi_ws/install/turtlebot3_msgs/local/lib/python3.10/dist-packages/turtlebot3_msgs/msg/_sound.py
[2.124s] -- Up-to-date: /home/simone/tesi_ws/install/turtlebot3_msgs/local/lib/python3.10/dist-packages/turtlebot3_msgs/msg/_sensor_state_s.c
[2.125s] -- Up-to-date: /home/simone/tesi_ws/install/turtlebot3_msgs/local/lib/python3.10/dist-packages/turtlebot3_msgs/_turtlebot3_msgs_s.ep.rosidl_typesupport_c.c
[2.127s] -- Up-to-date: /home/simone/tesi_ws/install/turtlebot3_msgs/local/lib/python3.10/dist-packages/turtlebot3_msgs/_turtlebot3_msgs_s.ep.rosidl_typesupport_introspection_c.c
[2.127s] -- Up-to-date: /home/simone/tesi_ws/install/turtlebot3_msgs/local/lib/python3.10/dist-packages/turtlebot3_msgs/action
[2.128s] -- Up-to-date: /home/simone/tesi_ws/install/turtlebot3_msgs/local/lib/python3.10/dist-packages/turtlebot3_msgs/action/_patrol_s.c
[2.128s] -- Up-to-date: /home/simone/tesi_ws/install/turtlebot3_msgs/local/lib/python3.10/dist-packages/turtlebot3_msgs/action/_patrol.py
[2.128s] -- Up-to-date: /home/simone/tesi_ws/install/turtlebot3_msgs/local/lib/python3.10/dist-packages/turtlebot3_msgs/action/__init__.py
[2.128s] -- Up-to-date: /home/simone/tesi_ws/install/turtlebot3_msgs/local/lib/python3.10/dist-packages/turtlebot3_msgs/turtlebot3_msgs_s__rosidl_typesupport_introspection_c.cpython-310-x86_64-linux-gnu.so
[2.128s] -- Up-to-date: /home/simone/tesi_ws/install/turtlebot3_msgs/local/lib/python3.10/dist-packages/turtlebot3_msgs/libturtlebot3_msgs__rosidl_generator_py.so
[2.129s] -- Up-to-date: /home/simone/tesi_ws/install/turtlebot3_msgs/local/lib/python3.10/dist-packages/turtlebot3_msgs/srv
[2.129s] -- Up-to-date: /home/simone/tesi_ws/install/turtlebot3_msgs/local/lib/python3.10/dist-packages/turtlebot3_msgs/srv/_dqn_s.c
[2.129s] -- Up-to-date: /home/simone/tesi_ws/install/turtlebot3_msgs/local/lib/python3.10/dist-packages/turtlebot3_msgs/srv/_sound_s.c
[2.130s] -- Up-to-date: /home/simone/tesi_ws/install/turtlebot3_msgs/local/lib/python3.10/dist-packages/turtlebot3_msgs/srv/_dqn.py
[2.130s] -- Up-to-date: /home/simone/tesi_ws/install/turtlebot3_msgs/local/lib/python3.10/dist-packages/turtlebot3_msgs/srv/__init__.py
[2.130s] -- Up-to-date: /home/simone/tesi_ws/install/turtlebot3_msgs/local/lib/python3.10/dist-packages/turtlebot3_msgs/srv/_sound.py
[2.130s] -- Up-to-date: /home/simone/tesi_ws/install/turtlebot3_msgs/local/lib/python3.10/dist-packages/turtlebot3_msgs/__init__.py
[2.130s] -- Up-to-date: /home/simone/tesi_ws/install/turtlebot3_msgs/local/lib/python3.10/dist-packages/turtlebot3_msgs/turtlebot3_msgs_s__rosidl_typesupport_fastrtps_c.cpython-310-x86_64-linux-gnu.so
[2.131s] -- Up-to-date: /home/simone/tesi_ws/install/turtlebot3_msgs/local/lib/python3.10/dist-packages/turtlebot3_msgs/turtlebot3_msgs_s__rosidl_typesupport_c.cpython-310-x86_64-linux-gnu.so
[2.131s] Listing '/home/simone/tesi_ws/install/turtlebot3_msgs/local/lib/python3.10/dist-packages/turtlebot3_msgs'...
[2.132s] Listing '/home/simone/tesi_ws/install/turtlebot3_msgs/local/lib/python3.10/dist-packages/turtlebot3_msgs/action'...
[2.132s] Listing '/home/simone/tesi_ws/install/turtlebot3_msgs/local/lib/python3.10/dist-packages/turtlebot3_msgs/msg'...
[2.132s] Listing '/home/simone/tesi_ws/install/turtlebot3_msgs/local/lib/python3.10/dist-packages/turtlebot3_msgs/srv'...
[2.143s] -- Up-to-date: /home/simone/tesi_ws/install/turtlebot3_msgs/local/lib/python3.10/dist-packages/turtlebot3_msgs/turtlebot3_msgs_s__rosidl_typesupport_fastrtps_c.cpython-310-x86_64-linux-gnu.so
[2.143s] -- Up-to-date: /home/simone/tesi_ws/install/turtlebot3_msgs/local/lib/python3.10/dist-packages/turtlebot3_msgs/turtlebot3_msgs_s__rosidl_typesupport_introspection_c.cpython-310-x86_64-linux-gnu.so
[2.143s] -- Up-to-date: /home/simone/tesi_ws/install/turtlebot3_msgs/local/lib/python3.10/dist-packages/turtlebot3_msgs/turtlebot3_msgs_s__rosidl_typesupport_c.cpython-310-x86_64-linux-gnu.so
[2.146s] -- Up-to-date: /home/simone/tesi_ws/install/turtlebot3_msgs/lib/libturtlebot3_msgs__rosidl_generator_py.so
[2.146s] -- Up-to-date: /home/simone/tesi_ws/install/turtlebot3_msgs/share/turtlebot3_msgs/msg/SensorState.idl
[2.147s] -- Up-to-date: /home/simone/tesi_ws/install/turtlebot3_msgs/share/turtlebot3_msgs/msg/Sound.idl
[2.147s] -- Up-to-date: /home/simone/tesi_ws/install/turtlebot3_msgs/share/turtlebot3_msgs/msg/VersionInfo.idl
[2.147s] -- Up-to-date: /home/simone/tesi_ws/install/turtlebot3_msgs/share/turtlebot3_msgs/srv/Sound.idl
[2.147s] -- Up-to-date: /home/simone/tesi_ws/install/turtlebot3_msgs/share/turtlebot3_msgs/srv/Dqn.idl
[2.148s] -- Up-to-date: /home/simone/tesi_ws/install/turtlebot3_msgs/share/turtlebot3_msgs/action/Patrol.idl
[2.148s] -- Up-to-date: /home/simone/tesi_ws/install/turtlebot3_msgs/share/turtlebot3_msgs/msg/SensorState.msg
[2.149s] -- Up-to-date: /home/simone/tesi_ws/install/turtlebot3_msgs/share/turtlebot3_msgs/msg/Sound.msg
[2.149s] -- Up-to-date: /home/simone/tesi_ws/install/turtlebot3_msgs/share/turtlebot3_msgs/msg/VersionInfo.msg
[2.149s] -- Up-to-date: /home/simone/tesi_ws/install/turtlebot3_msgs/share/turtlebot3_msgs/srv/Sound.srv
[2.149s] -- Up-to-date: /home/simone/tesi_ws/install/turtlebot3_msgs/share/turtlebot3_msgs/srv/Sound_Request.msg
[2.149s] -- Up-to-date: /home/simone/tesi_ws/install/turtlebot3_msgs/share/turtlebot3_msgs/srv/Sound_Response.msg
[2.150s] -- Up-to-date: /home/simone/tesi_ws/install/turtlebot3_msgs/share/turtlebot3_msgs/srv/Dqn.srv
[2.150s] -- Up-to-date: /home/simone/tesi_ws/install/turtlebot3_msgs/share/turtlebot3_msgs/srv/Dqn_Request.msg
[2.150s] -- Up-to-date: /home/simone/tesi_ws/install/turtlebot3_msgs/share/turtlebot3_msgs/srv/Dqn_Response.msg
[2.150s] -- Up-to-date: /home/simone/tesi_ws/install/turtlebot3_msgs/share/turtlebot3_msgs/action/Patrol.action
[2.151s] -- Up-to-date: /home/simone/tesi_ws/install/turtlebot3_msgs/share/ament_index/resource_index/package_run_dependencies/turtlebot3_msgs
[2.151s] -- Up-to-date: /home/simone/tesi_ws/install/turtlebot3_msgs/share/ament_index/resource_index/parent_prefix_path/turtlebot3_msgs
[2.151s] -- Up-to-date: /home/simone/tesi_ws/install/turtlebot3_msgs/share/turtlebot3_msgs/environment/ament_prefix_path.sh
[2.152s] -- Up-to-date: /home/simone/tesi_ws/install/turtlebot3_msgs/share/turtlebot3_msgs/environment/ament_prefix_path.dsv
[2.152s] -- Up-to-date: /home/simone/tesi_ws/install/turtlebot3_msgs/share/turtlebot3_msgs/environment/path.sh
[2.152s] -- Up-to-date: /home/simone/tesi_ws/install/turtlebot3_msgs/share/turtlebot3_msgs/environment/path.dsv
[2.153s] -- Up-to-date: /home/simone/tesi_ws/install/turtlebot3_msgs/share/turtlebot3_msgs/local_setup.bash
[2.153s] -- Up-to-date: /home/simone/tesi_ws/install/turtlebot3_msgs/share/turtlebot3_msgs/local_setup.sh
[2.154s] -- Up-to-date: /home/simone/tesi_ws/install/turtlebot3_msgs/share/turtlebot3_msgs/local_setup.zsh
[2.154s] -- Up-to-date: /home/simone/tesi_ws/install/turtlebot3_msgs/share/turtlebot3_msgs/local_setup.dsv
[2.154s] -- Installing: /home/simone/tesi_ws/install/turtlebot3_msgs/share/turtlebot3_msgs/package.dsv
[2.155s] -- Up-to-date: /home/simone/tesi_ws/install/turtlebot3_msgs/share/ament_index/resource_index/packages/turtlebot3_msgs
[2.155s] -- Up-to-date: /home/simone/tesi_ws/install/turtlebot3_msgs/share/turtlebot3_msgs/cmake/export_turtlebot3_msgs__rosidl_generator_cExport.cmake
[2.155s] -- Up-to-date: /home/simone/tesi_ws/install/turtlebot3_msgs/share/turtlebot3_msgs/cmake/export_turtlebot3_msgs__rosidl_generator_cExport-noconfig.cmake
[2.156s] -- Up-to-date: /home/simone/tesi_ws/install/turtlebot3_msgs/share/turtlebot3_msgs/cmake/export_turtlebot3_msgs__rosidl_typesupport_fastrtps_cExport.cmake
[2.157s] -- Up-to-date: /home/simone/tesi_ws/install/turtlebot3_msgs/share/turtlebot3_msgs/cmake/export_turtlebot3_msgs__rosidl_typesupport_fastrtps_cExport-noconfig.cmake
[2.157s] -- Up-to-date: /home/simone/tesi_ws/install/turtlebot3_msgs/share/turtlebot3_msgs/cmake/export_turtlebot3_msgs__rosidl_generator_cppExport.cmake
[2.157s] -- Up-to-date: /home/simone/tesi_ws/install/turtlebot3_msgs/share/turtlebot3_msgs/cmake/export_turtlebot3_msgs__rosidl_typesupport_fastrtps_cppExport.cmake
[2.158s] -- Up-to-date: /home/simone/tesi_ws/install/turtlebot3_msgs/share/turtlebot3_msgs/cmake/export_turtlebot3_msgs__rosidl_typesupport_fastrtps_cppExport-noconfig.cmake
[2.158s] -- Up-to-date: /home/simone/tesi_ws/install/turtlebot3_msgs/share/turtlebot3_msgs/cmake/turtlebot3_msgs__rosidl_typesupport_introspection_cExport.cmake
[2.158s] -- Up-to-date: /home/simone/tesi_ws/install/turtlebot3_msgs/share/turtlebot3_msgs/cmake/turtlebot3_msgs__rosidl_typesupport_introspection_cExport-noconfig.cmake
[2.158s] -- Up-to-date: /home/simone/tesi_ws/install/turtlebot3_msgs/share/turtlebot3_msgs/cmake/turtlebot3_msgs__rosidl_typesupport_cExport.cmake
[2.158s] -- Up-to-date: /home/simone/tesi_ws/install/turtlebot3_msgs/share/turtlebot3_msgs/cmake/turtlebot3_msgs__rosidl_typesupport_cExport-noconfig.cmake
[2.159s] -- Up-to-date: /home/simone/tesi_ws/install/turtlebot3_msgs/share/turtlebot3_msgs/cmake/turtlebot3_msgs__rosidl_typesupport_introspection_cppExport.cmake
[2.159s] -- Up-to-date: /home/simone/tesi_ws/install/turtlebot3_msgs/share/turtlebot3_msgs/cmake/turtlebot3_msgs__rosidl_typesupport_introspection_cppExport-noconfig.cmake
[2.159s] -- Up-to-date: /home/simone/tesi_ws/install/turtlebot3_msgs/share/turtlebot3_msgs/cmake/turtlebot3_msgs__rosidl_typesupport_cppExport.cmake
[2.159s] -- Up-to-date: /home/simone/tesi_ws/install/turtlebot3_msgs/share/turtlebot3_msgs/cmake/turtlebot3_msgs__rosidl_typesupport_cppExport-noconfig.cmake
[2.159s] -- Up-to-date: /home/simone/tesi_ws/install/turtlebot3_msgs/share/turtlebot3_msgs/cmake/export_turtlebot3_msgs__rosidl_generator_pyExport.cmake
[2.159s] -- Up-to-date: /home/simone/tesi_ws/install/turtlebot3_msgs/share/turtlebot3_msgs/cmake/export_turtlebot3_msgs__rosidl_generator_pyExport-noconfig.cmake
[2.160s] -- Up-to-date: /home/simone/tesi_ws/install/turtlebot3_msgs/share/turtlebot3_msgs/cmake/rosidl_cmake-extras.cmake
[2.160s] -- Up-to-date: /home/simone/tesi_ws/install/turtlebot3_msgs/share/turtlebot3_msgs/cmake/ament_cmake_export_dependencies-extras.cmake
[2.160s] -- Up-to-date: /home/simone/tesi_ws/install/turtlebot3_msgs/share/turtlebot3_msgs/cmake/ament_cmake_export_include_directories-extras.cmake
[2.161s] -- Up-to-date: /home/simone/tesi_ws/install/turtlebot3_msgs/share/turtlebot3_msgs/cmake/ament_cmake_export_libraries-extras.cmake
[2.161s] -- Up-to-date: /home/simone/tesi_ws/install/turtlebot3_msgs/share/turtlebot3_msgs/cmake/ament_cmake_export_targets-extras.cmake
[2.161s] -- Up-to-date: /home/simone/tesi_ws/install/turtlebot3_msgs/share/turtlebot3_msgs/cmake/rosidl_cmake_export_typesupport_targets-extras.cmake
[2.161s] -- Up-to-date: /home/simone/tesi_ws/install/turtlebot3_msgs/share/turtlebot3_msgs/cmake/rosidl_cmake_export_typesupport_libraries-extras.cmake
[2.162s] -- Up-to-date: /home/simone/tesi_ws/install/turtlebot3_msgs/share/turtlebot3_msgs/cmake/turtlebot3_msgsConfig.cmake
[2.162s] -- Up-to-date: /home/simone/tesi_ws/install/turtlebot3_msgs/share/turtlebot3_msgs/cmake/turtlebot3_msgsConfig-version.cmake
[2.163s] -- Up-to-date: /home/simone/tesi_ws/install/turtlebot3_msgs/share/turtlebot3_msgs/package.xml
[2.655s] Invoked command in '/home/simone/tesi_ws/build/turtlebot3_msgs' returned '0': CMAKE_PREFIX_PATH=${CMAKE_PREFIX_PATH}:/home/simone/tesi_ws/install/turtlebot3_teleop:/home/simone/tesi_ws/install/turtlebot3_example:/home/simone/tesi_ws/install/relocalization_pkg:/home/simone/tesi_ws/install/create_dataset:/opt/ros/humble /usr/bin/cmake --install /home/simone/tesi_ws/build/turtlebot3_msgs
