[2.341s] Invoking command in '/home/simone/tesi_ws/src/create_dataset': PYTHONPATH=/home/simone/tesi_ws/build/create_dataset/prefix_override:/home/simone/tesi_ws/install/create_dataset/lib/python3.10/site-packages:${PYTHONPATH} /usr/bin/python3 setup.py egg_info --egg-base ../../build/create_dataset build --build-base /home/simone/tesi_ws/build/create_dataset/build install --record /home/simone/tesi_ws/build/create_dataset/install.log --single-version-externally-managed
[2.648s] running egg_info
[2.649s] writing ../../build/create_dataset/create_dataset.egg-info/PKG-INFO
[2.650s] writing dependency_links to ../../build/create_dataset/create_dataset.egg-info/dependency_links.txt
[2.650s] writing entry points to ../../build/create_dataset/create_dataset.egg-info/entry_points.txt
[2.650s] writing requirements to ../../build/create_dataset/create_dataset.egg-info/requires.txt
[2.650s] writing top-level names to ../../build/create_dataset/create_dataset.egg-info/top_level.txt
[2.651s] reading manifest file '../../build/create_dataset/create_dataset.egg-info/SOURCES.txt'
[2.653s] writing manifest file '../../build/create_dataset/create_dataset.egg-info/SOURCES.txt'
[2.653s] running build
[2.655s] running build_py
[2.656s] running install
[2.656s] running install_lib
[2.657s] running install_data
[2.658s] running install_egg_info
[2.659s] removing '/home/simone/tesi_ws/install/create_dataset/lib/python3.10/site-packages/create_dataset-0.0.0-py3.10.egg-info' (and everything under it)
[2.659s] Copying ../../build/create_dataset/create_dataset.egg-info to /home/simone/tesi_ws/install/create_dataset/lib/python3.10/site-packages/create_dataset-0.0.0-py3.10.egg-info
[2.659s] running install_scripts
[2.689s] Installing image_capture_node script to /home/simone/tesi_ws/install/create_dataset/lib/create_dataset
[2.689s] Installing reloc_capture_node script to /home/simone/tesi_ws/install/create_dataset/lib/create_dataset
[2.691s] writing list of installed files to '/home/simone/tesi_ws/build/create_dataset/install.log'
[3.242s] Invoked command in '/home/simone/tesi_ws/src/create_dataset' returned '0': PYTHONPATH=/home/simone/tesi_ws/build/create_dataset/prefix_override:/home/simone/tesi_ws/install/create_dataset/lib/python3.10/site-packages:${PYTHONPATH} /usr/bin/python3 setup.py egg_info --egg-base ../../build/create_dataset build --build-base /home/simone/tesi_ws/build/create_dataset/build install --record /home/simone/tesi_ws/build/create_dataset/install.log --single-version-externally-managed
