running egg_info
creating ../../build/relocalization_pkg/relocalization_pkg.egg-info
writing ../../build/relocalization_pkg/relocalization_pkg.egg-info/PKG-INFO
writing dependency_links to ../../build/relocalization_pkg/relocalization_pkg.egg-info/dependency_links.txt
writing entry points to ../../build/relocalization_pkg/relocalization_pkg.egg-info/entry_points.txt
writing requirements to ../../build/relocalization_pkg/relocalization_pkg.egg-info/requires.txt
writing top-level names to ../../build/relocalization_pkg/relocalization_pkg.egg-info/top_level.txt
writing manifest file '../../build/relocalization_pkg/relocalization_pkg.egg-info/SOURCES.txt'
reading manifest file '../../build/relocalization_pkg/relocalization_pkg.egg-info/SOURCES.txt'
writing manifest file '../../build/relocalization_pkg/relocalization_pkg.egg-info/SOURCES.txt'
running build
running build_py
creating /home/simone/tesi_ws/build/relocalization_pkg/build
creating /home/simone/tesi_ws/build/relocalization_pkg/build/lib
creating /home/simone/tesi_ws/build/relocalization_pkg/build/lib/relocalization_pkg
copying relocalization_pkg/pose_estimation_node.py -> /home/simone/tesi_ws/build/relocalization_pkg/build/lib/relocalization_pkg
copying relocalization_pkg/show_poses_node.py -> /home/simone/tesi_ws/build/relocalization_pkg/build/lib/relocalization_pkg
copying relocalization_pkg/acquire_query_node.py -> /home/simone/tesi_ws/build/relocalization_pkg/build/lib/relocalization_pkg
copying relocalization_pkg/reloc_eval_node.py -> /home/simone/tesi_ws/build/relocalization_pkg/build/lib/relocalization_pkg
copying relocalization_pkg/__init__.py -> /home/simone/tesi_ws/build/relocalization_pkg/build/lib/relocalization_pkg
copying relocalization_pkg/converge_to_pose_node.py -> /home/simone/tesi_ws/build/relocalization_pkg/build/lib/relocalization_pkg
running install
running install_lib
creating /home/simone/tesi_ws/install/relocalization_pkg/lib/python3.10/site-packages/relocalization_pkg
copying /home/simone/tesi_ws/build/relocalization_pkg/build/lib/relocalization_pkg/pose_estimation_node.py -> /home/simone/tesi_ws/install/relocalization_pkg/lib/python3.10/site-packages/relocalization_pkg
copying /home/simone/tesi_ws/build/relocalization_pkg/build/lib/relocalization_pkg/show_poses_node.py -> /home/simone/tesi_ws/install/relocalization_pkg/lib/python3.10/site-packages/relocalization_pkg
copying /home/simone/tesi_ws/build/relocalization_pkg/build/lib/relocalization_pkg/acquire_query_node.py -> /home/simone/tesi_ws/install/relocalization_pkg/lib/python3.10/site-packages/relocalization_pkg
copying /home/simone/tesi_ws/build/relocalization_pkg/build/lib/relocalization_pkg/reloc_eval_node.py -> /home/simone/tesi_ws/install/relocalization_pkg/lib/python3.10/site-packages/relocalization_pkg
copying /home/simone/tesi_ws/build/relocalization_pkg/build/lib/relocalization_pkg/__init__.py -> /home/simone/tesi_ws/install/relocalization_pkg/lib/python3.10/site-packages/relocalization_pkg
copying /home/simone/tesi_ws/build/relocalization_pkg/build/lib/relocalization_pkg/converge_to_pose_node.py -> /home/simone/tesi_ws/install/relocalization_pkg/lib/python3.10/site-packages/relocalization_pkg
byte-compiling /home/simone/tesi_ws/install/relocalization_pkg/lib/python3.10/site-packages/relocalization_pkg/pose_estimation_node.py to pose_estimation_node.cpython-310.pyc
byte-compiling /home/simone/tesi_ws/install/relocalization_pkg/lib/python3.10/site-packages/relocalization_pkg/show_poses_node.py to show_poses_node.cpython-310.pyc
byte-compiling /home/simone/tesi_ws/install/relocalization_pkg/lib/python3.10/site-packages/relocalization_pkg/acquire_query_node.py to acquire_query_node.cpython-310.pyc
byte-compiling /home/simone/tesi_ws/install/relocalization_pkg/lib/python3.10/site-packages/relocalization_pkg/reloc_eval_node.py to reloc_eval_node.cpython-310.pyc
byte-compiling /home/simone/tesi_ws/install/relocalization_pkg/lib/python3.10/site-packages/relocalization_pkg/__init__.py to __init__.cpython-310.pyc
byte-compiling /home/simone/tesi_ws/install/relocalization_pkg/lib/python3.10/site-packages/relocalization_pkg/converge_to_pose_node.py to converge_to_pose_node.cpython-310.pyc
running install_data
creating /home/simone/tesi_ws/install/relocalization_pkg/share/ament_index
creating /home/simone/tesi_ws/install/relocalization_pkg/share/ament_index/resource_index
creating /home/simone/tesi_ws/install/relocalization_pkg/share/ament_index/resource_index/packages
copying resource/relocalization_pkg -> /home/simone/tesi_ws/install/relocalization_pkg/share/ament_index/resource_index/packages
copying package.xml -> /home/simone/tesi_ws/install/relocalization_pkg/share/relocalization_pkg
creating /home/simone/tesi_ws/install/relocalization_pkg/share/relocalization_pkg/launch
copying launch/relocalization.launch.py -> /home/simone/tesi_ws/install/relocalization_pkg/share/relocalization_pkg/launch
creating /home/simone/tesi_ws/install/relocalization_pkg/share/relocalization_pkg/params
copying params/nav2_params.yaml -> /home/simone/tesi_ws/install/relocalization_pkg/share/relocalization_pkg/params
creating /home/simone/tesi_ws/install/relocalization_pkg/share/relocalization_pkg/rviz
copying rviz/relocalization.rviz -> /home/simone/tesi_ws/install/relocalization_pkg/share/relocalization_pkg/rviz
creating /home/simone/tesi_ws/install/relocalization_pkg/share/relocalization_pkg/maps
copying maps/new_indoor_save.yaml -> /home/simone/tesi_ws/install/relocalization_pkg/share/relocalization_pkg/maps
copying maps/my_map_v2.yaml -> /home/simone/tesi_ws/install/relocalization_pkg/share/relocalization_pkg/maps
copying maps/indoor.yaml -> /home/simone/tesi_ws/install/relocalization_pkg/share/relocalization_pkg/maps
copying maps/my_map_v2.pgm -> /home/simone/tesi_ws/install/relocalization_pkg/share/relocalization_pkg/maps
copying maps/new_indoor_save.pgm -> /home/simone/tesi_ws/install/relocalization_pkg/share/relocalization_pkg/maps
copying maps/indoor.pgm -> /home/simone/tesi_ws/install/relocalization_pkg/share/relocalization_pkg/maps
creating /home/simone/tesi_ws/install/relocalization_pkg/share/relocalization_pkg/reloc_test
creating /home/simone/tesi_ws/install/relocalization_pkg/share/relocalization_pkg/config
copying config/ekf_odometry.yaml -> /home/simone/tesi_ws/install/relocalization_pkg/share/relocalization_pkg/config
running install_egg_info
Copying ../../build/relocalization_pkg/relocalization_pkg.egg-info to /home/simone/tesi_ws/install/relocalization_pkg/lib/python3.10/site-packages/relocalization_pkg-0.0.0-py3.10.egg-info
running install_scripts
Installing acquire_query_node script to /home/simone/tesi_ws/install/relocalization_pkg/lib/relocalization_pkg
Installing converge_to_pose_node script to /home/simone/tesi_ws/install/relocalization_pkg/lib/relocalization_pkg
Installing pose_estimation_node script to /home/simone/tesi_ws/install/relocalization_pkg/lib/relocalization_pkg
Installing reloc_eval_node script to /home/simone/tesi_ws/install/relocalization_pkg/lib/relocalization_pkg
Installing show_poses_node script to /home/simone/tesi_ws/install/relocalization_pkg/lib/relocalization_pkg
writing list of installed files to '/home/simone/tesi_ws/build/relocalization_pkg/install.log'
