running egg_info
creating ../../build/relocalization_pkg/relocalization_pkg.egg-info
writing ../../build/relocalization_pkg/relocalization_pkg.egg-info/PKG-INFO
writing dependency_links to ../../build/relocalization_pkg/relocalization_pkg.egg-info/dependency_links.txt
writing entry points to ../../build/relocalization_pkg/relocalization_pkg.egg-info/entry_points.txt
writing requirements to ../../build/relocalization_pkg/relocalization_pkg.egg-info/requires.txt
writing top-level names to ../../build/relocalization_pkg/relocalization_pkg.egg-info/top_level.txt
writing manifest file '../../build/relocalization_pkg/relocalization_pkg.egg-info/SOURCES.txt'
reading manifest file '../../build/relocalization_pkg/relocalization_pkg.egg-info/SOURCES.txt'
writing manifest file '../../build/relocalization_pkg/relocalization_pkg.egg-info/SOURCES.txt'
running build
running build_py
creating /home/simone/tesi_ws/build/relocalization_pkg/build
creating /home/simone/tesi_ws/build/relocalization_pkg/build/lib
creating /home/simone/tesi_ws/build/relocalization_pkg/build/lib/relocalization_pkg
copying relocalization_pkg/__init__.py -> /home/simone/tesi_ws/build/relocalization_pkg/build/lib/relocalization_pkg
running install
running install_lib
creating /home/simone/tesi_ws/install/relocalization_pkg/lib/python3.10/site-packages/relocalization_pkg
copying /home/simone/tesi_ws/build/relocalization_pkg/build/lib/relocalization_pkg/__init__.py -> /home/simone/tesi_ws/install/relocalization_pkg/lib/python3.10/site-packages/relocalization_pkg
byte-compiling /home/simone/tesi_ws/install/relocalization_pkg/lib/python3.10/site-packages/relocalization_pkg/__init__.py to __init__.cpython-310.pyc
running install_data
creating /home/simone/tesi_ws/install/relocalization_pkg/share/ament_index
creating /home/simone/tesi_ws/install/relocalization_pkg/share/ament_index/resource_index
creating /home/simone/tesi_ws/install/relocalization_pkg/share/ament_index/resource_index/packages
copying resource/relocalization_pkg -> /home/simone/tesi_ws/install/relocalization_pkg/share/ament_index/resource_index/packages
copying package.xml -> /home/simone/tesi_ws/install/relocalization_pkg/share/relocalization_pkg
running install_egg_info
Copying ../../build/relocalization_pkg/relocalization_pkg.egg-info to /home/simone/tesi_ws/install/relocalization_pkg/lib/python3.10/site-packages/relocalization_pkg-0.0.0-py3.10.egg-info
running install_scripts
writing list of installed files to '/home/simone/tesi_ws/build/relocalization_pkg/install.log'
