[1.330s] Invoking command in '/home/simone/tesi_ws/src/relocalization_pkg': PYTHONPATH=/home/simone/tesi_ws/build/relocalization_pkg/prefix_override:/home/simone/tesi_ws/install/relocalization_pkg/lib/python3.10/site-packages:${PYTHONPATH} /usr/bin/python3 setup.py egg_info --egg-base ../../build/relocalization_pkg build --build-base /home/simone/tesi_ws/build/relocalization_pkg/build install --record /home/simone/tesi_ws/build/relocalization_pkg/install.log --single-version-externally-managed
[1.671s] running egg_info
[1.672s] creating ../../build/relocalization_pkg/relocalization_pkg.egg-info
[1.672s] writing ../../build/relocalization_pkg/relocalization_pkg.egg-info/PKG-INFO
[1.673s] writing dependency_links to ../../build/relocalization_pkg/relocalization_pkg.egg-info/dependency_links.txt
[1.673s] writing entry points to ../../build/relocalization_pkg/relocalization_pkg.egg-info/entry_points.txt
[1.674s] writing requirements to ../../build/relocalization_pkg/relocalization_pkg.egg-info/requires.txt
[1.674s] writing top-level names to ../../build/relocalization_pkg/relocalization_pkg.egg-info/top_level.txt
[1.674s] writing manifest file '../../build/relocalization_pkg/relocalization_pkg.egg-info/SOURCES.txt'
[1.676s] reading manifest file '../../build/relocalization_pkg/relocalization_pkg.egg-info/SOURCES.txt'
[1.677s] writing manifest file '../../build/relocalization_pkg/relocalization_pkg.egg-info/SOURCES.txt'
[1.677s] running build
[1.678s] running build_py
[1.678s] creating /home/simone/tesi_ws/build/relocalization_pkg/build
[1.678s] creating /home/simone/tesi_ws/build/relocalization_pkg/build/lib
[1.679s] creating /home/simone/tesi_ws/build/relocalization_pkg/build/lib/relocalization_pkg
[1.679s] copying relocalization_pkg/__init__.py -> /home/simone/tesi_ws/build/relocalization_pkg/build/lib/relocalization_pkg
[1.679s] running install
[1.680s] running install_lib
[1.680s] creating /home/simone/tesi_ws/install/relocalization_pkg/lib/python3.10/site-packages/relocalization_pkg
[1.681s] copying /home/simone/tesi_ws/build/relocalization_pkg/build/lib/relocalization_pkg/__init__.py -> /home/simone/tesi_ws/install/relocalization_pkg/lib/python3.10/site-packages/relocalization_pkg
[1.681s] byte-compiling /home/simone/tesi_ws/install/relocalization_pkg/lib/python3.10/site-packages/relocalization_pkg/__init__.py to __init__.cpython-310.pyc
[1.682s] running install_data
[1.682s] creating /home/simone/tesi_ws/install/relocalization_pkg/share/ament_index
[1.683s] creating /home/simone/tesi_ws/install/relocalization_pkg/share/ament_index/resource_index
[1.683s] creating /home/simone/tesi_ws/install/relocalization_pkg/share/ament_index/resource_index/packages
[1.683s] copying resource/relocalization_pkg -> /home/simone/tesi_ws/install/relocalization_pkg/share/ament_index/resource_index/packages
[1.683s] copying package.xml -> /home/simone/tesi_ws/install/relocalization_pkg/share/relocalization_pkg
[1.683s] running install_egg_info
[1.686s] Copying ../../build/relocalization_pkg/relocalization_pkg.egg-info to /home/simone/tesi_ws/install/relocalization_pkg/lib/python3.10/site-packages/relocalization_pkg-0.0.0-py3.10.egg-info
[1.687s] running install_scripts
[1.709s] writing list of installed files to '/home/simone/tesi_ws/build/relocalization_pkg/install.log'
[1.734s] Invoked command in '/home/simone/tesi_ws/src/relocalization_pkg' returned '0': PYTHONPATH=/home/simone/tesi_ws/build/relocalization_pkg/prefix_override:/home/simone/tesi_ws/install/relocalization_pkg/lib/python3.10/site-packages:${PYTHONPATH} /usr/bin/python3 setup.py egg_info --egg-base ../../build/relocalization_pkg build --build-base /home/simone/tesi_ws/build/relocalization_pkg/build install --record /home/simone/tesi_ws/build/relocalization_pkg/install.log --single-version-externally-managed
