[0.857s] Invoking command in '/home/simone/tesi_ws/src/relocalization_pkg': PYTHONPATH=/home/simone/tesi_ws/build/relocalization_pkg/prefix_override:/home/simone/tesi_ws/install/relocalization_pkg/lib/python3.10/site-packages:${PYTHONPATH} /usr/bin/python3 setup.py egg_info --egg-base ../../build/relocalization_pkg build --build-base /home/simone/tesi_ws/build/relocalization_pkg/build install --record /home/simone/tesi_ws/build/relocalization_pkg/install.log --single-version-externally-managed
[1.061s] running egg_info
[1.061s] writing ../../build/relocalization_pkg/relocalization_pkg.egg-info/PKG-INFO
[1.062s] writing dependency_links to ../../build/relocalization_pkg/relocalization_pkg.egg-info/dependency_links.txt
[1.062s] writing entry points to ../../build/relocalization_pkg/relocalization_pkg.egg-info/entry_points.txt
[1.062s] writing requirements to ../../build/relocalization_pkg/relocalization_pkg.egg-info/requires.txt
[1.062s] writing top-level names to ../../build/relocalization_pkg/relocalization_pkg.egg-info/top_level.txt
[1.064s] reading manifest file '../../build/relocalization_pkg/relocalization_pkg.egg-info/SOURCES.txt'
[1.069s] writing manifest file '../../build/relocalization_pkg/relocalization_pkg.egg-info/SOURCES.txt'
[1.069s] running build
[1.069s] running build_py
[1.069s] copying relocalization_pkg/pose_estimation_node.py -> /home/simone/tesi_ws/build/relocalization_pkg/build/lib/relocalization_pkg
[1.069s] copying relocalization_pkg/acquire_query_node.py -> /home/simone/tesi_ws/build/relocalization_pkg/build/lib/relocalization_pkg
[1.070s] running install
[1.070s] running install_lib
[1.071s] copying /home/simone/tesi_ws/build/relocalization_pkg/build/lib/relocalization_pkg/pose_estimation_node.py -> /home/simone/tesi_ws/install/relocalization_pkg/lib/python3.10/site-packages/relocalization_pkg
[1.071s] copying /home/simone/tesi_ws/build/relocalization_pkg/build/lib/relocalization_pkg/acquire_query_node.py -> /home/simone/tesi_ws/install/relocalization_pkg/lib/python3.10/site-packages/relocalization_pkg
[1.072s] byte-compiling /home/simone/tesi_ws/install/relocalization_pkg/lib/python3.10/site-packages/relocalization_pkg/pose_estimation_node.py to pose_estimation_node.cpython-310.pyc
[1.073s] byte-compiling /home/simone/tesi_ws/install/relocalization_pkg/lib/python3.10/site-packages/relocalization_pkg/acquire_query_node.py to acquire_query_node.cpython-310.pyc
[1.074s] running install_data
[1.074s] running install_egg_info
[1.076s] removing '/home/simone/tesi_ws/install/relocalization_pkg/lib/python3.10/site-packages/relocalization_pkg-0.0.0-py3.10.egg-info' (and everything under it)
[1.077s] Copying ../../build/relocalization_pkg/relocalization_pkg.egg-info to /home/simone/tesi_ws/install/relocalization_pkg/lib/python3.10/site-packages/relocalization_pkg-0.0.0-py3.10.egg-info
[1.078s] running install_scripts
[1.095s] Installing acquire_query_node script to /home/simone/tesi_ws/install/relocalization_pkg/lib/relocalization_pkg
[1.095s] Installing reloc_eval_node script to /home/simone/tesi_ws/install/relocalization_pkg/lib/relocalization_pkg
[1.095s] Installing show_poses_node script to /home/simone/tesi_ws/install/relocalization_pkg/lib/relocalization_pkg
[1.096s] writing list of installed files to '/home/simone/tesi_ws/build/relocalization_pkg/install.log'
[1.118s] Invoked command in '/home/simone/tesi_ws/src/relocalization_pkg' returned '0': PYTHONPATH=/home/simone/tesi_ws/build/relocalization_pkg/prefix_override:/home/simone/tesi_ws/install/relocalization_pkg/lib/python3.10/site-packages:${PYTHONPATH} /usr/bin/python3 setup.py egg_info --egg-base ../../build/relocalization_pkg build --build-base /home/simone/tesi_ws/build/relocalization_pkg/build install --record /home/simone/tesi_ws/build/relocalization_pkg/install.log --single-version-externally-managed
