[0.562s] Invoking command in '/home/simone/tesi_ws/src/create_dataset': PYTHONPATH=/home/simone/tesi_ws/build/create_dataset/prefix_override:/home/simone/tesi_ws/install/create_dataset/lib/python3.10/site-packages:${PYTHONPATH} /usr/bin/python3 setup.py egg_info --egg-base ../../build/create_dataset build --build-base /home/simone/tesi_ws/build/create_dataset/build install --record /home/simone/tesi_ws/build/create_dataset/install.log --single-version-externally-managed
[0.742s] running egg_info
[0.742s] writing ../../build/create_dataset/create_dataset.egg-info/PKG-INFO
[0.742s] writing dependency_links to ../../build/create_dataset/create_dataset.egg-info/dependency_links.txt
[0.743s] writing entry points to ../../build/create_dataset/create_dataset.egg-info/entry_points.txt
[0.744s] writing requirements to ../../build/create_dataset/create_dataset.egg-info/requires.txt
[0.744s] writing top-level names to ../../build/create_dataset/create_dataset.egg-info/top_level.txt
[0.745s] reading manifest file '../../build/create_dataset/create_dataset.egg-info/SOURCES.txt'
[0.746s] writing manifest file '../../build/create_dataset/create_dataset.egg-info/SOURCES.txt'
[0.746s] running build
[0.746s] running build_py
[0.746s] copying create_dataset/image_capture.py -> /home/simone/tesi_ws/build/create_dataset/build/lib/create_dataset
[0.747s] running install
[0.747s] running install_lib
[0.748s] copying /home/simone/tesi_ws/build/create_dataset/build/lib/create_dataset/image_capture.py -> /home/simone/tesi_ws/install/create_dataset/lib/python3.10/site-packages/create_dataset
[0.748s] byte-compiling /home/simone/tesi_ws/install/create_dataset/lib/python3.10/site-packages/create_dataset/image_capture.py to image_capture.cpython-310.pyc
[0.749s] running install_data
[0.749s] copying package.xml -> /home/simone/tesi_ws/install/create_dataset/share/create_dataset
[0.749s] running install_egg_info
[0.750s] removing '/home/simone/tesi_ws/install/create_dataset/lib/python3.10/site-packages/create_dataset-0.0.0-py3.10.egg-info' (and everything under it)
[0.751s] Copying ../../build/create_dataset/create_dataset.egg-info to /home/simone/tesi_ws/install/create_dataset/lib/python3.10/site-packages/create_dataset-0.0.0-py3.10.egg-info
[0.751s] running install_scripts
[0.764s] Installing image_capture_node script to /home/simone/tesi_ws/install/create_dataset/lib/create_dataset
[0.764s] writing list of installed files to '/home/simone/tesi_ws/build/create_dataset/install.log'
[0.781s] Invoked command in '/home/simone/tesi_ws/src/create_dataset' returned '0': PYTHONPATH=/home/simone/tesi_ws/build/create_dataset/prefix_override:/home/simone/tesi_ws/install/create_dataset/lib/python3.10/site-packages:${PYTHONPATH} /usr/bin/python3 setup.py egg_info --egg-base ../../build/create_dataset build --build-base /home/simone/tesi_ws/build/create_dataset/build install --record /home/simone/tesi_ws/build/create_dataset/install.log --single-version-externally-managed
