[0.466s] Invoking command in '/home/simone/tesi_ws/build/turtlebot3_cartographer': CMAKE_PREFIX_PATH=${CMAKE_PREFIX_PATH}:/home/simone/tesi_ws/install/turtlebot3_teleop:/home/simone/tesi_ws/install/turtlebot3_example:/home/simone/tesi_ws/install/relocalization_pkg:/home/simone/tesi_ws/install/create_dataset:/opt/ros/humble /usr/bin/cmake --build /home/simone/tesi_ws/build/turtlebot3_cartographer -- -j12 -l12
[1.802s] -- Found ament_cmake: 1.3.6 (/opt/ros/humble/share/ament_cmake/cmake)
[1.803s] -- Override CMake install command with custom implementation using symlinks instead of copying resources
[1.803s] -- Configuring done
[1.803s] -- Generating done
[1.803s] -- Build files have been written to: /home/simone/tesi_ws/build/turtlebot3_cartographer
[1.813s] Invoked command in '/home/simone/tesi_ws/build/turtlebot3_cartographer' returned '0': CMAKE_PREFIX_PATH=${CMAKE_PREFIX_PATH}:/home/simone/tesi_ws/install/turtlebot3_teleop:/home/simone/tesi_ws/install/turtlebot3_example:/home/simone/tesi_ws/install/relocalization_pkg:/home/simone/tesi_ws/install/create_dataset:/opt/ros/humble /usr/bin/cmake --build /home/simone/tesi_ws/build/turtlebot3_cartographer -- -j12 -l12
[1.830s] Invoking command in '/home/simone/tesi_ws/build/turtlebot3_cartographer': CMAKE_PREFIX_PATH=${CMAKE_PREFIX_PATH}:/home/simone/tesi_ws/install/turtlebot3_teleop:/home/simone/tesi_ws/install/turtlebot3_example:/home/simone/tesi_ws/install/relocalization_pkg:/home/simone/tesi_ws/install/create_dataset:/opt/ros/humble /usr/bin/cmake --install /home/simone/tesi_ws/build/turtlebot3_cartographer
[1.850s] -- Install configuration: ""
[1.850s] -- Execute custom install script
[1.850s] -- Up-to-date symlink: /home/simone/tesi_ws/install/turtlebot3_cartographer/share/turtlebot3_cartographer/config/turtlebot3_2d.lua
[1.851s] -- Up-to-date symlink: /home/simone/tesi_ws/install/turtlebot3_cartographer/share/turtlebot3_cartographer/launch/cartographer.launch.py
[1.851s] -- Up-to-date symlink: /home/simone/tesi_ws/install/turtlebot3_cartographer/share/turtlebot3_cartographer/rviz/cartographer.rviz
[1.851s] -- Up-to-date symlink: /home/simone/tesi_ws/install/turtlebot3_cartographer/share/ament_index/resource_index/package_run_dependencies/turtlebot3_cartographer
[1.851s] -- Up-to-date symlink: /home/simone/tesi_ws/install/turtlebot3_cartographer/share/ament_index/resource_index/parent_prefix_path/turtlebot3_cartographer
[1.851s] -- Up-to-date symlink: /home/simone/tesi_ws/install/turtlebot3_cartographer/share/turtlebot3_cartographer/environment/ament_prefix_path.sh
[1.851s] -- Up-to-date symlink: /home/simone/tesi_ws/install/turtlebot3_cartographer/share/turtlebot3_cartographer/environment/ament_prefix_path.dsv
[1.851s] -- Up-to-date symlink: /home/simone/tesi_ws/install/turtlebot3_cartographer/share/turtlebot3_cartographer/environment/path.sh
[1.851s] -- Up-to-date symlink: /home/simone/tesi_ws/install/turtlebot3_cartographer/share/turtlebot3_cartographer/environment/path.dsv
[1.851s] -- Up-to-date symlink: /home/simone/tesi_ws/install/turtlebot3_cartographer/share/turtlebot3_cartographer/local_setup.bash
[1.852s] -- Up-to-date symlink: /home/simone/tesi_ws/install/turtlebot3_cartographer/share/turtlebot3_cartographer/local_setup.sh
[1.853s] -- Up-to-date symlink: /home/simone/tesi_ws/install/turtlebot3_cartographer/share/turtlebot3_cartographer/local_setup.zsh
[1.854s] -- Up-to-date symlink: /home/simone/tesi_ws/install/turtlebot3_cartographer/share/turtlebot3_cartographer/local_setup.dsv
[1.854s] -- Symlinking: /home/simone/tesi_ws/install/turtlebot3_cartographer/share/turtlebot3_cartographer/package.dsv
[1.864s] -- Up-to-date symlink: /home/simone/tesi_ws/install/turtlebot3_cartographer/share/ament_index/resource_index/packages/turtlebot3_cartographer
[1.865s] -- Up-to-date symlink: /home/simone/tesi_ws/install/turtlebot3_cartographer/share/turtlebot3_cartographer/cmake/turtlebot3_cartographerConfig.cmake
[1.866s] -- Up-to-date symlink: /home/simone/tesi_ws/install/turtlebot3_cartographer/share/turtlebot3_cartographer/cmake/turtlebot3_cartographerConfig-version.cmake
[1.866s] -- Up-to-date symlink: /home/simone/tesi_ws/install/turtlebot3_cartographer/share/turtlebot3_cartographer/package.xml
[2.139s] Invoked command in '/home/simone/tesi_ws/build/turtlebot3_cartographer' returned '0': CMAKE_PREFIX_PATH=${CMAKE_PREFIX_PATH}:/home/simone/tesi_ws/install/turtlebot3_teleop:/home/simone/tesi_ws/install/turtlebot3_example:/home/simone/tesi_ws/install/relocalization_pkg:/home/simone/tesi_ws/install/create_dataset:/opt/ros/humble /usr/bin/cmake --install /home/simone/tesi_ws/build/turtlebot3_cartographer
