[0.452s] Invoking command in '/home/simone/tesi_ws/build/turtlebot3_fake_node': AMENT_PREFIX_PATH=/home/simone/tesi_ws/install/turtlebot3_msgs:${AMENT_PREFIX_PATH} CMAKE_PREFIX_PATH=/home/simone/tesi_ws/install/turtlebot3_msgs:/opt/ros/humble LD_LIBRARY_PATH=/home/simone/tesi_ws/install/turtlebot3_msgs/lib:${LD_LIBRARY_PATH} PYTHONPATH=/home/simone/tesi_ws/install/turtlebot3_msgs/local/lib/python3.10/dist-packages:${PYTHONPATH} /usr/bin/cmake /home/simone/tesi_ws/src/turtlebot3/turtlebot3_simulations/turtlebot3_fake_node -DAMENT_CMAKE_SYMLINK_INSTALL=1 -DCMAKE_INSTALL_PREFIX=/home/simone/tesi_ws/install/turtlebot3_fake_node
[0.577s] -- The C compiler identification is GNU 11.4.0
[0.971s] -- The CXX compiler identification is GNU 11.4.0
[1.243s] -- Detecting C compiler ABI info
[1.395s] -- Detecting C compiler ABI info - done
[1.407s] -- Check for working C compiler: /usr/bin/cc - skipped
[1.407s] -- Detecting C compile features
[1.408s] -- Detecting C compile features - done
[1.413s] -- Detecting CXX compiler ABI info
[1.592s] -- Detecting CXX compiler ABI info - done
[1.602s] -- Check for working CXX compiler: /usr/bin/c++ - skipped
[1.602s] -- Detecting CXX compile features
[1.603s] -- Detecting CXX compile features - done
[1.606s] -- Found ament_cmake: 1.3.5 (/opt/ros/humble/share/ament_cmake/cmake)
[1.796s] -- Found Python3: /usr/bin/python3.10 (found version "3.10.12") found components: Interpreter 
[1.866s] -- Override CMake install command with custom implementation using symlinks instead of copying resources
[1.897s] -- Found geometry_msgs: 4.2.3 (/opt/ros/humble/share/geometry_msgs/cmake)
[2.043s] -- Found rosidl_generator_c: 3.1.5 (/opt/ros/humble/share/rosidl_generator_c/cmake)
[2.050s] -- Found rosidl_adapter: 3.1.5 (/opt/ros/humble/share/rosidl_adapter/cmake)
[2.063s] -- Found rosidl_generator_cpp: 3.1.5 (/opt/ros/humble/share/rosidl_generator_cpp/cmake)
[2.081s] -- Using all available rosidl_typesupport_c: rosidl_typesupport_fastrtps_c;rosidl_typesupport_introspection_c
[2.105s] -- Using all available rosidl_typesupport_cpp: rosidl_typesupport_fastrtps_cpp;rosidl_typesupport_introspection_cpp
[2.232s] -- Found nav_msgs: 4.2.3 (/opt/ros/humble/share/nav_msgs/cmake)
[2.346s] -- Found rclcpp: 16.0.6 (/opt/ros/humble/share/rclcpp/cmake)
[2.415s] -- Found rmw_implementation_cmake: 6.1.1 (/opt/ros/humble/share/rmw_implementation_cmake/cmake)
[2.417s] -- Found rmw_fastrtps_cpp: 6.2.4 (/opt/ros/humble/share/rmw_fastrtps_cpp/cmake)
[3.770s] -- Found OpenSSL: /usr/lib/x86_64-linux-gnu/libcrypto.so (found version "3.0.2")  
[5.176s] -- Found FastRTPS: /opt/ros/humble/include  
[7.724s] -- Using RMW implementation 'rmw_fastrtps_cpp' as default
[7.734s] -- Looking for pthread.h
[7.881s] -- Looking for pthread.h - found
[7.881s] -- Performing Test CMAKE_HAVE_LIBC_PTHREAD
[8.015s] -- Performing Test CMAKE_HAVE_LIBC_PTHREAD - Success
[8.016s] -- Found Threads: TRUE  
[8.170s] -- Found sensor_msgs: 4.2.3 (/opt/ros/humble/share/sensor_msgs/cmake)
[8.296s] -- Found tf2: 0.25.4 (/opt/ros/humble/share/tf2/cmake)
[8.313s] -- Found tf2_msgs: 0.25.4 (/opt/ros/humble/share/tf2_msgs/cmake)
[8.508s] -- Found turtlebot3_msgs: 2.2.3 (/home/simone/tesi_ws/install/turtlebot3_msgs/share/turtlebot3_msgs/cmake)
[8.703s] -- Configuring done
[8.719s] -- Generating done
[8.721s] -- Build files have been written to: /home/simone/tesi_ws/build/turtlebot3_fake_node
[8.736s] Invoked command in '/home/simone/tesi_ws/build/turtlebot3_fake_node' returned '0': AMENT_PREFIX_PATH=/home/simone/tesi_ws/install/turtlebot3_msgs:${AMENT_PREFIX_PATH} CMAKE_PREFIX_PATH=/home/simone/tesi_ws/install/turtlebot3_msgs:/opt/ros/humble LD_LIBRARY_PATH=/home/simone/tesi_ws/install/turtlebot3_msgs/lib:${LD_LIBRARY_PATH} PYTHONPATH=/home/simone/tesi_ws/install/turtlebot3_msgs/local/lib/python3.10/dist-packages:${PYTHONPATH} /usr/bin/cmake /home/simone/tesi_ws/src/turtlebot3/turtlebot3_simulations/turtlebot3_fake_node -DAMENT_CMAKE_SYMLINK_INSTALL=1 -DCMAKE_INSTALL_PREFIX=/home/simone/tesi_ws/install/turtlebot3_fake_node
[8.738s] Invoking command in '/home/simone/tesi_ws/build/turtlebot3_fake_node': AMENT_PREFIX_PATH=/home/simone/tesi_ws/install/turtlebot3_msgs:${AMENT_PREFIX_PATH} CMAKE_PREFIX_PATH=/home/simone/tesi_ws/install/turtlebot3_msgs:/opt/ros/humble LD_LIBRARY_PATH=/home/simone/tesi_ws/install/turtlebot3_msgs/lib:${LD_LIBRARY_PATH} PYTHONPATH=/home/simone/tesi_ws/install/turtlebot3_msgs/local/lib/python3.10/dist-packages:${PYTHONPATH} /usr/bin/cmake --build /home/simone/tesi_ws/build/turtlebot3_fake_node -- -j12 -l12
[8.782s] [ 50%] [32mBuilding CXX object CMakeFiles/turtlebot3_fake_node.dir/src/turtlebot3_fake_node.cpp.o[0m
[20.332s] [100%] [32m[1mLinking CXX executable turtlebot3_fake_node[0m
[20.982s] [100%] Built target turtlebot3_fake_node
[20.992s] Invoked command in '/home/simone/tesi_ws/build/turtlebot3_fake_node' returned '0': AMENT_PREFIX_PATH=/home/simone/tesi_ws/install/turtlebot3_msgs:${AMENT_PREFIX_PATH} CMAKE_PREFIX_PATH=/home/simone/tesi_ws/install/turtlebot3_msgs:/opt/ros/humble LD_LIBRARY_PATH=/home/simone/tesi_ws/install/turtlebot3_msgs/lib:${LD_LIBRARY_PATH} PYTHONPATH=/home/simone/tesi_ws/install/turtlebot3_msgs/local/lib/python3.10/dist-packages:${PYTHONPATH} /usr/bin/cmake --build /home/simone/tesi_ws/build/turtlebot3_fake_node -- -j12 -l12
[21.011s] Invoking command in '/home/simone/tesi_ws/build/turtlebot3_fake_node': AMENT_PREFIX_PATH=/home/simone/tesi_ws/install/turtlebot3_msgs:${AMENT_PREFIX_PATH} CMAKE_PREFIX_PATH=/home/simone/tesi_ws/install/turtlebot3_msgs:/opt/ros/humble LD_LIBRARY_PATH=/home/simone/tesi_ws/install/turtlebot3_msgs/lib:${LD_LIBRARY_PATH} PYTHONPATH=/home/simone/tesi_ws/install/turtlebot3_msgs/local/lib/python3.10/dist-packages:${PYTHONPATH} /usr/bin/cmake --install /home/simone/tesi_ws/build/turtlebot3_fake_node
[21.016s] -- Install configuration: ""
[21.016s] -- Execute custom install script
[21.017s] -- Symlinking: /home/simone/tesi_ws/install/turtlebot3_fake_node/lib/turtlebot3_fake_node/turtlebot3_fake_node
[21.028s] -- Symlinking: /home/simone/tesi_ws/install/turtlebot3_fake_node/share/turtlebot3_fake_node/launch/rviz2.launch.py
[21.035s] -- Symlinking: /home/simone/tesi_ws/install/turtlebot3_fake_node/share/turtlebot3_fake_node/launch/turtlebot3_fake_node.launch.py
[21.042s] -- Symlinking: /home/simone/tesi_ws/install/turtlebot3_fake_node/share/turtlebot3_fake_node/param/burger.yaml
[21.050s] -- Symlinking: /home/simone/tesi_ws/install/turtlebot3_fake_node/share/turtlebot3_fake_node/param/waffle.yaml
[21.058s] -- Symlinking: /home/simone/tesi_ws/install/turtlebot3_fake_node/share/turtlebot3_fake_node/param/waffle_pi.yaml
[21.065s] -- Symlinking: /home/simone/tesi_ws/install/turtlebot3_fake_node/include//turtlebot3_fake_node/turtlebot3_fake_node.hpp
[21.073s] -- Symlinking: /home/simone/tesi_ws/install/turtlebot3_fake_node/share/ament_index/resource_index/package_run_dependencies/turtlebot3_fake_node
[21.081s] -- Symlinking: /home/simone/tesi_ws/install/turtlebot3_fake_node/share/ament_index/resource_index/parent_prefix_path/turtlebot3_fake_node
[21.089s] -- Symlinking: /home/simone/tesi_ws/install/turtlebot3_fake_node/share/turtlebot3_fake_node/environment/ament_prefix_path.sh
[21.095s] -- Symlinking: /home/simone/tesi_ws/install/turtlebot3_fake_node/share/turtlebot3_fake_node/environment/ament_prefix_path.dsv
[21.102s] -- Symlinking: /home/simone/tesi_ws/install/turtlebot3_fake_node/share/turtlebot3_fake_node/environment/path.sh
[21.111s] -- Symlinking: /home/simone/tesi_ws/install/turtlebot3_fake_node/share/turtlebot3_fake_node/environment/path.dsv
[21.120s] -- Symlinking: /home/simone/tesi_ws/install/turtlebot3_fake_node/share/turtlebot3_fake_node/local_setup.bash
[21.129s] -- Symlinking: /home/simone/tesi_ws/install/turtlebot3_fake_node/share/turtlebot3_fake_node/local_setup.sh
[21.138s] -- Symlinking: /home/simone/tesi_ws/install/turtlebot3_fake_node/share/turtlebot3_fake_node/local_setup.zsh
[21.144s] -- Symlinking: /home/simone/tesi_ws/install/turtlebot3_fake_node/share/turtlebot3_fake_node/local_setup.dsv
[21.155s] -- Symlinking: /home/simone/tesi_ws/install/turtlebot3_fake_node/share/turtlebot3_fake_node/package.dsv
[21.165s] -- Symlinking: /home/simone/tesi_ws/install/turtlebot3_fake_node/share/ament_index/resource_index/packages/turtlebot3_fake_node
[21.174s] -- Symlinking: /home/simone/tesi_ws/install/turtlebot3_fake_node/share/turtlebot3_fake_node/cmake/ament_cmake_export_include_directories-extras.cmake
[21.188s] -- Symlinking: /home/simone/tesi_ws/install/turtlebot3_fake_node/share/turtlebot3_fake_node/cmake/ament_cmake_export_dependencies-extras.cmake
[21.201s] -- Symlinking: /home/simone/tesi_ws/install/turtlebot3_fake_node/share/turtlebot3_fake_node/cmake/turtlebot3_fake_nodeConfig.cmake
[21.214s] -- Symlinking: /home/simone/tesi_ws/install/turtlebot3_fake_node/share/turtlebot3_fake_node/cmake/turtlebot3_fake_nodeConfig-version.cmake
[21.226s] -- Symlinking: /home/simone/tesi_ws/install/turtlebot3_fake_node/share/turtlebot3_fake_node/package.xml
[21.244s] Invoked command in '/home/simone/tesi_ws/build/turtlebot3_fake_node' returned '0': AMENT_PREFIX_PATH=/home/simone/tesi_ws/install/turtlebot3_msgs:${AMENT_PREFIX_PATH} CMAKE_PREFIX_PATH=/home/simone/tesi_ws/install/turtlebot3_msgs:/opt/ros/humble LD_LIBRARY_PATH=/home/simone/tesi_ws/install/turtlebot3_msgs/lib:${LD_LIBRARY_PATH} PYTHONPATH=/home/simone/tesi_ws/install/turtlebot3_msgs/local/lib/python3.10/dist-packages:${PYTHONPATH} /usr/bin/cmake --install /home/simone/tesi_ws/build/turtlebot3_fake_node
