[1.747s] Invoking command in '/home/simone/tesi_ws/src/create_dataset': PYTHONPATH=/home/simone/tesi_ws/build/create_dataset/prefix_override:/home/simone/tesi_ws/install/create_dataset/lib/python3.10/site-packages:${PYTHONPATH} /usr/bin/python3 setup.py egg_info --egg-base ../../build/create_dataset build --build-base /home/simone/tesi_ws/build/create_dataset/build install --record /home/simone/tesi_ws/build/create_dataset/install.log --single-version-externally-managed
[2.393s] running egg_info
[2.396s] writing ../../build/create_dataset/create_dataset.egg-info/PKG-INFO
[2.408s] writing dependency_links to ../../build/create_dataset/create_dataset.egg-info/dependency_links.txt
[2.408s] writing entry points to ../../build/create_dataset/create_dataset.egg-info/entry_points.txt
[2.409s] writing requirements to ../../build/create_dataset/create_dataset.egg-info/requires.txt
[2.409s] writing top-level names to ../../build/create_dataset/create_dataset.egg-info/top_level.txt
[2.409s] reading manifest file '../../build/create_dataset/create_dataset.egg-info/SOURCES.txt'
[2.409s] writing manifest file '../../build/create_dataset/create_dataset.egg-info/SOURCES.txt'
[2.409s] running build
[2.409s] running build_py
[2.409s] copying create_dataset/image_capture.py -> /home/simone/tesi_ws/build/create_dataset/build/lib/create_dataset
[2.409s] running install
[2.414s] running install_lib
[2.420s] copying /home/simone/tesi_ws/build/create_dataset/build/lib/create_dataset/image_capture.py -> /home/simone/tesi_ws/install/create_dataset/lib/python3.10/site-packages/create_dataset
[2.421s] byte-compiling /home/simone/tesi_ws/install/create_dataset/lib/python3.10/site-packages/create_dataset/image_capture.py to image_capture.cpython-310.pyc
[2.423s] running install_data
[2.424s] running install_egg_info
[2.432s] removing '/home/simone/tesi_ws/install/create_dataset/lib/python3.10/site-packages/create_dataset-0.0.0-py3.10.egg-info' (and everything under it)
[2.433s] Copying ../../build/create_dataset/create_dataset.egg-info to /home/simone/tesi_ws/install/create_dataset/lib/python3.10/site-packages/create_dataset-0.0.0-py3.10.egg-info
[2.433s] running install_scripts
[2.490s] Installing image_capture_node script to /home/simone/tesi_ws/install/create_dataset/lib/create_dataset
[2.490s] Installing reloc_capture_node script to /home/simone/tesi_ws/install/create_dataset/lib/create_dataset
[2.491s] writing list of installed files to '/home/simone/tesi_ws/build/create_dataset/install.log'
[2.675s] Invoked command in '/home/simone/tesi_ws/src/create_dataset' returned '0': PYTHONPATH=/home/simone/tesi_ws/build/create_dataset/prefix_override:/home/simone/tesi_ws/install/create_dataset/lib/python3.10/site-packages:${PYTHONPATH} /usr/bin/python3 setup.py egg_info --egg-base ../../build/create_dataset build --build-base /home/simone/tesi_ws/build/create_dataset/build install --record /home/simone/tesi_ws/build/create_dataset/install.log --single-version-externally-managed
