[0.602s] Invoking command in '/home/simone/tesi_ws/src/create_dataset': PYTHONPATH=/home/simone/tesi_ws/build/create_dataset/prefix_override:/home/simone/tesi_ws/install/create_dataset/lib/python3.10/site-packages:${PYTHONPATH} /usr/bin/python3 setup.py egg_info --egg-base ../../build/create_dataset build --build-base /home/simone/tesi_ws/build/create_dataset/build install --record /home/simone/tesi_ws/build/create_dataset/install.log --single-version-externally-managed
[0.780s] running egg_info
[0.780s] writing ../../build/create_dataset/create_dataset.egg-info/PKG-INFO
[0.780s] writing dependency_links to ../../build/create_dataset/create_dataset.egg-info/dependency_links.txt
[0.780s] writing entry points to ../../build/create_dataset/create_dataset.egg-info/entry_points.txt
[0.781s] writing requirements to ../../build/create_dataset/create_dataset.egg-info/requires.txt
[0.781s] writing top-level names to ../../build/create_dataset/create_dataset.egg-info/top_level.txt
[0.782s] reading manifest file '../../build/create_dataset/create_dataset.egg-info/SOURCES.txt'
[0.783s] writing manifest file '../../build/create_dataset/create_dataset.egg-info/SOURCES.txt'
[0.783s] running build
[0.783s] running build_py
[0.783s] copying create_dataset/image_capture.py -> /home/simone/tesi_ws/build/create_dataset/build/lib/create_dataset
[0.784s] copying create_dataset/processing_dataset.py -> /home/simone/tesi_ws/build/create_dataset/build/lib/create_dataset
[0.784s] running install
[0.784s] running install_lib
[0.785s] copying /home/simone/tesi_ws/build/create_dataset/build/lib/create_dataset/image_capture.py -> /home/simone/tesi_ws/install/create_dataset/lib/python3.10/site-packages/create_dataset
[0.785s] copying /home/simone/tesi_ws/build/create_dataset/build/lib/create_dataset/processing_dataset.py -> /home/simone/tesi_ws/install/create_dataset/lib/python3.10/site-packages/create_dataset
[0.786s] byte-compiling /home/simone/tesi_ws/install/create_dataset/lib/python3.10/site-packages/create_dataset/image_capture.py to image_capture.cpython-310.pyc
[0.786s] byte-compiling /home/simone/tesi_ws/install/create_dataset/lib/python3.10/site-packages/create_dataset/processing_dataset.py to processing_dataset.cpython-310.pyc
[0.786s] running install_data
[0.787s] running install_egg_info
[0.788s] removing '/home/simone/tesi_ws/install/create_dataset/lib/python3.10/site-packages/create_dataset-0.0.0-py3.10.egg-info' (and everything under it)
[0.788s] Copying ../../build/create_dataset/create_dataset.egg-info to /home/simone/tesi_ws/install/create_dataset/lib/python3.10/site-packages/create_dataset-0.0.0-py3.10.egg-info
[0.789s] running install_scripts
[0.805s] Installing image_capture_node script to /home/simone/tesi_ws/install/create_dataset/lib/create_dataset
[0.805s] writing list of installed files to '/home/simone/tesi_ws/build/create_dataset/install.log'
[0.838s] Invoked command in '/home/simone/tesi_ws/src/create_dataset' returned '0': PYTHONPATH=/home/simone/tesi_ws/build/create_dataset/prefix_override:/home/simone/tesi_ws/install/create_dataset/lib/python3.10/site-packages:${PYTHONPATH} /usr/bin/python3 setup.py egg_info --egg-base ../../build/create_dataset build --build-base /home/simone/tesi_ws/build/create_dataset/build install --record /home/simone/tesi_ws/build/create_dataset/install.log --single-version-externally-managed
