[1.079s] Invoking command in '/home/simone/tesi_ws/src/create_dataset': PYTHONPATH=/home/simone/tesi_ws/build/create_dataset/prefix_override:/home/simone/tesi_ws/install/create_dataset/lib/python3.10/site-packages:${PYTHONPATH} /usr/bin/python3 setup.py egg_info --egg-base ../../build/create_dataset build --build-base /home/simone/tesi_ws/build/create_dataset/build install --record /home/simone/tesi_ws/build/create_dataset/install.log --single-version-externally-managed
[1.394s] running egg_info
[1.395s] writing ../../build/create_dataset/create_dataset.egg-info/PKG-INFO
[1.395s] writing dependency_links to ../../build/create_dataset/create_dataset.egg-info/dependency_links.txt
[1.396s] writing entry points to ../../build/create_dataset/create_dataset.egg-info/entry_points.txt
[1.396s] writing requirements to ../../build/create_dataset/create_dataset.egg-info/requires.txt
[1.396s] writing top-level names to ../../build/create_dataset/create_dataset.egg-info/top_level.txt
[1.398s] reading manifest file '../../build/create_dataset/create_dataset.egg-info/SOURCES.txt'
[1.400s] writing manifest file '../../build/create_dataset/create_dataset.egg-info/SOURCES.txt'
[1.400s] running build
[1.400s] running build_py
[1.400s] copying create_dataset/reloc_capture.py -> /home/simone/tesi_ws/build/create_dataset/build/lib/create_dataset
[1.401s] running install
[1.401s] running install_lib
[1.402s] copying /home/simone/tesi_ws/build/create_dataset/build/lib/create_dataset/reloc_capture.py -> /home/simone/tesi_ws/install/create_dataset/lib/python3.10/site-packages/create_dataset
[1.403s] byte-compiling /home/simone/tesi_ws/install/create_dataset/lib/python3.10/site-packages/create_dataset/reloc_capture.py to reloc_capture.cpython-310.pyc
[1.404s] running install_data
[1.405s] running install_egg_info
[1.407s] removing '/home/simone/tesi_ws/install/create_dataset/lib/python3.10/site-packages/create_dataset-0.0.0-py3.10.egg-info' (and everything under it)
[1.408s] Copying ../../build/create_dataset/create_dataset.egg-info to /home/simone/tesi_ws/install/create_dataset/lib/python3.10/site-packages/create_dataset-0.0.0-py3.10.egg-info
[1.409s] running install_scripts
[1.435s] Installing image_capture_node script to /home/simone/tesi_ws/install/create_dataset/lib/create_dataset
[1.437s] Installing reloc_capture_node script to /home/simone/tesi_ws/install/create_dataset/lib/create_dataset
[1.437s] writing list of installed files to '/home/simone/tesi_ws/build/create_dataset/install.log'
[1.467s] Invoked command in '/home/simone/tesi_ws/src/create_dataset' returned '0': PYTHONPATH=/home/simone/tesi_ws/build/create_dataset/prefix_override:/home/simone/tesi_ws/install/create_dataset/lib/python3.10/site-packages:${PYTHONPATH} /usr/bin/python3 setup.py egg_info --egg-base ../../build/create_dataset build --build-base /home/simone/tesi_ws/build/create_dataset/build install --record /home/simone/tesi_ws/build/create_dataset/install.log --single-version-externally-managed
