[2.155s] Invoking command in '/home/simone/tesi_ws/src/create_dataset': PYTHONPATH=/home/simone/tesi_ws/build/create_dataset/prefix_override:/home/simone/tesi_ws/install/create_dataset/lib/python3.10/site-packages:${PYTHONPATH} /usr/bin/python3 setup.py egg_info --egg-base ../../build/create_dataset build --build-base /home/simone/tesi_ws/build/create_dataset/build install --record /home/simone/tesi_ws/build/create_dataset/install.log --single-version-externally-managed
[2.496s] running egg_info
[2.497s] writing ../../build/create_dataset/create_dataset.egg-info/PKG-INFO
[2.497s] writing dependency_links to ../../build/create_dataset/create_dataset.egg-info/dependency_links.txt
[2.497s] writing entry points to ../../build/create_dataset/create_dataset.egg-info/entry_points.txt
[2.498s] writing requirements to ../../build/create_dataset/create_dataset.egg-info/requires.txt
[2.501s] writing top-level names to ../../build/create_dataset/create_dataset.egg-info/top_level.txt
[2.503s] reading manifest file '../../build/create_dataset/create_dataset.egg-info/SOURCES.txt'
[2.505s] writing manifest file '../../build/create_dataset/create_dataset.egg-info/SOURCES.txt'
[2.506s] running build
[2.506s] running build_py
[2.506s] running install
[2.507s] running install_lib
[2.507s] running install_data
[2.507s] running install_egg_info
[2.508s] removing '/home/simone/tesi_ws/install/create_dataset/lib/python3.10/site-packages/create_dataset-0.0.0-py3.10.egg-info' (and everything under it)
[2.509s] Copying ../../build/create_dataset/create_dataset.egg-info to /home/simone/tesi_ws/install/create_dataset/lib/python3.10/site-packages/create_dataset-0.0.0-py3.10.egg-info
[2.515s] running install_scripts
[2.535s] Installing image_capture_node script to /home/simone/tesi_ws/install/create_dataset/lib/create_dataset
[2.535s] Installing reloc_capture_node script to /home/simone/tesi_ws/install/create_dataset/lib/create_dataset
[2.537s] writing list of installed files to '/home/simone/tesi_ws/build/create_dataset/install.log'
[2.941s] Invoked command in '/home/simone/tesi_ws/src/create_dataset' returned '0': PYTHONPATH=/home/simone/tesi_ws/build/create_dataset/prefix_override:/home/simone/tesi_ws/install/create_dataset/lib/python3.10/site-packages:${PYTHONPATH} /usr/bin/python3 setup.py egg_info --egg-base ../../build/create_dataset build --build-base /home/simone/tesi_ws/build/create_dataset/build install --record /home/simone/tesi_ws/build/create_dataset/install.log --single-version-externally-managed
