running egg_info
writing ../../build/relocalization_pkg/relocalization_pkg.egg-info/PKG-INFO
writing dependency_links to ../../build/relocalization_pkg/relocalization_pkg.egg-info/dependency_links.txt
writing entry points to ../../build/relocalization_pkg/relocalization_pkg.egg-info/entry_points.txt
writing requirements to ../../build/relocalization_pkg/relocalization_pkg.egg-info/requires.txt
writing top-level names to ../../build/relocalization_pkg/relocalization_pkg.egg-info/top_level.txt
reading manifest file '../../build/relocalization_pkg/relocalization_pkg.egg-info/SOURCES.txt'
writing manifest file '../../build/relocalization_pkg/relocalization_pkg.egg-info/SOURCES.txt'
running build
running build_py
running install
running install_lib
creating /home/simone/tesi_ws/install/relocalization_pkg/lib/python3.10/site-packages/relocalization_pkg
copying /home/simone/tesi_ws/build/relocalization_pkg/build/lib/relocalization_pkg/__init__.py -> /home/simone/tesi_ws/install/relocalization_pkg/lib/python3.10/site-packages/relocalization_pkg
byte-compiling /home/simone/tesi_ws/install/relocalization_pkg/lib/python3.10/site-packages/relocalization_pkg/__init__.py to __init__.cpython-310.pyc
running install_data
creating /home/simone/tesi_ws/install/relocalization_pkg/share/ament_index
creating /home/simone/tesi_ws/install/relocalization_pkg/share/ament_index/resource_index
creating /home/simone/tesi_ws/install/relocalization_pkg/share/ament_index/resource_index/packages
copying resource/relocalization_pkg -> /home/simone/tesi_ws/install/relocalization_pkg/share/ament_index/resource_index/packages
copying package.xml -> /home/simone/tesi_ws/install/relocalization_pkg/share/relocalization_pkg
creating /home/simone/tesi_ws/install/relocalization_pkg/share/relocalization_pkg/launch
copying launch/relocalization.launch.py -> /home/simone/tesi_ws/install/relocalization_pkg/share/relocalization_pkg/launch
creating /home/simone/tesi_ws/install/relocalization_pkg/share/relocalization_pkg/params
copying params/nav2_params.yaml -> /home/simone/tesi_ws/install/relocalization_pkg/share/relocalization_pkg/params
creating /home/simone/tesi_ws/install/relocalization_pkg/share/relocalization_pkg/rviz
copying rviz/relocalization.rviz -> /home/simone/tesi_ws/install/relocalization_pkg/share/relocalization_pkg/rviz
creating /home/simone/tesi_ws/install/relocalization_pkg/share/relocalization_pkg/maps
copying maps/new_indoor_save.yaml -> /home/simone/tesi_ws/install/relocalization_pkg/share/relocalization_pkg/maps
copying maps/my_map_v2.yaml -> /home/simone/tesi_ws/install/relocalization_pkg/share/relocalization_pkg/maps
copying maps/my_map_v2.pgm -> /home/simone/tesi_ws/install/relocalization_pkg/share/relocalization_pkg/maps
copying maps/new_indoor_save.pgm -> /home/simone/tesi_ws/install/relocalization_pkg/share/relocalization_pkg/maps
running install_egg_info
Copying ../../build/relocalization_pkg/relocalization_pkg.egg-info to /home/simone/tesi_ws/install/relocalization_pkg/lib/python3.10/site-packages/relocalization_pkg-0.0.0-py3.10.egg-info
running install_scripts
writing list of installed files to '/home/simone/tesi_ws/build/relocalization_pkg/install.log'
