[0.998s] Invoking command in '/home/simone/tesi_ws/src/relocalization_pkg': PYTHONPATH=/home/simone/tesi_ws/build/relocalization_pkg/prefix_override:/home/simone/tesi_ws/install/relocalization_pkg/lib/python3.10/site-packages:${PYTHONPATH} /usr/bin/python3 setup.py egg_info --egg-base ../../build/relocalization_pkg build --build-base /home/simone/tesi_ws/build/relocalization_pkg/build install --record /home/simone/tesi_ws/build/relocalization_pkg/install.log --single-version-externally-managed
[1.285s] running egg_info
[1.286s] writing ../../build/relocalization_pkg/relocalization_pkg.egg-info/PKG-INFO
[1.288s] writing dependency_links to ../../build/relocalization_pkg/relocalization_pkg.egg-info/dependency_links.txt
[1.288s] writing entry points to ../../build/relocalization_pkg/relocalization_pkg.egg-info/entry_points.txt
[1.288s] writing requirements to ../../build/relocalization_pkg/relocalization_pkg.egg-info/requires.txt
[1.288s] writing top-level names to ../../build/relocalization_pkg/relocalization_pkg.egg-info/top_level.txt
[1.288s] reading manifest file '../../build/relocalization_pkg/relocalization_pkg.egg-info/SOURCES.txt'
[1.289s] writing manifest file '../../build/relocalization_pkg/relocalization_pkg.egg-info/SOURCES.txt'
[1.290s] running build
[1.290s] running build_py
[1.290s] running install
[1.290s] running install_lib
[1.291s] creating /home/simone/tesi_ws/install/relocalization_pkg/lib/python3.10/site-packages/relocalization_pkg
[1.292s] copying /home/simone/tesi_ws/build/relocalization_pkg/build/lib/relocalization_pkg/__init__.py -> /home/simone/tesi_ws/install/relocalization_pkg/lib/python3.10/site-packages/relocalization_pkg
[1.293s] byte-compiling /home/simone/tesi_ws/install/relocalization_pkg/lib/python3.10/site-packages/relocalization_pkg/__init__.py to __init__.cpython-310.pyc
[1.293s] running install_data
[1.294s] creating /home/simone/tesi_ws/install/relocalization_pkg/share/ament_index
[1.294s] creating /home/simone/tesi_ws/install/relocalization_pkg/share/ament_index/resource_index
[1.294s] creating /home/simone/tesi_ws/install/relocalization_pkg/share/ament_index/resource_index/packages
[1.295s] copying resource/relocalization_pkg -> /home/simone/tesi_ws/install/relocalization_pkg/share/ament_index/resource_index/packages
[1.295s] copying package.xml -> /home/simone/tesi_ws/install/relocalization_pkg/share/relocalization_pkg
[1.295s] creating /home/simone/tesi_ws/install/relocalization_pkg/share/relocalization_pkg/launch
[1.295s] copying launch/relocalization.launch.py -> /home/simone/tesi_ws/install/relocalization_pkg/share/relocalization_pkg/launch
[1.295s] creating /home/simone/tesi_ws/install/relocalization_pkg/share/relocalization_pkg/params
[1.296s] copying params/nav2_params.yaml -> /home/simone/tesi_ws/install/relocalization_pkg/share/relocalization_pkg/params
[1.296s] creating /home/simone/tesi_ws/install/relocalization_pkg/share/relocalization_pkg/rviz
[1.296s] copying rviz/relocalization.rviz -> /home/simone/tesi_ws/install/relocalization_pkg/share/relocalization_pkg/rviz
[1.296s] creating /home/simone/tesi_ws/install/relocalization_pkg/share/relocalization_pkg/maps
[1.296s] copying maps/new_indoor_save.yaml -> /home/simone/tesi_ws/install/relocalization_pkg/share/relocalization_pkg/maps
[1.296s] copying maps/my_map_v2.yaml -> /home/simone/tesi_ws/install/relocalization_pkg/share/relocalization_pkg/maps
[1.296s] copying maps/my_map_v2.pgm -> /home/simone/tesi_ws/install/relocalization_pkg/share/relocalization_pkg/maps
[1.297s] copying maps/new_indoor_save.pgm -> /home/simone/tesi_ws/install/relocalization_pkg/share/relocalization_pkg/maps
[1.297s] running install_egg_info
[1.300s] Copying ../../build/relocalization_pkg/relocalization_pkg.egg-info to /home/simone/tesi_ws/install/relocalization_pkg/lib/python3.10/site-packages/relocalization_pkg-0.0.0-py3.10.egg-info
[1.301s] running install_scripts
[1.320s] writing list of installed files to '/home/simone/tesi_ws/build/relocalization_pkg/install.log'
[1.355s] Invoked command in '/home/simone/tesi_ws/src/relocalization_pkg' returned '0': PYTHONPATH=/home/simone/tesi_ws/build/relocalization_pkg/prefix_override:/home/simone/tesi_ws/install/relocalization_pkg/lib/python3.10/site-packages:${PYTHONPATH} /usr/bin/python3 setup.py egg_info --egg-base ../../build/relocalization_pkg build --build-base /home/simone/tesi_ws/build/relocalization_pkg/build install --record /home/simone/tesi_ws/build/relocalization_pkg/install.log --single-version-externally-managed
