[0.060s] Invoking command in '/home/simone/tesi_ws/build/relocalization_pkg': CMAKE_PREFIX_PATH=${CMAKE_PREFIX_PATH}:/home/simone/tesi_ws/install/turtlebot3_teleop:/home/simone/tesi_ws/install/turtlebot3_example:/home/simone/tesi_ws/install/create_dataset:/opt/ros/humble /usr/bin/cmake /home/simone/tesi_ws/src/relocalization_pkg -DCMAKE_INSTALL_PREFIX=/home/simone/tesi_ws/install/relocalization_pkg
[0.158s] -- The C compiler identification is GNU 11.4.0
[0.385s] -- The CXX compiler identification is GNU 11.4.0
[0.507s] -- Detecting C compiler ABI info
[0.584s] -- Detecting C compiler ABI info - done
[0.591s] -- Check for working C compiler: /usr/bin/cc - skipped
[0.591s] -- Detecting C compile features
[0.592s] -- Detecting C compile features - done
[0.595s] -- Detecting CXX compiler ABI info
[0.671s] -- Detecting CXX compiler ABI info - done
[0.676s] -- Check for working CXX compiler: /usr/bin/c++ - skipped
[0.676s] -- Detecting CXX compile features
[0.677s] -- Detecting CXX compile features - done
[0.682s] -- Found ament_cmake: 1.3.6 (/opt/ros/humble/share/ament_cmake/cmake)
[0.812s] -- Found Python3: /usr/bin/python3.10 (found version "3.10.12") found components: Interpreter 
[0.910s] -- Found ament_lint_auto: 0.12.9 (/opt/ros/humble/share/ament_lint_auto/cmake)
[0.979s] -- Added test 'flake8' to check Python code syntax and style conventions
[0.979s] -- Added test 'lint_cmake' to check CMake code style
[0.980s] -- Added test 'pep257' to check Python code against some of the docstring style conventions in PEP 257
[0.981s] -- Added test 'xmllint' to check XML markup files
[0.983s] -- Configuring done
[0.985s] -- Generating done
[0.986s] -- Build files have been written to: /home/simone/tesi_ws/build/relocalization_pkg
[0.989s] Invoked command in '/home/simone/tesi_ws/build/relocalization_pkg' returned '0': CMAKE_PREFIX_PATH=${CMAKE_PREFIX_PATH}:/home/simone/tesi_ws/install/turtlebot3_teleop:/home/simone/tesi_ws/install/turtlebot3_example:/home/simone/tesi_ws/install/create_dataset:/opt/ros/humble /usr/bin/cmake /home/simone/tesi_ws/src/relocalization_pkg -DCMAKE_INSTALL_PREFIX=/home/simone/tesi_ws/install/relocalization_pkg
[0.990s] Invoking command in '/home/simone/tesi_ws/build/relocalization_pkg': CMAKE_PREFIX_PATH=${CMAKE_PREFIX_PATH}:/home/simone/tesi_ws/install/turtlebot3_teleop:/home/simone/tesi_ws/install/turtlebot3_example:/home/simone/tesi_ws/install/create_dataset:/opt/ros/humble /usr/bin/cmake --build /home/simone/tesi_ws/build/relocalization_pkg -- -j12 -l12
[1.010s] Invoked command in '/home/simone/tesi_ws/build/relocalization_pkg' returned '0': CMAKE_PREFIX_PATH=${CMAKE_PREFIX_PATH}:/home/simone/tesi_ws/install/turtlebot3_teleop:/home/simone/tesi_ws/install/turtlebot3_example:/home/simone/tesi_ws/install/create_dataset:/opt/ros/humble /usr/bin/cmake --build /home/simone/tesi_ws/build/relocalization_pkg -- -j12 -l12
[1.026s] Invoking command in '/home/simone/tesi_ws/build/relocalization_pkg': CMAKE_PREFIX_PATH=${CMAKE_PREFIX_PATH}:/home/simone/tesi_ws/install/turtlebot3_teleop:/home/simone/tesi_ws/install/turtlebot3_example:/home/simone/tesi_ws/install/create_dataset:/opt/ros/humble /usr/bin/cmake --install /home/simone/tesi_ws/build/relocalization_pkg
[1.030s] -- Install configuration: ""
[1.030s] -- Installing: /home/simone/tesi_ws/install/relocalization_pkg/share/relocalization_pkg/launch
[1.030s] -- Installing: /home/simone/tesi_ws/install/relocalization_pkg/share/relocalization_pkg/launch/relocalization.launch.py
[1.031s] -- Installing: /home/simone/tesi_ws/install/relocalization_pkg/share/relocalization_pkg/maps
[1.031s] -- Installing: /home/simone/tesi_ws/install/relocalization_pkg/share/relocalization_pkg/maps/new_indoor_save.yaml
[1.031s] -- Installing: /home/simone/tesi_ws/install/relocalization_pkg/share/relocalization_pkg/maps/my_map_v2.pgm
[1.031s] -- Installing: /home/simone/tesi_ws/install/relocalization_pkg/share/relocalization_pkg/maps/new_indoor_save.pgm
[1.031s] -- Installing: /home/simone/tesi_ws/install/relocalization_pkg/share/relocalization_pkg/maps/new_indoor_serial.posegraph
[1.042s] -- Installing: /home/simone/tesi_ws/install/relocalization_pkg/share/relocalization_pkg/maps/my_map_v2.yaml
[1.042s] -- Installing: /home/simone/tesi_ws/install/relocalization_pkg/share/relocalization_pkg/maps/new_indoor_serial.data
[1.045s] -- Installing: /home/simone/tesi_ws/install/relocalization_pkg/share/relocalization_pkg/params
[1.045s] -- Installing: /home/simone/tesi_ws/install/relocalization_pkg/share/relocalization_pkg/params/nav2_params.yaml
[1.045s] -- Installing: /home/simone/tesi_ws/install/relocalization_pkg/share/relocalization_pkg/rviz
[1.045s] -- Installing: /home/simone/tesi_ws/install/relocalization_pkg/share/relocalization_pkg/rviz/relocalization.rviz
[1.045s] -- Installing: /home/simone/tesi_ws/install/relocalization_pkg/share/relocalization_pkg/src
[1.046s] -- Installing: /home/simone/tesi_ws/install/relocalization_pkg/share/ament_index/resource_index/package_run_dependencies/relocalization_pkg
[1.046s] -- Installing: /home/simone/tesi_ws/install/relocalization_pkg/share/ament_index/resource_index/parent_prefix_path/relocalization_pkg
[1.046s] -- Installing: /home/simone/tesi_ws/install/relocalization_pkg/share/relocalization_pkg/environment/ament_prefix_path.sh
[1.046s] -- Installing: /home/simone/tesi_ws/install/relocalization_pkg/share/relocalization_pkg/environment/ament_prefix_path.dsv
[1.047s] -- Installing: /home/simone/tesi_ws/install/relocalization_pkg/share/relocalization_pkg/environment/path.sh
[1.047s] -- Installing: /home/simone/tesi_ws/install/relocalization_pkg/share/relocalization_pkg/environment/path.dsv
[1.047s] -- Installing: /home/simone/tesi_ws/install/relocalization_pkg/share/relocalization_pkg/local_setup.bash
[1.047s] -- Installing: /home/simone/tesi_ws/install/relocalization_pkg/share/relocalization_pkg/local_setup.sh
[1.047s] -- Installing: /home/simone/tesi_ws/install/relocalization_pkg/share/relocalization_pkg/local_setup.zsh
[1.048s] -- Installing: /home/simone/tesi_ws/install/relocalization_pkg/share/relocalization_pkg/local_setup.dsv
[1.048s] -- Installing: /home/simone/tesi_ws/install/relocalization_pkg/share/relocalization_pkg/package.dsv
[1.048s] -- Installing: /home/simone/tesi_ws/install/relocalization_pkg/share/ament_index/resource_index/packages/relocalization_pkg
[1.048s] -- Installing: /home/simone/tesi_ws/install/relocalization_pkg/share/relocalization_pkg/cmake/relocalization_pkgConfig.cmake
[1.048s] -- Installing: /home/simone/tesi_ws/install/relocalization_pkg/share/relocalization_pkg/cmake/relocalization_pkgConfig-version.cmake
[1.048s] -- Installing: /home/simone/tesi_ws/install/relocalization_pkg/share/relocalization_pkg/package.xml
[1.050s] Invoked command in '/home/simone/tesi_ws/build/relocalization_pkg' returned '0': CMAKE_PREFIX_PATH=${CMAKE_PREFIX_PATH}:/home/simone/tesi_ws/install/turtlebot3_teleop:/home/simone/tesi_ws/install/turtlebot3_example:/home/simone/tesi_ws/install/create_dataset:/opt/ros/humble /usr/bin/cmake --install /home/simone/tesi_ws/build/relocalization_pkg
