[0.375s] Invoking command in '/home/simone/tesi_ws/build/turtlebot3_hardware': CMAKE_PREFIX_PATH=/home/simone/tesi_ws/install/dynamixel_sdk:/home/simone/tesi_ws/install/turtlebot3:/home/simone/tesi_ws/install/turtlebot3_simulations:/home/simone/tesi_ws/install/turtlebot3_navigation2:/home/simone/tesi_ws/install/turtlebot3_fake_node:/home/simone/tesi_ws/install/turtlebot3_msgs:/home/simone/tesi_ws/install/turtlebot3_hardware:/home/simone/tesi_ws/install/turtlebot3_gazebo:/home/simone/tesi_ws/install/turtlebot3_bringup:/home/simone/tesi_ws/install/turtlebot3_description:/home/simone/tesi_ws/install/turtlebot3_cartographer:/home/simone/tesi_ws/install/dynamixel_sdk_examples:/home/simone/tesi_ws/install/dynamixel_sdk_custom_interfaces:/home/simone/tesi_ws/install/turtlebot3_teleop:/home/simone/tesi_ws/install/turtlebot3_example:/home/simone/tesi_ws/install/relocalization_pkg:/home/simone/tesi_ws/install/create_dataset:/opt/ros/humble LD_LIBRARY_PATH=/home/simone/tesi_ws/install/dynamixel_sdk/lib:/home/simone/tesi_ws/install/turtlebot3_msgs/lib:/home/simone/tesi_ws/install/turtlebot3_hardware/lib:/home/simone/tesi_ws/install/dynamixel_sdk_custom_interfaces/lib:/opt/ros/humble/opt/rviz_ogre_vendor/lib:/opt/ros/humble/lib/x86_64-linux-gnu:/opt/ros/humble/lib:/usr/lib/x86_64-linux-gnu/gazebo-11/plugins /usr/bin/cmake /home/simone/tesi_ws/src/turtlebot3/turtlebot3_hardware -DCMAKE_INSTALL_PREFIX=/home/simone/tesi_ws/install/turtlebot3_hardware
[0.483s] -- The C compiler identification is GNU 11.4.0
[0.832s] -- The CXX compiler identification is GNU 11.4.0
[1.160s] -- Detecting C compiler ABI info
[1.415s] -- Detecting C compiler ABI info - done
[1.429s] -- Check for working C compiler: /usr/bin/cc - skipped
[1.430s] -- Detecting C compile features
[1.432s] -- Detecting C compile features - done
[1.450s] -- Detecting CXX compiler ABI info
[1.737s] -- Detecting CXX compiler ABI info - done
[1.737s] -- Check for working CXX compiler: /usr/bin/c++ - skipped
[1.737s] -- Detecting CXX compile features
[1.737s] -- Detecting CXX compile features - done
[1.748s] -- Found ament_cmake: 1.3.6 (/opt/ros/humble/share/ament_cmake/cmake)
[2.185s] -- Found Python3: /usr/bin/python3.10 (found version "3.10.12") found components: Interpreter 
[2.402s] -- Found dynamixel_sdk: 3.7.60 (/home/simone/tesi_ws/install/dynamixel_sdk/share/dynamixel_sdk/cmake)
[2.410s] -- Found hardware_interface: 2.36.0 (/opt/ros/humble/share/hardware_interface/cmake)
[2.676s] -- Found rosidl_generator_c: 3.1.5 (/opt/ros/humble/share/rosidl_generator_c/cmake)
[2.687s] -- Found rosidl_adapter: 3.1.5 (/opt/ros/humble/share/rosidl_adapter/cmake)
[2.707s] -- Found rosidl_generator_cpp: 3.1.5 (/opt/ros/humble/share/rosidl_generator_cpp/cmake)
[2.763s] -- Using all available rosidl_typesupport_c: rosidl_typesupport_fastrtps_c;rosidl_typesupport_introspection_c
[2.818s] -- Using all available rosidl_typesupport_cpp: rosidl_typesupport_fastrtps_cpp;rosidl_typesupport_introspection_cpp
[6.263s] -- Found rmw_implementation_cmake: 6.1.1 (/opt/ros/humble/share/rmw_implementation_cmake/cmake)
[6.269s] -- Found rmw_fastrtps_cpp: 6.2.5 (/opt/ros/humble/share/rmw_fastrtps_cpp/cmake)
[6.331s] -- Found TinyXML2 via Config file: TinyXML2_DIR-NOTFOUND
[6.396s] -- Found OpenSSL: /usr/lib/x86_64-linux-gnu/libcrypto.so (found version "3.0.2")  
[6.401s] -- Found TinyXML2 via Config file: TinyXML2_DIR-NOTFOUND
[6.545s] -- Found FastRTPS: /opt/ros/humble/include  
[6.558s] -- Found TinyXML2 via Config file: TinyXML2_DIR-NOTFOUND
[6.563s] -- Found TinyXML2 via Config file: TinyXML2_DIR-NOTFOUND
[6.606s] -- Using RMW implementation 'rmw_fastrtps_cpp' as default
[6.618s] -- Looking for pthread.h
[6.727s] -- Looking for pthread.h - found
[6.727s] -- Performing Test CMAKE_HAVE_LIBC_PTHREAD
[6.838s] -- Performing Test CMAKE_HAVE_LIBC_PTHREAD - Success
[6.839s] -- Found Threads: TRUE  
[7.200s] -- Configuring done
[7.242s] -- Generating done
[7.244s] -- Build files have been written to: /home/simone/tesi_ws/build/turtlebot3_hardware
[7.263s] Invoked command in '/home/simone/tesi_ws/build/turtlebot3_hardware' returned '0': CMAKE_PREFIX_PATH=/home/simone/tesi_ws/install/dynamixel_sdk:/home/simone/tesi_ws/install/turtlebot3:/home/simone/tesi_ws/install/turtlebot3_simulations:/home/simone/tesi_ws/install/turtlebot3_navigation2:/home/simone/tesi_ws/install/turtlebot3_fake_node:/home/simone/tesi_ws/install/turtlebot3_msgs:/home/simone/tesi_ws/install/turtlebot3_hardware:/home/simone/tesi_ws/install/turtlebot3_gazebo:/home/simone/tesi_ws/install/turtlebot3_bringup:/home/simone/tesi_ws/install/turtlebot3_description:/home/simone/tesi_ws/install/turtlebot3_cartographer:/home/simone/tesi_ws/install/dynamixel_sdk_examples:/home/simone/tesi_ws/install/dynamixel_sdk_custom_interfaces:/home/simone/tesi_ws/install/turtlebot3_teleop:/home/simone/tesi_ws/install/turtlebot3_example:/home/simone/tesi_ws/install/relocalization_pkg:/home/simone/tesi_ws/install/create_dataset:/opt/ros/humble LD_LIBRARY_PATH=/home/simone/tesi_ws/install/dynamixel_sdk/lib:/home/simone/tesi_ws/install/turtlebot3_msgs/lib:/home/simone/tesi_ws/install/turtlebot3_hardware/lib:/home/simone/tesi_ws/install/dynamixel_sdk_custom_interfaces/lib:/opt/ros/humble/opt/rviz_ogre_vendor/lib:/opt/ros/humble/lib/x86_64-linux-gnu:/opt/ros/humble/lib:/usr/lib/x86_64-linux-gnu/gazebo-11/plugins /usr/bin/cmake /home/simone/tesi_ws/src/turtlebot3/turtlebot3_hardware -DCMAKE_INSTALL_PREFIX=/home/simone/tesi_ws/install/turtlebot3_hardware
[7.265s] Invoking command in '/home/simone/tesi_ws/build/turtlebot3_hardware': CMAKE_PREFIX_PATH=/home/simone/tesi_ws/install/dynamixel_sdk:/home/simone/tesi_ws/install/turtlebot3:/home/simone/tesi_ws/install/turtlebot3_simulations:/home/simone/tesi_ws/install/turtlebot3_navigation2:/home/simone/tesi_ws/install/turtlebot3_fake_node:/home/simone/tesi_ws/install/turtlebot3_msgs:/home/simone/tesi_ws/install/turtlebot3_hardware:/home/simone/tesi_ws/install/turtlebot3_gazebo:/home/simone/tesi_ws/install/turtlebot3_bringup:/home/simone/tesi_ws/install/turtlebot3_description:/home/simone/tesi_ws/install/turtlebot3_cartographer:/home/simone/tesi_ws/install/dynamixel_sdk_examples:/home/simone/tesi_ws/install/dynamixel_sdk_custom_interfaces:/home/simone/tesi_ws/install/turtlebot3_teleop:/home/simone/tesi_ws/install/turtlebot3_example:/home/simone/tesi_ws/install/relocalization_pkg:/home/simone/tesi_ws/install/create_dataset:/opt/ros/humble LD_LIBRARY_PATH=/home/simone/tesi_ws/install/dynamixel_sdk/lib:/home/simone/tesi_ws/install/turtlebot3_msgs/lib:/home/simone/tesi_ws/install/turtlebot3_hardware/lib:/home/simone/tesi_ws/install/dynamixel_sdk_custom_interfaces/lib:/opt/ros/humble/opt/rviz_ogre_vendor/lib:/opt/ros/humble/lib/x86_64-linux-gnu:/opt/ros/humble/lib:/usr/lib/x86_64-linux-gnu/gazebo-11/plugins /usr/bin/cmake --build /home/simone/tesi_ws/build/turtlebot3_hardware -- -j12 -l12
[7.310s] [ 50%] [32mBuilding CXX object CMakeFiles/turtlebot3_hardware.dir/src/opencr.cpp.o[0m
[7.310s] [ 50%] [32mBuilding CXX object CMakeFiles/turtlebot3_hardware.dir/src/turtlebot3_system.cpp.o[0m
[7.310s] [ 75%] [32mBuilding CXX object CMakeFiles/turtlebot3_hardware.dir/src/dynamixel_sdk_wrapper.cpp.o[0m
[12.662s] [100%] [32m[1mLinking CXX shared library libturtlebot3_hardware.so[0m
[12.955s] [100%] Built target turtlebot3_hardware
[12.968s] Invoked command in '/home/simone/tesi_ws/build/turtlebot3_hardware' returned '0': CMAKE_PREFIX_PATH=/home/simone/tesi_ws/install/dynamixel_sdk:/home/simone/tesi_ws/install/turtlebot3:/home/simone/tesi_ws/install/turtlebot3_simulations:/home/simone/tesi_ws/install/turtlebot3_navigation2:/home/simone/tesi_ws/install/turtlebot3_fake_node:/home/simone/tesi_ws/install/turtlebot3_msgs:/home/simone/tesi_ws/install/turtlebot3_hardware:/home/simone/tesi_ws/install/turtlebot3_gazebo:/home/simone/tesi_ws/install/turtlebot3_bringup:/home/simone/tesi_ws/install/turtlebot3_description:/home/simone/tesi_ws/install/turtlebot3_cartographer:/home/simone/tesi_ws/install/dynamixel_sdk_examples:/home/simone/tesi_ws/install/dynamixel_sdk_custom_interfaces:/home/simone/tesi_ws/install/turtlebot3_teleop:/home/simone/tesi_ws/install/turtlebot3_example:/home/simone/tesi_ws/install/relocalization_pkg:/home/simone/tesi_ws/install/create_dataset:/opt/ros/humble LD_LIBRARY_PATH=/home/simone/tesi_ws/install/dynamixel_sdk/lib:/home/simone/tesi_ws/install/turtlebot3_msgs/lib:/home/simone/tesi_ws/install/turtlebot3_hardware/lib:/home/simone/tesi_ws/install/dynamixel_sdk_custom_interfaces/lib:/opt/ros/humble/opt/rviz_ogre_vendor/lib:/opt/ros/humble/lib/x86_64-linux-gnu:/opt/ros/humble/lib:/usr/lib/x86_64-linux-gnu/gazebo-11/plugins /usr/bin/cmake --build /home/simone/tesi_ws/build/turtlebot3_hardware -- -j12 -l12
[12.998s] Invoking command in '/home/simone/tesi_ws/build/turtlebot3_hardware': CMAKE_PREFIX_PATH=/home/simone/tesi_ws/install/dynamixel_sdk:/home/simone/tesi_ws/install/turtlebot3:/home/simone/tesi_ws/install/turtlebot3_simulations:/home/simone/tesi_ws/install/turtlebot3_navigation2:/home/simone/tesi_ws/install/turtlebot3_fake_node:/home/simone/tesi_ws/install/turtlebot3_msgs:/home/simone/tesi_ws/install/turtlebot3_hardware:/home/simone/tesi_ws/install/turtlebot3_gazebo:/home/simone/tesi_ws/install/turtlebot3_bringup:/home/simone/tesi_ws/install/turtlebot3_description:/home/simone/tesi_ws/install/turtlebot3_cartographer:/home/simone/tesi_ws/install/dynamixel_sdk_examples:/home/simone/tesi_ws/install/dynamixel_sdk_custom_interfaces:/home/simone/tesi_ws/install/turtlebot3_teleop:/home/simone/tesi_ws/install/turtlebot3_example:/home/simone/tesi_ws/install/relocalization_pkg:/home/simone/tesi_ws/install/create_dataset:/opt/ros/humble LD_LIBRARY_PATH=/home/simone/tesi_ws/install/dynamixel_sdk/lib:/home/simone/tesi_ws/install/turtlebot3_msgs/lib:/home/simone/tesi_ws/install/turtlebot3_hardware/lib:/home/simone/tesi_ws/install/dynamixel_sdk_custom_interfaces/lib:/opt/ros/humble/opt/rviz_ogre_vendor/lib:/opt/ros/humble/lib/x86_64-linux-gnu:/opt/ros/humble/lib:/usr/lib/x86_64-linux-gnu/gazebo-11/plugins /usr/bin/cmake --install /home/simone/tesi_ws/build/turtlebot3_hardware
[13.006s] -- Install configuration: ""
[13.006s] -- Installing: /home/simone/tesi_ws/install/turtlebot3_hardware/share/turtlebot3_hardware/turtlebot3_hardware.xml
[13.007s] -- Installing: /home/simone/tesi_ws/install/turtlebot3_hardware/include
[13.007s] -- Installing: /home/simone/tesi_ws/install/turtlebot3_hardware/include/turtlebot3_hardware
[13.008s] -- Installing: /home/simone/tesi_ws/install/turtlebot3_hardware/include/turtlebot3_hardware/turtlebot3_system.hpp
[13.008s] -- Installing: /home/simone/tesi_ws/install/turtlebot3_hardware/include/turtlebot3_hardware/visibility_control.h
[13.009s] -- Installing: /home/simone/tesi_ws/install/turtlebot3_hardware/include/turtlebot3_hardware/opencr.hpp
[13.009s] -- Installing: /home/simone/tesi_ws/install/turtlebot3_hardware/include/turtlebot3_hardware/opencr_control_table.hpp
[13.009s] -- Installing: /home/simone/tesi_ws/install/turtlebot3_hardware/include/turtlebot3_hardware/dynamixel_sdk_wrapper.hpp
[13.009s] -- Installing: /home/simone/tesi_ws/install/turtlebot3_hardware/include/turtlebot3_hardware/opencr_definitions.hpp
[13.009s] -- Installing: /home/simone/tesi_ws/install/turtlebot3_hardware/lib/libturtlebot3_hardware.so
[13.009s] -- Set runtime path of "/home/simone/tesi_ws/install/turtlebot3_hardware/lib/libturtlebot3_hardware.so" to ""
[13.010s] -- Installing: /home/simone/tesi_ws/install/turtlebot3_hardware/share/turtlebot3_hardware/environment/library_path.sh
[13.010s] -- Installing: /home/simone/tesi_ws/install/turtlebot3_hardware/share/turtlebot3_hardware/environment/library_path.dsv
[13.011s] -- Installing: /home/simone/tesi_ws/install/turtlebot3_hardware/share/ament_index/resource_index/package_run_dependencies/turtlebot3_hardware
[13.011s] -- Installing: /home/simone/tesi_ws/install/turtlebot3_hardware/share/ament_index/resource_index/parent_prefix_path/turtlebot3_hardware
[13.012s] -- Installing: /home/simone/tesi_ws/install/turtlebot3_hardware/share/turtlebot3_hardware/environment/ament_prefix_path.sh
[13.013s] -- Installing: /home/simone/tesi_ws/install/turtlebot3_hardware/share/turtlebot3_hardware/environment/ament_prefix_path.dsv
[13.013s] -- Installing: /home/simone/tesi_ws/install/turtlebot3_hardware/share/turtlebot3_hardware/environment/path.sh
[13.014s] -- Installing: /home/simone/tesi_ws/install/turtlebot3_hardware/share/turtlebot3_hardware/environment/path.dsv
[13.014s] -- Installing: /home/simone/tesi_ws/install/turtlebot3_hardware/share/turtlebot3_hardware/local_setup.bash
[13.015s] -- Installing: /home/simone/tesi_ws/install/turtlebot3_hardware/share/turtlebot3_hardware/local_setup.sh
[13.015s] -- Installing: /home/simone/tesi_ws/install/turtlebot3_hardware/share/turtlebot3_hardware/local_setup.zsh
[13.015s] -- Installing: /home/simone/tesi_ws/install/turtlebot3_hardware/share/turtlebot3_hardware/local_setup.dsv
[13.016s] -- Installing: /home/simone/tesi_ws/install/turtlebot3_hardware/share/turtlebot3_hardware/package.dsv
[13.017s] -- Installing: /home/simone/tesi_ws/install/turtlebot3_hardware/share/ament_index/resource_index/packages/turtlebot3_hardware
[13.018s] -- Installing: /home/simone/tesi_ws/install/turtlebot3_hardware/share/ament_index/resource_index/hardware_interface__pluginlib__plugin/turtlebot3_hardware
[13.018s] -- Installing: /home/simone/tesi_ws/install/turtlebot3_hardware/share/turtlebot3_hardware/cmake/ament_cmake_export_include_directories-extras.cmake
[13.019s] -- Installing: /home/simone/tesi_ws/install/turtlebot3_hardware/share/turtlebot3_hardware/cmake/ament_cmake_export_libraries-extras.cmake
[13.020s] -- Installing: /home/simone/tesi_ws/install/turtlebot3_hardware/share/turtlebot3_hardware/cmake/ament_cmake_export_dependencies-extras.cmake
[13.021s] -- Installing: /home/simone/tesi_ws/install/turtlebot3_hardware/share/turtlebot3_hardware/cmake/turtlebot3_hardwareConfig.cmake
[13.021s] -- Installing: /home/simone/tesi_ws/install/turtlebot3_hardware/share/turtlebot3_hardware/cmake/turtlebot3_hardwareConfig-version.cmake
[13.022s] -- Installing: /home/simone/tesi_ws/install/turtlebot3_hardware/share/turtlebot3_hardware/package.xml
[13.023s] Invoked command in '/home/simone/tesi_ws/build/turtlebot3_hardware' returned '0': CMAKE_PREFIX_PATH=/home/simone/tesi_ws/install/dynamixel_sdk:/home/simone/tesi_ws/install/turtlebot3:/home/simone/tesi_ws/install/turtlebot3_simulations:/home/simone/tesi_ws/install/turtlebot3_navigation2:/home/simone/tesi_ws/install/turtlebot3_fake_node:/home/simone/tesi_ws/install/turtlebot3_msgs:/home/simone/tesi_ws/install/turtlebot3_hardware:/home/simone/tesi_ws/install/turtlebot3_gazebo:/home/simone/tesi_ws/install/turtlebot3_bringup:/home/simone/tesi_ws/install/turtlebot3_description:/home/simone/tesi_ws/install/turtlebot3_cartographer:/home/simone/tesi_ws/install/dynamixel_sdk_examples:/home/simone/tesi_ws/install/dynamixel_sdk_custom_interfaces:/home/simone/tesi_ws/install/turtlebot3_teleop:/home/simone/tesi_ws/install/turtlebot3_example:/home/simone/tesi_ws/install/relocalization_pkg:/home/simone/tesi_ws/install/create_dataset:/opt/ros/humble LD_LIBRARY_PATH=/home/simone/tesi_ws/install/dynamixel_sdk/lib:/home/simone/tesi_ws/install/turtlebot3_msgs/lib:/home/simone/tesi_ws/install/turtlebot3_hardware/lib:/home/simone/tesi_ws/install/dynamixel_sdk_custom_interfaces/lib:/opt/ros/humble/opt/rviz_ogre_vendor/lib:/opt/ros/humble/lib/x86_64-linux-gnu:/opt/ros/humble/lib:/usr/lib/x86_64-linux-gnu/gazebo-11/plugins /usr/bin/cmake --install /home/simone/tesi_ws/build/turtlebot3_hardware
