[0.867s] Invoking command in '/home/simone/tesi_ws/src/relocalization_pkg': PYTHONPATH=/home/simone/tesi_ws/build/relocalization_pkg/prefix_override:/home/simone/tesi_ws/install/relocalization_pkg/lib/python3.10/site-packages:${PYTHONPATH} /usr/bin/python3 setup.py egg_info --egg-base ../../build/relocalization_pkg build --build-base /home/simone/tesi_ws/build/relocalization_pkg/build install --record /home/simone/tesi_ws/build/relocalization_pkg/install.log --single-version-externally-managed
[1.091s] running egg_info
[1.092s] writing ../../build/relocalization_pkg/relocalization_pkg.egg-info/PKG-INFO
[1.093s] writing dependency_links to ../../build/relocalization_pkg/relocalization_pkg.egg-info/dependency_links.txt
[1.093s] writing entry points to ../../build/relocalization_pkg/relocalization_pkg.egg-info/entry_points.txt
[1.093s] writing requirements to ../../build/relocalization_pkg/relocalization_pkg.egg-info/requires.txt
[1.093s] writing top-level names to ../../build/relocalization_pkg/relocalization_pkg.egg-info/top_level.txt
[1.095s] reading manifest file '../../build/relocalization_pkg/relocalization_pkg.egg-info/SOURCES.txt'
[1.099s] writing manifest file '../../build/relocalization_pkg/relocalization_pkg.egg-info/SOURCES.txt'
[1.100s] running build
[1.101s] running build_py
[1.101s] copying relocalization_pkg/pose_estimation_node_v2.py -> /home/simone/tesi_ws/build/relocalization_pkg/build/lib/relocalization_pkg
[1.101s] running install
[1.101s] running install_lib
[1.102s] copying /home/simone/tesi_ws/build/relocalization_pkg/build/lib/relocalization_pkg/pose_estimation_node_v2.py -> /home/simone/tesi_ws/install/relocalization_pkg/lib/python3.10/site-packages/relocalization_pkg
[1.102s] byte-compiling /home/simone/tesi_ws/install/relocalization_pkg/lib/python3.10/site-packages/relocalization_pkg/pose_estimation_node_v2.py to pose_estimation_node_v2.cpython-310.pyc
[1.103s] running install_data
[1.104s] running install_egg_info
[1.105s] removing '/home/simone/tesi_ws/install/relocalization_pkg/lib/python3.10/site-packages/relocalization_pkg-0.0.0-py3.10.egg-info' (and everything under it)
[1.106s] Copying ../../build/relocalization_pkg/relocalization_pkg.egg-info to /home/simone/tesi_ws/install/relocalization_pkg/lib/python3.10/site-packages/relocalization_pkg-0.0.0-py3.10.egg-info
[1.107s] running install_scripts
[1.121s] Installing acquire_query_node script to /home/simone/tesi_ws/install/relocalization_pkg/lib/relocalization_pkg
[1.122s] Installing pose_estimation_node script to /home/simone/tesi_ws/install/relocalization_pkg/lib/relocalization_pkg
[1.122s] Installing reloc_eval_node script to /home/simone/tesi_ws/install/relocalization_pkg/lib/relocalization_pkg
[1.122s] Installing show_poses_node script to /home/simone/tesi_ws/install/relocalization_pkg/lib/relocalization_pkg
[1.122s] writing list of installed files to '/home/simone/tesi_ws/build/relocalization_pkg/install.log'
[1.144s] Invoked command in '/home/simone/tesi_ws/src/relocalization_pkg' returned '0': PYTHONPATH=/home/simone/tesi_ws/build/relocalization_pkg/prefix_override:/home/simone/tesi_ws/install/relocalization_pkg/lib/python3.10/site-packages:${PYTHONPATH} /usr/bin/python3 setup.py egg_info --egg-base ../../build/relocalization_pkg build --build-base /home/simone/tesi_ws/build/relocalization_pkg/build install --record /home/simone/tesi_ws/build/relocalization_pkg/install.log --single-version-externally-managed
