[0.597s] Invoking command in '/home/simone/tesi_ws/build/dynamixel_sdk': CMAKE_PREFIX_PATH=${CMAKE_PREFIX_PATH}:/home/simone/tesi_ws/install/turtlebot3_teleop:/home/simone/tesi_ws/install/turtlebot3_example:/home/simone/tesi_ws/install/relocalization_pkg:/home/simone/tesi_ws/install/create_dataset:/opt/ros/humble /usr/bin/cmake --build /home/simone/tesi_ws/build/dynamixel_sdk -- -j12 -l12
[1.388s] [100%] Built target dynamixel_sdk
[1.746s] Invoked command in '/home/simone/tesi_ws/build/dynamixel_sdk' returned '0': CMAKE_PREFIX_PATH=${CMAKE_PREFIX_PATH}:/home/simone/tesi_ws/install/turtlebot3_teleop:/home/simone/tesi_ws/install/turtlebot3_example:/home/simone/tesi_ws/install/relocalization_pkg:/home/simone/tesi_ws/install/create_dataset:/opt/ros/humble /usr/bin/cmake --build /home/simone/tesi_ws/build/dynamixel_sdk -- -j12 -l12
[1.840s] Invoking command in '/home/simone/tesi_ws/build/dynamixel_sdk': CMAKE_PREFIX_PATH=${CMAKE_PREFIX_PATH}:/home/simone/tesi_ws/install/turtlebot3_teleop:/home/simone/tesi_ws/install/turtlebot3_example:/home/simone/tesi_ws/install/relocalization_pkg:/home/simone/tesi_ws/install/create_dataset:/opt/ros/humble /usr/bin/cmake --install /home/simone/tesi_ws/build/dynamixel_sdk
[1.873s] -- Install configuration: ""
[1.875s] -- Up-to-date: /home/simone/tesi_ws/install/dynamixel_sdk/include/
[1.875s] -- Up-to-date: /home/simone/tesi_ws/install/dynamixel_sdk/include//dynamixel_sdk
[1.875s] -- Up-to-date: /home/simone/tesi_ws/install/dynamixel_sdk/include//dynamixel_sdk/group_sync_read.h
[1.876s] -- Up-to-date: /home/simone/tesi_ws/install/dynamixel_sdk/include//dynamixel_sdk/group_bulk_read.h
[1.876s] -- Up-to-date: /home/simone/tesi_ws/install/dynamixel_sdk/include//dynamixel_sdk/port_handler_windows.h
[1.876s] -- Up-to-date: /home/simone/tesi_ws/install/dynamixel_sdk/include//dynamixel_sdk/protocol2_packet_handler.h
[1.877s] -- Up-to-date: /home/simone/tesi_ws/install/dynamixel_sdk/include//dynamixel_sdk/port_handler.h
[1.877s] -- Up-to-date: /home/simone/tesi_ws/install/dynamixel_sdk/include//dynamixel_sdk/dynamixel_sdk.h
[1.880s] -- Up-to-date: /home/simone/tesi_ws/install/dynamixel_sdk/include//dynamixel_sdk/packet_handler.h
[1.882s] -- Up-to-date: /home/simone/tesi_ws/install/dynamixel_sdk/include//dynamixel_sdk/port_handler_mac.h
[1.882s] -- Up-to-date: /home/simone/tesi_ws/install/dynamixel_sdk/include//dynamixel_sdk/port_handler_arduino.h
[1.883s] -- Up-to-date: /home/simone/tesi_ws/install/dynamixel_sdk/include//dynamixel_sdk/port_handler_linux.h
[1.884s] -- Up-to-date: /home/simone/tesi_ws/install/dynamixel_sdk/include//dynamixel_sdk/group_sync_write.h
[1.885s] -- Up-to-date: /home/simone/tesi_ws/install/dynamixel_sdk/include//dynamixel_sdk/group_bulk_write.h
[1.885s] -- Up-to-date: /home/simone/tesi_ws/install/dynamixel_sdk/include//dynamixel_sdk/protocol1_packet_handler.h
[1.885s] -- Up-to-date: /home/simone/tesi_ws/install/dynamixel_sdk/lib/libdynamixel_sdk.so
[1.885s] -- Up-to-date: /home/simone/tesi_ws/install/dynamixel_sdk/share/dynamixel_sdk/environment/library_path.sh
[1.886s] -- Up-to-date: /home/simone/tesi_ws/install/dynamixel_sdk/share/dynamixel_sdk/environment/library_path.dsv
[1.886s] -- Up-to-date: /home/simone/tesi_ws/install/dynamixel_sdk/share/ament_index/resource_index/package_run_dependencies/dynamixel_sdk
[1.886s] -- Up-to-date: /home/simone/tesi_ws/install/dynamixel_sdk/share/ament_index/resource_index/parent_prefix_path/dynamixel_sdk
[1.886s] -- Up-to-date: /home/simone/tesi_ws/install/dynamixel_sdk/share/dynamixel_sdk/environment/ament_prefix_path.sh
[1.886s] -- Up-to-date: /home/simone/tesi_ws/install/dynamixel_sdk/share/dynamixel_sdk/environment/ament_prefix_path.dsv
[1.887s] -- Up-to-date: /home/simone/tesi_ws/install/dynamixel_sdk/share/dynamixel_sdk/environment/path.sh
[1.887s] -- Up-to-date: /home/simone/tesi_ws/install/dynamixel_sdk/share/dynamixel_sdk/environment/path.dsv
[1.887s] -- Up-to-date: /home/simone/tesi_ws/install/dynamixel_sdk/share/dynamixel_sdk/local_setup.bash
[1.887s] -- Up-to-date: /home/simone/tesi_ws/install/dynamixel_sdk/share/dynamixel_sdk/local_setup.sh
[1.887s] -- Up-to-date: /home/simone/tesi_ws/install/dynamixel_sdk/share/dynamixel_sdk/local_setup.zsh
[1.888s] -- Up-to-date: /home/simone/tesi_ws/install/dynamixel_sdk/share/dynamixel_sdk/local_setup.dsv
[1.888s] -- Installing: /home/simone/tesi_ws/install/dynamixel_sdk/share/dynamixel_sdk/package.dsv
[1.889s] -- Up-to-date: /home/simone/tesi_ws/install/dynamixel_sdk/share/ament_index/resource_index/packages/dynamixel_sdk
[1.889s] -- Up-to-date: /home/simone/tesi_ws/install/dynamixel_sdk/share/dynamixel_sdk/cmake/ament_cmake_export_include_directories-extras.cmake
[1.890s] -- Up-to-date: /home/simone/tesi_ws/install/dynamixel_sdk/share/dynamixel_sdk/cmake/ament_cmake_export_libraries-extras.cmake
[1.890s] -- Up-to-date: /home/simone/tesi_ws/install/dynamixel_sdk/share/dynamixel_sdk/cmake/dynamixel_sdkConfig.cmake
[1.893s] -- Up-to-date: /home/simone/tesi_ws/install/dynamixel_sdk/share/dynamixel_sdk/cmake/dynamixel_sdkConfig-version.cmake
[1.893s] -- Up-to-date: /home/simone/tesi_ws/install/dynamixel_sdk/share/dynamixel_sdk/package.xml
[2.152s] Invoked command in '/home/simone/tesi_ws/build/dynamixel_sdk' returned '0': CMAKE_PREFIX_PATH=${CMAKE_PREFIX_PATH}:/home/simone/tesi_ws/install/turtlebot3_teleop:/home/simone/tesi_ws/install/turtlebot3_example:/home/simone/tesi_ws/install/relocalization_pkg:/home/simone/tesi_ws/install/create_dataset:/opt/ros/humble /usr/bin/cmake --install /home/simone/tesi_ws/build/dynamixel_sdk
