[0.667s] Invoking command in '/home/simone/tesi_ws/build/turtlebot3_msgs': CMAKE_PREFIX_PATH=${CMAKE_PREFIX_PATH}:/home/simone/tesi_ws/install/turtlebot3_teleop:/home/simone/tesi_ws/install/turtlebot3_example:/home/simone/tesi_ws/install/relocalization_pkg:/home/simone/tesi_ws/install/create_dataset:/opt/ros/humble /usr/bin/cmake --build /home/simone/tesi_ws/build/turtlebot3_msgs -- -j12 -l12
[1.726s] [  1%] Built target turtlebot3_msgs__cpp
[1.727s] [ 12%] Built target turtlebot3_msgs__rosidl_generator_c
[1.728s] [ 12%] Built target ament_cmake_python_copy_turtlebot3_msgs
[1.728s] [ 45%] Built target turtlebot3_msgs__rosidl_typesupport_introspection_cpp
[1.728s] [ 46%] Built target turtlebot3_msgs__rosidl_typesupport_fastrtps_cpp
[1.730s] [ 46%] Built target turtlebot3_msgs__rosidl_typesupport_cpp
[1.731s] [ 57%] Built target turtlebot3_msgs__rosidl_typesupport_introspection_c
[1.733s] [ 69%] Built target turtlebot3_msgs__rosidl_typesupport_c
[1.734s] [ 80%] Built target turtlebot3_msgs__rosidl_typesupport_fastrtps_c
[1.736s] [ 80%] Built target turtlebot3_msgs
[1.737s] [ 81%] Built target turtlebot3_msgs__py
[1.744s] [ 91%] Built target turtlebot3_msgs__rosidl_generator_py
[1.745s] [ 94%] Built target turtlebot3_msgs__rosidl_typesupport_fastrtps_c__pyext
[1.746s] [ 98%] Built target turtlebot3_msgs__rosidl_typesupport_c__pyext
[1.747s] [100%] Built target turtlebot3_msgs__rosidl_typesupport_introspection_c__pyext
[1.747s] running egg_info
[1.748s] writing turtlebot3_msgs.egg-info/PKG-INFO
[1.748s] writing dependency_links to turtlebot3_msgs.egg-info/dependency_links.txt
[1.749s] writing top-level names to turtlebot3_msgs.egg-info/top_level.txt
[1.755s] reading manifest file 'turtlebot3_msgs.egg-info/SOURCES.txt'
[1.755s] writing manifest file 'turtlebot3_msgs.egg-info/SOURCES.txt'
[1.756s] [100%] Built target ament_cmake_python_build_turtlebot3_msgs_egg
[1.765s] Invoked command in '/home/simone/tesi_ws/build/turtlebot3_msgs' returned '0': CMAKE_PREFIX_PATH=${CMAKE_PREFIX_PATH}:/home/simone/tesi_ws/install/turtlebot3_teleop:/home/simone/tesi_ws/install/turtlebot3_example:/home/simone/tesi_ws/install/relocalization_pkg:/home/simone/tesi_ws/install/create_dataset:/opt/ros/humble /usr/bin/cmake --build /home/simone/tesi_ws/build/turtlebot3_msgs -- -j12 -l12
[2.288s] Invoking command in '/home/simone/tesi_ws/build/turtlebot3_msgs': CMAKE_PREFIX_PATH=${CMAKE_PREFIX_PATH}:/home/simone/tesi_ws/install/turtlebot3_teleop:/home/simone/tesi_ws/install/turtlebot3_example:/home/simone/tesi_ws/install/relocalization_pkg:/home/simone/tesi_ws/install/create_dataset:/opt/ros/humble /usr/bin/cmake --install /home/simone/tesi_ws/build/turtlebot3_msgs
[2.312s] -- Install configuration: ""
[2.312s] -- Up-to-date: /home/simone/tesi_ws/install/turtlebot3_msgs/share/ament_index/resource_index/rosidl_interfaces/turtlebot3_msgs
[2.312s] -- Up-to-date: /home/simone/tesi_ws/install/turtlebot3_msgs/include/turtlebot3_msgs/turtlebot3_msgs
[2.312s] -- Up-to-date: /home/simone/tesi_ws/install/turtlebot3_msgs/include/turtlebot3_msgs/turtlebot3_msgs/msg
[2.312s] -- Up-to-date: /home/simone/tesi_ws/install/turtlebot3_msgs/include/turtlebot3_msgs/turtlebot3_msgs/msg/sound.h
[2.312s] -- Up-to-date: /home/simone/tesi_ws/install/turtlebot3_msgs/include/turtlebot3_msgs/turtlebot3_msgs/msg/version_info.h
[2.312s] -- Up-to-date: /home/simone/tesi_ws/install/turtlebot3_msgs/include/turtlebot3_msgs/turtlebot3_msgs/msg/rosidl_generator_c__visibility_control.h
[2.313s] -- Up-to-date: /home/simone/tesi_ws/install/turtlebot3_msgs/include/turtlebot3_msgs/turtlebot3_msgs/msg/detail
[2.313s] -- Up-to-date: /home/simone/tesi_ws/install/turtlebot3_msgs/include/turtlebot3_msgs/turtlebot3_msgs/msg/detail/sensor_state__type_support.h
[2.313s] -- Up-to-date: /home/simone/tesi_ws/install/turtlebot3_msgs/include/turtlebot3_msgs/turtlebot3_msgs/msg/detail/sensor_state__functions.h
[2.313s] -- Up-to-date: /home/simone/tesi_ws/install/turtlebot3_msgs/include/turtlebot3_msgs/turtlebot3_msgs/msg/detail/sensor_state__functions.c
[2.313s] -- Up-to-date: /home/simone/tesi_ws/install/turtlebot3_msgs/include/turtlebot3_msgs/turtlebot3_msgs/msg/detail/sound__functions.h
[2.313s] -- Up-to-date: /home/simone/tesi_ws/install/turtlebot3_msgs/include/turtlebot3_msgs/turtlebot3_msgs/msg/detail/version_info__functions.h
[2.313s] -- Up-to-date: /home/simone/tesi_ws/install/turtlebot3_msgs/include/turtlebot3_msgs/turtlebot3_msgs/msg/detail/sensor_state__struct.h
[2.313s] -- Up-to-date: /home/simone/tesi_ws/install/turtlebot3_msgs/include/turtlebot3_msgs/turtlebot3_msgs/msg/detail/sound__struct.h
[2.313s] -- Up-to-date: /home/simone/tesi_ws/install/turtlebot3_msgs/include/turtlebot3_msgs/turtlebot3_msgs/msg/detail/version_info__type_support.h
[2.313s] -- Up-to-date: /home/simone/tesi_ws/install/turtlebot3_msgs/include/turtlebot3_msgs/turtlebot3_msgs/msg/detail/sound__functions.c
[2.313s] -- Up-to-date: /home/simone/tesi_ws/install/turtlebot3_msgs/include/turtlebot3_msgs/turtlebot3_msgs/msg/detail/version_info__functions.c
[2.313s] -- Up-to-date: /home/simone/tesi_ws/install/turtlebot3_msgs/include/turtlebot3_msgs/turtlebot3_msgs/msg/detail/version_info__struct.h
[2.313s] -- Up-to-date: /home/simone/tesi_ws/install/turtlebot3_msgs/include/turtlebot3_msgs/turtlebot3_msgs/msg/detail/sound__type_support.h
[2.313s] -- Up-to-date: /home/simone/tesi_ws/install/turtlebot3_msgs/include/turtlebot3_msgs/turtlebot3_msgs/msg/sensor_state.h
[2.313s] -- Up-to-date: /home/simone/tesi_ws/install/turtlebot3_msgs/include/turtlebot3_msgs/turtlebot3_msgs/action
[2.313s] -- Up-to-date: /home/simone/tesi_ws/install/turtlebot3_msgs/include/turtlebot3_msgs/turtlebot3_msgs/action/patrol.h
[2.313s] -- Up-to-date: /home/simone/tesi_ws/install/turtlebot3_msgs/include/turtlebot3_msgs/turtlebot3_msgs/action/detail
[2.313s] -- Up-to-date: /home/simone/tesi_ws/install/turtlebot3_msgs/include/turtlebot3_msgs/turtlebot3_msgs/action/detail/patrol__type_support.h
[2.313s] -- Up-to-date: /home/simone/tesi_ws/install/turtlebot3_msgs/include/turtlebot3_msgs/turtlebot3_msgs/action/detail/patrol__functions.c
[2.314s] -- Up-to-date: /home/simone/tesi_ws/install/turtlebot3_msgs/include/turtlebot3_msgs/turtlebot3_msgs/action/detail/patrol__functions.h
[2.314s] -- Up-to-date: /home/simone/tesi_ws/install/turtlebot3_msgs/include/turtlebot3_msgs/turtlebot3_msgs/action/detail/patrol__struct.h
[2.314s] -- Up-to-date: /home/simone/tesi_ws/install/turtlebot3_msgs/include/turtlebot3_msgs/turtlebot3_msgs/srv
[2.314s] -- Up-to-date: /home/simone/tesi_ws/install/turtlebot3_msgs/include/turtlebot3_msgs/turtlebot3_msgs/srv/sound.h
[2.314s] -- Up-to-date: /home/simone/tesi_ws/install/turtlebot3_msgs/include/turtlebot3_msgs/turtlebot3_msgs/srv/dqn.h
[2.314s] -- Up-to-date: /home/simone/tesi_ws/install/turtlebot3_msgs/include/turtlebot3_msgs/turtlebot3_msgs/srv/detail
[2.314s] -- Up-to-date: /home/simone/tesi_ws/install/turtlebot3_msgs/include/turtlebot3_msgs/turtlebot3_msgs/srv/detail/dqn__struct.h
[2.314s] -- Up-to-date: /home/simone/tesi_ws/install/turtlebot3_msgs/include/turtlebot3_msgs/turtlebot3_msgs/srv/detail/dqn__functions.c
[2.314s] -- Up-to-date: /home/simone/tesi_ws/install/turtlebot3_msgs/include/turtlebot3_msgs/turtlebot3_msgs/srv/detail/sound__functions.h
[2.314s] -- Up-to-date: /home/simone/tesi_ws/install/turtlebot3_msgs/include/turtlebot3_msgs/turtlebot3_msgs/srv/detail/sound__struct.h
[2.314s] -- Up-to-date: /home/simone/tesi_ws/install/turtlebot3_msgs/include/turtlebot3_msgs/turtlebot3_msgs/srv/detail/dqn__type_support.h
[2.314s] -- Up-to-date: /home/simone/tesi_ws/install/turtlebot3_msgs/include/turtlebot3_msgs/turtlebot3_msgs/srv/detail/sound__functions.c
[2.314s] -- Up-to-date: /home/simone/tesi_ws/install/turtlebot3_msgs/include/turtlebot3_msgs/turtlebot3_msgs/srv/detail/dqn__functions.h
[2.314s] -- Up-to-date: /home/simone/tesi_ws/install/turtlebot3_msgs/include/turtlebot3_msgs/turtlebot3_msgs/srv/detail/sound__type_support.h
[2.314s] -- Up-to-date: /home/simone/tesi_ws/install/turtlebot3_msgs/share/turtlebot3_msgs/environment/library_path.sh
[2.314s] -- Up-to-date: /home/simone/tesi_ws/install/turtlebot3_msgs/share/turtlebot3_msgs/environment/library_path.dsv
[2.314s] -- Up-to-date: /home/simone/tesi_ws/install/turtlebot3_msgs/lib/libturtlebot3_msgs__rosidl_generator_c.so
[2.314s] -- Up-to-date: /home/simone/tesi_ws/install/turtlebot3_msgs/include/turtlebot3_msgs/turtlebot3_msgs
[2.315s] -- Up-to-date: /home/simone/tesi_ws/install/turtlebot3_msgs/include/turtlebot3_msgs/turtlebot3_msgs/msg
[2.315s] -- Up-to-date: /home/simone/tesi_ws/install/turtlebot3_msgs/include/turtlebot3_msgs/turtlebot3_msgs/msg/detail
[2.315s] -- Up-to-date: /home/simone/tesi_ws/install/turtlebot3_msgs/include/turtlebot3_msgs/turtlebot3_msgs/msg/detail/sensor_state__rosidl_typesupport_fastrtps_c.h
[2.315s] -- Up-to-date: /home/simone/tesi_ws/install/turtlebot3_msgs/include/turtlebot3_msgs/turtlebot3_msgs/msg/detail/sound__rosidl_typesupport_fastrtps_c.h
[2.315s] -- Up-to-date: /home/simone/tesi_ws/install/turtlebot3_msgs/include/turtlebot3_msgs/turtlebot3_msgs/msg/detail/version_info__rosidl_typesupport_fastrtps_c.h
[2.315s] -- Up-to-date: /home/simone/tesi_ws/install/turtlebot3_msgs/include/turtlebot3_msgs/turtlebot3_msgs/msg/rosidl_typesupport_fastrtps_c__visibility_control.h
[2.315s] -- Up-to-date: /home/simone/tesi_ws/install/turtlebot3_msgs/include/turtlebot3_msgs/turtlebot3_msgs/action
[2.315s] -- Up-to-date: /home/simone/tesi_ws/install/turtlebot3_msgs/include/turtlebot3_msgs/turtlebot3_msgs/action/detail
[2.315s] -- Up-to-date: /home/simone/tesi_ws/install/turtlebot3_msgs/include/turtlebot3_msgs/turtlebot3_msgs/action/detail/patrol__rosidl_typesupport_fastrtps_c.h
[2.315s] -- Up-to-date: /home/simone/tesi_ws/install/turtlebot3_msgs/include/turtlebot3_msgs/turtlebot3_msgs/srv
[2.315s] -- Up-to-date: /home/simone/tesi_ws/install/turtlebot3_msgs/include/turtlebot3_msgs/turtlebot3_msgs/srv/detail
[2.315s] -- Up-to-date: /home/simone/tesi_ws/install/turtlebot3_msgs/include/turtlebot3_msgs/turtlebot3_msgs/srv/detail/dqn__rosidl_typesupport_fastrtps_c.h
[2.315s] -- Up-to-date: /home/simone/tesi_ws/install/turtlebot3_msgs/include/turtlebot3_msgs/turtlebot3_msgs/srv/detail/sound__rosidl_typesupport_fastrtps_c.h
[2.315s] -- Up-to-date: /home/simone/tesi_ws/install/turtlebot3_msgs/lib/libturtlebot3_msgs__rosidl_typesupport_fastrtps_c.so
[2.315s] -- Up-to-date: /home/simone/tesi_ws/install/turtlebot3_msgs/include/turtlebot3_msgs/turtlebot3_msgs
[2.315s] -- Up-to-date: /home/simone/tesi_ws/install/turtlebot3_msgs/include/turtlebot3_msgs/turtlebot3_msgs/msg
[2.316s] -- Up-to-date: /home/simone/tesi_ws/install/turtlebot3_msgs/include/turtlebot3_msgs/turtlebot3_msgs/msg/sound.hpp
[2.316s] -- Up-to-date: /home/simone/tesi_ws/install/turtlebot3_msgs/include/turtlebot3_msgs/turtlebot3_msgs/msg/sensor_state.hpp
[2.316s] -- Up-to-date: /home/simone/tesi_ws/install/turtlebot3_msgs/include/turtlebot3_msgs/turtlebot3_msgs/msg/version_info.hpp
[2.316s] -- Up-to-date: /home/simone/tesi_ws/install/turtlebot3_msgs/include/turtlebot3_msgs/turtlebot3_msgs/msg/detail
[2.316s] -- Up-to-date: /home/simone/tesi_ws/install/turtlebot3_msgs/include/turtlebot3_msgs/turtlebot3_msgs/msg/detail/sound__struct.hpp
[2.316s] -- Up-to-date: /home/simone/tesi_ws/install/turtlebot3_msgs/include/turtlebot3_msgs/turtlebot3_msgs/msg/detail/sensor_state__struct.hpp
[2.316s] -- Up-to-date: /home/simone/tesi_ws/install/turtlebot3_msgs/include/turtlebot3_msgs/turtlebot3_msgs/msg/detail/version_info__traits.hpp
[2.316s] -- Up-to-date: /home/simone/tesi_ws/install/turtlebot3_msgs/include/turtlebot3_msgs/turtlebot3_msgs/msg/detail/version_info__struct.hpp
[2.316s] -- Up-to-date: /home/simone/tesi_ws/install/turtlebot3_msgs/include/turtlebot3_msgs/turtlebot3_msgs/msg/detail/sound__traits.hpp
[2.316s] -- Up-to-date: /home/simone/tesi_ws/install/turtlebot3_msgs/include/turtlebot3_msgs/turtlebot3_msgs/msg/detail/version_info__builder.hpp
[2.316s] -- Up-to-date: /home/simone/tesi_ws/install/turtlebot3_msgs/include/turtlebot3_msgs/turtlebot3_msgs/msg/detail/sensor_state__traits.hpp
[2.316s] -- Up-to-date: /home/simone/tesi_ws/install/turtlebot3_msgs/include/turtlebot3_msgs/turtlebot3_msgs/msg/detail/sound__builder.hpp
[2.316s] -- Up-to-date: /home/simone/tesi_ws/install/turtlebot3_msgs/include/turtlebot3_msgs/turtlebot3_msgs/msg/detail/sensor_state__builder.hpp
[2.317s] -- Up-to-date: /home/simone/tesi_ws/install/turtlebot3_msgs/include/turtlebot3_msgs/turtlebot3_msgs/action
[2.317s] -- Up-to-date: /home/simone/tesi_ws/install/turtlebot3_msgs/include/turtlebot3_msgs/turtlebot3_msgs/action/patrol.hpp
[2.317s] -- Up-to-date: /home/simone/tesi_ws/install/turtlebot3_msgs/include/turtlebot3_msgs/turtlebot3_msgs/action/detail
[2.317s] -- Up-to-date: /home/simone/tesi_ws/install/turtlebot3_msgs/include/turtlebot3_msgs/turtlebot3_msgs/action/detail/patrol__struct.hpp
[2.317s] -- Up-to-date: /home/simone/tesi_ws/install/turtlebot3_msgs/include/turtlebot3_msgs/turtlebot3_msgs/action/detail/patrol__builder.hpp
[2.317s] -- Up-to-date: /home/simone/tesi_ws/install/turtlebot3_msgs/include/turtlebot3_msgs/turtlebot3_msgs/action/detail/patrol__traits.hpp
[2.318s] -- Up-to-date: /home/simone/tesi_ws/install/turtlebot3_msgs/include/turtlebot3_msgs/turtlebot3_msgs/srv
[2.318s] -- Up-to-date: /home/simone/tesi_ws/install/turtlebot3_msgs/include/turtlebot3_msgs/turtlebot3_msgs/srv/sound.hpp
[2.318s] -- Up-to-date: /home/simone/tesi_ws/install/turtlebot3_msgs/include/turtlebot3_msgs/turtlebot3_msgs/srv/dqn.hpp
[2.319s] -- Up-to-date: /home/simone/tesi_ws/install/turtlebot3_msgs/include/turtlebot3_msgs/turtlebot3_msgs/srv/detail
[2.319s] -- Up-to-date: /home/simone/tesi_ws/install/turtlebot3_msgs/include/turtlebot3_msgs/turtlebot3_msgs/srv/detail/sound__struct.hpp
[2.319s] -- Up-to-date: /home/simone/tesi_ws/install/turtlebot3_msgs/include/turtlebot3_msgs/turtlebot3_msgs/srv/detail/dqn__traits.hpp
[2.319s] -- Up-to-date: /home/simone/tesi_ws/install/turtlebot3_msgs/include/turtlebot3_msgs/turtlebot3_msgs/srv/detail/dqn__builder.hpp
[2.319s] -- Up-to-date: /home/simone/tesi_ws/install/turtlebot3_msgs/include/turtlebot3_msgs/turtlebot3_msgs/srv/detail/dqn__struct.hpp
[2.321s] -- Up-to-date: /home/simone/tesi_ws/install/turtlebot3_msgs/include/turtlebot3_msgs/turtlebot3_msgs/srv/detail/sound__traits.hpp
[2.321s] -- Up-to-date: /home/simone/tesi_ws/install/turtlebot3_msgs/include/turtlebot3_msgs/turtlebot3_msgs/srv/detail/sound__builder.hpp
[2.321s] -- Up-to-date: /home/simone/tesi_ws/install/turtlebot3_msgs/include/turtlebot3_msgs/turtlebot3_msgs
[2.322s] -- Up-to-date: /home/simone/tesi_ws/install/turtlebot3_msgs/include/turtlebot3_msgs/turtlebot3_msgs/msg
[2.322s] -- Up-to-date: /home/simone/tesi_ws/install/turtlebot3_msgs/include/turtlebot3_msgs/turtlebot3_msgs/msg/detail
[2.323s] -- Up-to-date: /home/simone/tesi_ws/install/turtlebot3_msgs/include/turtlebot3_msgs/turtlebot3_msgs/msg/detail/dds_fastrtps
[2.323s] -- Up-to-date: /home/simone/tesi_ws/install/turtlebot3_msgs/include/turtlebot3_msgs/turtlebot3_msgs/msg/detail/sound__rosidl_typesupport_fastrtps_cpp.hpp
[2.323s] -- Up-to-date: /home/simone/tesi_ws/install/turtlebot3_msgs/include/turtlebot3_msgs/turtlebot3_msgs/msg/detail/sensor_state__rosidl_typesupport_fastrtps_cpp.hpp
[2.324s] -- Up-to-date: /home/simone/tesi_ws/install/turtlebot3_msgs/include/turtlebot3_msgs/turtlebot3_msgs/msg/detail/version_info__rosidl_typesupport_fastrtps_cpp.hpp
[2.324s] -- Up-to-date: /home/simone/tesi_ws/install/turtlebot3_msgs/include/turtlebot3_msgs/turtlebot3_msgs/msg/rosidl_typesupport_fastrtps_cpp__visibility_control.h
[2.324s] -- Up-to-date: /home/simone/tesi_ws/install/turtlebot3_msgs/include/turtlebot3_msgs/turtlebot3_msgs/action
[2.324s] -- Up-to-date: /home/simone/tesi_ws/install/turtlebot3_msgs/include/turtlebot3_msgs/turtlebot3_msgs/action/detail
[2.325s] -- Up-to-date: /home/simone/tesi_ws/install/turtlebot3_msgs/include/turtlebot3_msgs/turtlebot3_msgs/action/detail/dds_fastrtps
[2.325s] -- Up-to-date: /home/simone/tesi_ws/install/turtlebot3_msgs/include/turtlebot3_msgs/turtlebot3_msgs/action/detail/patrol__rosidl_typesupport_fastrtps_cpp.hpp
[2.325s] -- Up-to-date: /home/simone/tesi_ws/install/turtlebot3_msgs/include/turtlebot3_msgs/turtlebot3_msgs/srv
[2.325s] -- Up-to-date: /home/simone/tesi_ws/install/turtlebot3_msgs/include/turtlebot3_msgs/turtlebot3_msgs/srv/detail
[2.326s] -- Up-to-date: /home/simone/tesi_ws/install/turtlebot3_msgs/include/turtlebot3_msgs/turtlebot3_msgs/srv/detail/dds_fastrtps
[2.326s] -- Up-to-date: /home/simone/tesi_ws/install/turtlebot3_msgs/include/turtlebot3_msgs/turtlebot3_msgs/srv/detail/dqn__rosidl_typesupport_fastrtps_cpp.hpp
[2.326s] -- Up-to-date: /home/simone/tesi_ws/install/turtlebot3_msgs/include/turtlebot3_msgs/turtlebot3_msgs/srv/detail/sound__rosidl_typesupport_fastrtps_cpp.hpp
[2.326s] -- Up-to-date: /home/simone/tesi_ws/install/turtlebot3_msgs/lib/libturtlebot3_msgs__rosidl_typesupport_fastrtps_cpp.so
[2.327s] -- Up-to-date: /home/simone/tesi_ws/install/turtlebot3_msgs/include/turtlebot3_msgs/turtlebot3_msgs
[2.328s] -- Up-to-date: /home/simone/tesi_ws/install/turtlebot3_msgs/include/turtlebot3_msgs/turtlebot3_msgs/msg
[2.328s] -- Up-to-date: /home/simone/tesi_ws/install/turtlebot3_msgs/include/turtlebot3_msgs/turtlebot3_msgs/msg/rosidl_typesupport_introspection_c__visibility_control.h
[2.328s] -- Up-to-date: /home/simone/tesi_ws/install/turtlebot3_msgs/include/turtlebot3_msgs/turtlebot3_msgs/msg/detail
[2.329s] -- Up-to-date: /home/simone/tesi_ws/install/turtlebot3_msgs/include/turtlebot3_msgs/turtlebot3_msgs/msg/detail/sensor_state__rosidl_typesupport_introspection_c.h
[2.329s] -- Up-to-date: /home/simone/tesi_ws/install/turtlebot3_msgs/include/turtlebot3_msgs/turtlebot3_msgs/msg/detail/sound__type_support.c
[2.329s] -- Up-to-date: /home/simone/tesi_ws/install/turtlebot3_msgs/include/turtlebot3_msgs/turtlebot3_msgs/msg/detail/version_info__type_support.c
[2.329s] -- Up-to-date: /home/simone/tesi_ws/install/turtlebot3_msgs/include/turtlebot3_msgs/turtlebot3_msgs/msg/detail/sound__rosidl_typesupport_introspection_c.h
[2.329s] -- Up-to-date: /home/simone/tesi_ws/install/turtlebot3_msgs/include/turtlebot3_msgs/turtlebot3_msgs/msg/detail/version_info__rosidl_typesupport_introspection_c.h
[2.330s] -- Up-to-date: /home/simone/tesi_ws/install/turtlebot3_msgs/include/turtlebot3_msgs/turtlebot3_msgs/msg/detail/sensor_state__type_support.c
[2.330s] -- Up-to-date: /home/simone/tesi_ws/install/turtlebot3_msgs/include/turtlebot3_msgs/turtlebot3_msgs/action
[2.331s] -- Up-to-date: /home/simone/tesi_ws/install/turtlebot3_msgs/include/turtlebot3_msgs/turtlebot3_msgs/action/detail
[2.331s] -- Up-to-date: /home/simone/tesi_ws/install/turtlebot3_msgs/include/turtlebot3_msgs/turtlebot3_msgs/action/detail/patrol__rosidl_typesupport_introspection_c.h
[2.331s] -- Up-to-date: /home/simone/tesi_ws/install/turtlebot3_msgs/include/turtlebot3_msgs/turtlebot3_msgs/action/detail/patrol__type_support.c
[2.332s] -- Up-to-date: /home/simone/tesi_ws/install/turtlebot3_msgs/include/turtlebot3_msgs/turtlebot3_msgs/srv
[2.332s] -- Up-to-date: /home/simone/tesi_ws/install/turtlebot3_msgs/include/turtlebot3_msgs/turtlebot3_msgs/srv/detail
[2.332s] -- Up-to-date: /home/simone/tesi_ws/install/turtlebot3_msgs/include/turtlebot3_msgs/turtlebot3_msgs/srv/detail/dqn__type_support.c
[2.332s] -- Up-to-date: /home/simone/tesi_ws/install/turtlebot3_msgs/include/turtlebot3_msgs/turtlebot3_msgs/srv/detail/sound__type_support.c
[2.332s] -- Up-to-date: /home/simone/tesi_ws/install/turtlebot3_msgs/include/turtlebot3_msgs/turtlebot3_msgs/srv/detail/sound__rosidl_typesupport_introspection_c.h
[2.333s] -- Up-to-date: /home/simone/tesi_ws/install/turtlebot3_msgs/include/turtlebot3_msgs/turtlebot3_msgs/srv/detail/dqn__rosidl_typesupport_introspection_c.h
[2.333s] -- Up-to-date: /home/simone/tesi_ws/install/turtlebot3_msgs/lib/libturtlebot3_msgs__rosidl_typesupport_introspection_c.so
[2.333s] -- Up-to-date: /home/simone/tesi_ws/install/turtlebot3_msgs/lib/libturtlebot3_msgs__rosidl_typesupport_c.so
[2.333s] -- Up-to-date: /home/simone/tesi_ws/install/turtlebot3_msgs/include/turtlebot3_msgs/turtlebot3_msgs
[2.334s] -- Up-to-date: /home/simone/tesi_ws/install/turtlebot3_msgs/include/turtlebot3_msgs/turtlebot3_msgs/msg
[2.334s] -- Up-to-date: /home/simone/tesi_ws/install/turtlebot3_msgs/include/turtlebot3_msgs/turtlebot3_msgs/msg/detail
[2.334s] -- Up-to-date: /home/simone/tesi_ws/install/turtlebot3_msgs/include/turtlebot3_msgs/turtlebot3_msgs/msg/detail/sound__type_support.cpp
[2.334s] -- Up-to-date: /home/simone/tesi_ws/install/turtlebot3_msgs/include/turtlebot3_msgs/turtlebot3_msgs/msg/detail/version_info__type_support.cpp
[2.335s] -- Up-to-date: /home/simone/tesi_ws/install/turtlebot3_msgs/include/turtlebot3_msgs/turtlebot3_msgs/msg/detail/sound__rosidl_typesupport_introspection_cpp.hpp
[2.335s] -- Up-to-date: /home/simone/tesi_ws/install/turtlebot3_msgs/include/turtlebot3_msgs/turtlebot3_msgs/msg/detail/sensor_state__type_support.cpp
[2.335s] -- Up-to-date: /home/simone/tesi_ws/install/turtlebot3_msgs/include/turtlebot3_msgs/turtlebot3_msgs/msg/detail/sensor_state__rosidl_typesupport_introspection_cpp.hpp
[2.335s] -- Up-to-date: /home/simone/tesi_ws/install/turtlebot3_msgs/include/turtlebot3_msgs/turtlebot3_msgs/msg/detail/version_info__rosidl_typesupport_introspection_cpp.hpp
[2.336s] -- Up-to-date: /home/simone/tesi_ws/install/turtlebot3_msgs/include/turtlebot3_msgs/turtlebot3_msgs/action
[2.336s] -- Up-to-date: /home/simone/tesi_ws/install/turtlebot3_msgs/include/turtlebot3_msgs/turtlebot3_msgs/action/detail
[2.336s] -- Up-to-date: /home/simone/tesi_ws/install/turtlebot3_msgs/include/turtlebot3_msgs/turtlebot3_msgs/action/detail/patrol__type_support.cpp
[2.336s] -- Up-to-date: /home/simone/tesi_ws/install/turtlebot3_msgs/include/turtlebot3_msgs/turtlebot3_msgs/action/detail/patrol__rosidl_typesupport_introspection_cpp.hpp
[2.336s] -- Up-to-date: /home/simone/tesi_ws/install/turtlebot3_msgs/include/turtlebot3_msgs/turtlebot3_msgs/srv
[2.337s] -- Up-to-date: /home/simone/tesi_ws/install/turtlebot3_msgs/include/turtlebot3_msgs/turtlebot3_msgs/srv/detail
[2.337s] -- Up-to-date: /home/simone/tesi_ws/install/turtlebot3_msgs/include/turtlebot3_msgs/turtlebot3_msgs/srv/detail/sound__type_support.cpp
[2.337s] -- Up-to-date: /home/simone/tesi_ws/install/turtlebot3_msgs/include/turtlebot3_msgs/turtlebot3_msgs/srv/detail/dqn__type_support.cpp
[2.338s] -- Up-to-date: /home/simone/tesi_ws/install/turtlebot3_msgs/include/turtlebot3_msgs/turtlebot3_msgs/srv/detail/sound__rosidl_typesupport_introspection_cpp.hpp
[2.339s] -- Up-to-date: /home/simone/tesi_ws/install/turtlebot3_msgs/include/turtlebot3_msgs/turtlebot3_msgs/srv/detail/dqn__rosidl_typesupport_introspection_cpp.hpp
[2.339s] -- Up-to-date: /home/simone/tesi_ws/install/turtlebot3_msgs/lib/libturtlebot3_msgs__rosidl_typesupport_introspection_cpp.so
[2.339s] -- Up-to-date: /home/simone/tesi_ws/install/turtlebot3_msgs/lib/libturtlebot3_msgs__rosidl_typesupport_cpp.so
[2.340s] -- Up-to-date: /home/simone/tesi_ws/install/turtlebot3_msgs/share/turtlebot3_msgs/environment/pythonpath.sh
[2.340s] -- Up-to-date: /home/simone/tesi_ws/install/turtlebot3_msgs/share/turtlebot3_msgs/environment/pythonpath.dsv
[2.340s] -- Up-to-date: /home/simone/tesi_ws/install/turtlebot3_msgs/local/lib/python3.10/dist-packages/turtlebot3_msgs-2.2.3-py3.10.egg-info
[2.340s] -- Installing: /home/simone/tesi_ws/install/turtlebot3_msgs/local/lib/python3.10/dist-packages/turtlebot3_msgs-2.2.3-py3.10.egg-info/top_level.txt
[2.341s] -- Installing: /home/simone/tesi_ws/install/turtlebot3_msgs/local/lib/python3.10/dist-packages/turtlebot3_msgs-2.2.3-py3.10.egg-info/PKG-INFO
[2.341s] -- Installing: /home/simone/tesi_ws/install/turtlebot3_msgs/local/lib/python3.10/dist-packages/turtlebot3_msgs-2.2.3-py3.10.egg-info/SOURCES.txt
[2.341s] -- Installing: /home/simone/tesi_ws/install/turtlebot3_msgs/local/lib/python3.10/dist-packages/turtlebot3_msgs-2.2.3-py3.10.egg-info/dependency_links.txt
[2.341s] -- Up-to-date: /home/simone/tesi_ws/install/turtlebot3_msgs/local/lib/python3.10/dist-packages/turtlebot3_msgs
[2.341s] -- Up-to-date: /home/simone/tesi_ws/install/turtlebot3_msgs/local/lib/python3.10/dist-packages/turtlebot3_msgs/_turtlebot3_msgs_s.ep.rosidl_typesupport_fastrtps_c.c
[2.342s] -- Up-to-date: /home/simone/tesi_ws/install/turtlebot3_msgs/local/lib/python3.10/dist-packages/turtlebot3_msgs/msg
[2.342s] -- Up-to-date: /home/simone/tesi_ws/install/turtlebot3_msgs/local/lib/python3.10/dist-packages/turtlebot3_msgs/msg/_sound_s.c
[2.342s] -- Up-to-date: /home/simone/tesi_ws/install/turtlebot3_msgs/local/lib/python3.10/dist-packages/turtlebot3_msgs/msg/_sensor_state.py
[2.343s] -- Up-to-date: /home/simone/tesi_ws/install/turtlebot3_msgs/local/lib/python3.10/dist-packages/turtlebot3_msgs/msg/_version_info_s.c
[2.343s] -- Up-to-date: /home/simone/tesi_ws/install/turtlebot3_msgs/local/lib/python3.10/dist-packages/turtlebot3_msgs/msg/__init__.py
[2.343s] -- Up-to-date: /home/simone/tesi_ws/install/turtlebot3_msgs/local/lib/python3.10/dist-packages/turtlebot3_msgs/msg/_version_info.py
[2.344s] -- Up-to-date: /home/simone/tesi_ws/install/turtlebot3_msgs/local/lib/python3.10/dist-packages/turtlebot3_msgs/msg/_sound.py
[2.345s] -- Up-to-date: /home/simone/tesi_ws/install/turtlebot3_msgs/local/lib/python3.10/dist-packages/turtlebot3_msgs/msg/_sensor_state_s.c
[2.346s] -- Up-to-date: /home/simone/tesi_ws/install/turtlebot3_msgs/local/lib/python3.10/dist-packages/turtlebot3_msgs/_turtlebot3_msgs_s.ep.rosidl_typesupport_c.c
[2.347s] -- Up-to-date: /home/simone/tesi_ws/install/turtlebot3_msgs/local/lib/python3.10/dist-packages/turtlebot3_msgs/_turtlebot3_msgs_s.ep.rosidl_typesupport_introspection_c.c
[2.347s] -- Up-to-date: /home/simone/tesi_ws/install/turtlebot3_msgs/local/lib/python3.10/dist-packages/turtlebot3_msgs/action
[2.348s] -- Up-to-date: /home/simone/tesi_ws/install/turtlebot3_msgs/local/lib/python3.10/dist-packages/turtlebot3_msgs/action/_patrol_s.c
[2.349s] -- Up-to-date: /home/simone/tesi_ws/install/turtlebot3_msgs/local/lib/python3.10/dist-packages/turtlebot3_msgs/action/_patrol.py
[2.351s] -- Up-to-date: /home/simone/tesi_ws/install/turtlebot3_msgs/local/lib/python3.10/dist-packages/turtlebot3_msgs/action/__init__.py
[2.351s] -- Up-to-date: /home/simone/tesi_ws/install/turtlebot3_msgs/local/lib/python3.10/dist-packages/turtlebot3_msgs/turtlebot3_msgs_s__rosidl_typesupport_introspection_c.cpython-310-x86_64-linux-gnu.so
[2.352s] -- Up-to-date: /home/simone/tesi_ws/install/turtlebot3_msgs/local/lib/python3.10/dist-packages/turtlebot3_msgs/libturtlebot3_msgs__rosidl_generator_py.so
[2.352s] -- Up-to-date: /home/simone/tesi_ws/install/turtlebot3_msgs/local/lib/python3.10/dist-packages/turtlebot3_msgs/srv
[2.352s] -- Up-to-date: /home/simone/tesi_ws/install/turtlebot3_msgs/local/lib/python3.10/dist-packages/turtlebot3_msgs/srv/_dqn_s.c
[2.353s] -- Up-to-date: /home/simone/tesi_ws/install/turtlebot3_msgs/local/lib/python3.10/dist-packages/turtlebot3_msgs/srv/_sound_s.c
[2.353s] -- Up-to-date: /home/simone/tesi_ws/install/turtlebot3_msgs/local/lib/python3.10/dist-packages/turtlebot3_msgs/srv/_dqn.py
[2.353s] -- Up-to-date: /home/simone/tesi_ws/install/turtlebot3_msgs/local/lib/python3.10/dist-packages/turtlebot3_msgs/srv/__init__.py
[2.353s] -- Up-to-date: /home/simone/tesi_ws/install/turtlebot3_msgs/local/lib/python3.10/dist-packages/turtlebot3_msgs/srv/_sound.py
[2.354s] -- Up-to-date: /home/simone/tesi_ws/install/turtlebot3_msgs/local/lib/python3.10/dist-packages/turtlebot3_msgs/__init__.py
[2.355s] -- Up-to-date: /home/simone/tesi_ws/install/turtlebot3_msgs/local/lib/python3.10/dist-packages/turtlebot3_msgs/turtlebot3_msgs_s__rosidl_typesupport_fastrtps_c.cpython-310-x86_64-linux-gnu.so
[2.355s] -- Up-to-date: /home/simone/tesi_ws/install/turtlebot3_msgs/local/lib/python3.10/dist-packages/turtlebot3_msgs/turtlebot3_msgs_s__rosidl_typesupport_c.cpython-310-x86_64-linux-gnu.so
[2.357s] Listing '/home/simone/tesi_ws/install/turtlebot3_msgs/local/lib/python3.10/dist-packages/turtlebot3_msgs'...
[2.357s] Listing '/home/simone/tesi_ws/install/turtlebot3_msgs/local/lib/python3.10/dist-packages/turtlebot3_msgs/action'...
[2.358s] Listing '/home/simone/tesi_ws/install/turtlebot3_msgs/local/lib/python3.10/dist-packages/turtlebot3_msgs/msg'...
[2.359s] Listing '/home/simone/tesi_ws/install/turtlebot3_msgs/local/lib/python3.10/dist-packages/turtlebot3_msgs/srv'...
[2.375s] -- Up-to-date: /home/simone/tesi_ws/install/turtlebot3_msgs/local/lib/python3.10/dist-packages/turtlebot3_msgs/turtlebot3_msgs_s__rosidl_typesupport_fastrtps_c.cpython-310-x86_64-linux-gnu.so
[2.375s] -- Up-to-date: /home/simone/tesi_ws/install/turtlebot3_msgs/local/lib/python3.10/dist-packages/turtlebot3_msgs/turtlebot3_msgs_s__rosidl_typesupport_introspection_c.cpython-310-x86_64-linux-gnu.so
[2.375s] -- Up-to-date: /home/simone/tesi_ws/install/turtlebot3_msgs/local/lib/python3.10/dist-packages/turtlebot3_msgs/turtlebot3_msgs_s__rosidl_typesupport_c.cpython-310-x86_64-linux-gnu.so
[2.375s] -- Up-to-date: /home/simone/tesi_ws/install/turtlebot3_msgs/lib/libturtlebot3_msgs__rosidl_generator_py.so
[2.376s] -- Up-to-date: /home/simone/tesi_ws/install/turtlebot3_msgs/share/turtlebot3_msgs/msg/SensorState.idl
[2.376s] -- Up-to-date: /home/simone/tesi_ws/install/turtlebot3_msgs/share/turtlebot3_msgs/msg/Sound.idl
[2.376s] -- Up-to-date: /home/simone/tesi_ws/install/turtlebot3_msgs/share/turtlebot3_msgs/msg/VersionInfo.idl
[2.376s] -- Up-to-date: /home/simone/tesi_ws/install/turtlebot3_msgs/share/turtlebot3_msgs/srv/Sound.idl
[2.376s] -- Up-to-date: /home/simone/tesi_ws/install/turtlebot3_msgs/share/turtlebot3_msgs/srv/Dqn.idl
[2.376s] -- Up-to-date: /home/simone/tesi_ws/install/turtlebot3_msgs/share/turtlebot3_msgs/action/Patrol.idl
[2.377s] -- Up-to-date: /home/simone/tesi_ws/install/turtlebot3_msgs/share/turtlebot3_msgs/msg/SensorState.msg
[2.377s] -- Up-to-date: /home/simone/tesi_ws/install/turtlebot3_msgs/share/turtlebot3_msgs/msg/Sound.msg
[2.377s] -- Up-to-date: /home/simone/tesi_ws/install/turtlebot3_msgs/share/turtlebot3_msgs/msg/VersionInfo.msg
[2.378s] -- Up-to-date: /home/simone/tesi_ws/install/turtlebot3_msgs/share/turtlebot3_msgs/srv/Sound.srv
[2.380s] -- Up-to-date: /home/simone/tesi_ws/install/turtlebot3_msgs/share/turtlebot3_msgs/srv/Sound_Request.msg
[2.380s] -- Up-to-date: /home/simone/tesi_ws/install/turtlebot3_msgs/share/turtlebot3_msgs/srv/Sound_Response.msg
[2.380s] -- Up-to-date: /home/simone/tesi_ws/install/turtlebot3_msgs/share/turtlebot3_msgs/srv/Dqn.srv
[2.381s] -- Up-to-date: /home/simone/tesi_ws/install/turtlebot3_msgs/share/turtlebot3_msgs/srv/Dqn_Request.msg
[2.381s] -- Up-to-date: /home/simone/tesi_ws/install/turtlebot3_msgs/share/turtlebot3_msgs/srv/Dqn_Response.msg
[2.381s] -- Up-to-date: /home/simone/tesi_ws/install/turtlebot3_msgs/share/turtlebot3_msgs/action/Patrol.action
[2.381s] -- Up-to-date: /home/simone/tesi_ws/install/turtlebot3_msgs/share/ament_index/resource_index/package_run_dependencies/turtlebot3_msgs
[2.381s] -- Up-to-date: /home/simone/tesi_ws/install/turtlebot3_msgs/share/ament_index/resource_index/parent_prefix_path/turtlebot3_msgs
[2.382s] -- Up-to-date: /home/simone/tesi_ws/install/turtlebot3_msgs/share/turtlebot3_msgs/environment/ament_prefix_path.sh
[2.382s] -- Up-to-date: /home/simone/tesi_ws/install/turtlebot3_msgs/share/turtlebot3_msgs/environment/ament_prefix_path.dsv
[2.382s] -- Up-to-date: /home/simone/tesi_ws/install/turtlebot3_msgs/share/turtlebot3_msgs/environment/path.sh
[2.383s] -- Up-to-date: /home/simone/tesi_ws/install/turtlebot3_msgs/share/turtlebot3_msgs/environment/path.dsv
[2.383s] -- Up-to-date: /home/simone/tesi_ws/install/turtlebot3_msgs/share/turtlebot3_msgs/local_setup.bash
[2.383s] -- Up-to-date: /home/simone/tesi_ws/install/turtlebot3_msgs/share/turtlebot3_msgs/local_setup.sh
[2.383s] -- Up-to-date: /home/simone/tesi_ws/install/turtlebot3_msgs/share/turtlebot3_msgs/local_setup.zsh
[2.384s] -- Up-to-date: /home/simone/tesi_ws/install/turtlebot3_msgs/share/turtlebot3_msgs/local_setup.dsv
[2.385s] -- Installing: /home/simone/tesi_ws/install/turtlebot3_msgs/share/turtlebot3_msgs/package.dsv
[2.385s] -- Up-to-date: /home/simone/tesi_ws/install/turtlebot3_msgs/share/ament_index/resource_index/packages/turtlebot3_msgs
[2.385s] -- Up-to-date: /home/simone/tesi_ws/install/turtlebot3_msgs/share/turtlebot3_msgs/cmake/export_turtlebot3_msgs__rosidl_generator_cExport.cmake
[2.386s] -- Up-to-date: /home/simone/tesi_ws/install/turtlebot3_msgs/share/turtlebot3_msgs/cmake/export_turtlebot3_msgs__rosidl_generator_cExport-noconfig.cmake
[2.386s] -- Up-to-date: /home/simone/tesi_ws/install/turtlebot3_msgs/share/turtlebot3_msgs/cmake/export_turtlebot3_msgs__rosidl_typesupport_fastrtps_cExport.cmake
[2.386s] -- Up-to-date: /home/simone/tesi_ws/install/turtlebot3_msgs/share/turtlebot3_msgs/cmake/export_turtlebot3_msgs__rosidl_typesupport_fastrtps_cExport-noconfig.cmake
[2.386s] -- Up-to-date: /home/simone/tesi_ws/install/turtlebot3_msgs/share/turtlebot3_msgs/cmake/export_turtlebot3_msgs__rosidl_generator_cppExport.cmake
[2.386s] -- Up-to-date: /home/simone/tesi_ws/install/turtlebot3_msgs/share/turtlebot3_msgs/cmake/export_turtlebot3_msgs__rosidl_typesupport_fastrtps_cppExport.cmake
[2.387s] -- Up-to-date: /home/simone/tesi_ws/install/turtlebot3_msgs/share/turtlebot3_msgs/cmake/export_turtlebot3_msgs__rosidl_typesupport_fastrtps_cppExport-noconfig.cmake
[2.387s] -- Up-to-date: /home/simone/tesi_ws/install/turtlebot3_msgs/share/turtlebot3_msgs/cmake/turtlebot3_msgs__rosidl_typesupport_introspection_cExport.cmake
[2.387s] -- Up-to-date: /home/simone/tesi_ws/install/turtlebot3_msgs/share/turtlebot3_msgs/cmake/turtlebot3_msgs__rosidl_typesupport_introspection_cExport-noconfig.cmake
[2.387s] -- Up-to-date: /home/simone/tesi_ws/install/turtlebot3_msgs/share/turtlebot3_msgs/cmake/turtlebot3_msgs__rosidl_typesupport_cExport.cmake
[2.388s] -- Up-to-date: /home/simone/tesi_ws/install/turtlebot3_msgs/share/turtlebot3_msgs/cmake/turtlebot3_msgs__rosidl_typesupport_cExport-noconfig.cmake
[2.388s] -- Up-to-date: /home/simone/tesi_ws/install/turtlebot3_msgs/share/turtlebot3_msgs/cmake/turtlebot3_msgs__rosidl_typesupport_introspection_cppExport.cmake
[2.388s] -- Up-to-date: /home/simone/tesi_ws/install/turtlebot3_msgs/share/turtlebot3_msgs/cmake/turtlebot3_msgs__rosidl_typesupport_introspection_cppExport-noconfig.cmake
[2.389s] -- Up-to-date: /home/simone/tesi_ws/install/turtlebot3_msgs/share/turtlebot3_msgs/cmake/turtlebot3_msgs__rosidl_typesupport_cppExport.cmake
[2.389s] -- Up-to-date: /home/simone/tesi_ws/install/turtlebot3_msgs/share/turtlebot3_msgs/cmake/turtlebot3_msgs__rosidl_typesupport_cppExport-noconfig.cmake
[2.389s] -- Up-to-date: /home/simone/tesi_ws/install/turtlebot3_msgs/share/turtlebot3_msgs/cmake/export_turtlebot3_msgs__rosidl_generator_pyExport.cmake
[2.389s] -- Up-to-date: /home/simone/tesi_ws/install/turtlebot3_msgs/share/turtlebot3_msgs/cmake/export_turtlebot3_msgs__rosidl_generator_pyExport-noconfig.cmake
[2.389s] -- Up-to-date: /home/simone/tesi_ws/install/turtlebot3_msgs/share/turtlebot3_msgs/cmake/rosidl_cmake-extras.cmake
[2.389s] -- Up-to-date: /home/simone/tesi_ws/install/turtlebot3_msgs/share/turtlebot3_msgs/cmake/ament_cmake_export_dependencies-extras.cmake
[2.390s] -- Up-to-date: /home/simone/tesi_ws/install/turtlebot3_msgs/share/turtlebot3_msgs/cmake/ament_cmake_export_include_directories-extras.cmake
[2.390s] -- Up-to-date: /home/simone/tesi_ws/install/turtlebot3_msgs/share/turtlebot3_msgs/cmake/ament_cmake_export_libraries-extras.cmake
[2.390s] -- Up-to-date: /home/simone/tesi_ws/install/turtlebot3_msgs/share/turtlebot3_msgs/cmake/ament_cmake_export_targets-extras.cmake
[2.390s] -- Up-to-date: /home/simone/tesi_ws/install/turtlebot3_msgs/share/turtlebot3_msgs/cmake/rosidl_cmake_export_typesupport_targets-extras.cmake
[2.390s] -- Up-to-date: /home/simone/tesi_ws/install/turtlebot3_msgs/share/turtlebot3_msgs/cmake/rosidl_cmake_export_typesupport_libraries-extras.cmake
[2.391s] -- Up-to-date: /home/simone/tesi_ws/install/turtlebot3_msgs/share/turtlebot3_msgs/cmake/turtlebot3_msgsConfig.cmake
[2.391s] -- Up-to-date: /home/simone/tesi_ws/install/turtlebot3_msgs/share/turtlebot3_msgs/cmake/turtlebot3_msgsConfig-version.cmake
[2.391s] -- Up-to-date: /home/simone/tesi_ws/install/turtlebot3_msgs/share/turtlebot3_msgs/package.xml
[2.974s] Invoked command in '/home/simone/tesi_ws/build/turtlebot3_msgs' returned '0': CMAKE_PREFIX_PATH=${CMAKE_PREFIX_PATH}:/home/simone/tesi_ws/install/turtlebot3_teleop:/home/simone/tesi_ws/install/turtlebot3_example:/home/simone/tesi_ws/install/relocalization_pkg:/home/simone/tesi_ws/install/create_dataset:/opt/ros/humble /usr/bin/cmake --install /home/simone/tesi_ws/build/turtlebot3_msgs
