[1.139s] Invoking command in '/home/simone/tesi_ws/build/turtlebot3_teleop': PYTHONPATH=/home/simone/tesi_ws/build/turtlebot3_teleop/prefix_override:/home/simone/tesi_ws/install/turtlebot3_teleop/lib/python3.10/site-packages:${PYTHONPATH} /usr/bin/python3 setup.py develop --editable --build-directory /home/simone/tesi_ws/build/turtlebot3_teleop/build --no-deps install_data
[1.450s] running develop
[1.632s] running egg_info
[1.632s] creating turtlebot3_teleop.egg-info
[1.632s] writing turtlebot3_teleop.egg-info/PKG-INFO
[1.633s] writing dependency_links to turtlebot3_teleop.egg-info/dependency_links.txt
[1.633s] writing entry points to turtlebot3_teleop.egg-info/entry_points.txt
[1.633s] writing requirements to turtlebot3_teleop.egg-info/requires.txt
[1.633s] writing top-level names to turtlebot3_teleop.egg-info/top_level.txt
[1.633s] writing manifest file 'turtlebot3_teleop.egg-info/SOURCES.txt'
[1.635s] reading manifest file 'turtlebot3_teleop.egg-info/SOURCES.txt'
[1.636s] writing manifest file 'turtlebot3_teleop.egg-info/SOURCES.txt'
[1.638s] running build_ext
[1.638s] Creating /home/simone/tesi_ws/install/turtlebot3_teleop/lib/python3.10/site-packages/turtlebot3-teleop.egg-link (link to .)
[1.639s] Installing teleop_keyboard script to /home/simone/tesi_ws/install/turtlebot3_teleop/lib/turtlebot3_teleop
[1.640s] 
[1.640s] Installed /home/simone/tesi_ws/build/turtlebot3_teleop
[1.641s] running install_data
[1.641s] creating /home/simone/tesi_ws/install/turtlebot3_teleop/share/ament_index
[1.642s] creating /home/simone/tesi_ws/install/turtlebot3_teleop/share/ament_index/resource_index
[1.642s] creating /home/simone/tesi_ws/install/turtlebot3_teleop/share/ament_index/resource_index/packages
[1.643s] copying resource/turtlebot3_teleop -> /home/simone/tesi_ws/install/turtlebot3_teleop/share/ament_index/resource_index/packages
[1.643s] copying package.xml -> /home/simone/tesi_ws/install/turtlebot3_teleop/share/turtlebot3_teleop
[1.748s] Invoked command in '/home/simone/tesi_ws/build/turtlebot3_teleop' returned '0': PYTHONPATH=/home/simone/tesi_ws/build/turtlebot3_teleop/prefix_override:/home/simone/tesi_ws/install/turtlebot3_teleop/lib/python3.10/site-packages:${PYTHONPATH} /usr/bin/python3 setup.py develop --editable --build-directory /home/simone/tesi_ws/build/turtlebot3_teleop/build --no-deps install_data
