running egg_info
writing ../../build/create_dataset/create_dataset.egg-info/PKG-INFO
writing dependency_links to ../../build/create_dataset/create_dataset.egg-info/dependency_links.txt
writing entry points to ../../build/create_dataset/create_dataset.egg-info/entry_points.txt
writing requirements to ../../build/create_dataset/create_dataset.egg-info/requires.txt
writing top-level names to ../../build/create_dataset/create_dataset.egg-info/top_level.txt
reading manifest file '../../build/create_dataset/create_dataset.egg-info/SOURCES.txt'
writing manifest file '../../build/create_dataset/create_dataset.egg-info/SOURCES.txt'
running build
running build_py
copying create_dataset/image_capture.py -> /home/simone/tesi_ws/build/create_dataset/build/lib/create_dataset
running install
running install_lib
copying /home/simone/tesi_ws/build/create_dataset/build/lib/create_dataset/image_capture.py -> /home/simone/tesi_ws/install/create_dataset/lib/python3.10/site-packages/create_dataset
byte-compiling /home/simone/tesi_ws/install/create_dataset/lib/python3.10/site-packages/create_dataset/image_capture.py to image_capture.cpython-310.pyc
running install_data
running install_egg_info
removing '/home/simone/tesi_ws/install/create_dataset/lib/python3.10/site-packages/create_dataset-0.0.0-py3.10.egg-info' (and everything under it)
Copying ../../build/create_dataset/create_dataset.egg-info to /home/simone/tesi_ws/install/create_dataset/lib/python3.10/site-packages/create_dataset-0.0.0-py3.10.egg-info
running install_scripts
Installing image_capture_node script to /home/simone/tesi_ws/install/create_dataset/lib/create_dataset
writing list of installed files to '/home/simone/tesi_ws/build/create_dataset/install.log'
