running egg_info
writing ../../build/relocalization_pkg/relocalization_pkg.egg-info/PKG-INFO
writing dependency_links to ../../build/relocalization_pkg/relocalization_pkg.egg-info/dependency_links.txt
writing entry points to ../../build/relocalization_pkg/relocalization_pkg.egg-info/entry_points.txt
writing requirements to ../../build/relocalization_pkg/relocalization_pkg.egg-info/requires.txt
writing top-level names to ../../build/relocalization_pkg/relocalization_pkg.egg-info/top_level.txt
reading manifest file '../../build/relocalization_pkg/relocalization_pkg.egg-info/SOURCES.txt'
writing manifest file '../../build/relocalization_pkg/relocalization_pkg.egg-info/SOURCES.txt'
running build
running build_py
running install
running install_lib
running install_data
copying params/nav2_params.yaml -> /home/simone/tesi_ws/install/relocalization_pkg/share/relocalization_pkg/params
running install_egg_info
removing '/home/simone/tesi_ws/install/relocalization_pkg/lib/python3.10/site-packages/relocalization_pkg-0.0.0-py3.10.egg-info' (and everything under it)
Copying ../../build/relocalization_pkg/relocalization_pkg.egg-info to /home/simone/tesi_ws/install/relocalization_pkg/lib/python3.10/site-packages/relocalization_pkg-0.0.0-py3.10.egg-info
running install_scripts
Installing acquire_query_node script to /home/simone/tesi_ws/install/relocalization_pkg/lib/relocalization_pkg
Installing converge_to_pose_node script to /home/simone/tesi_ws/install/relocalization_pkg/lib/relocalization_pkg
Installing pose_estimation_node script to /home/simone/tesi_ws/install/relocalization_pkg/lib/relocalization_pkg
Installing reloc_eval_node script to /home/simone/tesi_ws/install/relocalization_pkg/lib/relocalization_pkg
Installing show_poses_node script to /home/simone/tesi_ws/install/relocalization_pkg/lib/relocalization_pkg
writing list of installed files to '/home/simone/tesi_ws/build/relocalization_pkg/install.log'
