[0.221s] Invoking command in '/home/simone/tesi_ws/build/turtlebot3_cartographer': CMAKE_PREFIX_PATH=/opt/ros/humble /usr/bin/cmake /home/simone/tesi_ws/src/turtlebot3/turtlebot3_cartographer -DAMENT_CMAKE_SYMLINK_INSTALL=1 -DCMAKE_INSTALL_PREFIX=/home/simone/tesi_ws/install/turtlebot3_cartographer
[0.705s] -- The C compiler identification is GNU 11.4.0
[0.835s] -- The CXX compiler identification is GNU 11.4.0
[1.120s] -- Detecting C compiler ABI info
[1.252s] -- Detecting C compiler ABI info - done
[1.263s] -- Check for working C compiler: /usr/bin/cc - skipped
[1.264s] -- Detecting C compile features
[1.264s] -- Detecting C compile features - done
[1.268s] -- Detecting CXX compiler ABI info
[1.397s] -- Detecting CXX compiler ABI info - done
[1.409s] -- Check for working CXX compiler: /usr/bin/c++ - skipped
[1.410s] -- Detecting CXX compile features
[1.410s] -- Detecting CXX compile features - done
[1.413s] -- Found ament_cmake: 1.3.5 (/opt/ros/humble/share/ament_cmake/cmake)
[1.612s] -- Found Python3: /usr/bin/python3.10 (found version "3.10.12") found components: Interpreter 
[1.691s] -- Override CMake install command with custom implementation using symlinks instead of copying resources
[1.806s] -- Configuring done
[1.812s] -- Generating done
[1.812s] -- Build files have been written to: /home/simone/tesi_ws/build/turtlebot3_cartographer
[1.820s] Invoked command in '/home/simone/tesi_ws/build/turtlebot3_cartographer' returned '0': CMAKE_PREFIX_PATH=/opt/ros/humble /usr/bin/cmake /home/simone/tesi_ws/src/turtlebot3/turtlebot3_cartographer -DAMENT_CMAKE_SYMLINK_INSTALL=1 -DCMAKE_INSTALL_PREFIX=/home/simone/tesi_ws/install/turtlebot3_cartographer
[1.823s] Invoking command in '/home/simone/tesi_ws/build/turtlebot3_cartographer': CMAKE_PREFIX_PATH=/opt/ros/humble /usr/bin/cmake --build /home/simone/tesi_ws/build/turtlebot3_cartographer -- -j12 -l12
[1.869s] Invoked command in '/home/simone/tesi_ws/build/turtlebot3_cartographer' returned '0': CMAKE_PREFIX_PATH=/opt/ros/humble /usr/bin/cmake --build /home/simone/tesi_ws/build/turtlebot3_cartographer -- -j12 -l12
[2.097s] Invoking command in '/home/simone/tesi_ws/build/turtlebot3_cartographer': CMAKE_PREFIX_PATH=/opt/ros/humble /usr/bin/cmake --install /home/simone/tesi_ws/build/turtlebot3_cartographer
[2.104s] -- Install configuration: ""
[2.104s] -- Execute custom install script
[2.107s] -- Symlinking: /home/simone/tesi_ws/install/turtlebot3_cartographer/share/turtlebot3_cartographer/config/turtlebot3_2d.lua
[2.120s] -- Symlinking: /home/simone/tesi_ws/install/turtlebot3_cartographer/share/turtlebot3_cartographer/launch/cartographer.launch.py
[2.130s] -- Symlinking: /home/simone/tesi_ws/install/turtlebot3_cartographer/share/turtlebot3_cartographer/rviz/cartographer.rviz
[2.140s] -- Symlinking: /home/simone/tesi_ws/install/turtlebot3_cartographer/share/ament_index/resource_index/package_run_dependencies/turtlebot3_cartographer
[2.151s] -- Symlinking: /home/simone/tesi_ws/install/turtlebot3_cartographer/share/ament_index/resource_index/parent_prefix_path/turtlebot3_cartographer
[2.157s] -- Symlinking: /home/simone/tesi_ws/install/turtlebot3_cartographer/share/turtlebot3_cartographer/environment/ament_prefix_path.sh
[2.169s] -- Symlinking: /home/simone/tesi_ws/install/turtlebot3_cartographer/share/turtlebot3_cartographer/environment/ament_prefix_path.dsv
[2.179s] -- Symlinking: /home/simone/tesi_ws/install/turtlebot3_cartographer/share/turtlebot3_cartographer/environment/path.sh
[2.187s] -- Symlinking: /home/simone/tesi_ws/install/turtlebot3_cartographer/share/turtlebot3_cartographer/environment/path.dsv
[2.195s] -- Symlinking: /home/simone/tesi_ws/install/turtlebot3_cartographer/share/turtlebot3_cartographer/local_setup.bash
[2.203s] -- Symlinking: /home/simone/tesi_ws/install/turtlebot3_cartographer/share/turtlebot3_cartographer/local_setup.sh
[2.214s] -- Symlinking: /home/simone/tesi_ws/install/turtlebot3_cartographer/share/turtlebot3_cartographer/local_setup.zsh
[2.221s] -- Symlinking: /home/simone/tesi_ws/install/turtlebot3_cartographer/share/turtlebot3_cartographer/local_setup.dsv
[2.231s] -- Symlinking: /home/simone/tesi_ws/install/turtlebot3_cartographer/share/turtlebot3_cartographer/package.dsv
[2.242s] -- Symlinking: /home/simone/tesi_ws/install/turtlebot3_cartographer/share/ament_index/resource_index/packages/turtlebot3_cartographer
[2.254s] -- Symlinking: /home/simone/tesi_ws/install/turtlebot3_cartographer/share/turtlebot3_cartographer/cmake/turtlebot3_cartographerConfig.cmake
[2.263s] -- Symlinking: /home/simone/tesi_ws/install/turtlebot3_cartographer/share/turtlebot3_cartographer/cmake/turtlebot3_cartographerConfig-version.cmake
[2.275s] -- Symlinking: /home/simone/tesi_ws/install/turtlebot3_cartographer/share/turtlebot3_cartographer/package.xml
[2.332s] Invoked command in '/home/simone/tesi_ws/build/turtlebot3_cartographer' returned '0': CMAKE_PREFIX_PATH=/opt/ros/humble /usr/bin/cmake --install /home/simone/tesi_ws/build/turtlebot3_cartographer
