[0.683s] Invoking command in '/home/simone/tesi_ws/src/create_dataset': PYTHONPATH=/home/simone/tesi_ws/build/create_dataset/prefix_override:/home/simone/tesi_ws/install/create_dataset/lib/python3.10/site-packages:${PYTHONPATH} /usr/bin/python3 setup.py egg_info --egg-base ../../build/create_dataset build --build-base /home/simone/tesi_ws/build/create_dataset/build install --record /home/simone/tesi_ws/build/create_dataset/install.log --single-version-externally-managed
[0.877s] running egg_info
[0.877s] writing ../../build/create_dataset/create_dataset.egg-info/PKG-INFO
[0.878s] writing dependency_links to ../../build/create_dataset/create_dataset.egg-info/dependency_links.txt
[0.878s] writing entry points to ../../build/create_dataset/create_dataset.egg-info/entry_points.txt
[0.878s] writing requirements to ../../build/create_dataset/create_dataset.egg-info/requires.txt
[0.878s] writing top-level names to ../../build/create_dataset/create_dataset.egg-info/top_level.txt
[0.879s] reading manifest file '../../build/create_dataset/create_dataset.egg-info/SOURCES.txt'
[0.880s] writing manifest file '../../build/create_dataset/create_dataset.egg-info/SOURCES.txt'
[0.880s] running build
[0.880s] running build_py
[0.880s] copying create_dataset/reloc_capture.py -> /home/simone/tesi_ws/build/create_dataset/build/lib/create_dataset
[0.881s] running install
[0.881s] running install_lib
[0.881s] copying /home/simone/tesi_ws/build/create_dataset/build/lib/create_dataset/reloc_capture.py -> /home/simone/tesi_ws/install/create_dataset/lib/python3.10/site-packages/create_dataset
[0.882s] byte-compiling /home/simone/tesi_ws/install/create_dataset/lib/python3.10/site-packages/create_dataset/reloc_capture.py to reloc_capture.cpython-310.pyc
[0.882s] running install_data
[0.883s] running install_egg_info
[0.884s] removing '/home/simone/tesi_ws/install/create_dataset/lib/python3.10/site-packages/create_dataset-0.0.0-py3.10.egg-info' (and everything under it)
[0.885s] Copying ../../build/create_dataset/create_dataset.egg-info to /home/simone/tesi_ws/install/create_dataset/lib/python3.10/site-packages/create_dataset-0.0.0-py3.10.egg-info
[0.885s] running install_scripts
[0.902s] Installing image_capture_node script to /home/simone/tesi_ws/install/create_dataset/lib/create_dataset
[0.902s] Installing reloc_capture_node script to /home/simone/tesi_ws/install/create_dataset/lib/create_dataset
[0.903s] writing list of installed files to '/home/simone/tesi_ws/build/create_dataset/install.log'
[0.923s] Invoked command in '/home/simone/tesi_ws/src/create_dataset' returned '0': PYTHONPATH=/home/simone/tesi_ws/build/create_dataset/prefix_override:/home/simone/tesi_ws/install/create_dataset/lib/python3.10/site-packages:${PYTHONPATH} /usr/bin/python3 setup.py egg_info --egg-base ../../build/create_dataset build --build-base /home/simone/tesi_ws/build/create_dataset/build install --record /home/simone/tesi_ws/build/create_dataset/install.log --single-version-externally-managed
