[0.097s] Invoking command in '/home/simone/tesi_ws/build/relocalization_pkg': CMAKE_PREFIX_PATH=${CMAKE_PREFIX_PATH}:/home/simone/tesi_ws/install/turtlebot3_teleop:/home/simone/tesi_ws/install/turtlebot3_example:/home/simone/tesi_ws/install/create_dataset:/opt/ros/humble /usr/bin/cmake --build /home/simone/tesi_ws/build/relocalization_pkg -- -j12 -l12
[0.142s] Invoked command in '/home/simone/tesi_ws/build/relocalization_pkg' returned '0': CMAKE_PREFIX_PATH=${CMAKE_PREFIX_PATH}:/home/simone/tesi_ws/install/turtlebot3_teleop:/home/simone/tesi_ws/install/turtlebot3_example:/home/simone/tesi_ws/install/create_dataset:/opt/ros/humble /usr/bin/cmake --build /home/simone/tesi_ws/build/relocalization_pkg -- -j12 -l12
[0.172s] Invoking command in '/home/simone/tesi_ws/build/relocalization_pkg': CMAKE_PREFIX_PATH=${CMAKE_PREFIX_PATH}:/home/simone/tesi_ws/install/turtlebot3_teleop:/home/simone/tesi_ws/install/turtlebot3_example:/home/simone/tesi_ws/install/create_dataset:/opt/ros/humble /usr/bin/cmake --install /home/simone/tesi_ws/build/relocalization_pkg
[0.182s] -- Install configuration: ""
[0.182s] -- Up-to-date: /home/simone/tesi_ws/install/relocalization_pkg/share/relocalization_pkg/launch
[0.182s] -- Up-to-date: /home/simone/tesi_ws/install/relocalization_pkg/share/relocalization_pkg/launch/relocalization.launch.py
[0.182s] -- Up-to-date: /home/simone/tesi_ws/install/relocalization_pkg/share/relocalization_pkg/maps
[0.183s] -- Up-to-date: /home/simone/tesi_ws/install/relocalization_pkg/share/relocalization_pkg/maps/new_indoor_save.yaml
[0.183s] -- Up-to-date: /home/simone/tesi_ws/install/relocalization_pkg/share/relocalization_pkg/maps/my_map_v2.pgm
[0.183s] -- Up-to-date: /home/simone/tesi_ws/install/relocalization_pkg/share/relocalization_pkg/maps/new_indoor_save.pgm
[0.183s] -- Up-to-date: /home/simone/tesi_ws/install/relocalization_pkg/share/relocalization_pkg/maps/new_indoor_serial.posegraph
[0.184s] -- Up-to-date: /home/simone/tesi_ws/install/relocalization_pkg/share/relocalization_pkg/maps/my_map_v2.yaml
[0.184s] -- Up-to-date: /home/simone/tesi_ws/install/relocalization_pkg/share/relocalization_pkg/maps/new_indoor_serial.data
[0.184s] -- Up-to-date: /home/simone/tesi_ws/install/relocalization_pkg/share/relocalization_pkg/params
[0.184s] -- Up-to-date: /home/simone/tesi_ws/install/relocalization_pkg/share/relocalization_pkg/params/nav2_params.yaml
[0.184s] -- Up-to-date: /home/simone/tesi_ws/install/relocalization_pkg/share/relocalization_pkg/rviz
[0.184s] -- Installing: /home/simone/tesi_ws/install/relocalization_pkg/share/relocalization_pkg/rviz/relocalization.rviz
[0.184s] -- Up-to-date: /home/simone/tesi_ws/install/relocalization_pkg/share/relocalization_pkg/src
[0.184s] -- Up-to-date: /home/simone/tesi_ws/install/relocalization_pkg/share/ament_index/resource_index/package_run_dependencies/relocalization_pkg
[0.184s] -- Up-to-date: /home/simone/tesi_ws/install/relocalization_pkg/share/ament_index/resource_index/parent_prefix_path/relocalization_pkg
[0.184s] -- Up-to-date: /home/simone/tesi_ws/install/relocalization_pkg/share/relocalization_pkg/environment/ament_prefix_path.sh
[0.185s] -- Up-to-date: /home/simone/tesi_ws/install/relocalization_pkg/share/relocalization_pkg/environment/ament_prefix_path.dsv
[0.185s] -- Up-to-date: /home/simone/tesi_ws/install/relocalization_pkg/share/relocalization_pkg/environment/path.sh
[0.185s] -- Up-to-date: /home/simone/tesi_ws/install/relocalization_pkg/share/relocalization_pkg/environment/path.dsv
[0.185s] -- Up-to-date: /home/simone/tesi_ws/install/relocalization_pkg/share/relocalization_pkg/local_setup.bash
[0.185s] -- Up-to-date: /home/simone/tesi_ws/install/relocalization_pkg/share/relocalization_pkg/local_setup.sh
[0.185s] -- Up-to-date: /home/simone/tesi_ws/install/relocalization_pkg/share/relocalization_pkg/local_setup.zsh
[0.185s] -- Up-to-date: /home/simone/tesi_ws/install/relocalization_pkg/share/relocalization_pkg/local_setup.dsv
[0.185s] -- Installing: /home/simone/tesi_ws/install/relocalization_pkg/share/relocalization_pkg/package.dsv
[0.185s] -- Up-to-date: /home/simone/tesi_ws/install/relocalization_pkg/share/ament_index/resource_index/packages/relocalization_pkg
[0.185s] -- Up-to-date: /home/simone/tesi_ws/install/relocalization_pkg/share/relocalization_pkg/cmake/relocalization_pkgConfig.cmake
[0.185s] -- Up-to-date: /home/simone/tesi_ws/install/relocalization_pkg/share/relocalization_pkg/cmake/relocalization_pkgConfig-version.cmake
[0.185s] -- Up-to-date: /home/simone/tesi_ws/install/relocalization_pkg/share/relocalization_pkg/package.xml
[0.188s] Invoked command in '/home/simone/tesi_ws/build/relocalization_pkg' returned '0': CMAKE_PREFIX_PATH=${CMAKE_PREFIX_PATH}:/home/simone/tesi_ws/install/turtlebot3_teleop:/home/simone/tesi_ws/install/turtlebot3_example:/home/simone/tesi_ws/install/create_dataset:/opt/ros/humble /usr/bin/cmake --install /home/simone/tesi_ws/build/relocalization_pkg
