[0.323s] Invoking command in '/home/simone/tesi_ws/build/turtlebot3_bringup': CMAKE_PREFIX_PATH=/home/simone/tesi_ws/install/turtlebot3_description:/home/simone/tesi_ws/install/turtlebot3:/home/simone/tesi_ws/install/turtlebot3_simulations:/home/simone/tesi_ws/install/turtlebot3_navigation2:/home/simone/tesi_ws/install/turtlebot3_fake_node:/home/simone/tesi_ws/install/turtlebot3_msgs:/home/simone/tesi_ws/install/turtlebot3_hardware:/home/simone/tesi_ws/install/turtlebot3_gazebo:/home/simone/tesi_ws/install/turtlebot3_bringup:/home/simone/tesi_ws/install/turtlebot3_cartographer:/home/simone/tesi_ws/install/dynamixel_sdk_examples:/home/simone/tesi_ws/install/dynamixel_sdk_custom_interfaces:/home/simone/tesi_ws/install/dynamixel_sdk:/home/simone/tesi_ws/install/turtlebot3_teleop:/home/simone/tesi_ws/install/turtlebot3_example:/home/simone/tesi_ws/install/relocalization_pkg:/home/simone/tesi_ws/install/create_dataset:/opt/ros/humble /usr/bin/cmake /home/simone/tesi_ws/src/turtlebot3/turtlebot3_bringup -DCMAKE_INSTALL_PREFIX=/home/simone/tesi_ws/install/turtlebot3_bringup
[0.432s] -- The C compiler identification is GNU 11.4.0
[0.965s] -- The CXX compiler identification is GNU 11.4.0
[1.160s] -- Detecting C compiler ABI info
[1.291s] -- Detecting C compiler ABI info - done
[1.300s] -- Check for working C compiler: /usr/bin/cc - skipped
[1.300s] -- Detecting C compile features
[1.300s] -- Detecting C compile features - done
[1.305s] -- Detecting CXX compiler ABI info
[1.499s] -- Detecting CXX compiler ABI info - done
[1.525s] -- Check for working CXX compiler: /usr/bin/c++ - skipped
[1.526s] -- Detecting CXX compile features
[1.527s] -- Detecting CXX compile features - done
[1.535s] -- Found ament_cmake: 1.3.6 (/opt/ros/humble/share/ament_cmake/cmake)
[1.840s] -- Found Python3: /usr/bin/python3.10 (found version "3.10.12") found components: Interpreter 
[2.123s] -- Configuring done
[2.129s] -- Generating done
[2.131s] -- Build files have been written to: /home/simone/tesi_ws/build/turtlebot3_bringup
[2.160s] Invoked command in '/home/simone/tesi_ws/build/turtlebot3_bringup' returned '0': CMAKE_PREFIX_PATH=/home/simone/tesi_ws/install/turtlebot3_description:/home/simone/tesi_ws/install/turtlebot3:/home/simone/tesi_ws/install/turtlebot3_simulations:/home/simone/tesi_ws/install/turtlebot3_navigation2:/home/simone/tesi_ws/install/turtlebot3_fake_node:/home/simone/tesi_ws/install/turtlebot3_msgs:/home/simone/tesi_ws/install/turtlebot3_hardware:/home/simone/tesi_ws/install/turtlebot3_gazebo:/home/simone/tesi_ws/install/turtlebot3_bringup:/home/simone/tesi_ws/install/turtlebot3_cartographer:/home/simone/tesi_ws/install/dynamixel_sdk_examples:/home/simone/tesi_ws/install/dynamixel_sdk_custom_interfaces:/home/simone/tesi_ws/install/dynamixel_sdk:/home/simone/tesi_ws/install/turtlebot3_teleop:/home/simone/tesi_ws/install/turtlebot3_example:/home/simone/tesi_ws/install/relocalization_pkg:/home/simone/tesi_ws/install/create_dataset:/opt/ros/humble /usr/bin/cmake /home/simone/tesi_ws/src/turtlebot3/turtlebot3_bringup -DCMAKE_INSTALL_PREFIX=/home/simone/tesi_ws/install/turtlebot3_bringup
[2.161s] Invoking command in '/home/simone/tesi_ws/build/turtlebot3_bringup': CMAKE_PREFIX_PATH=/home/simone/tesi_ws/install/turtlebot3_description:/home/simone/tesi_ws/install/turtlebot3:/home/simone/tesi_ws/install/turtlebot3_simulations:/home/simone/tesi_ws/install/turtlebot3_navigation2:/home/simone/tesi_ws/install/turtlebot3_fake_node:/home/simone/tesi_ws/install/turtlebot3_msgs:/home/simone/tesi_ws/install/turtlebot3_hardware:/home/simone/tesi_ws/install/turtlebot3_gazebo:/home/simone/tesi_ws/install/turtlebot3_bringup:/home/simone/tesi_ws/install/turtlebot3_cartographer:/home/simone/tesi_ws/install/dynamixel_sdk_examples:/home/simone/tesi_ws/install/dynamixel_sdk_custom_interfaces:/home/simone/tesi_ws/install/dynamixel_sdk:/home/simone/tesi_ws/install/turtlebot3_teleop:/home/simone/tesi_ws/install/turtlebot3_example:/home/simone/tesi_ws/install/relocalization_pkg:/home/simone/tesi_ws/install/create_dataset:/opt/ros/humble /usr/bin/cmake --build /home/simone/tesi_ws/build/turtlebot3_bringup -- -j12 -l12
[2.256s] Invoked command in '/home/simone/tesi_ws/build/turtlebot3_bringup' returned '0': CMAKE_PREFIX_PATH=/home/simone/tesi_ws/install/turtlebot3_description:/home/simone/tesi_ws/install/turtlebot3:/home/simone/tesi_ws/install/turtlebot3_simulations:/home/simone/tesi_ws/install/turtlebot3_navigation2:/home/simone/tesi_ws/install/turtlebot3_fake_node:/home/simone/tesi_ws/install/turtlebot3_msgs:/home/simone/tesi_ws/install/turtlebot3_hardware:/home/simone/tesi_ws/install/turtlebot3_gazebo:/home/simone/tesi_ws/install/turtlebot3_bringup:/home/simone/tesi_ws/install/turtlebot3_cartographer:/home/simone/tesi_ws/install/dynamixel_sdk_examples:/home/simone/tesi_ws/install/dynamixel_sdk_custom_interfaces:/home/simone/tesi_ws/install/dynamixel_sdk:/home/simone/tesi_ws/install/turtlebot3_teleop:/home/simone/tesi_ws/install/turtlebot3_example:/home/simone/tesi_ws/install/relocalization_pkg:/home/simone/tesi_ws/install/create_dataset:/opt/ros/humble /usr/bin/cmake --build /home/simone/tesi_ws/build/turtlebot3_bringup -- -j12 -l12
[2.326s] Invoking command in '/home/simone/tesi_ws/build/turtlebot3_bringup': CMAKE_PREFIX_PATH=/home/simone/tesi_ws/install/turtlebot3_description:/home/simone/tesi_ws/install/turtlebot3:/home/simone/tesi_ws/install/turtlebot3_simulations:/home/simone/tesi_ws/install/turtlebot3_navigation2:/home/simone/tesi_ws/install/turtlebot3_fake_node:/home/simone/tesi_ws/install/turtlebot3_msgs:/home/simone/tesi_ws/install/turtlebot3_hardware:/home/simone/tesi_ws/install/turtlebot3_gazebo:/home/simone/tesi_ws/install/turtlebot3_bringup:/home/simone/tesi_ws/install/turtlebot3_cartographer:/home/simone/tesi_ws/install/dynamixel_sdk_examples:/home/simone/tesi_ws/install/dynamixel_sdk_custom_interfaces:/home/simone/tesi_ws/install/dynamixel_sdk:/home/simone/tesi_ws/install/turtlebot3_teleop:/home/simone/tesi_ws/install/turtlebot3_example:/home/simone/tesi_ws/install/relocalization_pkg:/home/simone/tesi_ws/install/create_dataset:/opt/ros/humble /usr/bin/cmake --install /home/simone/tesi_ws/build/turtlebot3_bringup
[2.339s] -- Install configuration: ""
[2.339s] -- Installing: /home/simone/tesi_ws/install/turtlebot3_bringup/share/turtlebot3_bringup/launch
[2.341s] -- Installing: /home/simone/tesi_ws/install/turtlebot3_bringup/share/turtlebot3_bringup/launch/fake.launch.py
[2.341s] -- Installing: /home/simone/tesi_ws/install/turtlebot3_bringup/share/turtlebot3_bringup/launch/base.launch.py
[2.342s] -- Installing: /home/simone/tesi_ws/install/turtlebot3_bringup/share/turtlebot3_bringup/launch/hardware.launch.py
[2.342s] -- Installing: /home/simone/tesi_ws/install/turtlebot3_bringup/share/turtlebot3_bringup/launch/lab03.launch.py
[2.342s] -- Installing: /home/simone/tesi_ws/install/turtlebot3_bringup/share/turtlebot3_bringup/launch/gazebo.launch.py
[2.342s] -- Installing: /home/simone/tesi_ws/install/turtlebot3_bringup/share/turtlebot3_bringup/config
[2.343s] -- Installing: /home/simone/tesi_ws/install/turtlebot3_bringup/share/turtlebot3_bringup/config/waffle_pi
[2.343s] -- Installing: /home/simone/tesi_ws/install/turtlebot3_bringup/share/turtlebot3_bringup/config/waffle_pi/gazebo_controller_manager.yaml
[2.343s] -- Installing: /home/simone/tesi_ws/install/turtlebot3_bringup/share/turtlebot3_bringup/config/waffle_pi/twist_mux.yaml
[2.343s] -- Installing: /home/simone/tesi_ws/install/turtlebot3_bringup/share/turtlebot3_bringup/config/waffle_pi/hardware_controller_manager.yaml
[2.343s] -- Installing: /home/simone/tesi_ws/install/turtlebot3_bringup/share/turtlebot3_bringup/config/burger
[2.344s] -- Installing: /home/simone/tesi_ws/install/turtlebot3_bringup/share/turtlebot3_bringup/config/burger/gazebo_controller_manager.yaml
[2.344s] -- Installing: /home/simone/tesi_ws/install/turtlebot3_bringup/share/turtlebot3_bringup/config/burger/twist_mux.yaml
[2.344s] -- Installing: /home/simone/tesi_ws/install/turtlebot3_bringup/share/turtlebot3_bringup/config/burger/hardware_controller_manager.yaml
[2.344s] -- Installing: /home/simone/tesi_ws/install/turtlebot3_bringup/share/turtlebot3_bringup/script
[2.344s] -- Installing: /home/simone/tesi_ws/install/turtlebot3_bringup/share/turtlebot3_bringup/script/create_udev_rules
[2.344s] -- Installing: /home/simone/tesi_ws/install/turtlebot3_bringup/share/turtlebot3_bringup/script/99-turtlebot3-cdc.rules
[2.344s] -- Installing: /home/simone/tesi_ws/install/turtlebot3_bringup/share/turtlebot3_bringup/worlds
[2.345s] -- Installing: /home/simone/tesi_ws/install/turtlebot3_bringup/share/turtlebot3_bringup/worlds/lab03.world
[2.345s] -- Installing: /home/simone/tesi_ws/install/turtlebot3_bringup/share/turtlebot3_bringup/worlds/turtlebot3_world.model
[2.345s] -- Installing: /home/simone/tesi_ws/install/turtlebot3_bringup/share/turtlebot3_bringup/worlds/hospital.world
[2.345s] -- Installing: /home/simone/tesi_ws/install/turtlebot3_bringup/share/turtlebot3_bringup/worlds/turtlebot3_world
[2.345s] -- Installing: /home/simone/tesi_ws/install/turtlebot3_bringup/share/turtlebot3_bringup/worlds/turtlebot3_world/meshes
[2.346s] -- Installing: /home/simone/tesi_ws/install/turtlebot3_bringup/share/turtlebot3_bringup/worlds/turtlebot3_world/meshes/wall.dae
[2.346s] -- Installing: /home/simone/tesi_ws/install/turtlebot3_bringup/share/turtlebot3_bringup/worlds/turtlebot3_world/meshes/hexagon.dae
[2.346s] -- Installing: /home/simone/tesi_ws/install/turtlebot3_bringup/share/turtlebot3_bringup/worlds/turtlebot3_world/model.config
[2.346s] -- Installing: /home/simone/tesi_ws/install/turtlebot3_bringup/share/turtlebot3_bringup/worlds/turtlebot3_world/model.sdf
[2.346s] -- Installing: /home/simone/tesi_ws/install/turtlebot3_bringup/share/turtlebot3_bringup/worlds/turtlebot3_world/model-1_4.sdf
[2.346s] -- Installing: /home/simone/tesi_ws/install/turtlebot3_bringup/share/turtlebot3_bringup/worlds/new_indoor.world
[2.346s] -- Installing: /home/simone/tesi_ws/install/turtlebot3_bringup/share/turtlebot3_bringup/worlds/empty_world.model
[2.346s] -- Installing: /home/simone/tesi_ws/install/turtlebot3_bringup/share/turtlebot3_bringup/worlds/new_indoor_dynamic.world
[2.347s] -- Installing: /home/simone/tesi_ws/install/turtlebot3_bringup/share/turtlebot3_bringup/worlds/small_house.world
[2.347s] -- Installing: /home/simone/tesi_ws/install/turtlebot3_bringup/share/turtlebot3_bringup/worlds/indoor.world
[2.347s] -- Installing: /home/simone/tesi_ws/install/turtlebot3_bringup/share/turtlebot3_bringup/rviz
[2.347s] -- Installing: /home/simone/tesi_ws/install/turtlebot3_bringup/share/turtlebot3_bringup/rviz/turtlebot3.rviz
[2.348s] -- Installing: /home/simone/tesi_ws/install/turtlebot3_bringup/share/turtlebot3_bringup/environment/turtlebot3_bringup.dsv
[2.348s] -- Installing: /home/simone/tesi_ws/install/turtlebot3_bringup/share/ament_index/resource_index/package_run_dependencies/turtlebot3_bringup
[2.349s] -- Installing: /home/simone/tesi_ws/install/turtlebot3_bringup/share/ament_index/resource_index/parent_prefix_path/turtlebot3_bringup
[2.349s] -- Installing: /home/simone/tesi_ws/install/turtlebot3_bringup/share/turtlebot3_bringup/environment/ament_prefix_path.sh
[2.350s] -- Installing: /home/simone/tesi_ws/install/turtlebot3_bringup/share/turtlebot3_bringup/environment/ament_prefix_path.dsv
[2.350s] -- Installing: /home/simone/tesi_ws/install/turtlebot3_bringup/share/turtlebot3_bringup/environment/path.sh
[2.350s] -- Installing: /home/simone/tesi_ws/install/turtlebot3_bringup/share/turtlebot3_bringup/environment/path.dsv
[2.350s] -- Installing: /home/simone/tesi_ws/install/turtlebot3_bringup/share/turtlebot3_bringup/local_setup.bash
[2.351s] -- Installing: /home/simone/tesi_ws/install/turtlebot3_bringup/share/turtlebot3_bringup/local_setup.sh
[2.351s] -- Installing: /home/simone/tesi_ws/install/turtlebot3_bringup/share/turtlebot3_bringup/local_setup.zsh
[2.351s] -- Installing: /home/simone/tesi_ws/install/turtlebot3_bringup/share/turtlebot3_bringup/local_setup.dsv
[2.351s] -- Installing: /home/simone/tesi_ws/install/turtlebot3_bringup/share/turtlebot3_bringup/package.dsv
[2.352s] -- Installing: /home/simone/tesi_ws/install/turtlebot3_bringup/share/ament_index/resource_index/packages/turtlebot3_bringup
[2.352s] -- Installing: /home/simone/tesi_ws/install/turtlebot3_bringup/share/turtlebot3_bringup/cmake/turtlebot3_bringupConfig.cmake
[2.352s] -- Installing: /home/simone/tesi_ws/install/turtlebot3_bringup/share/turtlebot3_bringup/cmake/turtlebot3_bringupConfig-version.cmake
[2.353s] -- Installing: /home/simone/tesi_ws/install/turtlebot3_bringup/share/turtlebot3_bringup/package.xml
[2.374s] Invoked command in '/home/simone/tesi_ws/build/turtlebot3_bringup' returned '0': CMAKE_PREFIX_PATH=/home/simone/tesi_ws/install/turtlebot3_description:/home/simone/tesi_ws/install/turtlebot3:/home/simone/tesi_ws/install/turtlebot3_simulations:/home/simone/tesi_ws/install/turtlebot3_navigation2:/home/simone/tesi_ws/install/turtlebot3_fake_node:/home/simone/tesi_ws/install/turtlebot3_msgs:/home/simone/tesi_ws/install/turtlebot3_hardware:/home/simone/tesi_ws/install/turtlebot3_gazebo:/home/simone/tesi_ws/install/turtlebot3_bringup:/home/simone/tesi_ws/install/turtlebot3_cartographer:/home/simone/tesi_ws/install/dynamixel_sdk_examples:/home/simone/tesi_ws/install/dynamixel_sdk_custom_interfaces:/home/simone/tesi_ws/install/dynamixel_sdk:/home/simone/tesi_ws/install/turtlebot3_teleop:/home/simone/tesi_ws/install/turtlebot3_example:/home/simone/tesi_ws/install/relocalization_pkg:/home/simone/tesi_ws/install/create_dataset:/opt/ros/humble /usr/bin/cmake --install /home/simone/tesi_ws/build/turtlebot3_bringup
