[0.683s] Invoking command in '/home/simone/tesi_ws/build/turtlebot3_msgs': CMAKE_PREFIX_PATH=${CMAKE_PREFIX_PATH}:/home/simone/tesi_ws/install/turtlebot3_teleop:/home/simone/tesi_ws/install/turtlebot3_example:/home/simone/tesi_ws/install/relocalization_pkg:/home/simone/tesi_ws/install/create_dataset:/opt/ros/humble /usr/bin/cmake --build /home/simone/tesi_ws/build/turtlebot3_msgs -- -j12 -l12
[1.698s] [  1%] Built target turtlebot3_msgs__cpp
[1.698s] [ 12%] Built target turtlebot3_msgs__rosidl_generator_c
[1.698s] [ 12%] Built target ament_cmake_python_copy_turtlebot3_msgs
[1.699s] [ 23%] Built target turtlebot3_msgs__rosidl_typesupport_fastrtps_cpp
[1.700s] [ 35%] Built target turtlebot3_msgs__rosidl_typesupport_cpp
[1.701s] [ 47%] Built target turtlebot3_msgs__rosidl_typesupport_introspection_c
[1.702s] [ 59%] Built target turtlebot3_msgs__rosidl_typesupport_c
[1.704s] [ 69%] Built target turtlebot3_msgs__rosidl_typesupport_introspection_cpp
[1.705s] [ 80%] Built target turtlebot3_msgs__rosidl_typesupport_fastrtps_c
[1.705s] [ 80%] Built target turtlebot3_msgs
[1.705s] [ 81%] Built target turtlebot3_msgs__py
[1.706s] [ 91%] Built target turtlebot3_msgs__rosidl_generator_py
[1.706s] [ 94%] Built target turtlebot3_msgs__rosidl_typesupport_c__pyext
[1.707s] [ 97%] Built target turtlebot3_msgs__rosidl_typesupport_introspection_c__pyext
[1.708s] [100%] Built target turtlebot3_msgs__rosidl_typesupport_fastrtps_c__pyext
[1.709s] running egg_info
[1.711s] writing turtlebot3_msgs.egg-info/PKG-INFO
[1.711s] writing dependency_links to turtlebot3_msgs.egg-info/dependency_links.txt
[1.711s] writing top-level names to turtlebot3_msgs.egg-info/top_level.txt
[1.711s] reading manifest file 'turtlebot3_msgs.egg-info/SOURCES.txt'
[1.712s] writing manifest file 'turtlebot3_msgs.egg-info/SOURCES.txt'
[1.712s] [100%] Built target ament_cmake_python_build_turtlebot3_msgs_egg
[1.733s] Invoked command in '/home/simone/tesi_ws/build/turtlebot3_msgs' returned '0': CMAKE_PREFIX_PATH=${CMAKE_PREFIX_PATH}:/home/simone/tesi_ws/install/turtlebot3_teleop:/home/simone/tesi_ws/install/turtlebot3_example:/home/simone/tesi_ws/install/relocalization_pkg:/home/simone/tesi_ws/install/create_dataset:/opt/ros/humble /usr/bin/cmake --build /home/simone/tesi_ws/build/turtlebot3_msgs -- -j12 -l12
[2.039s] Invoking command in '/home/simone/tesi_ws/build/turtlebot3_msgs': CMAKE_PREFIX_PATH=${CMAKE_PREFIX_PATH}:/home/simone/tesi_ws/install/turtlebot3_teleop:/home/simone/tesi_ws/install/turtlebot3_example:/home/simone/tesi_ws/install/relocalization_pkg:/home/simone/tesi_ws/install/create_dataset:/opt/ros/humble /usr/bin/cmake --install /home/simone/tesi_ws/build/turtlebot3_msgs
[2.068s] -- Install configuration: ""
[2.069s] -- Up-to-date: /home/simone/tesi_ws/install/turtlebot3_msgs/share/ament_index/resource_index/rosidl_interfaces/turtlebot3_msgs
[2.070s] -- Up-to-date: /home/simone/tesi_ws/install/turtlebot3_msgs/include/turtlebot3_msgs/turtlebot3_msgs
[2.071s] -- Up-to-date: /home/simone/tesi_ws/install/turtlebot3_msgs/include/turtlebot3_msgs/turtlebot3_msgs/msg
[2.071s] -- Up-to-date: /home/simone/tesi_ws/install/turtlebot3_msgs/include/turtlebot3_msgs/turtlebot3_msgs/msg/sound.h
[2.071s] -- Up-to-date: /home/simone/tesi_ws/install/turtlebot3_msgs/include/turtlebot3_msgs/turtlebot3_msgs/msg/version_info.h
[2.072s] -- Up-to-date: /home/simone/tesi_ws/install/turtlebot3_msgs/include/turtlebot3_msgs/turtlebot3_msgs/msg/rosidl_generator_c__visibility_control.h
[2.072s] -- Up-to-date: /home/simone/tesi_ws/install/turtlebot3_msgs/include/turtlebot3_msgs/turtlebot3_msgs/msg/detail
[2.072s] -- Up-to-date: /home/simone/tesi_ws/install/turtlebot3_msgs/include/turtlebot3_msgs/turtlebot3_msgs/msg/detail/sensor_state__type_support.h
[2.072s] -- Up-to-date: /home/simone/tesi_ws/install/turtlebot3_msgs/include/turtlebot3_msgs/turtlebot3_msgs/msg/detail/sensor_state__functions.h
[2.073s] -- Up-to-date: /home/simone/tesi_ws/install/turtlebot3_msgs/include/turtlebot3_msgs/turtlebot3_msgs/msg/detail/sensor_state__functions.c
[2.073s] -- Up-to-date: /home/simone/tesi_ws/install/turtlebot3_msgs/include/turtlebot3_msgs/turtlebot3_msgs/msg/detail/sound__functions.h
[2.073s] -- Up-to-date: /home/simone/tesi_ws/install/turtlebot3_msgs/include/turtlebot3_msgs/turtlebot3_msgs/msg/detail/version_info__functions.h
[2.073s] -- Up-to-date: /home/simone/tesi_ws/install/turtlebot3_msgs/include/turtlebot3_msgs/turtlebot3_msgs/msg/detail/sensor_state__struct.h
[2.074s] -- Up-to-date: /home/simone/tesi_ws/install/turtlebot3_msgs/include/turtlebot3_msgs/turtlebot3_msgs/msg/detail/sound__struct.h
[2.074s] -- Up-to-date: /home/simone/tesi_ws/install/turtlebot3_msgs/include/turtlebot3_msgs/turtlebot3_msgs/msg/detail/version_info__type_support.h
[2.074s] -- Up-to-date: /home/simone/tesi_ws/install/turtlebot3_msgs/include/turtlebot3_msgs/turtlebot3_msgs/msg/detail/sound__functions.c
[2.074s] -- Up-to-date: /home/simone/tesi_ws/install/turtlebot3_msgs/include/turtlebot3_msgs/turtlebot3_msgs/msg/detail/version_info__functions.c
[2.074s] -- Up-to-date: /home/simone/tesi_ws/install/turtlebot3_msgs/include/turtlebot3_msgs/turtlebot3_msgs/msg/detail/version_info__struct.h
[2.075s] -- Up-to-date: /home/simone/tesi_ws/install/turtlebot3_msgs/include/turtlebot3_msgs/turtlebot3_msgs/msg/detail/sound__type_support.h
[2.075s] -- Up-to-date: /home/simone/tesi_ws/install/turtlebot3_msgs/include/turtlebot3_msgs/turtlebot3_msgs/msg/sensor_state.h
[2.075s] -- Up-to-date: /home/simone/tesi_ws/install/turtlebot3_msgs/include/turtlebot3_msgs/turtlebot3_msgs/action
[2.079s] -- Up-to-date: /home/simone/tesi_ws/install/turtlebot3_msgs/include/turtlebot3_msgs/turtlebot3_msgs/action/patrol.h
[2.081s] -- Up-to-date: /home/simone/tesi_ws/install/turtlebot3_msgs/include/turtlebot3_msgs/turtlebot3_msgs/action/detail
[2.081s] -- Up-to-date: /home/simone/tesi_ws/install/turtlebot3_msgs/include/turtlebot3_msgs/turtlebot3_msgs/action/detail/patrol__type_support.h
[2.081s] -- Up-to-date: /home/simone/tesi_ws/install/turtlebot3_msgs/include/turtlebot3_msgs/turtlebot3_msgs/action/detail/patrol__functions.c
[2.082s] -- Up-to-date: /home/simone/tesi_ws/install/turtlebot3_msgs/include/turtlebot3_msgs/turtlebot3_msgs/action/detail/patrol__functions.h
[2.082s] -- Up-to-date: /home/simone/tesi_ws/install/turtlebot3_msgs/include/turtlebot3_msgs/turtlebot3_msgs/action/detail/patrol__struct.h
[2.083s] -- Up-to-date: /home/simone/tesi_ws/install/turtlebot3_msgs/include/turtlebot3_msgs/turtlebot3_msgs/srv
[2.083s] -- Up-to-date: /home/simone/tesi_ws/install/turtlebot3_msgs/include/turtlebot3_msgs/turtlebot3_msgs/srv/sound.h
[2.083s] -- Up-to-date: /home/simone/tesi_ws/install/turtlebot3_msgs/include/turtlebot3_msgs/turtlebot3_msgs/srv/dqn.h
[2.083s] -- Up-to-date: /home/simone/tesi_ws/install/turtlebot3_msgs/include/turtlebot3_msgs/turtlebot3_msgs/srv/detail
[2.085s] -- Up-to-date: /home/simone/tesi_ws/install/turtlebot3_msgs/include/turtlebot3_msgs/turtlebot3_msgs/srv/detail/dqn__struct.h
[2.085s] -- Up-to-date: /home/simone/tesi_ws/install/turtlebot3_msgs/include/turtlebot3_msgs/turtlebot3_msgs/srv/detail/dqn__functions.c
[2.086s] -- Up-to-date: /home/simone/tesi_ws/install/turtlebot3_msgs/include/turtlebot3_msgs/turtlebot3_msgs/srv/detail/sound__functions.h
[2.086s] -- Up-to-date: /home/simone/tesi_ws/install/turtlebot3_msgs/include/turtlebot3_msgs/turtlebot3_msgs/srv/detail/sound__struct.h
[2.086s] -- Up-to-date: /home/simone/tesi_ws/install/turtlebot3_msgs/include/turtlebot3_msgs/turtlebot3_msgs/srv/detail/dqn__type_support.h
[2.087s] -- Up-to-date: /home/simone/tesi_ws/install/turtlebot3_msgs/include/turtlebot3_msgs/turtlebot3_msgs/srv/detail/sound__functions.c
[2.087s] -- Up-to-date: /home/simone/tesi_ws/install/turtlebot3_msgs/include/turtlebot3_msgs/turtlebot3_msgs/srv/detail/dqn__functions.h
[2.087s] -- Up-to-date: /home/simone/tesi_ws/install/turtlebot3_msgs/include/turtlebot3_msgs/turtlebot3_msgs/srv/detail/sound__type_support.h
[2.087s] -- Up-to-date: /home/simone/tesi_ws/install/turtlebot3_msgs/share/turtlebot3_msgs/environment/library_path.sh
[2.087s] -- Up-to-date: /home/simone/tesi_ws/install/turtlebot3_msgs/share/turtlebot3_msgs/environment/library_path.dsv
[2.088s] -- Up-to-date: /home/simone/tesi_ws/install/turtlebot3_msgs/lib/libturtlebot3_msgs__rosidl_generator_c.so
[2.088s] -- Up-to-date: /home/simone/tesi_ws/install/turtlebot3_msgs/include/turtlebot3_msgs/turtlebot3_msgs
[2.088s] -- Up-to-date: /home/simone/tesi_ws/install/turtlebot3_msgs/include/turtlebot3_msgs/turtlebot3_msgs/msg
[2.088s] -- Up-to-date: /home/simone/tesi_ws/install/turtlebot3_msgs/include/turtlebot3_msgs/turtlebot3_msgs/msg/detail
[2.088s] -- Up-to-date: /home/simone/tesi_ws/install/turtlebot3_msgs/include/turtlebot3_msgs/turtlebot3_msgs/msg/detail/sensor_state__rosidl_typesupport_fastrtps_c.h
[2.089s] -- Up-to-date: /home/simone/tesi_ws/install/turtlebot3_msgs/include/turtlebot3_msgs/turtlebot3_msgs/msg/detail/sound__rosidl_typesupport_fastrtps_c.h
[2.089s] -- Up-to-date: /home/simone/tesi_ws/install/turtlebot3_msgs/include/turtlebot3_msgs/turtlebot3_msgs/msg/detail/version_info__rosidl_typesupport_fastrtps_c.h
[2.089s] -- Up-to-date: /home/simone/tesi_ws/install/turtlebot3_msgs/include/turtlebot3_msgs/turtlebot3_msgs/msg/rosidl_typesupport_fastrtps_c__visibility_control.h
[2.089s] -- Up-to-date: /home/simone/tesi_ws/install/turtlebot3_msgs/include/turtlebot3_msgs/turtlebot3_msgs/action
[2.091s] -- Up-to-date: /home/simone/tesi_ws/install/turtlebot3_msgs/include/turtlebot3_msgs/turtlebot3_msgs/action/detail
[2.092s] -- Up-to-date: /home/simone/tesi_ws/install/turtlebot3_msgs/include/turtlebot3_msgs/turtlebot3_msgs/action/detail/patrol__rosidl_typesupport_fastrtps_c.h
[2.092s] -- Up-to-date: /home/simone/tesi_ws/install/turtlebot3_msgs/include/turtlebot3_msgs/turtlebot3_msgs/srv
[2.093s] -- Up-to-date: /home/simone/tesi_ws/install/turtlebot3_msgs/include/turtlebot3_msgs/turtlebot3_msgs/srv/detail
[2.094s] -- Up-to-date: /home/simone/tesi_ws/install/turtlebot3_msgs/include/turtlebot3_msgs/turtlebot3_msgs/srv/detail/dqn__rosidl_typesupport_fastrtps_c.h
[2.094s] -- Up-to-date: /home/simone/tesi_ws/install/turtlebot3_msgs/include/turtlebot3_msgs/turtlebot3_msgs/srv/detail/sound__rosidl_typesupport_fastrtps_c.h
[2.094s] -- Up-to-date: /home/simone/tesi_ws/install/turtlebot3_msgs/lib/libturtlebot3_msgs__rosidl_typesupport_fastrtps_c.so
[2.094s] -- Up-to-date: /home/simone/tesi_ws/install/turtlebot3_msgs/include/turtlebot3_msgs/turtlebot3_msgs
[2.095s] -- Up-to-date: /home/simone/tesi_ws/install/turtlebot3_msgs/include/turtlebot3_msgs/turtlebot3_msgs/msg
[2.095s] -- Up-to-date: /home/simone/tesi_ws/install/turtlebot3_msgs/include/turtlebot3_msgs/turtlebot3_msgs/msg/sound.hpp
[2.095s] -- Up-to-date: /home/simone/tesi_ws/install/turtlebot3_msgs/include/turtlebot3_msgs/turtlebot3_msgs/msg/sensor_state.hpp
[2.096s] -- Up-to-date: /home/simone/tesi_ws/install/turtlebot3_msgs/include/turtlebot3_msgs/turtlebot3_msgs/msg/version_info.hpp
[2.096s] -- Up-to-date: /home/simone/tesi_ws/install/turtlebot3_msgs/include/turtlebot3_msgs/turtlebot3_msgs/msg/detail
[2.096s] -- Up-to-date: /home/simone/tesi_ws/install/turtlebot3_msgs/include/turtlebot3_msgs/turtlebot3_msgs/msg/detail/sound__struct.hpp
[2.096s] -- Up-to-date: /home/simone/tesi_ws/install/turtlebot3_msgs/include/turtlebot3_msgs/turtlebot3_msgs/msg/detail/sensor_state__struct.hpp
[2.097s] -- Up-to-date: /home/simone/tesi_ws/install/turtlebot3_msgs/include/turtlebot3_msgs/turtlebot3_msgs/msg/detail/version_info__traits.hpp
[2.097s] -- Up-to-date: /home/simone/tesi_ws/install/turtlebot3_msgs/include/turtlebot3_msgs/turtlebot3_msgs/msg/detail/version_info__struct.hpp
[2.098s] -- Up-to-date: /home/simone/tesi_ws/install/turtlebot3_msgs/include/turtlebot3_msgs/turtlebot3_msgs/msg/detail/sound__traits.hpp
[2.099s] -- Up-to-date: /home/simone/tesi_ws/install/turtlebot3_msgs/include/turtlebot3_msgs/turtlebot3_msgs/msg/detail/version_info__builder.hpp
[2.099s] -- Up-to-date: /home/simone/tesi_ws/install/turtlebot3_msgs/include/turtlebot3_msgs/turtlebot3_msgs/msg/detail/sensor_state__traits.hpp
[2.099s] -- Up-to-date: /home/simone/tesi_ws/install/turtlebot3_msgs/include/turtlebot3_msgs/turtlebot3_msgs/msg/detail/sound__builder.hpp
[2.100s] -- Up-to-date: /home/simone/tesi_ws/install/turtlebot3_msgs/include/turtlebot3_msgs/turtlebot3_msgs/msg/detail/sensor_state__builder.hpp
[2.100s] -- Up-to-date: /home/simone/tesi_ws/install/turtlebot3_msgs/include/turtlebot3_msgs/turtlebot3_msgs/action
[2.100s] -- Up-to-date: /home/simone/tesi_ws/install/turtlebot3_msgs/include/turtlebot3_msgs/turtlebot3_msgs/action/patrol.hpp
[2.101s] -- Up-to-date: /home/simone/tesi_ws/install/turtlebot3_msgs/include/turtlebot3_msgs/turtlebot3_msgs/action/detail
[2.101s] -- Up-to-date: /home/simone/tesi_ws/install/turtlebot3_msgs/include/turtlebot3_msgs/turtlebot3_msgs/action/detail/patrol__struct.hpp
[2.102s] -- Up-to-date: /home/simone/tesi_ws/install/turtlebot3_msgs/include/turtlebot3_msgs/turtlebot3_msgs/action/detail/patrol__builder.hpp
[2.102s] -- Up-to-date: /home/simone/tesi_ws/install/turtlebot3_msgs/include/turtlebot3_msgs/turtlebot3_msgs/action/detail/patrol__traits.hpp
[2.102s] -- Up-to-date: /home/simone/tesi_ws/install/turtlebot3_msgs/include/turtlebot3_msgs/turtlebot3_msgs/srv
[2.103s] -- Up-to-date: /home/simone/tesi_ws/install/turtlebot3_msgs/include/turtlebot3_msgs/turtlebot3_msgs/srv/sound.hpp
[2.103s] -- Up-to-date: /home/simone/tesi_ws/install/turtlebot3_msgs/include/turtlebot3_msgs/turtlebot3_msgs/srv/dqn.hpp
[2.103s] -- Up-to-date: /home/simone/tesi_ws/install/turtlebot3_msgs/include/turtlebot3_msgs/turtlebot3_msgs/srv/detail
[2.103s] -- Up-to-date: /home/simone/tesi_ws/install/turtlebot3_msgs/include/turtlebot3_msgs/turtlebot3_msgs/srv/detail/sound__struct.hpp
[2.104s] -- Up-to-date: /home/simone/tesi_ws/install/turtlebot3_msgs/include/turtlebot3_msgs/turtlebot3_msgs/srv/detail/dqn__traits.hpp
[2.104s] -- Up-to-date: /home/simone/tesi_ws/install/turtlebot3_msgs/include/turtlebot3_msgs/turtlebot3_msgs/srv/detail/dqn__builder.hpp
[2.104s] -- Up-to-date: /home/simone/tesi_ws/install/turtlebot3_msgs/include/turtlebot3_msgs/turtlebot3_msgs/srv/detail/dqn__struct.hpp
[2.104s] -- Up-to-date: /home/simone/tesi_ws/install/turtlebot3_msgs/include/turtlebot3_msgs/turtlebot3_msgs/srv/detail/sound__traits.hpp
[2.106s] -- Up-to-date: /home/simone/tesi_ws/install/turtlebot3_msgs/include/turtlebot3_msgs/turtlebot3_msgs/srv/detail/sound__builder.hpp
[2.107s] -- Up-to-date: /home/simone/tesi_ws/install/turtlebot3_msgs/include/turtlebot3_msgs/turtlebot3_msgs
[2.107s] -- Up-to-date: /home/simone/tesi_ws/install/turtlebot3_msgs/include/turtlebot3_msgs/turtlebot3_msgs/msg
[2.107s] -- Up-to-date: /home/simone/tesi_ws/install/turtlebot3_msgs/include/turtlebot3_msgs/turtlebot3_msgs/msg/detail
[2.107s] -- Up-to-date: /home/simone/tesi_ws/install/turtlebot3_msgs/include/turtlebot3_msgs/turtlebot3_msgs/msg/detail/dds_fastrtps
[2.107s] -- Up-to-date: /home/simone/tesi_ws/install/turtlebot3_msgs/include/turtlebot3_msgs/turtlebot3_msgs/msg/detail/sound__rosidl_typesupport_fastrtps_cpp.hpp
[2.108s] -- Up-to-date: /home/simone/tesi_ws/install/turtlebot3_msgs/include/turtlebot3_msgs/turtlebot3_msgs/msg/detail/sensor_state__rosidl_typesupport_fastrtps_cpp.hpp
[2.108s] -- Up-to-date: /home/simone/tesi_ws/install/turtlebot3_msgs/include/turtlebot3_msgs/turtlebot3_msgs/msg/detail/version_info__rosidl_typesupport_fastrtps_cpp.hpp
[2.108s] -- Up-to-date: /home/simone/tesi_ws/install/turtlebot3_msgs/include/turtlebot3_msgs/turtlebot3_msgs/msg/rosidl_typesupport_fastrtps_cpp__visibility_control.h
[2.108s] -- Up-to-date: /home/simone/tesi_ws/install/turtlebot3_msgs/include/turtlebot3_msgs/turtlebot3_msgs/action
[2.108s] -- Up-to-date: /home/simone/tesi_ws/install/turtlebot3_msgs/include/turtlebot3_msgs/turtlebot3_msgs/action/detail
[2.108s] -- Up-to-date: /home/simone/tesi_ws/install/turtlebot3_msgs/include/turtlebot3_msgs/turtlebot3_msgs/action/detail/dds_fastrtps
[2.109s] -- Up-to-date: /home/simone/tesi_ws/install/turtlebot3_msgs/include/turtlebot3_msgs/turtlebot3_msgs/action/detail/patrol__rosidl_typesupport_fastrtps_cpp.hpp
[2.109s] -- Up-to-date: /home/simone/tesi_ws/install/turtlebot3_msgs/include/turtlebot3_msgs/turtlebot3_msgs/srv
[2.109s] -- Up-to-date: /home/simone/tesi_ws/install/turtlebot3_msgs/include/turtlebot3_msgs/turtlebot3_msgs/srv/detail
[2.109s] -- Up-to-date: /home/simone/tesi_ws/install/turtlebot3_msgs/include/turtlebot3_msgs/turtlebot3_msgs/srv/detail/dds_fastrtps
[2.110s] -- Up-to-date: /home/simone/tesi_ws/install/turtlebot3_msgs/include/turtlebot3_msgs/turtlebot3_msgs/srv/detail/dqn__rosidl_typesupport_fastrtps_cpp.hpp
[2.111s] -- Up-to-date: /home/simone/tesi_ws/install/turtlebot3_msgs/include/turtlebot3_msgs/turtlebot3_msgs/srv/detail/sound__rosidl_typesupport_fastrtps_cpp.hpp
[2.111s] -- Up-to-date: /home/simone/tesi_ws/install/turtlebot3_msgs/lib/libturtlebot3_msgs__rosidl_typesupport_fastrtps_cpp.so
[2.112s] -- Up-to-date: /home/simone/tesi_ws/install/turtlebot3_msgs/include/turtlebot3_msgs/turtlebot3_msgs
[2.113s] -- Up-to-date: /home/simone/tesi_ws/install/turtlebot3_msgs/include/turtlebot3_msgs/turtlebot3_msgs/msg
[2.113s] -- Up-to-date: /home/simone/tesi_ws/install/turtlebot3_msgs/include/turtlebot3_msgs/turtlebot3_msgs/msg/rosidl_typesupport_introspection_c__visibility_control.h
[2.114s] -- Up-to-date: /home/simone/tesi_ws/install/turtlebot3_msgs/include/turtlebot3_msgs/turtlebot3_msgs/msg/detail
[2.114s] -- Up-to-date: /home/simone/tesi_ws/install/turtlebot3_msgs/include/turtlebot3_msgs/turtlebot3_msgs/msg/detail/sensor_state__rosidl_typesupport_introspection_c.h
[2.115s] -- Up-to-date: /home/simone/tesi_ws/install/turtlebot3_msgs/include/turtlebot3_msgs/turtlebot3_msgs/msg/detail/sound__type_support.c
[2.115s] -- Up-to-date: /home/simone/tesi_ws/install/turtlebot3_msgs/include/turtlebot3_msgs/turtlebot3_msgs/msg/detail/version_info__type_support.c
[2.115s] -- Up-to-date: /home/simone/tesi_ws/install/turtlebot3_msgs/include/turtlebot3_msgs/turtlebot3_msgs/msg/detail/sound__rosidl_typesupport_introspection_c.h
[2.115s] -- Up-to-date: /home/simone/tesi_ws/install/turtlebot3_msgs/include/turtlebot3_msgs/turtlebot3_msgs/msg/detail/version_info__rosidl_typesupport_introspection_c.h
[2.116s] -- Up-to-date: /home/simone/tesi_ws/install/turtlebot3_msgs/include/turtlebot3_msgs/turtlebot3_msgs/msg/detail/sensor_state__type_support.c
[2.117s] -- Up-to-date: /home/simone/tesi_ws/install/turtlebot3_msgs/include/turtlebot3_msgs/turtlebot3_msgs/action
[2.117s] -- Up-to-date: /home/simone/tesi_ws/install/turtlebot3_msgs/include/turtlebot3_msgs/turtlebot3_msgs/action/detail
[2.118s] -- Up-to-date: /home/simone/tesi_ws/install/turtlebot3_msgs/include/turtlebot3_msgs/turtlebot3_msgs/action/detail/patrol__rosidl_typesupport_introspection_c.h
[2.118s] -- Up-to-date: /home/simone/tesi_ws/install/turtlebot3_msgs/include/turtlebot3_msgs/turtlebot3_msgs/action/detail/patrol__type_support.c
[2.118s] -- Up-to-date: /home/simone/tesi_ws/install/turtlebot3_msgs/include/turtlebot3_msgs/turtlebot3_msgs/srv
[2.118s] -- Up-to-date: /home/simone/tesi_ws/install/turtlebot3_msgs/include/turtlebot3_msgs/turtlebot3_msgs/srv/detail
[2.119s] -- Up-to-date: /home/simone/tesi_ws/install/turtlebot3_msgs/include/turtlebot3_msgs/turtlebot3_msgs/srv/detail/dqn__type_support.c
[2.119s] -- Up-to-date: /home/simone/tesi_ws/install/turtlebot3_msgs/include/turtlebot3_msgs/turtlebot3_msgs/srv/detail/sound__type_support.c
[2.119s] -- Up-to-date: /home/simone/tesi_ws/install/turtlebot3_msgs/include/turtlebot3_msgs/turtlebot3_msgs/srv/detail/sound__rosidl_typesupport_introspection_c.h
[2.119s] -- Up-to-date: /home/simone/tesi_ws/install/turtlebot3_msgs/include/turtlebot3_msgs/turtlebot3_msgs/srv/detail/dqn__rosidl_typesupport_introspection_c.h
[2.119s] -- Up-to-date: /home/simone/tesi_ws/install/turtlebot3_msgs/lib/libturtlebot3_msgs__rosidl_typesupport_introspection_c.so
[2.120s] -- Up-to-date: /home/simone/tesi_ws/install/turtlebot3_msgs/lib/libturtlebot3_msgs__rosidl_typesupport_c.so
[2.121s] -- Up-to-date: /home/simone/tesi_ws/install/turtlebot3_msgs/include/turtlebot3_msgs/turtlebot3_msgs
[2.122s] -- Up-to-date: /home/simone/tesi_ws/install/turtlebot3_msgs/include/turtlebot3_msgs/turtlebot3_msgs/msg
[2.122s] -- Up-to-date: /home/simone/tesi_ws/install/turtlebot3_msgs/include/turtlebot3_msgs/turtlebot3_msgs/msg/detail
[2.122s] -- Up-to-date: /home/simone/tesi_ws/install/turtlebot3_msgs/include/turtlebot3_msgs/turtlebot3_msgs/msg/detail/sound__type_support.cpp
[2.125s] -- Up-to-date: /home/simone/tesi_ws/install/turtlebot3_msgs/include/turtlebot3_msgs/turtlebot3_msgs/msg/detail/version_info__type_support.cpp
[2.126s] -- Up-to-date: /home/simone/tesi_ws/install/turtlebot3_msgs/include/turtlebot3_msgs/turtlebot3_msgs/msg/detail/sound__rosidl_typesupport_introspection_cpp.hpp
[2.126s] -- Up-to-date: /home/simone/tesi_ws/install/turtlebot3_msgs/include/turtlebot3_msgs/turtlebot3_msgs/msg/detail/sensor_state__type_support.cpp
[2.126s] -- Up-to-date: /home/simone/tesi_ws/install/turtlebot3_msgs/include/turtlebot3_msgs/turtlebot3_msgs/msg/detail/sensor_state__rosidl_typesupport_introspection_cpp.hpp
[2.127s] -- Up-to-date: /home/simone/tesi_ws/install/turtlebot3_msgs/include/turtlebot3_msgs/turtlebot3_msgs/msg/detail/version_info__rosidl_typesupport_introspection_cpp.hpp
[2.127s] -- Up-to-date: /home/simone/tesi_ws/install/turtlebot3_msgs/include/turtlebot3_msgs/turtlebot3_msgs/action
[2.128s] -- Up-to-date: /home/simone/tesi_ws/install/turtlebot3_msgs/include/turtlebot3_msgs/turtlebot3_msgs/action/detail
[2.128s] -- Up-to-date: /home/simone/tesi_ws/install/turtlebot3_msgs/include/turtlebot3_msgs/turtlebot3_msgs/action/detail/patrol__type_support.cpp
[2.128s] -- Up-to-date: /home/simone/tesi_ws/install/turtlebot3_msgs/include/turtlebot3_msgs/turtlebot3_msgs/action/detail/patrol__rosidl_typesupport_introspection_cpp.hpp
[2.129s] -- Up-to-date: /home/simone/tesi_ws/install/turtlebot3_msgs/include/turtlebot3_msgs/turtlebot3_msgs/srv
[2.129s] -- Up-to-date: /home/simone/tesi_ws/install/turtlebot3_msgs/include/turtlebot3_msgs/turtlebot3_msgs/srv/detail
[2.129s] -- Up-to-date: /home/simone/tesi_ws/install/turtlebot3_msgs/include/turtlebot3_msgs/turtlebot3_msgs/srv/detail/sound__type_support.cpp
[2.129s] -- Up-to-date: /home/simone/tesi_ws/install/turtlebot3_msgs/include/turtlebot3_msgs/turtlebot3_msgs/srv/detail/dqn__type_support.cpp
[2.130s] -- Up-to-date: /home/simone/tesi_ws/install/turtlebot3_msgs/include/turtlebot3_msgs/turtlebot3_msgs/srv/detail/sound__rosidl_typesupport_introspection_cpp.hpp
[2.130s] -- Up-to-date: /home/simone/tesi_ws/install/turtlebot3_msgs/include/turtlebot3_msgs/turtlebot3_msgs/srv/detail/dqn__rosidl_typesupport_introspection_cpp.hpp
[2.130s] -- Up-to-date: /home/simone/tesi_ws/install/turtlebot3_msgs/lib/libturtlebot3_msgs__rosidl_typesupport_introspection_cpp.so
[2.130s] -- Up-to-date: /home/simone/tesi_ws/install/turtlebot3_msgs/lib/libturtlebot3_msgs__rosidl_typesupport_cpp.so
[2.130s] -- Up-to-date: /home/simone/tesi_ws/install/turtlebot3_msgs/share/turtlebot3_msgs/environment/pythonpath.sh
[2.131s] -- Up-to-date: /home/simone/tesi_ws/install/turtlebot3_msgs/share/turtlebot3_msgs/environment/pythonpath.dsv
[2.131s] -- Up-to-date: /home/simone/tesi_ws/install/turtlebot3_msgs/local/lib/python3.10/dist-packages/turtlebot3_msgs-2.2.3-py3.10.egg-info
[2.131s] -- Installing: /home/simone/tesi_ws/install/turtlebot3_msgs/local/lib/python3.10/dist-packages/turtlebot3_msgs-2.2.3-py3.10.egg-info/top_level.txt
[2.131s] -- Installing: /home/simone/tesi_ws/install/turtlebot3_msgs/local/lib/python3.10/dist-packages/turtlebot3_msgs-2.2.3-py3.10.egg-info/PKG-INFO
[2.131s] -- Installing: /home/simone/tesi_ws/install/turtlebot3_msgs/local/lib/python3.10/dist-packages/turtlebot3_msgs-2.2.3-py3.10.egg-info/SOURCES.txt
[2.132s] -- Installing: /home/simone/tesi_ws/install/turtlebot3_msgs/local/lib/python3.10/dist-packages/turtlebot3_msgs-2.2.3-py3.10.egg-info/dependency_links.txt
[2.132s] -- Up-to-date: /home/simone/tesi_ws/install/turtlebot3_msgs/local/lib/python3.10/dist-packages/turtlebot3_msgs
[2.132s] -- Up-to-date: /home/simone/tesi_ws/install/turtlebot3_msgs/local/lib/python3.10/dist-packages/turtlebot3_msgs/_turtlebot3_msgs_s.ep.rosidl_typesupport_fastrtps_c.c
[2.132s] -- Up-to-date: /home/simone/tesi_ws/install/turtlebot3_msgs/local/lib/python3.10/dist-packages/turtlebot3_msgs/msg
[2.132s] -- Up-to-date: /home/simone/tesi_ws/install/turtlebot3_msgs/local/lib/python3.10/dist-packages/turtlebot3_msgs/msg/_sound_s.c
[2.133s] -- Up-to-date: /home/simone/tesi_ws/install/turtlebot3_msgs/local/lib/python3.10/dist-packages/turtlebot3_msgs/msg/_sensor_state.py
[2.133s] -- Up-to-date: /home/simone/tesi_ws/install/turtlebot3_msgs/local/lib/python3.10/dist-packages/turtlebot3_msgs/msg/_version_info_s.c
[2.133s] -- Up-to-date: /home/simone/tesi_ws/install/turtlebot3_msgs/local/lib/python3.10/dist-packages/turtlebot3_msgs/msg/__init__.py
[2.133s] -- Up-to-date: /home/simone/tesi_ws/install/turtlebot3_msgs/local/lib/python3.10/dist-packages/turtlebot3_msgs/msg/_version_info.py
[2.133s] -- Up-to-date: /home/simone/tesi_ws/install/turtlebot3_msgs/local/lib/python3.10/dist-packages/turtlebot3_msgs/msg/_sound.py
[2.134s] -- Up-to-date: /home/simone/tesi_ws/install/turtlebot3_msgs/local/lib/python3.10/dist-packages/turtlebot3_msgs/msg/_sensor_state_s.c
[2.134s] -- Up-to-date: /home/simone/tesi_ws/install/turtlebot3_msgs/local/lib/python3.10/dist-packages/turtlebot3_msgs/_turtlebot3_msgs_s.ep.rosidl_typesupport_c.c
[2.134s] -- Up-to-date: /home/simone/tesi_ws/install/turtlebot3_msgs/local/lib/python3.10/dist-packages/turtlebot3_msgs/_turtlebot3_msgs_s.ep.rosidl_typesupport_introspection_c.c
[2.134s] -- Up-to-date: /home/simone/tesi_ws/install/turtlebot3_msgs/local/lib/python3.10/dist-packages/turtlebot3_msgs/action
[2.135s] -- Up-to-date: /home/simone/tesi_ws/install/turtlebot3_msgs/local/lib/python3.10/dist-packages/turtlebot3_msgs/action/_patrol_s.c
[2.135s] -- Up-to-date: /home/simone/tesi_ws/install/turtlebot3_msgs/local/lib/python3.10/dist-packages/turtlebot3_msgs/action/_patrol.py
[2.135s] -- Up-to-date: /home/simone/tesi_ws/install/turtlebot3_msgs/local/lib/python3.10/dist-packages/turtlebot3_msgs/action/__init__.py
[2.135s] -- Up-to-date: /home/simone/tesi_ws/install/turtlebot3_msgs/local/lib/python3.10/dist-packages/turtlebot3_msgs/turtlebot3_msgs_s__rosidl_typesupport_introspection_c.cpython-310-x86_64-linux-gnu.so
[2.135s] -- Up-to-date: /home/simone/tesi_ws/install/turtlebot3_msgs/local/lib/python3.10/dist-packages/turtlebot3_msgs/libturtlebot3_msgs__rosidl_generator_py.so
[2.135s] -- Up-to-date: /home/simone/tesi_ws/install/turtlebot3_msgs/local/lib/python3.10/dist-packages/turtlebot3_msgs/srv
[2.136s] -- Up-to-date: /home/simone/tesi_ws/install/turtlebot3_msgs/local/lib/python3.10/dist-packages/turtlebot3_msgs/srv/_dqn_s.c
[2.136s] -- Up-to-date: /home/simone/tesi_ws/install/turtlebot3_msgs/local/lib/python3.10/dist-packages/turtlebot3_msgs/srv/_sound_s.c
[2.136s] -- Up-to-date: /home/simone/tesi_ws/install/turtlebot3_msgs/local/lib/python3.10/dist-packages/turtlebot3_msgs/srv/_dqn.py
[2.136s] -- Up-to-date: /home/simone/tesi_ws/install/turtlebot3_msgs/local/lib/python3.10/dist-packages/turtlebot3_msgs/srv/__init__.py
[2.136s] -- Up-to-date: /home/simone/tesi_ws/install/turtlebot3_msgs/local/lib/python3.10/dist-packages/turtlebot3_msgs/srv/_sound.py
[2.137s] -- Up-to-date: /home/simone/tesi_ws/install/turtlebot3_msgs/local/lib/python3.10/dist-packages/turtlebot3_msgs/__init__.py
[2.137s] -- Up-to-date: /home/simone/tesi_ws/install/turtlebot3_msgs/local/lib/python3.10/dist-packages/turtlebot3_msgs/turtlebot3_msgs_s__rosidl_typesupport_fastrtps_c.cpython-310-x86_64-linux-gnu.so
[2.137s] -- Up-to-date: /home/simone/tesi_ws/install/turtlebot3_msgs/local/lib/python3.10/dist-packages/turtlebot3_msgs/turtlebot3_msgs_s__rosidl_typesupport_c.cpython-310-x86_64-linux-gnu.so
[2.137s] Listing '/home/simone/tesi_ws/install/turtlebot3_msgs/local/lib/python3.10/dist-packages/turtlebot3_msgs'...
[2.138s] Listing '/home/simone/tesi_ws/install/turtlebot3_msgs/local/lib/python3.10/dist-packages/turtlebot3_msgs/action'...
[2.138s] Listing '/home/simone/tesi_ws/install/turtlebot3_msgs/local/lib/python3.10/dist-packages/turtlebot3_msgs/msg'...
[2.138s] Listing '/home/simone/tesi_ws/install/turtlebot3_msgs/local/lib/python3.10/dist-packages/turtlebot3_msgs/srv'...
[2.138s] -- Up-to-date: /home/simone/tesi_ws/install/turtlebot3_msgs/local/lib/python3.10/dist-packages/turtlebot3_msgs/turtlebot3_msgs_s__rosidl_typesupport_fastrtps_c.cpython-310-x86_64-linux-gnu.so
[2.139s] -- Up-to-date: /home/simone/tesi_ws/install/turtlebot3_msgs/local/lib/python3.10/dist-packages/turtlebot3_msgs/turtlebot3_msgs_s__rosidl_typesupport_introspection_c.cpython-310-x86_64-linux-gnu.so
[2.139s] -- Up-to-date: /home/simone/tesi_ws/install/turtlebot3_msgs/local/lib/python3.10/dist-packages/turtlebot3_msgs/turtlebot3_msgs_s__rosidl_typesupport_c.cpython-310-x86_64-linux-gnu.so
[2.140s] -- Up-to-date: /home/simone/tesi_ws/install/turtlebot3_msgs/lib/libturtlebot3_msgs__rosidl_generator_py.so
[2.140s] -- Up-to-date: /home/simone/tesi_ws/install/turtlebot3_msgs/share/turtlebot3_msgs/msg/SensorState.idl
[2.140s] -- Up-to-date: /home/simone/tesi_ws/install/turtlebot3_msgs/share/turtlebot3_msgs/msg/Sound.idl
[2.141s] -- Up-to-date: /home/simone/tesi_ws/install/turtlebot3_msgs/share/turtlebot3_msgs/msg/VersionInfo.idl
[2.141s] -- Up-to-date: /home/simone/tesi_ws/install/turtlebot3_msgs/share/turtlebot3_msgs/srv/Sound.idl
[2.141s] -- Up-to-date: /home/simone/tesi_ws/install/turtlebot3_msgs/share/turtlebot3_msgs/srv/Dqn.idl
[2.141s] -- Up-to-date: /home/simone/tesi_ws/install/turtlebot3_msgs/share/turtlebot3_msgs/action/Patrol.idl
[2.141s] -- Up-to-date: /home/simone/tesi_ws/install/turtlebot3_msgs/share/turtlebot3_msgs/msg/SensorState.msg
[2.142s] -- Up-to-date: /home/simone/tesi_ws/install/turtlebot3_msgs/share/turtlebot3_msgs/msg/Sound.msg
[2.142s] -- Up-to-date: /home/simone/tesi_ws/install/turtlebot3_msgs/share/turtlebot3_msgs/msg/VersionInfo.msg
[2.142s] -- Up-to-date: /home/simone/tesi_ws/install/turtlebot3_msgs/share/turtlebot3_msgs/srv/Sound.srv
[2.142s] -- Up-to-date: /home/simone/tesi_ws/install/turtlebot3_msgs/share/turtlebot3_msgs/srv/Sound_Request.msg
[2.142s] -- Up-to-date: /home/simone/tesi_ws/install/turtlebot3_msgs/share/turtlebot3_msgs/srv/Sound_Response.msg
[2.143s] -- Up-to-date: /home/simone/tesi_ws/install/turtlebot3_msgs/share/turtlebot3_msgs/srv/Dqn.srv
[2.143s] -- Up-to-date: /home/simone/tesi_ws/install/turtlebot3_msgs/share/turtlebot3_msgs/srv/Dqn_Request.msg
[2.143s] -- Up-to-date: /home/simone/tesi_ws/install/turtlebot3_msgs/share/turtlebot3_msgs/srv/Dqn_Response.msg
[2.143s] -- Up-to-date: /home/simone/tesi_ws/install/turtlebot3_msgs/share/turtlebot3_msgs/action/Patrol.action
[2.144s] -- Up-to-date: /home/simone/tesi_ws/install/turtlebot3_msgs/share/ament_index/resource_index/package_run_dependencies/turtlebot3_msgs
[2.144s] -- Up-to-date: /home/simone/tesi_ws/install/turtlebot3_msgs/share/ament_index/resource_index/parent_prefix_path/turtlebot3_msgs
[2.144s] -- Up-to-date: /home/simone/tesi_ws/install/turtlebot3_msgs/share/turtlebot3_msgs/environment/ament_prefix_path.sh
[2.145s] -- Up-to-date: /home/simone/tesi_ws/install/turtlebot3_msgs/share/turtlebot3_msgs/environment/ament_prefix_path.dsv
[2.145s] -- Up-to-date: /home/simone/tesi_ws/install/turtlebot3_msgs/share/turtlebot3_msgs/environment/path.sh
[2.145s] -- Up-to-date: /home/simone/tesi_ws/install/turtlebot3_msgs/share/turtlebot3_msgs/environment/path.dsv
[2.146s] -- Up-to-date: /home/simone/tesi_ws/install/turtlebot3_msgs/share/turtlebot3_msgs/local_setup.bash
[2.146s] -- Up-to-date: /home/simone/tesi_ws/install/turtlebot3_msgs/share/turtlebot3_msgs/local_setup.sh
[2.147s] -- Up-to-date: /home/simone/tesi_ws/install/turtlebot3_msgs/share/turtlebot3_msgs/local_setup.zsh
[2.147s] -- Up-to-date: /home/simone/tesi_ws/install/turtlebot3_msgs/share/turtlebot3_msgs/local_setup.dsv
[2.147s] -- Installing: /home/simone/tesi_ws/install/turtlebot3_msgs/share/turtlebot3_msgs/package.dsv
[2.148s] -- Up-to-date: /home/simone/tesi_ws/install/turtlebot3_msgs/share/ament_index/resource_index/packages/turtlebot3_msgs
[2.148s] -- Up-to-date: /home/simone/tesi_ws/install/turtlebot3_msgs/share/turtlebot3_msgs/cmake/export_turtlebot3_msgs__rosidl_generator_cExport.cmake
[2.149s] -- Up-to-date: /home/simone/tesi_ws/install/turtlebot3_msgs/share/turtlebot3_msgs/cmake/export_turtlebot3_msgs__rosidl_generator_cExport-noconfig.cmake
[2.149s] -- Up-to-date: /home/simone/tesi_ws/install/turtlebot3_msgs/share/turtlebot3_msgs/cmake/export_turtlebot3_msgs__rosidl_typesupport_fastrtps_cExport.cmake
[2.149s] -- Up-to-date: /home/simone/tesi_ws/install/turtlebot3_msgs/share/turtlebot3_msgs/cmake/export_turtlebot3_msgs__rosidl_typesupport_fastrtps_cExport-noconfig.cmake
[2.150s] -- Up-to-date: /home/simone/tesi_ws/install/turtlebot3_msgs/share/turtlebot3_msgs/cmake/export_turtlebot3_msgs__rosidl_generator_cppExport.cmake
[2.150s] -- Up-to-date: /home/simone/tesi_ws/install/turtlebot3_msgs/share/turtlebot3_msgs/cmake/export_turtlebot3_msgs__rosidl_typesupport_fastrtps_cppExport.cmake
[2.150s] -- Up-to-date: /home/simone/tesi_ws/install/turtlebot3_msgs/share/turtlebot3_msgs/cmake/export_turtlebot3_msgs__rosidl_typesupport_fastrtps_cppExport-noconfig.cmake
[2.150s] -- Up-to-date: /home/simone/tesi_ws/install/turtlebot3_msgs/share/turtlebot3_msgs/cmake/turtlebot3_msgs__rosidl_typesupport_introspection_cExport.cmake
[2.150s] -- Up-to-date: /home/simone/tesi_ws/install/turtlebot3_msgs/share/turtlebot3_msgs/cmake/turtlebot3_msgs__rosidl_typesupport_introspection_cExport-noconfig.cmake
[2.151s] -- Up-to-date: /home/simone/tesi_ws/install/turtlebot3_msgs/share/turtlebot3_msgs/cmake/turtlebot3_msgs__rosidl_typesupport_cExport.cmake
[2.151s] -- Up-to-date: /home/simone/tesi_ws/install/turtlebot3_msgs/share/turtlebot3_msgs/cmake/turtlebot3_msgs__rosidl_typesupport_cExport-noconfig.cmake
[2.151s] -- Up-to-date: /home/simone/tesi_ws/install/turtlebot3_msgs/share/turtlebot3_msgs/cmake/turtlebot3_msgs__rosidl_typesupport_introspection_cppExport.cmake
[2.151s] -- Up-to-date: /home/simone/tesi_ws/install/turtlebot3_msgs/share/turtlebot3_msgs/cmake/turtlebot3_msgs__rosidl_typesupport_introspection_cppExport-noconfig.cmake
[2.151s] -- Up-to-date: /home/simone/tesi_ws/install/turtlebot3_msgs/share/turtlebot3_msgs/cmake/turtlebot3_msgs__rosidl_typesupport_cppExport.cmake
[2.152s] -- Up-to-date: /home/simone/tesi_ws/install/turtlebot3_msgs/share/turtlebot3_msgs/cmake/turtlebot3_msgs__rosidl_typesupport_cppExport-noconfig.cmake
[2.152s] -- Up-to-date: /home/simone/tesi_ws/install/turtlebot3_msgs/share/turtlebot3_msgs/cmake/export_turtlebot3_msgs__rosidl_generator_pyExport.cmake
[2.152s] -- Up-to-date: /home/simone/tesi_ws/install/turtlebot3_msgs/share/turtlebot3_msgs/cmake/export_turtlebot3_msgs__rosidl_generator_pyExport-noconfig.cmake
[2.152s] -- Up-to-date: /home/simone/tesi_ws/install/turtlebot3_msgs/share/turtlebot3_msgs/cmake/rosidl_cmake-extras.cmake
[2.152s] -- Up-to-date: /home/simone/tesi_ws/install/turtlebot3_msgs/share/turtlebot3_msgs/cmake/ament_cmake_export_dependencies-extras.cmake
[2.153s] -- Up-to-date: /home/simone/tesi_ws/install/turtlebot3_msgs/share/turtlebot3_msgs/cmake/ament_cmake_export_include_directories-extras.cmake
[2.153s] -- Up-to-date: /home/simone/tesi_ws/install/turtlebot3_msgs/share/turtlebot3_msgs/cmake/ament_cmake_export_libraries-extras.cmake
[2.153s] -- Up-to-date: /home/simone/tesi_ws/install/turtlebot3_msgs/share/turtlebot3_msgs/cmake/ament_cmake_export_targets-extras.cmake
[2.153s] -- Up-to-date: /home/simone/tesi_ws/install/turtlebot3_msgs/share/turtlebot3_msgs/cmake/rosidl_cmake_export_typesupport_targets-extras.cmake
[2.153s] -- Up-to-date: /home/simone/tesi_ws/install/turtlebot3_msgs/share/turtlebot3_msgs/cmake/rosidl_cmake_export_typesupport_libraries-extras.cmake
[2.153s] -- Up-to-date: /home/simone/tesi_ws/install/turtlebot3_msgs/share/turtlebot3_msgs/cmake/turtlebot3_msgsConfig.cmake
[2.154s] -- Up-to-date: /home/simone/tesi_ws/install/turtlebot3_msgs/share/turtlebot3_msgs/cmake/turtlebot3_msgsConfig-version.cmake
[2.154s] -- Up-to-date: /home/simone/tesi_ws/install/turtlebot3_msgs/share/turtlebot3_msgs/package.xml
[2.527s] Invoked command in '/home/simone/tesi_ws/build/turtlebot3_msgs' returned '0': CMAKE_PREFIX_PATH=${CMAKE_PREFIX_PATH}:/home/simone/tesi_ws/install/turtlebot3_teleop:/home/simone/tesi_ws/install/turtlebot3_example:/home/simone/tesi_ws/install/relocalization_pkg:/home/simone/tesi_ws/install/create_dataset:/opt/ros/humble /usr/bin/cmake --install /home/simone/tesi_ws/build/turtlebot3_msgs
