[0.683s] Invoking command in '/home/simone/tesi_ws/build/dynamixel_sdk': CMAKE_PREFIX_PATH=${CMAKE_PREFIX_PATH}:/home/simone/tesi_ws/install/turtlebot3_teleop:/home/simone/tesi_ws/install/turtlebot3_example:/home/simone/tesi_ws/install/relocalization_pkg:/home/simone/tesi_ws/install/create_dataset:/opt/ros/humble /usr/bin/cmake --build /home/simone/tesi_ws/build/dynamixel_sdk -- -j12 -l12
[1.705s] [100%] Built target dynamixel_sdk
[1.731s] Invoked command in '/home/simone/tesi_ws/build/dynamixel_sdk' returned '0': CMAKE_PREFIX_PATH=${CMAKE_PREFIX_PATH}:/home/simone/tesi_ws/install/turtlebot3_teleop:/home/simone/tesi_ws/install/turtlebot3_example:/home/simone/tesi_ws/install/relocalization_pkg:/home/simone/tesi_ws/install/create_dataset:/opt/ros/humble /usr/bin/cmake --build /home/simone/tesi_ws/build/dynamixel_sdk -- -j12 -l12
[2.097s] Invoking command in '/home/simone/tesi_ws/build/dynamixel_sdk': CMAKE_PREFIX_PATH=${CMAKE_PREFIX_PATH}:/home/simone/tesi_ws/install/turtlebot3_teleop:/home/simone/tesi_ws/install/turtlebot3_example:/home/simone/tesi_ws/install/relocalization_pkg:/home/simone/tesi_ws/install/create_dataset:/opt/ros/humble /usr/bin/cmake --install /home/simone/tesi_ws/build/dynamixel_sdk
[2.120s] -- Install configuration: ""
[2.120s] -- Up-to-date: /home/simone/tesi_ws/install/dynamixel_sdk/include/
[2.120s] -- Up-to-date: /home/simone/tesi_ws/install/dynamixel_sdk/include//dynamixel_sdk
[2.120s] -- Up-to-date: /home/simone/tesi_ws/install/dynamixel_sdk/include//dynamixel_sdk/group_sync_read.h
[2.121s] -- Up-to-date: /home/simone/tesi_ws/install/dynamixel_sdk/include//dynamixel_sdk/group_bulk_read.h
[2.121s] -- Up-to-date: /home/simone/tesi_ws/install/dynamixel_sdk/include//dynamixel_sdk/port_handler_windows.h
[2.121s] -- Up-to-date: /home/simone/tesi_ws/install/dynamixel_sdk/include//dynamixel_sdk/protocol2_packet_handler.h
[2.121s] -- Up-to-date: /home/simone/tesi_ws/install/dynamixel_sdk/include//dynamixel_sdk/port_handler.h
[2.122s] -- Up-to-date: /home/simone/tesi_ws/install/dynamixel_sdk/include//dynamixel_sdk/dynamixel_sdk.h
[2.123s] -- Up-to-date: /home/simone/tesi_ws/install/dynamixel_sdk/include//dynamixel_sdk/packet_handler.h
[2.123s] -- Up-to-date: /home/simone/tesi_ws/install/dynamixel_sdk/include//dynamixel_sdk/port_handler_mac.h
[2.123s] -- Up-to-date: /home/simone/tesi_ws/install/dynamixel_sdk/include//dynamixel_sdk/port_handler_arduino.h
[2.123s] -- Up-to-date: /home/simone/tesi_ws/install/dynamixel_sdk/include//dynamixel_sdk/port_handler_linux.h
[2.123s] -- Up-to-date: /home/simone/tesi_ws/install/dynamixel_sdk/include//dynamixel_sdk/group_sync_write.h
[2.124s] -- Up-to-date: /home/simone/tesi_ws/install/dynamixel_sdk/include//dynamixel_sdk/group_bulk_write.h
[2.124s] -- Up-to-date: /home/simone/tesi_ws/install/dynamixel_sdk/include//dynamixel_sdk/protocol1_packet_handler.h
[2.124s] -- Up-to-date: /home/simone/tesi_ws/install/dynamixel_sdk/lib/libdynamixel_sdk.so
[2.125s] -- Up-to-date: /home/simone/tesi_ws/install/dynamixel_sdk/share/dynamixel_sdk/environment/library_path.sh
[2.125s] -- Up-to-date: /home/simone/tesi_ws/install/dynamixel_sdk/share/dynamixel_sdk/environment/library_path.dsv
[2.126s] -- Up-to-date: /home/simone/tesi_ws/install/dynamixel_sdk/share/ament_index/resource_index/package_run_dependencies/dynamixel_sdk
[2.126s] -- Up-to-date: /home/simone/tesi_ws/install/dynamixel_sdk/share/ament_index/resource_index/parent_prefix_path/dynamixel_sdk
[2.127s] -- Up-to-date: /home/simone/tesi_ws/install/dynamixel_sdk/share/dynamixel_sdk/environment/ament_prefix_path.sh
[2.127s] -- Up-to-date: /home/simone/tesi_ws/install/dynamixel_sdk/share/dynamixel_sdk/environment/ament_prefix_path.dsv
[2.128s] -- Up-to-date: /home/simone/tesi_ws/install/dynamixel_sdk/share/dynamixel_sdk/environment/path.sh
[2.128s] -- Up-to-date: /home/simone/tesi_ws/install/dynamixel_sdk/share/dynamixel_sdk/environment/path.dsv
[2.129s] -- Up-to-date: /home/simone/tesi_ws/install/dynamixel_sdk/share/dynamixel_sdk/local_setup.bash
[2.129s] -- Up-to-date: /home/simone/tesi_ws/install/dynamixel_sdk/share/dynamixel_sdk/local_setup.sh
[2.129s] -- Up-to-date: /home/simone/tesi_ws/install/dynamixel_sdk/share/dynamixel_sdk/local_setup.zsh
[2.130s] -- Up-to-date: /home/simone/tesi_ws/install/dynamixel_sdk/share/dynamixel_sdk/local_setup.dsv
[2.131s] -- Installing: /home/simone/tesi_ws/install/dynamixel_sdk/share/dynamixel_sdk/package.dsv
[2.132s] -- Up-to-date: /home/simone/tesi_ws/install/dynamixel_sdk/share/ament_index/resource_index/packages/dynamixel_sdk
[2.132s] -- Up-to-date: /home/simone/tesi_ws/install/dynamixel_sdk/share/dynamixel_sdk/cmake/ament_cmake_export_include_directories-extras.cmake
[2.133s] -- Up-to-date: /home/simone/tesi_ws/install/dynamixel_sdk/share/dynamixel_sdk/cmake/ament_cmake_export_libraries-extras.cmake
[2.133s] -- Up-to-date: /home/simone/tesi_ws/install/dynamixel_sdk/share/dynamixel_sdk/cmake/dynamixel_sdkConfig.cmake
[2.135s] -- Up-to-date: /home/simone/tesi_ws/install/dynamixel_sdk/share/dynamixel_sdk/cmake/dynamixel_sdkConfig-version.cmake
[2.135s] -- Up-to-date: /home/simone/tesi_ws/install/dynamixel_sdk/share/dynamixel_sdk/package.xml
[2.545s] Invoked command in '/home/simone/tesi_ws/build/dynamixel_sdk' returned '0': CMAKE_PREFIX_PATH=${CMAKE_PREFIX_PATH}:/home/simone/tesi_ws/install/turtlebot3_teleop:/home/simone/tesi_ws/install/turtlebot3_example:/home/simone/tesi_ws/install/relocalization_pkg:/home/simone/tesi_ws/install/create_dataset:/opt/ros/humble /usr/bin/cmake --install /home/simone/tesi_ws/build/dynamixel_sdk
