[0.855s] Invoking command in '/home/simone/tesi_ws/build/turtlebot3_description': CMAKE_PREFIX_PATH=${CMAKE_PREFIX_PATH}:/home/simone/tesi_ws/install/turtlebot3_teleop:/home/simone/tesi_ws/install/turtlebot3_example:/home/simone/tesi_ws/install/relocalization_pkg:/home/simone/tesi_ws/install/create_dataset:/opt/ros/humble /usr/bin/cmake /home/simone/tesi_ws/src/turtlebot3/turtlebot3_description -DCMAKE_INSTALL_PREFIX=/home/simone/tesi_ws/install/turtlebot3_description
[2.796s] -- Found ament_cmake: 1.3.6 (/opt/ros/humble/share/ament_cmake/cmake)
[2.796s] -- Override CMake install command with custom implementation using symlinks instead of copying resources
[2.797s] -- Configuring done
[2.797s] -- Generating done
[2.797s] -- Build files have been written to: /home/simone/tesi_ws/build/turtlebot3_description
[2.819s] Invoked command in '/home/simone/tesi_ws/build/turtlebot3_description' returned '0': CMAKE_PREFIX_PATH=${CMAKE_PREFIX_PATH}:/home/simone/tesi_ws/install/turtlebot3_teleop:/home/simone/tesi_ws/install/turtlebot3_example:/home/simone/tesi_ws/install/relocalization_pkg:/home/simone/tesi_ws/install/create_dataset:/opt/ros/humble /usr/bin/cmake /home/simone/tesi_ws/src/turtlebot3/turtlebot3_description -DCMAKE_INSTALL_PREFIX=/home/simone/tesi_ws/install/turtlebot3_description
[2.823s] Invoking command in '/home/simone/tesi_ws/build/turtlebot3_description': CMAKE_PREFIX_PATH=${CMAKE_PREFIX_PATH}:/home/simone/tesi_ws/install/turtlebot3_teleop:/home/simone/tesi_ws/install/turtlebot3_example:/home/simone/tesi_ws/install/relocalization_pkg:/home/simone/tesi_ws/install/create_dataset:/opt/ros/humble /usr/bin/cmake --build /home/simone/tesi_ws/build/turtlebot3_description -- -j12 -l12
[2.877s] Invoked command in '/home/simone/tesi_ws/build/turtlebot3_description' returned '0': CMAKE_PREFIX_PATH=${CMAKE_PREFIX_PATH}:/home/simone/tesi_ws/install/turtlebot3_teleop:/home/simone/tesi_ws/install/turtlebot3_example:/home/simone/tesi_ws/install/relocalization_pkg:/home/simone/tesi_ws/install/create_dataset:/opt/ros/humble /usr/bin/cmake --build /home/simone/tesi_ws/build/turtlebot3_description -- -j12 -l12
[2.932s] Invoking command in '/home/simone/tesi_ws/build/turtlebot3_description': CMAKE_PREFIX_PATH=${CMAKE_PREFIX_PATH}:/home/simone/tesi_ws/install/turtlebot3_teleop:/home/simone/tesi_ws/install/turtlebot3_example:/home/simone/tesi_ws/install/relocalization_pkg:/home/simone/tesi_ws/install/create_dataset:/opt/ros/humble /usr/bin/cmake --install /home/simone/tesi_ws/build/turtlebot3_description
[2.957s] -- Install configuration: ""
[2.957s] -- Execute custom install script
[2.958s] -- Up-to-date symlink: /home/simone/tesi_ws/install/turtlebot3_description/share/turtlebot3_description/launch/model.launch.py
[2.958s] -- Up-to-date symlink: /home/simone/tesi_ws/install/turtlebot3_description/share/turtlebot3_description/rviz/model.rviz
[2.958s] -- Up-to-date symlink: /home/simone/tesi_ws/install/turtlebot3_description/share/turtlebot3_description/urdf/burger.urdf.xacro
[2.958s] -- Up-to-date symlink: /home/simone/tesi_ws/install/turtlebot3_description/share/turtlebot3_description/urdf/burger_camera.urdf.xacro
[2.958s] -- Up-to-date symlink: /home/simone/tesi_ws/install/turtlebot3_description/share/turtlebot3_description/urdf/turtlebot3_burger.urdf.xacro
[2.959s] -- Up-to-date symlink: /home/simone/tesi_ws/install/turtlebot3_description/share/turtlebot3_description/urdf/turtlebot3_waffle_pi.urdf.xacro
[2.959s] -- Up-to-date symlink: /home/simone/tesi_ws/install/turtlebot3_description/share/turtlebot3_description/urdf/waffle_pi.urdf.xacro
[2.959s] -- Up-to-date symlink: /home/simone/tesi_ws/install/turtlebot3_description/share/turtlebot3_description/gazebo/burger.gazebo.xacro
[2.960s] -- Up-to-date symlink: /home/simone/tesi_ws/install/turtlebot3_description/share/turtlebot3_description/gazebo/materials.xacro
[2.960s] -- Up-to-date symlink: /home/simone/tesi_ws/install/turtlebot3_description/share/turtlebot3_description/gazebo/waffle_pi.gazebo.xacro
[2.960s] -- Up-to-date symlink: /home/simone/tesi_ws/install/turtlebot3_description/share/turtlebot3_description/meshes/burger/base.stl
[2.960s] -- Up-to-date symlink: /home/simone/tesi_ws/install/turtlebot3_description/share/turtlebot3_description/meshes/burger/ladar.stl
[2.960s] -- Up-to-date symlink: /home/simone/tesi_ws/install/turtlebot3_description/share/turtlebot3_description/meshes/burger/left_tire.stl
[2.960s] -- Up-to-date symlink: /home/simone/tesi_ws/install/turtlebot3_description/share/turtlebot3_description/meshes/burger/right_tire.stl
[2.961s] -- Up-to-date symlink: /home/simone/tesi_ws/install/turtlebot3_description/share/turtlebot3_description/meshes/waffle_pi/base.stl
[2.961s] -- Up-to-date symlink: /home/simone/tesi_ws/install/turtlebot3_description/share/turtlebot3_description/meshes/waffle_pi/ladar.stl
[2.961s] -- Up-to-date symlink: /home/simone/tesi_ws/install/turtlebot3_description/share/turtlebot3_description/meshes/waffle_pi/left_tire.stl
[2.961s] -- Up-to-date symlink: /home/simone/tesi_ws/install/turtlebot3_description/share/turtlebot3_description/meshes/waffle_pi/right_tire.stl
[2.961s] -- Up-to-date symlink: /home/simone/tesi_ws/install/turtlebot3_description/share/turtlebot3_description/ros2_control/turtlebot3_system.ros2_control.xacro
[2.961s] -- Up-to-date symlink: /home/simone/tesi_ws/install/turtlebot3_description/share/turtlebot3_description/environment/turtlebot3_description.dsv
[2.961s] -- Up-to-date symlink: /home/simone/tesi_ws/install/turtlebot3_description/share/ament_index/resource_index/package_run_dependencies/turtlebot3_description
[2.961s] -- Up-to-date symlink: /home/simone/tesi_ws/install/turtlebot3_description/share/ament_index/resource_index/parent_prefix_path/turtlebot3_description
[2.962s] -- Up-to-date symlink: /home/simone/tesi_ws/install/turtlebot3_description/share/turtlebot3_description/environment/ament_prefix_path.sh
[2.962s] -- Up-to-date symlink: /home/simone/tesi_ws/install/turtlebot3_description/share/turtlebot3_description/environment/ament_prefix_path.dsv
[2.962s] -- Up-to-date symlink: /home/simone/tesi_ws/install/turtlebot3_description/share/turtlebot3_description/environment/path.sh
[2.962s] -- Up-to-date symlink: /home/simone/tesi_ws/install/turtlebot3_description/share/turtlebot3_description/environment/path.dsv
[2.962s] -- Up-to-date symlink: /home/simone/tesi_ws/install/turtlebot3_description/share/turtlebot3_description/local_setup.bash
[2.962s] -- Up-to-date symlink: /home/simone/tesi_ws/install/turtlebot3_description/share/turtlebot3_description/local_setup.sh
[2.962s] -- Up-to-date symlink: /home/simone/tesi_ws/install/turtlebot3_description/share/turtlebot3_description/local_setup.zsh
[2.962s] -- Up-to-date symlink: /home/simone/tesi_ws/install/turtlebot3_description/share/turtlebot3_description/local_setup.dsv
[2.963s] -- Symlinking: /home/simone/tesi_ws/install/turtlebot3_description/share/turtlebot3_description/package.dsv
[2.972s] -- Up-to-date symlink: /home/simone/tesi_ws/install/turtlebot3_description/share/ament_index/resource_index/packages/turtlebot3_description
[2.973s] -- Up-to-date symlink: /home/simone/tesi_ws/install/turtlebot3_description/share/turtlebot3_description/cmake/turtlebot3_descriptionConfig.cmake
[2.973s] -- Up-to-date symlink: /home/simone/tesi_ws/install/turtlebot3_description/share/turtlebot3_description/cmake/turtlebot3_descriptionConfig-version.cmake
[2.973s] -- Up-to-date symlink: /home/simone/tesi_ws/install/turtlebot3_description/share/turtlebot3_description/package.xml
[3.007s] Invoked command in '/home/simone/tesi_ws/build/turtlebot3_description' returned '0': CMAKE_PREFIX_PATH=${CMAKE_PREFIX_PATH}:/home/simone/tesi_ws/install/turtlebot3_teleop:/home/simone/tesi_ws/install/turtlebot3_example:/home/simone/tesi_ws/install/relocalization_pkg:/home/simone/tesi_ws/install/create_dataset:/opt/ros/humble /usr/bin/cmake --install /home/simone/tesi_ws/build/turtlebot3_description
