[1.860s] Invoking command in '/home/simone/tesi_ws/src/create_dataset': PYTHONPATH=/home/simone/tesi_ws/build/create_dataset/prefix_override:/home/simone/tesi_ws/install/create_dataset/lib/python3.10/site-packages:${PYTHONPATH} /usr/bin/python3 setup.py egg_info --egg-base ../../build/create_dataset build --build-base /home/simone/tesi_ws/build/create_dataset/build install --record /home/simone/tesi_ws/build/create_dataset/install.log --single-version-externally-managed
[2.297s] running egg_info
[2.298s] writing ../../build/create_dataset/create_dataset.egg-info/PKG-INFO
[2.299s] writing dependency_links to ../../build/create_dataset/create_dataset.egg-info/dependency_links.txt
[2.300s] writing entry points to ../../build/create_dataset/create_dataset.egg-info/entry_points.txt
[2.300s] writing requirements to ../../build/create_dataset/create_dataset.egg-info/requires.txt
[2.301s] writing top-level names to ../../build/create_dataset/create_dataset.egg-info/top_level.txt
[2.305s] reading manifest file '../../build/create_dataset/create_dataset.egg-info/SOURCES.txt'
[2.307s] writing manifest file '../../build/create_dataset/create_dataset.egg-info/SOURCES.txt'
[2.308s] running build
[2.308s] running build_py
[2.308s] copying create_dataset/image_capture.py -> /home/simone/tesi_ws/build/create_dataset/build/lib/create_dataset
[2.308s] running install
[2.309s] running install_lib
[2.310s] copying /home/simone/tesi_ws/build/create_dataset/build/lib/create_dataset/image_capture.py -> /home/simone/tesi_ws/install/create_dataset/lib/python3.10/site-packages/create_dataset
[2.311s] byte-compiling /home/simone/tesi_ws/install/create_dataset/lib/python3.10/site-packages/create_dataset/image_capture.py to image_capture.cpython-310.pyc
[2.313s] running install_data
[2.315s] running install_egg_info
[2.318s] removing '/home/simone/tesi_ws/install/create_dataset/lib/python3.10/site-packages/create_dataset-0.0.0-py3.10.egg-info' (and everything under it)
[2.320s] Copying ../../build/create_dataset/create_dataset.egg-info to /home/simone/tesi_ws/install/create_dataset/lib/python3.10/site-packages/create_dataset-0.0.0-py3.10.egg-info
[2.322s] running install_scripts
[2.363s] Installing image_capture_node script to /home/simone/tesi_ws/install/create_dataset/lib/create_dataset
[2.363s] Installing reloc_capture_node script to /home/simone/tesi_ws/install/create_dataset/lib/create_dataset
[2.364s] writing list of installed files to '/home/simone/tesi_ws/build/create_dataset/install.log'
[2.466s] Invoked command in '/home/simone/tesi_ws/src/create_dataset' returned '0': PYTHONPATH=/home/simone/tesi_ws/build/create_dataset/prefix_override:/home/simone/tesi_ws/install/create_dataset/lib/python3.10/site-packages:${PYTHONPATH} /usr/bin/python3 setup.py egg_info --egg-base ../../build/create_dataset build --build-base /home/simone/tesi_ws/build/create_dataset/build install --record /home/simone/tesi_ws/build/create_dataset/install.log --single-version-externally-managed
