[0.557s] Invoking command in '/home/simone/tesi_ws/build/turtlebot3_fake_node': CMAKE_PREFIX_PATH=/home/simone/tesi_ws/install/turtlebot3_msgs:/home/simone/tesi_ws/install/turtlebot3:/home/simone/tesi_ws/install/turtlebot3_simulations:/home/simone/tesi_ws/install/turtlebot3_navigation2:/home/simone/tesi_ws/install/turtlebot3_fake_node:/home/simone/tesi_ws/install/turtlebot3_hardware:/home/simone/tesi_ws/install/turtlebot3_gazebo:/home/simone/tesi_ws/install/turtlebot3_bringup:/home/simone/tesi_ws/install/turtlebot3_description:/home/simone/tesi_ws/install/turtlebot3_cartographer:/home/simone/tesi_ws/install/dynamixel_sdk_examples:/home/simone/tesi_ws/install/dynamixel_sdk_custom_interfaces:/home/simone/tesi_ws/install/dynamixel_sdk:/home/simone/tesi_ws/install/turtlebot3_teleop:/home/simone/tesi_ws/install/turtlebot3_example:/home/simone/tesi_ws/install/relocalization_pkg:/home/simone/tesi_ws/install/create_dataset:/opt/ros/humble LD_LIBRARY_PATH=/home/simone/tesi_ws/install/turtlebot3_msgs/lib:/home/simone/tesi_ws/install/turtlebot3_hardware/lib:/home/simone/tesi_ws/install/dynamixel_sdk_custom_interfaces/lib:/home/simone/tesi_ws/install/dynamixel_sdk/lib:/opt/ros/humble/opt/rviz_ogre_vendor/lib:/opt/ros/humble/lib/x86_64-linux-gnu:/opt/ros/humble/lib:/usr/lib/x86_64-linux-gnu/gazebo-11/plugins /usr/bin/cmake /home/simone/tesi_ws/src/turtlebot3/turtlebot3_simulations/turtlebot3_fake_node -DCMAKE_INSTALL_PREFIX=/home/simone/tesi_ws/install/turtlebot3_fake_node
[0.672s] -- The C compiler identification is GNU 11.4.0
[0.972s] -- The CXX compiler identification is GNU 11.4.0
[1.187s] -- Detecting C compiler ABI info
[1.315s] -- Detecting C compiler ABI info - done
[1.325s] -- Check for working C compiler: /usr/bin/cc - skipped
[1.325s] -- Detecting C compile features
[1.325s] -- Detecting C compile features - done
[1.329s] -- Detecting CXX compiler ABI info
[1.521s] -- Detecting CXX compiler ABI info - done
[1.533s] -- Check for working CXX compiler: /usr/bin/c++ - skipped
[1.533s] -- Detecting CXX compile features
[1.534s] -- Detecting CXX compile features - done
[1.538s] -- Found ament_cmake: 1.3.6 (/opt/ros/humble/share/ament_cmake/cmake)
[1.779s] -- Found Python3: /usr/bin/python3.10 (found version "3.10.12") found components: Interpreter 
[1.912s] -- Found geometry_msgs: 4.2.3 (/opt/ros/humble/share/geometry_msgs/cmake)
[2.062s] -- Found rosidl_generator_c: 3.1.5 (/opt/ros/humble/share/rosidl_generator_c/cmake)
[2.071s] -- Found rosidl_adapter: 3.1.5 (/opt/ros/humble/share/rosidl_adapter/cmake)
[2.082s] -- Found rosidl_generator_cpp: 3.1.5 (/opt/ros/humble/share/rosidl_generator_cpp/cmake)
[2.097s] -- Using all available rosidl_typesupport_c: rosidl_typesupport_fastrtps_c;rosidl_typesupport_introspection_c
[2.126s] -- Using all available rosidl_typesupport_cpp: rosidl_typesupport_fastrtps_cpp;rosidl_typesupport_introspection_cpp
[2.269s] -- Found nav_msgs: 4.2.3 (/opt/ros/humble/share/nav_msgs/cmake)
[2.384s] -- Found rclcpp: 16.0.7 (/opt/ros/humble/share/rclcpp/cmake)
[2.461s] -- Found rmw_implementation_cmake: 6.1.1 (/opt/ros/humble/share/rmw_implementation_cmake/cmake)
[2.464s] -- Found rmw_fastrtps_cpp: 6.2.5 (/opt/ros/humble/share/rmw_fastrtps_cpp/cmake)
[3.444s] -- Found OpenSSL: /usr/lib/x86_64-linux-gnu/libcrypto.so (found version "3.0.2")  
[4.399s] -- Found FastRTPS: /opt/ros/humble/include  
[6.077s] -- Using RMW implementation 'rmw_fastrtps_cpp' as default
[6.087s] -- Looking for pthread.h
[6.192s] -- Looking for pthread.h - found
[6.193s] -- Performing Test CMAKE_HAVE_LIBC_PTHREAD
[6.303s] -- Performing Test CMAKE_HAVE_LIBC_PTHREAD - Success
[6.304s] -- Found Threads: TRUE  
[6.450s] -- Found sensor_msgs: 4.2.3 (/opt/ros/humble/share/sensor_msgs/cmake)
[6.544s] -- Found tf2: 0.25.5 (/opt/ros/humble/share/tf2/cmake)
[6.568s] -- Found tf2_msgs: 0.25.5 (/opt/ros/humble/share/tf2_msgs/cmake)
[6.740s] -- Found turtlebot3_msgs: 2.2.3 (/home/simone/tesi_ws/install/turtlebot3_msgs/share/turtlebot3_msgs/cmake)
[6.912s] -- Configuring done
[6.927s] -- Generating done
[6.929s] -- Build files have been written to: /home/simone/tesi_ws/build/turtlebot3_fake_node
[6.943s] Invoked command in '/home/simone/tesi_ws/build/turtlebot3_fake_node' returned '0': CMAKE_PREFIX_PATH=/home/simone/tesi_ws/install/turtlebot3_msgs:/home/simone/tesi_ws/install/turtlebot3:/home/simone/tesi_ws/install/turtlebot3_simulations:/home/simone/tesi_ws/install/turtlebot3_navigation2:/home/simone/tesi_ws/install/turtlebot3_fake_node:/home/simone/tesi_ws/install/turtlebot3_hardware:/home/simone/tesi_ws/install/turtlebot3_gazebo:/home/simone/tesi_ws/install/turtlebot3_bringup:/home/simone/tesi_ws/install/turtlebot3_description:/home/simone/tesi_ws/install/turtlebot3_cartographer:/home/simone/tesi_ws/install/dynamixel_sdk_examples:/home/simone/tesi_ws/install/dynamixel_sdk_custom_interfaces:/home/simone/tesi_ws/install/dynamixel_sdk:/home/simone/tesi_ws/install/turtlebot3_teleop:/home/simone/tesi_ws/install/turtlebot3_example:/home/simone/tesi_ws/install/relocalization_pkg:/home/simone/tesi_ws/install/create_dataset:/opt/ros/humble LD_LIBRARY_PATH=/home/simone/tesi_ws/install/turtlebot3_msgs/lib:/home/simone/tesi_ws/install/turtlebot3_hardware/lib:/home/simone/tesi_ws/install/dynamixel_sdk_custom_interfaces/lib:/home/simone/tesi_ws/install/dynamixel_sdk/lib:/opt/ros/humble/opt/rviz_ogre_vendor/lib:/opt/ros/humble/lib/x86_64-linux-gnu:/opt/ros/humble/lib:/usr/lib/x86_64-linux-gnu/gazebo-11/plugins /usr/bin/cmake /home/simone/tesi_ws/src/turtlebot3/turtlebot3_simulations/turtlebot3_fake_node -DCMAKE_INSTALL_PREFIX=/home/simone/tesi_ws/install/turtlebot3_fake_node
[6.947s] Invoking command in '/home/simone/tesi_ws/build/turtlebot3_fake_node': CMAKE_PREFIX_PATH=/home/simone/tesi_ws/install/turtlebot3_msgs:/home/simone/tesi_ws/install/turtlebot3:/home/simone/tesi_ws/install/turtlebot3_simulations:/home/simone/tesi_ws/install/turtlebot3_navigation2:/home/simone/tesi_ws/install/turtlebot3_fake_node:/home/simone/tesi_ws/install/turtlebot3_hardware:/home/simone/tesi_ws/install/turtlebot3_gazebo:/home/simone/tesi_ws/install/turtlebot3_bringup:/home/simone/tesi_ws/install/turtlebot3_description:/home/simone/tesi_ws/install/turtlebot3_cartographer:/home/simone/tesi_ws/install/dynamixel_sdk_examples:/home/simone/tesi_ws/install/dynamixel_sdk_custom_interfaces:/home/simone/tesi_ws/install/dynamixel_sdk:/home/simone/tesi_ws/install/turtlebot3_teleop:/home/simone/tesi_ws/install/turtlebot3_example:/home/simone/tesi_ws/install/relocalization_pkg:/home/simone/tesi_ws/install/create_dataset:/opt/ros/humble LD_LIBRARY_PATH=/home/simone/tesi_ws/install/turtlebot3_msgs/lib:/home/simone/tesi_ws/install/turtlebot3_hardware/lib:/home/simone/tesi_ws/install/dynamixel_sdk_custom_interfaces/lib:/home/simone/tesi_ws/install/dynamixel_sdk/lib:/opt/ros/humble/opt/rviz_ogre_vendor/lib:/opt/ros/humble/lib/x86_64-linux-gnu:/opt/ros/humble/lib:/usr/lib/x86_64-linux-gnu/gazebo-11/plugins /usr/bin/cmake --build /home/simone/tesi_ws/build/turtlebot3_fake_node -- -j12 -l12
[6.990s] [ 50%] [32mBuilding CXX object CMakeFiles/turtlebot3_fake_node.dir/src/turtlebot3_fake_node.cpp.o[0m
[18.829s] [100%] [32m[1mLinking CXX executable turtlebot3_fake_node[0m
[19.586s] [100%] Built target turtlebot3_fake_node
[19.599s] Invoked command in '/home/simone/tesi_ws/build/turtlebot3_fake_node' returned '0': CMAKE_PREFIX_PATH=/home/simone/tesi_ws/install/turtlebot3_msgs:/home/simone/tesi_ws/install/turtlebot3:/home/simone/tesi_ws/install/turtlebot3_simulations:/home/simone/tesi_ws/install/turtlebot3_navigation2:/home/simone/tesi_ws/install/turtlebot3_fake_node:/home/simone/tesi_ws/install/turtlebot3_hardware:/home/simone/tesi_ws/install/turtlebot3_gazebo:/home/simone/tesi_ws/install/turtlebot3_bringup:/home/simone/tesi_ws/install/turtlebot3_description:/home/simone/tesi_ws/install/turtlebot3_cartographer:/home/simone/tesi_ws/install/dynamixel_sdk_examples:/home/simone/tesi_ws/install/dynamixel_sdk_custom_interfaces:/home/simone/tesi_ws/install/dynamixel_sdk:/home/simone/tesi_ws/install/turtlebot3_teleop:/home/simone/tesi_ws/install/turtlebot3_example:/home/simone/tesi_ws/install/relocalization_pkg:/home/simone/tesi_ws/install/create_dataset:/opt/ros/humble LD_LIBRARY_PATH=/home/simone/tesi_ws/install/turtlebot3_msgs/lib:/home/simone/tesi_ws/install/turtlebot3_hardware/lib:/home/simone/tesi_ws/install/dynamixel_sdk_custom_interfaces/lib:/home/simone/tesi_ws/install/dynamixel_sdk/lib:/opt/ros/humble/opt/rviz_ogre_vendor/lib:/opt/ros/humble/lib/x86_64-linux-gnu:/opt/ros/humble/lib:/usr/lib/x86_64-linux-gnu/gazebo-11/plugins /usr/bin/cmake --build /home/simone/tesi_ws/build/turtlebot3_fake_node -- -j12 -l12
[19.624s] Invoking command in '/home/simone/tesi_ws/build/turtlebot3_fake_node': CMAKE_PREFIX_PATH=/home/simone/tesi_ws/install/turtlebot3_msgs:/home/simone/tesi_ws/install/turtlebot3:/home/simone/tesi_ws/install/turtlebot3_simulations:/home/simone/tesi_ws/install/turtlebot3_navigation2:/home/simone/tesi_ws/install/turtlebot3_fake_node:/home/simone/tesi_ws/install/turtlebot3_hardware:/home/simone/tesi_ws/install/turtlebot3_gazebo:/home/simone/tesi_ws/install/turtlebot3_bringup:/home/simone/tesi_ws/install/turtlebot3_description:/home/simone/tesi_ws/install/turtlebot3_cartographer:/home/simone/tesi_ws/install/dynamixel_sdk_examples:/home/simone/tesi_ws/install/dynamixel_sdk_custom_interfaces:/home/simone/tesi_ws/install/dynamixel_sdk:/home/simone/tesi_ws/install/turtlebot3_teleop:/home/simone/tesi_ws/install/turtlebot3_example:/home/simone/tesi_ws/install/relocalization_pkg:/home/simone/tesi_ws/install/create_dataset:/opt/ros/humble LD_LIBRARY_PATH=/home/simone/tesi_ws/install/turtlebot3_msgs/lib:/home/simone/tesi_ws/install/turtlebot3_hardware/lib:/home/simone/tesi_ws/install/dynamixel_sdk_custom_interfaces/lib:/home/simone/tesi_ws/install/dynamixel_sdk/lib:/opt/ros/humble/opt/rviz_ogre_vendor/lib:/opt/ros/humble/lib/x86_64-linux-gnu:/opt/ros/humble/lib:/usr/lib/x86_64-linux-gnu/gazebo-11/plugins /usr/bin/cmake --install /home/simone/tesi_ws/build/turtlebot3_fake_node
[19.630s] -- Install configuration: ""
[19.631s] -- Installing: /home/simone/tesi_ws/install/turtlebot3_fake_node/lib/turtlebot3_fake_node/turtlebot3_fake_node
[19.636s] -- Set runtime path of "/home/simone/tesi_ws/install/turtlebot3_fake_node/lib/turtlebot3_fake_node/turtlebot3_fake_node" to ""
[19.636s] -- Installing: /home/simone/tesi_ws/install/turtlebot3_fake_node/share/turtlebot3_fake_node/launch
[19.636s] -- Installing: /home/simone/tesi_ws/install/turtlebot3_fake_node/share/turtlebot3_fake_node/launch/turtlebot3_fake_node.launch.py
[19.637s] -- Installing: /home/simone/tesi_ws/install/turtlebot3_fake_node/share/turtlebot3_fake_node/launch/rviz2.launch.py
[19.637s] -- Installing: /home/simone/tesi_ws/install/turtlebot3_fake_node/share/turtlebot3_fake_node/param
[19.637s] -- Installing: /home/simone/tesi_ws/install/turtlebot3_fake_node/share/turtlebot3_fake_node/param/waffle.yaml
[19.638s] -- Installing: /home/simone/tesi_ws/install/turtlebot3_fake_node/share/turtlebot3_fake_node/param/burger.yaml
[19.638s] -- Installing: /home/simone/tesi_ws/install/turtlebot3_fake_node/share/turtlebot3_fake_node/param/waffle_pi.yaml
[19.638s] -- Installing: /home/simone/tesi_ws/install/turtlebot3_fake_node/include/
[19.638s] -- Installing: /home/simone/tesi_ws/install/turtlebot3_fake_node/include//turtlebot3_fake_node
[19.638s] -- Installing: /home/simone/tesi_ws/install/turtlebot3_fake_node/include//turtlebot3_fake_node/turtlebot3_fake_node.hpp
[19.638s] -- Installing: /home/simone/tesi_ws/install/turtlebot3_fake_node/share/ament_index/resource_index/package_run_dependencies/turtlebot3_fake_node
[19.639s] -- Installing: /home/simone/tesi_ws/install/turtlebot3_fake_node/share/ament_index/resource_index/parent_prefix_path/turtlebot3_fake_node
[19.639s] -- Installing: /home/simone/tesi_ws/install/turtlebot3_fake_node/share/turtlebot3_fake_node/environment/ament_prefix_path.sh
[19.639s] -- Installing: /home/simone/tesi_ws/install/turtlebot3_fake_node/share/turtlebot3_fake_node/environment/ament_prefix_path.dsv
[19.640s] -- Installing: /home/simone/tesi_ws/install/turtlebot3_fake_node/share/turtlebot3_fake_node/environment/path.sh
[19.640s] -- Installing: /home/simone/tesi_ws/install/turtlebot3_fake_node/share/turtlebot3_fake_node/environment/path.dsv
[19.640s] -- Installing: /home/simone/tesi_ws/install/turtlebot3_fake_node/share/turtlebot3_fake_node/local_setup.bash
[19.640s] -- Installing: /home/simone/tesi_ws/install/turtlebot3_fake_node/share/turtlebot3_fake_node/local_setup.sh
[19.640s] -- Installing: /home/simone/tesi_ws/install/turtlebot3_fake_node/share/turtlebot3_fake_node/local_setup.zsh
[19.640s] -- Installing: /home/simone/tesi_ws/install/turtlebot3_fake_node/share/turtlebot3_fake_node/local_setup.dsv
[19.640s] -- Installing: /home/simone/tesi_ws/install/turtlebot3_fake_node/share/turtlebot3_fake_node/package.dsv
[19.641s] -- Installing: /home/simone/tesi_ws/install/turtlebot3_fake_node/share/ament_index/resource_index/packages/turtlebot3_fake_node
[19.641s] -- Installing: /home/simone/tesi_ws/install/turtlebot3_fake_node/share/turtlebot3_fake_node/cmake/ament_cmake_export_include_directories-extras.cmake
[19.641s] -- Installing: /home/simone/tesi_ws/install/turtlebot3_fake_node/share/turtlebot3_fake_node/cmake/ament_cmake_export_dependencies-extras.cmake
[19.642s] -- Installing: /home/simone/tesi_ws/install/turtlebot3_fake_node/share/turtlebot3_fake_node/cmake/turtlebot3_fake_nodeConfig.cmake
[19.642s] -- Installing: /home/simone/tesi_ws/install/turtlebot3_fake_node/share/turtlebot3_fake_node/cmake/turtlebot3_fake_nodeConfig-version.cmake
[19.642s] -- Installing: /home/simone/tesi_ws/install/turtlebot3_fake_node/share/turtlebot3_fake_node/package.xml
[19.644s] Invoked command in '/home/simone/tesi_ws/build/turtlebot3_fake_node' returned '0': CMAKE_PREFIX_PATH=/home/simone/tesi_ws/install/turtlebot3_msgs:/home/simone/tesi_ws/install/turtlebot3:/home/simone/tesi_ws/install/turtlebot3_simulations:/home/simone/tesi_ws/install/turtlebot3_navigation2:/home/simone/tesi_ws/install/turtlebot3_fake_node:/home/simone/tesi_ws/install/turtlebot3_hardware:/home/simone/tesi_ws/install/turtlebot3_gazebo:/home/simone/tesi_ws/install/turtlebot3_bringup:/home/simone/tesi_ws/install/turtlebot3_description:/home/simone/tesi_ws/install/turtlebot3_cartographer:/home/simone/tesi_ws/install/dynamixel_sdk_examples:/home/simone/tesi_ws/install/dynamixel_sdk_custom_interfaces:/home/simone/tesi_ws/install/dynamixel_sdk:/home/simone/tesi_ws/install/turtlebot3_teleop:/home/simone/tesi_ws/install/turtlebot3_example:/home/simone/tesi_ws/install/relocalization_pkg:/home/simone/tesi_ws/install/create_dataset:/opt/ros/humble LD_LIBRARY_PATH=/home/simone/tesi_ws/install/turtlebot3_msgs/lib:/home/simone/tesi_ws/install/turtlebot3_hardware/lib:/home/simone/tesi_ws/install/dynamixel_sdk_custom_interfaces/lib:/home/simone/tesi_ws/install/dynamixel_sdk/lib:/opt/ros/humble/opt/rviz_ogre_vendor/lib:/opt/ros/humble/lib/x86_64-linux-gnu:/opt/ros/humble/lib:/usr/lib/x86_64-linux-gnu/gazebo-11/plugins /usr/bin/cmake --install /home/simone/tesi_ws/build/turtlebot3_fake_node
