[1.385s] Invoking command in '/home/simone/tesi_ws/src/turtlebot3/turtlebot3_example': CMAKE_PREFIX_PATH=/home/simone/tesi_ws/install/turtlebot3_msgs:/home/simone/tesi_ws/install/turtlebot3:/home/simone/tesi_ws/install/turtlebot3_simulations:/home/simone/tesi_ws/install/turtlebot3_navigation2:/home/simone/tesi_ws/install/turtlebot3_fake_node:/home/simone/tesi_ws/install/turtlebot3_hardware:/home/simone/tesi_ws/install/turtlebot3_gazebo:/home/simone/tesi_ws/install/turtlebot3_bringup:/home/simone/tesi_ws/install/turtlebot3_description:/home/simone/tesi_ws/install/turtlebot3_cartographer:/home/simone/tesi_ws/install/dynamixel_sdk_examples:/home/simone/tesi_ws/install/dynamixel_sdk_custom_interfaces:/home/simone/tesi_ws/install/dynamixel_sdk LD_LIBRARY_PATH=/home/simone/tesi_ws/install/turtlebot3_msgs/lib:/home/simone/tesi_ws/install/turtlebot3_hardware/lib:/home/simone/tesi_ws/install/dynamixel_sdk_custom_interfaces/lib:/home/simone/tesi_ws/install/dynamixel_sdk/lib:/opt/ros/humble/opt/rviz_ogre_vendor/lib:/opt/ros/humble/lib/x86_64-linux-gnu:/opt/ros/humble/lib:/usr/lib/x86_64-linux-gnu/gazebo-11/plugins PYTHONPATH=/home/simone/tesi_ws/build/turtlebot3_example/prefix_override:/home/simone/tesi_ws/install/turtlebot3_example/lib/python3.10/site-packages:${PYTHONPATH} /usr/bin/python3 setup.py egg_info --egg-base ../../../build/turtlebot3_example build --build-base /home/simone/tesi_ws/build/turtlebot3_example/build install --record /home/simone/tesi_ws/build/turtlebot3_example/install.log --single-version-externally-managed
[1.763s] running egg_info
[1.764s] creating ../../../build/turtlebot3_example/turtlebot3_example.egg-info
[1.764s] writing ../../../build/turtlebot3_example/turtlebot3_example.egg-info/PKG-INFO
[1.765s] writing dependency_links to ../../../build/turtlebot3_example/turtlebot3_example.egg-info/dependency_links.txt
[1.766s] writing entry points to ../../../build/turtlebot3_example/turtlebot3_example.egg-info/entry_points.txt
[1.766s] writing requirements to ../../../build/turtlebot3_example/turtlebot3_example.egg-info/requires.txt
[1.767s] writing top-level names to ../../../build/turtlebot3_example/turtlebot3_example.egg-info/top_level.txt
[1.767s] writing manifest file '../../../build/turtlebot3_example/turtlebot3_example.egg-info/SOURCES.txt'
[1.769s] reading manifest file '../../../build/turtlebot3_example/turtlebot3_example.egg-info/SOURCES.txt'
[1.770s] writing manifest file '../../../build/turtlebot3_example/turtlebot3_example.egg-info/SOURCES.txt'
[1.771s] running build
[1.771s] running build_py
[1.772s] creating /home/simone/tesi_ws/build/turtlebot3_example/build
[1.772s] creating /home/simone/tesi_ws/build/turtlebot3_example/build/lib
[1.773s] creating /home/simone/tesi_ws/build/turtlebot3_example/build/lib/turtlebot3_example
[1.773s] copying turtlebot3_example/__init__.py -> /home/simone/tesi_ws/build/turtlebot3_example/build/lib/turtlebot3_example
[1.773s] creating /home/simone/tesi_ws/build/turtlebot3_example/build/lib/turtlebot3_example/turtlebot3_position_control
[1.774s] copying turtlebot3_example/turtlebot3_position_control/turtlebot3_position_control_pointop_key.py -> /home/simone/tesi_ws/build/turtlebot3_example/build/lib/turtlebot3_example/turtlebot3_position_control
[1.774s] copying turtlebot3_example/turtlebot3_position_control/__init__.py -> /home/simone/tesi_ws/build/turtlebot3_example/build/lib/turtlebot3_example/turtlebot3_position_control
[1.775s] creating /home/simone/tesi_ws/build/turtlebot3_example/build/lib/turtlebot3_example/turtlebot3_obstacle_detection
[1.775s] copying turtlebot3_example/turtlebot3_obstacle_detection/turtlebot3_obstacle_detection.py -> /home/simone/tesi_ws/build/turtlebot3_example/build/lib/turtlebot3_example/turtlebot3_obstacle_detection
[1.775s] copying turtlebot3_example/turtlebot3_obstacle_detection/__init__.py -> /home/simone/tesi_ws/build/turtlebot3_example/build/lib/turtlebot3_example/turtlebot3_obstacle_detection
[1.775s] running install
[1.775s] running install_lib
[1.776s] creating /home/simone/tesi_ws/install/turtlebot3_example/lib/python3.10/site-packages/turtlebot3_example
[1.776s] creating /home/simone/tesi_ws/install/turtlebot3_example/lib/python3.10/site-packages/turtlebot3_example/turtlebot3_position_control
[1.777s] copying /home/simone/tesi_ws/build/turtlebot3_example/build/lib/turtlebot3_example/turtlebot3_position_control/turtlebot3_position_control_pointop_key.py -> /home/simone/tesi_ws/install/turtlebot3_example/lib/python3.10/site-packages/turtlebot3_example/turtlebot3_position_control
[1.777s] copying /home/simone/tesi_ws/build/turtlebot3_example/build/lib/turtlebot3_example/turtlebot3_position_control/__init__.py -> /home/simone/tesi_ws/install/turtlebot3_example/lib/python3.10/site-packages/turtlebot3_example/turtlebot3_position_control
[1.778s] creating /home/simone/tesi_ws/install/turtlebot3_example/lib/python3.10/site-packages/turtlebot3_example/turtlebot3_obstacle_detection
[1.778s] copying /home/simone/tesi_ws/build/turtlebot3_example/build/lib/turtlebot3_example/turtlebot3_obstacle_detection/turtlebot3_obstacle_detection.py -> /home/simone/tesi_ws/install/turtlebot3_example/lib/python3.10/site-packages/turtlebot3_example/turtlebot3_obstacle_detection
[1.778s] copying /home/simone/tesi_ws/build/turtlebot3_example/build/lib/turtlebot3_example/turtlebot3_obstacle_detection/__init__.py -> /home/simone/tesi_ws/install/turtlebot3_example/lib/python3.10/site-packages/turtlebot3_example/turtlebot3_obstacle_detection
[1.778s] copying /home/simone/tesi_ws/build/turtlebot3_example/build/lib/turtlebot3_example/__init__.py -> /home/simone/tesi_ws/install/turtlebot3_example/lib/python3.10/site-packages/turtlebot3_example
[1.779s] byte-compiling /home/simone/tesi_ws/install/turtlebot3_example/lib/python3.10/site-packages/turtlebot3_example/turtlebot3_position_control/turtlebot3_position_control_pointop_key.py to turtlebot3_position_control_pointop_key.cpython-310.pyc
[1.781s] byte-compiling /home/simone/tesi_ws/install/turtlebot3_example/lib/python3.10/site-packages/turtlebot3_example/turtlebot3_position_control/__init__.py to __init__.cpython-310.pyc
[1.782s] byte-compiling /home/simone/tesi_ws/install/turtlebot3_example/lib/python3.10/site-packages/turtlebot3_example/turtlebot3_obstacle_detection/turtlebot3_obstacle_detection.py to turtlebot3_obstacle_detection.cpython-310.pyc
[1.783s] byte-compiling /home/simone/tesi_ws/install/turtlebot3_example/lib/python3.10/site-packages/turtlebot3_example/turtlebot3_obstacle_detection/__init__.py to __init__.cpython-310.pyc
[1.784s] byte-compiling /home/simone/tesi_ws/install/turtlebot3_example/lib/python3.10/site-packages/turtlebot3_example/__init__.py to __init__.cpython-310.pyc
[1.785s] running install_data
[1.786s] creating /home/simone/tesi_ws/install/turtlebot3_example/share/ament_index
[1.786s] creating /home/simone/tesi_ws/install/turtlebot3_example/share/ament_index/resource_index
[1.787s] creating /home/simone/tesi_ws/install/turtlebot3_example/share/ament_index/resource_index/packages
[1.787s] copying resource/turtlebot3_example -> /home/simone/tesi_ws/install/turtlebot3_example/share/ament_index/resource_index/packages
[1.787s] copying package.xml -> /home/simone/tesi_ws/install/turtlebot3_example/share/turtlebot3_example
[1.787s] running install_egg_info
[1.790s] Copying ../../../build/turtlebot3_example/turtlebot3_example.egg-info to /home/simone/tesi_ws/install/turtlebot3_example/lib/python3.10/site-packages/turtlebot3_example-2.1.5-py3.10.egg-info
[1.791s] running install_scripts
[1.823s] Installing turtlebot3_interactive_marker script to /home/simone/tesi_ws/install/turtlebot3_example/lib/turtlebot3_example
[1.824s] Installing turtlebot3_obstacle_detection script to /home/simone/tesi_ws/install/turtlebot3_example/lib/turtlebot3_example
[1.824s] Installing turtlebot3_patrol_client script to /home/simone/tesi_ws/install/turtlebot3_example/lib/turtlebot3_example
[1.825s] Installing turtlebot3_patrol_server script to /home/simone/tesi_ws/install/turtlebot3_example/lib/turtlebot3_example
[1.825s] Installing turtlebot3_position_control_pointop_key script to /home/simone/tesi_ws/install/turtlebot3_example/lib/turtlebot3_example
[1.825s] writing list of installed files to '/home/simone/tesi_ws/build/turtlebot3_example/install.log'
[1.908s] Invoked command in '/home/simone/tesi_ws/src/turtlebot3/turtlebot3_example' returned '0': CMAKE_PREFIX_PATH=/home/simone/tesi_ws/install/turtlebot3_msgs:/home/simone/tesi_ws/install/turtlebot3:/home/simone/tesi_ws/install/turtlebot3_simulations:/home/simone/tesi_ws/install/turtlebot3_navigation2:/home/simone/tesi_ws/install/turtlebot3_fake_node:/home/simone/tesi_ws/install/turtlebot3_hardware:/home/simone/tesi_ws/install/turtlebot3_gazebo:/home/simone/tesi_ws/install/turtlebot3_bringup:/home/simone/tesi_ws/install/turtlebot3_description:/home/simone/tesi_ws/install/turtlebot3_cartographer:/home/simone/tesi_ws/install/dynamixel_sdk_examples:/home/simone/tesi_ws/install/dynamixel_sdk_custom_interfaces:/home/simone/tesi_ws/install/dynamixel_sdk LD_LIBRARY_PATH=/home/simone/tesi_ws/install/turtlebot3_msgs/lib:/home/simone/tesi_ws/install/turtlebot3_hardware/lib:/home/simone/tesi_ws/install/dynamixel_sdk_custom_interfaces/lib:/home/simone/tesi_ws/install/dynamixel_sdk/lib:/opt/ros/humble/opt/rviz_ogre_vendor/lib:/opt/ros/humble/lib/x86_64-linux-gnu:/opt/ros/humble/lib:/usr/lib/x86_64-linux-gnu/gazebo-11/plugins PYTHONPATH=/home/simone/tesi_ws/build/turtlebot3_example/prefix_override:/home/simone/tesi_ws/install/turtlebot3_example/lib/python3.10/site-packages:${PYTHONPATH} /usr/bin/python3 setup.py egg_info --egg-base ../../../build/turtlebot3_example build --build-base /home/simone/tesi_ws/build/turtlebot3_example/build install --record /home/simone/tesi_ws/build/turtlebot3_example/install.log --single-version-externally-managed
