[0.766s] Invoking command in '/home/simone/tesi_ws/src/create_dataset': PYTHONPATH=/home/simone/tesi_ws/build/create_dataset/prefix_override:/home/simone/tesi_ws/install/create_dataset/lib/python3.10/site-packages:${PYTHONPATH} /usr/bin/python3 setup.py egg_info --egg-base ../../build/create_dataset build --build-base /home/simone/tesi_ws/build/create_dataset/build install --record /home/simone/tesi_ws/build/create_dataset/install.log --single-version-externally-managed
[0.975s] running egg_info
[0.975s] writing ../../build/create_dataset/create_dataset.egg-info/PKG-INFO
[0.975s] writing dependency_links to ../../build/create_dataset/create_dataset.egg-info/dependency_links.txt
[0.975s] writing entry points to ../../build/create_dataset/create_dataset.egg-info/entry_points.txt
[0.976s] writing requirements to ../../build/create_dataset/create_dataset.egg-info/requires.txt
[0.976s] writing top-level names to ../../build/create_dataset/create_dataset.egg-info/top_level.txt
[0.977s] reading manifest file '../../build/create_dataset/create_dataset.egg-info/SOURCES.txt'
[0.978s] writing manifest file '../../build/create_dataset/create_dataset.egg-info/SOURCES.txt'
[0.978s] running build
[0.979s] running build_py
[0.979s] copying create_dataset/reloc_capture.py -> /home/simone/tesi_ws/build/create_dataset/build/lib/create_dataset
[0.979s] running install
[0.979s] running install_lib
[0.980s] copying /home/simone/tesi_ws/build/create_dataset/build/lib/create_dataset/reloc_capture.py -> /home/simone/tesi_ws/install/create_dataset/lib/python3.10/site-packages/create_dataset
[0.981s] byte-compiling /home/simone/tesi_ws/install/create_dataset/lib/python3.10/site-packages/create_dataset/reloc_capture.py to reloc_capture.cpython-310.pyc
[0.981s] running install_data
[0.981s] running install_egg_info
[0.983s] removing '/home/simone/tesi_ws/install/create_dataset/lib/python3.10/site-packages/create_dataset-0.0.0-py3.10.egg-info' (and everything under it)
[0.983s] Copying ../../build/create_dataset/create_dataset.egg-info to /home/simone/tesi_ws/install/create_dataset/lib/python3.10/site-packages/create_dataset-0.0.0-py3.10.egg-info
[0.984s] running install_scripts
[1.001s] Installing image_capture_node script to /home/simone/tesi_ws/install/create_dataset/lib/create_dataset
[1.002s] Installing reloc_capture_node script to /home/simone/tesi_ws/install/create_dataset/lib/create_dataset
[1.002s] writing list of installed files to '/home/simone/tesi_ws/build/create_dataset/install.log'
[1.033s] Invoked command in '/home/simone/tesi_ws/src/create_dataset' returned '0': PYTHONPATH=/home/simone/tesi_ws/build/create_dataset/prefix_override:/home/simone/tesi_ws/install/create_dataset/lib/python3.10/site-packages:${PYTHONPATH} /usr/bin/python3 setup.py egg_info --egg-base ../../build/create_dataset build --build-base /home/simone/tesi_ws/build/create_dataset/build install --record /home/simone/tesi_ws/build/create_dataset/install.log --single-version-externally-managed
