[0.366s] Invoking command in '/home/simone/tesi_ws/build/turtlebot3_navigation2': CMAKE_PREFIX_PATH=${CMAKE_PREFIX_PATH}:/home/simone/tesi_ws/install/turtlebot3_teleop:/home/simone/tesi_ws/install/turtlebot3_example:/home/simone/tesi_ws/install/relocalization_pkg:/home/simone/tesi_ws/install/create_dataset:/opt/ros/humble /usr/bin/cmake --build /home/simone/tesi_ws/build/turtlebot3_navigation2 -- -j12 -l12
[1.382s] Invoked command in '/home/simone/tesi_ws/build/turtlebot3_navigation2' returned '0': CMAKE_PREFIX_PATH=${CMAKE_PREFIX_PATH}:/home/simone/tesi_ws/install/turtlebot3_teleop:/home/simone/tesi_ws/install/turtlebot3_example:/home/simone/tesi_ws/install/relocalization_pkg:/home/simone/tesi_ws/install/create_dataset:/opt/ros/humble /usr/bin/cmake --build /home/simone/tesi_ws/build/turtlebot3_navigation2 -- -j12 -l12
[1.447s] Invoking command in '/home/simone/tesi_ws/build/turtlebot3_navigation2': CMAKE_PREFIX_PATH=${CMAKE_PREFIX_PATH}:/home/simone/tesi_ws/install/turtlebot3_teleop:/home/simone/tesi_ws/install/turtlebot3_example:/home/simone/tesi_ws/install/relocalization_pkg:/home/simone/tesi_ws/install/create_dataset:/opt/ros/humble /usr/bin/cmake --install /home/simone/tesi_ws/build/turtlebot3_navigation2
[1.490s] -- Install configuration: ""
[1.490s] -- Up-to-date: /home/simone/tesi_ws/install/turtlebot3_navigation2/share/turtlebot3_navigation2/launch
[1.490s] -- Up-to-date: /home/simone/tesi_ws/install/turtlebot3_navigation2/share/turtlebot3_navigation2/launch/navigation2.launch.py
[1.490s] -- Up-to-date: /home/simone/tesi_ws/install/turtlebot3_navigation2/share/turtlebot3_navigation2/launch/navigation2_use_sim_time.launch.py
[1.490s] -- Up-to-date: /home/simone/tesi_ws/install/turtlebot3_navigation2/share/turtlebot3_navigation2/map
[1.490s] -- Up-to-date: /home/simone/tesi_ws/install/turtlebot3_navigation2/share/turtlebot3_navigation2/map/turtlebot3_world.yaml
[1.490s] -- Up-to-date: /home/simone/tesi_ws/install/turtlebot3_navigation2/share/turtlebot3_navigation2/map/turtlebot3_world.pgm
[1.490s] -- Up-to-date: /home/simone/tesi_ws/install/turtlebot3_navigation2/share/turtlebot3_navigation2/param
[1.491s] -- Up-to-date: /home/simone/tesi_ws/install/turtlebot3_navigation2/share/turtlebot3_navigation2/param/burger_use_sim_time.yaml
[1.525s] -- Up-to-date: /home/simone/tesi_ws/install/turtlebot3_navigation2/share/turtlebot3_navigation2/param/waffle_pi_use_sim_time.yaml
[1.526s] -- Up-to-date: /home/simone/tesi_ws/install/turtlebot3_navigation2/share/turtlebot3_navigation2/param/burger.yaml
[1.527s] -- Up-to-date: /home/simone/tesi_ws/install/turtlebot3_navigation2/share/turtlebot3_navigation2/param/waffle_pi.yaml
[1.527s] -- Up-to-date: /home/simone/tesi_ws/install/turtlebot3_navigation2/share/turtlebot3_navigation2/rviz
[1.527s] -- Up-to-date: /home/simone/tesi_ws/install/turtlebot3_navigation2/share/turtlebot3_navigation2/rviz/navigation2.rviz
[1.527s] -- Up-to-date: /home/simone/tesi_ws/install/turtlebot3_navigation2/share/ament_index/resource_index/package_run_dependencies/turtlebot3_navigation2
[1.529s] -- Up-to-date: /home/simone/tesi_ws/install/turtlebot3_navigation2/share/ament_index/resource_index/parent_prefix_path/turtlebot3_navigation2
[1.529s] -- Up-to-date: /home/simone/tesi_ws/install/turtlebot3_navigation2/share/turtlebot3_navigation2/environment/ament_prefix_path.sh
[1.529s] -- Up-to-date: /home/simone/tesi_ws/install/turtlebot3_navigation2/share/turtlebot3_navigation2/environment/ament_prefix_path.dsv
[1.530s] -- Up-to-date: /home/simone/tesi_ws/install/turtlebot3_navigation2/share/turtlebot3_navigation2/environment/path.sh
[1.530s] -- Up-to-date: /home/simone/tesi_ws/install/turtlebot3_navigation2/share/turtlebot3_navigation2/environment/path.dsv
[1.531s] -- Up-to-date: /home/simone/tesi_ws/install/turtlebot3_navigation2/share/turtlebot3_navigation2/local_setup.bash
[1.531s] -- Up-to-date: /home/simone/tesi_ws/install/turtlebot3_navigation2/share/turtlebot3_navigation2/local_setup.sh
[1.531s] -- Up-to-date: /home/simone/tesi_ws/install/turtlebot3_navigation2/share/turtlebot3_navigation2/local_setup.zsh
[1.533s] -- Up-to-date: /home/simone/tesi_ws/install/turtlebot3_navigation2/share/turtlebot3_navigation2/local_setup.dsv
[1.534s] -- Installing: /home/simone/tesi_ws/install/turtlebot3_navigation2/share/turtlebot3_navigation2/package.dsv
[1.534s] -- Up-to-date: /home/simone/tesi_ws/install/turtlebot3_navigation2/share/ament_index/resource_index/packages/turtlebot3_navigation2
[1.534s] -- Up-to-date: /home/simone/tesi_ws/install/turtlebot3_navigation2/share/turtlebot3_navigation2/cmake/turtlebot3_navigation2Config.cmake
[1.534s] -- Up-to-date: /home/simone/tesi_ws/install/turtlebot3_navigation2/share/turtlebot3_navigation2/cmake/turtlebot3_navigation2Config-version.cmake
[1.534s] -- Up-to-date: /home/simone/tesi_ws/install/turtlebot3_navigation2/share/turtlebot3_navigation2/package.xml
[1.647s] Invoked command in '/home/simone/tesi_ws/build/turtlebot3_navigation2' returned '0': CMAKE_PREFIX_PATH=${CMAKE_PREFIX_PATH}:/home/simone/tesi_ws/install/turtlebot3_teleop:/home/simone/tesi_ws/install/turtlebot3_example:/home/simone/tesi_ws/install/relocalization_pkg:/home/simone/tesi_ws/install/create_dataset:/opt/ros/humble /usr/bin/cmake --install /home/simone/tesi_ws/build/turtlebot3_navigation2
