[2.333s] Invoking command in '/home/simone/tesi_ws/src/relocalization_pkg': PYTHONPATH=/home/simone/tesi_ws/build/relocalization_pkg/prefix_override:/home/simone/tesi_ws/install/relocalization_pkg/lib/python3.10/site-packages:${PYTHONPATH} /usr/bin/python3 setup.py egg_info --egg-base ../../build/relocalization_pkg build --build-base /home/simone/tesi_ws/build/relocalization_pkg/build install --record /home/simone/tesi_ws/build/relocalization_pkg/install.log --single-version-externally-managed
[2.855s] running egg_info
[2.856s] writing ../../build/relocalization_pkg/relocalization_pkg.egg-info/PKG-INFO
[2.857s] writing dependency_links to ../../build/relocalization_pkg/relocalization_pkg.egg-info/dependency_links.txt
[2.857s] writing entry points to ../../build/relocalization_pkg/relocalization_pkg.egg-info/entry_points.txt
[2.857s] writing requirements to ../../build/relocalization_pkg/relocalization_pkg.egg-info/requires.txt
[2.858s] writing top-level names to ../../build/relocalization_pkg/relocalization_pkg.egg-info/top_level.txt
[2.863s] reading manifest file '../../build/relocalization_pkg/relocalization_pkg.egg-info/SOURCES.txt'
[2.866s] writing manifest file '../../build/relocalization_pkg/relocalization_pkg.egg-info/SOURCES.txt'
[2.866s] running build
[2.867s] running build_py
[2.867s] copying relocalization_pkg/pose_estimation_node_v2.py -> /home/simone/tesi_ws/build/relocalization_pkg/build/lib/relocalization_pkg
[2.867s] running install
[2.868s] running install_lib
[2.869s] copying /home/simone/tesi_ws/build/relocalization_pkg/build/lib/relocalization_pkg/pose_estimation_node_v2.py -> /home/simone/tesi_ws/install/relocalization_pkg/lib/python3.10/site-packages/relocalization_pkg
[2.872s] byte-compiling /home/simone/tesi_ws/install/relocalization_pkg/lib/python3.10/site-packages/relocalization_pkg/pose_estimation_node_v2.py to pose_estimation_node_v2.cpython-310.pyc
[2.876s] running install_data
[2.878s] running install_egg_info
[2.887s] removing '/home/simone/tesi_ws/install/relocalization_pkg/lib/python3.10/site-packages/relocalization_pkg-0.0.0-py3.10.egg-info' (and everything under it)
[2.887s] Copying ../../build/relocalization_pkg/relocalization_pkg.egg-info to /home/simone/tesi_ws/install/relocalization_pkg/lib/python3.10/site-packages/relocalization_pkg-0.0.0-py3.10.egg-info
[2.889s] running install_scripts
[2.934s] Installing acquire_query_node script to /home/simone/tesi_ws/install/relocalization_pkg/lib/relocalization_pkg
[2.935s] Installing pose_estimation_node script to /home/simone/tesi_ws/install/relocalization_pkg/lib/relocalization_pkg
[2.936s] Installing reloc_eval_node script to /home/simone/tesi_ws/install/relocalization_pkg/lib/relocalization_pkg
[2.936s] Installing show_poses_node script to /home/simone/tesi_ws/install/relocalization_pkg/lib/relocalization_pkg
[2.936s] writing list of installed files to '/home/simone/tesi_ws/build/relocalization_pkg/install.log'
[3.088s] Invoked command in '/home/simone/tesi_ws/src/relocalization_pkg' returned '0': PYTHONPATH=/home/simone/tesi_ws/build/relocalization_pkg/prefix_override:/home/simone/tesi_ws/install/relocalization_pkg/lib/python3.10/site-packages:${PYTHONPATH} /usr/bin/python3 setup.py egg_info --egg-base ../../build/relocalization_pkg build --build-base /home/simone/tesi_ws/build/relocalization_pkg/build install --record /home/simone/tesi_ws/build/relocalization_pkg/install.log --single-version-externally-managed
