[0.745s] Invoking command in '/home/simone/tesi_ws/build/turtlebot3_fake_node': CMAKE_PREFIX_PATH=/home/simone/tesi_ws/install/turtlebot3_msgs:/home/simone/tesi_ws/install/turtlebot3:/home/simone/tesi_ws/install/turtlebot3_simulations:/home/simone/tesi_ws/install/turtlebot3_navigation2:/home/simone/tesi_ws/install/turtlebot3_fake_node:/home/simone/tesi_ws/install/turtlebot3_hardware:/home/simone/tesi_ws/install/turtlebot3_gazebo:/home/simone/tesi_ws/install/turtlebot3_bringup:/home/simone/tesi_ws/install/turtlebot3_description:/home/simone/tesi_ws/install/turtlebot3_cartographer:/home/simone/tesi_ws/install/dynamixel_sdk_examples:/home/simone/tesi_ws/install/dynamixel_sdk_custom_interfaces:/home/simone/tesi_ws/install/dynamixel_sdk:/home/simone/tesi_ws/install/turtlebot3_teleop:/home/simone/tesi_ws/install/turtlebot3_example:/home/simone/tesi_ws/install/relocalization_pkg:/home/simone/tesi_ws/install/create_dataset:/opt/ros/humble LD_LIBRARY_PATH=/home/simone/tesi_ws/install/turtlebot3_msgs/lib:/home/simone/tesi_ws/install/turtlebot3_hardware/lib:/home/simone/tesi_ws/install/dynamixel_sdk_custom_interfaces/lib:/home/simone/tesi_ws/install/dynamixel_sdk/lib:/opt/ros/humble/opt/rviz_ogre_vendor/lib:/opt/ros/humble/lib/x86_64-linux-gnu:/opt/ros/humble/lib:/usr/lib/x86_64-linux-gnu/gazebo-11/plugins /usr/bin/cmake --build /home/simone/tesi_ws/build/turtlebot3_fake_node -- -j12 -l12
[0.782s] [35m[1mConsolidate compiler generated dependencies of target turtlebot3_fake_node[0m
[0.799s] [100%] Built target turtlebot3_fake_node
[0.845s] Invoked command in '/home/simone/tesi_ws/build/turtlebot3_fake_node' returned '0': CMAKE_PREFIX_PATH=/home/simone/tesi_ws/install/turtlebot3_msgs:/home/simone/tesi_ws/install/turtlebot3:/home/simone/tesi_ws/install/turtlebot3_simulations:/home/simone/tesi_ws/install/turtlebot3_navigation2:/home/simone/tesi_ws/install/turtlebot3_fake_node:/home/simone/tesi_ws/install/turtlebot3_hardware:/home/simone/tesi_ws/install/turtlebot3_gazebo:/home/simone/tesi_ws/install/turtlebot3_bringup:/home/simone/tesi_ws/install/turtlebot3_description:/home/simone/tesi_ws/install/turtlebot3_cartographer:/home/simone/tesi_ws/install/dynamixel_sdk_examples:/home/simone/tesi_ws/install/dynamixel_sdk_custom_interfaces:/home/simone/tesi_ws/install/dynamixel_sdk:/home/simone/tesi_ws/install/turtlebot3_teleop:/home/simone/tesi_ws/install/turtlebot3_example:/home/simone/tesi_ws/install/relocalization_pkg:/home/simone/tesi_ws/install/create_dataset:/opt/ros/humble LD_LIBRARY_PATH=/home/simone/tesi_ws/install/turtlebot3_msgs/lib:/home/simone/tesi_ws/install/turtlebot3_hardware/lib:/home/simone/tesi_ws/install/dynamixel_sdk_custom_interfaces/lib:/home/simone/tesi_ws/install/dynamixel_sdk/lib:/opt/ros/humble/opt/rviz_ogre_vendor/lib:/opt/ros/humble/lib/x86_64-linux-gnu:/opt/ros/humble/lib:/usr/lib/x86_64-linux-gnu/gazebo-11/plugins /usr/bin/cmake --build /home/simone/tesi_ws/build/turtlebot3_fake_node -- -j12 -l12
[1.036s] Invoking command in '/home/simone/tesi_ws/build/turtlebot3_fake_node': CMAKE_PREFIX_PATH=/home/simone/tesi_ws/install/turtlebot3_msgs:/home/simone/tesi_ws/install/turtlebot3:/home/simone/tesi_ws/install/turtlebot3_simulations:/home/simone/tesi_ws/install/turtlebot3_navigation2:/home/simone/tesi_ws/install/turtlebot3_fake_node:/home/simone/tesi_ws/install/turtlebot3_hardware:/home/simone/tesi_ws/install/turtlebot3_gazebo:/home/simone/tesi_ws/install/turtlebot3_bringup:/home/simone/tesi_ws/install/turtlebot3_description:/home/simone/tesi_ws/install/turtlebot3_cartographer:/home/simone/tesi_ws/install/dynamixel_sdk_examples:/home/simone/tesi_ws/install/dynamixel_sdk_custom_interfaces:/home/simone/tesi_ws/install/dynamixel_sdk:/home/simone/tesi_ws/install/turtlebot3_teleop:/home/simone/tesi_ws/install/turtlebot3_example:/home/simone/tesi_ws/install/relocalization_pkg:/home/simone/tesi_ws/install/create_dataset:/opt/ros/humble LD_LIBRARY_PATH=/home/simone/tesi_ws/install/turtlebot3_msgs/lib:/home/simone/tesi_ws/install/turtlebot3_hardware/lib:/home/simone/tesi_ws/install/dynamixel_sdk_custom_interfaces/lib:/home/simone/tesi_ws/install/dynamixel_sdk/lib:/opt/ros/humble/opt/rviz_ogre_vendor/lib:/opt/ros/humble/lib/x86_64-linux-gnu:/opt/ros/humble/lib:/usr/lib/x86_64-linux-gnu/gazebo-11/plugins /usr/bin/cmake --install /home/simone/tesi_ws/build/turtlebot3_fake_node
[1.046s] -- Install configuration: ""
[1.046s] -- Up-to-date: /home/simone/tesi_ws/install/turtlebot3_fake_node/lib/turtlebot3_fake_node/turtlebot3_fake_node
[1.047s] -- Up-to-date: /home/simone/tesi_ws/install/turtlebot3_fake_node/share/turtlebot3_fake_node/launch
[1.047s] -- Up-to-date: /home/simone/tesi_ws/install/turtlebot3_fake_node/share/turtlebot3_fake_node/launch/turtlebot3_fake_node.launch.py
[1.047s] -- Up-to-date: /home/simone/tesi_ws/install/turtlebot3_fake_node/share/turtlebot3_fake_node/launch/rviz2.launch.py
[1.047s] -- Up-to-date: /home/simone/tesi_ws/install/turtlebot3_fake_node/share/turtlebot3_fake_node/param
[1.048s] -- Up-to-date: /home/simone/tesi_ws/install/turtlebot3_fake_node/share/turtlebot3_fake_node/param/waffle.yaml
[1.048s] -- Up-to-date: /home/simone/tesi_ws/install/turtlebot3_fake_node/share/turtlebot3_fake_node/param/burger.yaml
[1.048s] -- Up-to-date: /home/simone/tesi_ws/install/turtlebot3_fake_node/share/turtlebot3_fake_node/param/waffle_pi.yaml
[1.049s] -- Up-to-date: /home/simone/tesi_ws/install/turtlebot3_fake_node/include/
[1.049s] -- Up-to-date: /home/simone/tesi_ws/install/turtlebot3_fake_node/include//turtlebot3_fake_node
[1.049s] -- Up-to-date: /home/simone/tesi_ws/install/turtlebot3_fake_node/include//turtlebot3_fake_node/turtlebot3_fake_node.hpp
[1.050s] -- Up-to-date: /home/simone/tesi_ws/install/turtlebot3_fake_node/share/ament_index/resource_index/package_run_dependencies/turtlebot3_fake_node
[1.050s] -- Up-to-date: /home/simone/tesi_ws/install/turtlebot3_fake_node/share/ament_index/resource_index/parent_prefix_path/turtlebot3_fake_node
[1.051s] -- Up-to-date: /home/simone/tesi_ws/install/turtlebot3_fake_node/share/turtlebot3_fake_node/environment/ament_prefix_path.sh
[1.051s] -- Up-to-date: /home/simone/tesi_ws/install/turtlebot3_fake_node/share/turtlebot3_fake_node/environment/ament_prefix_path.dsv
[1.051s] -- Up-to-date: /home/simone/tesi_ws/install/turtlebot3_fake_node/share/turtlebot3_fake_node/environment/path.sh
[1.052s] -- Up-to-date: /home/simone/tesi_ws/install/turtlebot3_fake_node/share/turtlebot3_fake_node/environment/path.dsv
[1.052s] -- Up-to-date: /home/simone/tesi_ws/install/turtlebot3_fake_node/share/turtlebot3_fake_node/local_setup.bash
[1.052s] -- Up-to-date: /home/simone/tesi_ws/install/turtlebot3_fake_node/share/turtlebot3_fake_node/local_setup.sh
[1.052s] -- Up-to-date: /home/simone/tesi_ws/install/turtlebot3_fake_node/share/turtlebot3_fake_node/local_setup.zsh
[1.052s] -- Up-to-date: /home/simone/tesi_ws/install/turtlebot3_fake_node/share/turtlebot3_fake_node/local_setup.dsv
[1.053s] -- Installing: /home/simone/tesi_ws/install/turtlebot3_fake_node/share/turtlebot3_fake_node/package.dsv
[1.053s] -- Up-to-date: /home/simone/tesi_ws/install/turtlebot3_fake_node/share/ament_index/resource_index/packages/turtlebot3_fake_node
[1.054s] -- Up-to-date: /home/simone/tesi_ws/install/turtlebot3_fake_node/share/turtlebot3_fake_node/cmake/ament_cmake_export_include_directories-extras.cmake
[1.054s] -- Up-to-date: /home/simone/tesi_ws/install/turtlebot3_fake_node/share/turtlebot3_fake_node/cmake/ament_cmake_export_dependencies-extras.cmake
[1.055s] -- Up-to-date: /home/simone/tesi_ws/install/turtlebot3_fake_node/share/turtlebot3_fake_node/cmake/turtlebot3_fake_nodeConfig.cmake
[1.055s] -- Up-to-date: /home/simone/tesi_ws/install/turtlebot3_fake_node/share/turtlebot3_fake_node/cmake/turtlebot3_fake_nodeConfig-version.cmake
[1.055s] -- Up-to-date: /home/simone/tesi_ws/install/turtlebot3_fake_node/share/turtlebot3_fake_node/package.xml
[1.113s] Invoked command in '/home/simone/tesi_ws/build/turtlebot3_fake_node' returned '0': CMAKE_PREFIX_PATH=/home/simone/tesi_ws/install/turtlebot3_msgs:/home/simone/tesi_ws/install/turtlebot3:/home/simone/tesi_ws/install/turtlebot3_simulations:/home/simone/tesi_ws/install/turtlebot3_navigation2:/home/simone/tesi_ws/install/turtlebot3_fake_node:/home/simone/tesi_ws/install/turtlebot3_hardware:/home/simone/tesi_ws/install/turtlebot3_gazebo:/home/simone/tesi_ws/install/turtlebot3_bringup:/home/simone/tesi_ws/install/turtlebot3_description:/home/simone/tesi_ws/install/turtlebot3_cartographer:/home/simone/tesi_ws/install/dynamixel_sdk_examples:/home/simone/tesi_ws/install/dynamixel_sdk_custom_interfaces:/home/simone/tesi_ws/install/dynamixel_sdk:/home/simone/tesi_ws/install/turtlebot3_teleop:/home/simone/tesi_ws/install/turtlebot3_example:/home/simone/tesi_ws/install/relocalization_pkg:/home/simone/tesi_ws/install/create_dataset:/opt/ros/humble LD_LIBRARY_PATH=/home/simone/tesi_ws/install/turtlebot3_msgs/lib:/home/simone/tesi_ws/install/turtlebot3_hardware/lib:/home/simone/tesi_ws/install/dynamixel_sdk_custom_interfaces/lib:/home/simone/tesi_ws/install/dynamixel_sdk/lib:/opt/ros/humble/opt/rviz_ogre_vendor/lib:/opt/ros/humble/lib/x86_64-linux-gnu:/opt/ros/humble/lib:/usr/lib/x86_64-linux-gnu/gazebo-11/plugins /usr/bin/cmake --install /home/simone/tesi_ws/build/turtlebot3_fake_node
