[0.534s] Invoking command in '/home/simone/tesi_ws/build/turtlebot3_hardware': CMAKE_PREFIX_PATH=/home/simone/tesi_ws/install/dynamixel_sdk:/home/simone/tesi_ws/install/turtlebot3:/home/simone/tesi_ws/install/turtlebot3_simulations:/home/simone/tesi_ws/install/turtlebot3_navigation2:/home/simone/tesi_ws/install/turtlebot3_fake_node:/home/simone/tesi_ws/install/turtlebot3_msgs:/home/simone/tesi_ws/install/turtlebot3_hardware:/home/simone/tesi_ws/install/turtlebot3_gazebo:/home/simone/tesi_ws/install/turtlebot3_bringup:/home/simone/tesi_ws/install/turtlebot3_description:/home/simone/tesi_ws/install/turtlebot3_cartographer:/home/simone/tesi_ws/install/dynamixel_sdk_examples:/home/simone/tesi_ws/install/dynamixel_sdk_custom_interfaces:/home/simone/tesi_ws/install/turtlebot3_teleop:/home/simone/tesi_ws/install/turtlebot3_example:/home/simone/tesi_ws/install/relocalization_pkg:/home/simone/tesi_ws/install/create_dataset:/opt/ros/humble LD_LIBRARY_PATH=/home/simone/tesi_ws/install/dynamixel_sdk/lib:/home/simone/tesi_ws/install/turtlebot3_msgs/lib:/home/simone/tesi_ws/install/turtlebot3_hardware/lib:/home/simone/tesi_ws/install/dynamixel_sdk_custom_interfaces/lib:/opt/ros/humble/opt/rviz_ogre_vendor/lib:/opt/ros/humble/lib/x86_64-linux-gnu:/opt/ros/humble/lib:/usr/lib/x86_64-linux-gnu/gazebo-11/plugins /usr/bin/cmake /home/simone/tesi_ws/src/turtlebot3/turtlebot3_hardware -DCMAKE_INSTALL_PREFIX=/home/simone/tesi_ws/install/turtlebot3_hardware
[0.618s] -- Found ament_cmake: 1.3.6 (/opt/ros/humble/share/ament_cmake/cmake)
[1.320s] -- Override CMake install command with custom implementation using symlinks instead of copying resources
[1.356s] -- Found dynamixel_sdk: 3.7.60 (/home/simone/tesi_ws/install/dynamixel_sdk/share/dynamixel_sdk/cmake)
[1.359s] -- Found hardware_interface: 2.35.0 (/opt/ros/humble/share/hardware_interface/cmake)
[1.576s] -- Found rosidl_generator_c: 3.1.5 (/opt/ros/humble/share/rosidl_generator_c/cmake)
[1.590s] -- Found rosidl_adapter: 3.1.5 (/opt/ros/humble/share/rosidl_adapter/cmake)
[1.591s] -- Found rosidl_generator_cpp: 3.1.5 (/opt/ros/humble/share/rosidl_generator_cpp/cmake)
[1.613s] -- Using all available rosidl_typesupport_c: rosidl_typesupport_fastrtps_c;rosidl_typesupport_introspection_c
[1.648s] -- Using all available rosidl_typesupport_cpp: rosidl_typesupport_fastrtps_cpp;rosidl_typesupport_introspection_cpp
[4.347s] -- Found rmw_implementation_cmake: 6.1.1 (/opt/ros/humble/share/rmw_implementation_cmake/cmake)
[4.357s] -- Found rmw_fastrtps_cpp: 6.2.5 (/opt/ros/humble/share/rmw_fastrtps_cpp/cmake)
[4.497s] -- Found TinyXML2 via Config file: TinyXML2_DIR-NOTFOUND
[4.564s] -- Found TinyXML2 via Config file: TinyXML2_DIR-NOTFOUND
[4.674s] -- Found TinyXML2 via Config file: TinyXML2_DIR-NOTFOUND
[4.719s] -- Found TinyXML2 via Config file: TinyXML2_DIR-NOTFOUND
[4.799s] -- Using RMW implementation 'rmw_fastrtps_cpp' as default
[5.669s] -- Configuring done
[5.739s] -- Generating done
[5.740s] -- Build files have been written to: /home/simone/tesi_ws/build/turtlebot3_hardware
