[0.152s] Invoking command in '/home/simone/tesi_ws/build/turtlebot3_hardware': AMENT_PREFIX_PATH=/home/simone/tesi_ws/install/dynamixel_sdk:${AMENT_PREFIX_PATH} CMAKE_PREFIX_PATH=/home/simone/tesi_ws/install/dynamixel_sdk:/opt/ros/humble LD_LIBRARY_PATH=/home/simone/tesi_ws/install/dynamixel_sdk/lib:${LD_LIBRARY_PATH} /usr/bin/cmake /home/simone/tesi_ws/src/turtlebot3/turtlebot3_hardware -DAMENT_CMAKE_SYMLINK_INSTALL=1 -DCMAKE_INSTALL_PREFIX=/home/simone/tesi_ws/install/turtlebot3_hardware
[0.309s] -- The C compiler identification is GNU 11.4.0
[0.773s] -- The CXX compiler identification is GNU 11.4.0
[1.102s] -- Detecting C compiler ABI info
[1.299s] -- Detecting C compiler ABI info - done
[1.301s] -- Check for working C compiler: /usr/bin/cc - skipped
[1.301s] -- Detecting C compile features
[1.302s] -- Detecting C compile features - done
[1.306s] -- Detecting CXX compiler ABI info
[1.652s] -- Detecting CXX compiler ABI info - done
[1.667s] -- Check for working CXX compiler: /usr/bin/c++ - skipped
[1.667s] -- Detecting CXX compile features
[1.668s] -- Detecting CXX compile features - done
[1.671s] -- Found ament_cmake: 1.3.5 (/opt/ros/humble/share/ament_cmake/cmake)
[2.008s] -- Found Python3: /usr/bin/python3.10 (found version "3.10.12") found components: Interpreter 
[2.109s] -- Override CMake install command with custom implementation using symlinks instead of copying resources
[2.158s] -- Found dynamixel_sdk: 3.7.60 (/home/simone/tesi_ws/install/dynamixel_sdk/share/dynamixel_sdk/cmake)
[2.162s] -- Found hardware_interface: 2.32.0 (/opt/ros/humble/share/hardware_interface/cmake)
[2.335s] -- Found rosidl_generator_c: 3.1.5 (/opt/ros/humble/share/rosidl_generator_c/cmake)
[2.347s] -- Found rosidl_adapter: 3.1.5 (/opt/ros/humble/share/rosidl_adapter/cmake)
[2.366s] -- Found rosidl_generator_cpp: 3.1.5 (/opt/ros/humble/share/rosidl_generator_cpp/cmake)
[2.388s] -- Using all available rosidl_typesupport_c: rosidl_typesupport_fastrtps_c;rosidl_typesupport_introspection_c
[2.430s] -- Using all available rosidl_typesupport_cpp: rosidl_typesupport_fastrtps_cpp;rosidl_typesupport_introspection_cpp
[5.235s] -- Found rmw_implementation_cmake: 6.1.1 (/opt/ros/humble/share/rmw_implementation_cmake/cmake)
[5.238s] -- Found rmw_fastrtps_cpp: 6.2.4 (/opt/ros/humble/share/rmw_fastrtps_cpp/cmake)
[6.544s] -- Found OpenSSL: /usr/lib/x86_64-linux-gnu/libcrypto.so (found version "3.0.2")  
[7.834s] -- Found FastRTPS: /opt/ros/humble/include  
[10.423s] -- Using RMW implementation 'rmw_fastrtps_cpp' as default
[10.440s] -- Looking for pthread.h
[10.563s] -- Looking for pthread.h - found
[10.563s] -- Performing Test CMAKE_HAVE_LIBC_PTHREAD
[10.691s] -- Performing Test CMAKE_HAVE_LIBC_PTHREAD - Success
[10.692s] -- Found Threads: TRUE  
[11.077s] -- Configuring done
[11.098s] -- Generating done
[11.100s] -- Build files have been written to: /home/simone/tesi_ws/build/turtlebot3_hardware
[11.377s] Invoked command in '/home/simone/tesi_ws/build/turtlebot3_hardware' returned '0': AMENT_PREFIX_PATH=/home/simone/tesi_ws/install/dynamixel_sdk:${AMENT_PREFIX_PATH} CMAKE_PREFIX_PATH=/home/simone/tesi_ws/install/dynamixel_sdk:/opt/ros/humble LD_LIBRARY_PATH=/home/simone/tesi_ws/install/dynamixel_sdk/lib:${LD_LIBRARY_PATH} /usr/bin/cmake /home/simone/tesi_ws/src/turtlebot3/turtlebot3_hardware -DAMENT_CMAKE_SYMLINK_INSTALL=1 -DCMAKE_INSTALL_PREFIX=/home/simone/tesi_ws/install/turtlebot3_hardware
[11.378s] Invoking command in '/home/simone/tesi_ws/build/turtlebot3_hardware': AMENT_PREFIX_PATH=/home/simone/tesi_ws/install/dynamixel_sdk:${AMENT_PREFIX_PATH} CMAKE_PREFIX_PATH=/home/simone/tesi_ws/install/dynamixel_sdk:/opt/ros/humble LD_LIBRARY_PATH=/home/simone/tesi_ws/install/dynamixel_sdk/lib:${LD_LIBRARY_PATH} /usr/bin/cmake --build /home/simone/tesi_ws/build/turtlebot3_hardware -- -j12 -l12
[11.431s] [ 75%] [32mBuilding CXX object CMakeFiles/turtlebot3_hardware.dir/src/opencr.cpp.o[0m
[11.432s] [ 75%] [32mBuilding CXX object CMakeFiles/turtlebot3_hardware.dir/src/turtlebot3_system.cpp.o[0m
[11.432s] [ 75%] [32mBuilding CXX object CMakeFiles/turtlebot3_hardware.dir/src/dynamixel_sdk_wrapper.cpp.o[0m
[16.665s] [100%] [32m[1mLinking CXX shared library libturtlebot3_hardware.so[0m
[16.988s] [100%] Built target turtlebot3_hardware
[17.000s] Invoked command in '/home/simone/tesi_ws/build/turtlebot3_hardware' returned '0': AMENT_PREFIX_PATH=/home/simone/tesi_ws/install/dynamixel_sdk:${AMENT_PREFIX_PATH} CMAKE_PREFIX_PATH=/home/simone/tesi_ws/install/dynamixel_sdk:/opt/ros/humble LD_LIBRARY_PATH=/home/simone/tesi_ws/install/dynamixel_sdk/lib:${LD_LIBRARY_PATH} /usr/bin/cmake --build /home/simone/tesi_ws/build/turtlebot3_hardware -- -j12 -l12
[17.029s] Invoking command in '/home/simone/tesi_ws/build/turtlebot3_hardware': AMENT_PREFIX_PATH=/home/simone/tesi_ws/install/dynamixel_sdk:${AMENT_PREFIX_PATH} CMAKE_PREFIX_PATH=/home/simone/tesi_ws/install/dynamixel_sdk:/opt/ros/humble LD_LIBRARY_PATH=/home/simone/tesi_ws/install/dynamixel_sdk/lib:${LD_LIBRARY_PATH} /usr/bin/cmake --install /home/simone/tesi_ws/build/turtlebot3_hardware
[17.035s] -- Install configuration: ""
[17.036s] -- Execute custom install script
[17.037s] -- Symlinking: /home/simone/tesi_ws/install/turtlebot3_hardware/share/turtlebot3_hardware//turtlebot3_hardware.xml
[17.045s] -- Symlinking: /home/simone/tesi_ws/install/turtlebot3_hardware/include/turtlebot3_hardware/dynamixel_sdk_wrapper.hpp
[17.053s] -- Symlinking: /home/simone/tesi_ws/install/turtlebot3_hardware/include/turtlebot3_hardware/opencr.hpp
[17.061s] -- Symlinking: /home/simone/tesi_ws/install/turtlebot3_hardware/include/turtlebot3_hardware/opencr_control_table.hpp
[17.070s] -- Symlinking: /home/simone/tesi_ws/install/turtlebot3_hardware/include/turtlebot3_hardware/opencr_definitions.hpp
[17.081s] -- Symlinking: /home/simone/tesi_ws/install/turtlebot3_hardware/include/turtlebot3_hardware/turtlebot3_system.hpp
[17.090s] -- Symlinking: /home/simone/tesi_ws/install/turtlebot3_hardware/include/turtlebot3_hardware/visibility_control.h
[17.100s] -- Symlinking: /home/simone/tesi_ws/install/turtlebot3_hardware/lib/libturtlebot3_hardware.so
[17.110s] -- Symlinking: /home/simone/tesi_ws/install/turtlebot3_hardware/share/turtlebot3_hardware/environment/library_path.sh
[17.124s] -- Symlinking: /home/simone/tesi_ws/install/turtlebot3_hardware/share/turtlebot3_hardware/environment/library_path.dsv
[17.132s] -- Symlinking: /home/simone/tesi_ws/install/turtlebot3_hardware/share/ament_index/resource_index/package_run_dependencies/turtlebot3_hardware
[17.140s] -- Symlinking: /home/simone/tesi_ws/install/turtlebot3_hardware/share/ament_index/resource_index/parent_prefix_path/turtlebot3_hardware
[17.148s] -- Symlinking: /home/simone/tesi_ws/install/turtlebot3_hardware/share/turtlebot3_hardware/environment/ament_prefix_path.sh
[17.158s] -- Symlinking: /home/simone/tesi_ws/install/turtlebot3_hardware/share/turtlebot3_hardware/environment/ament_prefix_path.dsv
[17.167s] -- Symlinking: /home/simone/tesi_ws/install/turtlebot3_hardware/share/turtlebot3_hardware/environment/path.sh
[17.174s] -- Symlinking: /home/simone/tesi_ws/install/turtlebot3_hardware/share/turtlebot3_hardware/environment/path.dsv
[17.182s] -- Symlinking: /home/simone/tesi_ws/install/turtlebot3_hardware/share/turtlebot3_hardware/local_setup.bash
[17.190s] -- Symlinking: /home/simone/tesi_ws/install/turtlebot3_hardware/share/turtlebot3_hardware/local_setup.sh
[17.198s] -- Symlinking: /home/simone/tesi_ws/install/turtlebot3_hardware/share/turtlebot3_hardware/local_setup.zsh
[17.207s] -- Symlinking: /home/simone/tesi_ws/install/turtlebot3_hardware/share/turtlebot3_hardware/local_setup.dsv
[17.217s] -- Symlinking: /home/simone/tesi_ws/install/turtlebot3_hardware/share/turtlebot3_hardware/package.dsv
[17.225s] -- Symlinking: /home/simone/tesi_ws/install/turtlebot3_hardware/share/ament_index/resource_index/packages/turtlebot3_hardware
[17.235s] -- Symlinking: /home/simone/tesi_ws/install/turtlebot3_hardware/share/ament_index/resource_index/hardware_interface__pluginlib__plugin/turtlebot3_hardware
[17.248s] -- Symlinking: /home/simone/tesi_ws/install/turtlebot3_hardware/share/turtlebot3_hardware/cmake/ament_cmake_export_include_directories-extras.cmake
[17.259s] -- Symlinking: /home/simone/tesi_ws/install/turtlebot3_hardware/share/turtlebot3_hardware/cmake/ament_cmake_export_libraries-extras.cmake
[17.274s] -- Symlinking: /home/simone/tesi_ws/install/turtlebot3_hardware/share/turtlebot3_hardware/cmake/ament_cmake_export_dependencies-extras.cmake
[17.288s] -- Symlinking: /home/simone/tesi_ws/install/turtlebot3_hardware/share/turtlebot3_hardware/cmake/turtlebot3_hardwareConfig.cmake
[17.301s] -- Symlinking: /home/simone/tesi_ws/install/turtlebot3_hardware/share/turtlebot3_hardware/cmake/turtlebot3_hardwareConfig-version.cmake
[17.311s] -- Symlinking: /home/simone/tesi_ws/install/turtlebot3_hardware/share/turtlebot3_hardware/package.xml
[17.323s] Invoked command in '/home/simone/tesi_ws/build/turtlebot3_hardware' returned '0': AMENT_PREFIX_PATH=/home/simone/tesi_ws/install/dynamixel_sdk:${AMENT_PREFIX_PATH} CMAKE_PREFIX_PATH=/home/simone/tesi_ws/install/dynamixel_sdk:/opt/ros/humble LD_LIBRARY_PATH=/home/simone/tesi_ws/install/dynamixel_sdk/lib:${LD_LIBRARY_PATH} /usr/bin/cmake --install /home/simone/tesi_ws/build/turtlebot3_hardware
