[0.406s] Invoking command in '/home/simone/tesi_ws/build/turtlebot3_gazebo': CMAKE_PREFIX_PATH=${CMAKE_PREFIX_PATH}:/home/simone/tesi_ws/install/turtlebot3_teleop:/home/simone/tesi_ws/install/turtlebot3_example:/home/simone/tesi_ws/install/relocalization_pkg:/home/simone/tesi_ws/install/create_dataset:/opt/ros/humble /usr/bin/cmake --build /home/simone/tesi_ws/build/turtlebot3_gazebo -- -j12 -l12
[1.737s] -- Found ament_cmake: 1.3.6 (/opt/ros/humble/share/ament_cmake/cmake)
[1.737s] -- Override CMake install command with custom implementation using symlinks instead of copying resources
[1.737s] -- Found DART: /usr/include (Required is at least version "6.6") found components: dart 
[1.737s] -- Found Protobuf: /usr/lib/x86_64-linux-gnu/libprotobuf.so (found version "3.12.4") 
[1.737s] -- Looking for ignition-math6 -- found version 6.15.0
[1.737s] -- Searching for dependencies of ignition-math6
[1.738s] -- Looking for OGRE...
[1.738s] -- Found Ogre Ghadamon (1.9.0)
[1.738s] -- Found OGRE: optimized;/usr/lib/x86_64-linux-gnu/libOgreMain.so;debug;/usr/lib/x86_64-linux-gnu/libOgreMain.so
[1.738s] -- Looking for OGRE_Paging...
[1.738s] -- Found OGRE_Paging: optimized;/usr/lib/x86_64-linux-gnu/libOgrePaging.so;debug;/usr/lib/x86_64-linux-gnu/libOgrePaging.so
[1.738s] -- Looking for OGRE_Terrain...
[1.738s] -- Found OGRE_Terrain: optimized;/usr/lib/x86_64-linux-gnu/libOgreTerrain.so;debug;/usr/lib/x86_64-linux-gnu/libOgreTerrain.so
[1.738s] -- Looking for OGRE_Property...
[1.738s] -- Found OGRE_Property: optimized;/usr/lib/x86_64-linux-gnu/libOgreProperty.so;debug;/usr/lib/x86_64-linux-gnu/libOgreProperty.so
[1.738s] -- Looking for OGRE_RTShaderSystem...
[1.738s] -- Found OGRE_RTShaderSystem: optimized;/usr/lib/x86_64-linux-gnu/libOgreRTShaderSystem.so;debug;/usr/lib/x86_64-linux-gnu/libOgreRTShaderSystem.so
[1.738s] -- Looking for OGRE_Volume...
[1.738s] -- Found OGRE_Volume: optimized;/usr/lib/x86_64-linux-gnu/libOgreVolume.so;debug;/usr/lib/x86_64-linux-gnu/libOgreVolume.so
[1.738s] -- Looking for OGRE_Overlay...
[1.739s] -- Found OGRE_Overlay: optimized;/usr/lib/x86_64-linux-gnu/libOgreOverlay.so;debug;/usr/lib/x86_64-linux-gnu/libOgreOverlay.so
[1.739s] [33mCMake Warning (dev) at /usr/share/cmake-3.22/Modules/FindPackageHandleStandardArgs.cmake:438 (message):
[1.739s]   The package name passed to `find_package_handle_standard_args` (PkgConfig)
[1.740s]   does not match the name of the calling package (gazebo).  This can lead to
[1.742s]   problems in calling code that expects `find_package` result variables
[1.744s]   (e.g., `_FOUND`) to follow a certain pattern.
[1.744s] Call Stack (most recent call first):
[1.744s]   /usr/share/cmake-3.22/Modules/FindPkgConfig.cmake:99 (find_package_handle_standard_args)
[1.744s]   /usr/lib/x86_64-linux-gnu/cmake/gazebo/gazebo-config.cmake:72 (include)
[1.744s]   CMakeLists.txt:23 (find_package)
[1.744s] This warning is for project developers.  Use -Wno-dev to suppress it.
[1.745s] [0m
[12.528s] -- Looking for ignition-math6 -- found version 6.15.0
[12.529s] -- Looking for ignition-transport8 -- found version 8.2.1
[12.530s] -- Searching for dependencies of ignition-transport8
[13.229s] -- Found Protobuf: /usr/lib/x86_64-linux-gnu/libprotobuf.so (found suitable version "3.12.4", minimum required is "3") 
[13.922s] -- Config-file not installed for ZeroMQ -- checking for pkg-config
[13.926s] -- Checking for module 'libzmq >= 4'
[13.947s] --   Found libzmq , version 4.3.4
[13.971s] -- Checking for module 'uuid'
[13.980s] --   Found uuid, version 2.37.2
[13.999s] -- Looking for ignition-msgs5 -- found version 5.8.1
[13.999s] -- Searching for dependencies of ignition-msgs5
[14.667s] -- Looking for ignition-math6 -- found version 6.15.0
[14.678s] -- Checking for module 'tinyxml2'
[14.689s] --   Found tinyxml2, version 9.0.0
[14.714s] -- Looking for ignition-msgs5 -- found version 5.8.1
[14.715s] -- Looking for ignition-common3 -- found version 3.14.0
[14.715s] -- Searching for dependencies of ignition-common3
[14.715s] -- Looking for dlfcn.h - found
[14.716s] -- Looking for libdl - found
[14.766s] -- Searching for <ignition-common3> component [graphics]
[14.767s] -- Looking for ignition-common3-graphics -- found version 3.14.0
[14.768s] -- Searching for dependencies of ignition-common3-graphics
[14.768s] -- Looking for ignition-math6 -- found version 6.15.0
[14.770s] -- Looking for ignition-fuel_tools4 -- found version 4.4.0
[14.771s] -- Searching for dependencies of ignition-fuel_tools4
[15.671s] -- Checking for module 'jsoncpp'
[15.681s] --   Found jsoncpp, version 1.9.5
[15.705s] -- Checking for module 'libzip'
[15.714s] --   Found libzip, version 1.7.3
[15.732s] -- Looking for ignition-common3 -- found version 3.14.0
[15.732s] -- Looking for ignition-math6 -- found version 6.15.0
[15.733s] -- Looking for ignition-msgs5 -- found version 5.8.1
[15.736s] -- Found gazebo_ros_pkgs: 3.7.0 (/opt/ros/humble/share/gazebo_ros_pkgs/cmake)
[15.736s] -- Found geometry_msgs: 4.2.3 (/opt/ros/humble/share/geometry_msgs/cmake)
[15.772s] -- Found rosidl_generator_c: 3.1.5 (/opt/ros/humble/share/rosidl_generator_c/cmake)
[15.775s] -- Found rosidl_adapter: 3.1.5 (/opt/ros/humble/share/rosidl_adapter/cmake)
[15.781s] -- Found rosidl_generator_cpp: 3.1.5 (/opt/ros/humble/share/rosidl_generator_cpp/cmake)
[15.789s] -- Using all available rosidl_typesupport_c: rosidl_typesupport_fastrtps_c;rosidl_typesupport_introspection_c
[15.803s] -- Using all available rosidl_typesupport_cpp: rosidl_typesupport_fastrtps_cpp;rosidl_typesupport_introspection_cpp
[15.931s] -- Found nav_msgs: 4.2.3 (/opt/ros/humble/share/nav_msgs/cmake)
[16.021s] -- Found rclcpp: 16.0.7 (/opt/ros/humble/share/rclcpp/cmake)
[16.085s] -- Found rmw_implementation_cmake: 6.1.1 (/opt/ros/humble/share/rmw_implementation_cmake/cmake)
[16.087s] -- Found rmw_fastrtps_cpp: 6.2.5 (/opt/ros/humble/share/rmw_fastrtps_cpp/cmake)
[19.207s] -- Using RMW implementation 'rmw_fastrtps_cpp' as default
[19.334s] -- Found sensor_msgs: 4.2.3 (/opt/ros/humble/share/sensor_msgs/cmake)
[19.409s] -- Found tf2: 0.25.5 (/opt/ros/humble/share/tf2/cmake)
[19.485s] -- Configuring done
[19.519s] -- Generating done
[19.522s] -- Build files have been written to: /home/simone/tesi_ws/build/turtlebot3_gazebo
[19.548s] [35m[1mConsolidate compiler generated dependencies of target turtlebot3_drive[0m
[19.550s] [35m[1mConsolidate compiler generated dependencies of target obstacle1[0m
[19.550s] [35m[1mConsolidate compiler generated dependencies of target obstacle2[0m
[19.552s] [35m[1mConsolidate compiler generated dependencies of target obstacles[0m
[19.569s] [ 25%] Built target turtlebot3_drive
[19.591s] [ 50%] Built target obstacles
[19.591s] [100%] Built target obstacle2
[19.591s] [100%] Built target obstacle1
[19.600s] Invoked command in '/home/simone/tesi_ws/build/turtlebot3_gazebo' returned '0': CMAKE_PREFIX_PATH=${CMAKE_PREFIX_PATH}:/home/simone/tesi_ws/install/turtlebot3_teleop:/home/simone/tesi_ws/install/turtlebot3_example:/home/simone/tesi_ws/install/relocalization_pkg:/home/simone/tesi_ws/install/create_dataset:/opt/ros/humble /usr/bin/cmake --build /home/simone/tesi_ws/build/turtlebot3_gazebo -- -j12 -l12
[19.635s] Invoking command in '/home/simone/tesi_ws/build/turtlebot3_gazebo': CMAKE_PREFIX_PATH=${CMAKE_PREFIX_PATH}:/home/simone/tesi_ws/install/turtlebot3_teleop:/home/simone/tesi_ws/install/turtlebot3_example:/home/simone/tesi_ws/install/relocalization_pkg:/home/simone/tesi_ws/install/create_dataset:/opt/ros/humble /usr/bin/cmake --install /home/simone/tesi_ws/build/turtlebot3_gazebo
[19.642s] -- Install configuration: ""
[19.642s] -- Execute custom install script
[19.643s] -- Up-to-date symlink: /home/simone/tesi_ws/install/turtlebot3_gazebo/lib/turtlebot3_gazebo/turtlebot3_drive
[19.643s] -- Up-to-date symlink: /home/simone/tesi_ws/install/turtlebot3_gazebo/share/turtlebot3_gazebo//launch/empty_world.launch.py
[19.643s] -- Up-to-date symlink: /home/simone/tesi_ws/install/turtlebot3_gazebo/share/turtlebot3_gazebo//launch/robot_state_publisher.launch.py
[19.643s] -- Up-to-date symlink: /home/simone/tesi_ws/install/turtlebot3_gazebo/share/turtlebot3_gazebo//launch/spawn_turtlebot3.launch.py
[19.644s] -- Up-to-date symlink: /home/simone/tesi_ws/install/turtlebot3_gazebo/share/turtlebot3_gazebo//launch/turtlebot3_dqn_stage1.launch.py
[19.644s] -- Up-to-date symlink: /home/simone/tesi_ws/install/turtlebot3_gazebo/share/turtlebot3_gazebo//launch/turtlebot3_dqn_stage2.launch.py
[19.644s] -- Up-to-date symlink: /home/simone/tesi_ws/install/turtlebot3_gazebo/share/turtlebot3_gazebo//launch/turtlebot3_dqn_stage3.launch.py
[19.645s] -- Up-to-date symlink: /home/simone/tesi_ws/install/turtlebot3_gazebo/share/turtlebot3_gazebo//launch/turtlebot3_dqn_stage4.launch.py
[19.645s] -- Up-to-date symlink: /home/simone/tesi_ws/install/turtlebot3_gazebo/share/turtlebot3_gazebo//launch/turtlebot3_house.launch.py
[19.645s] -- Up-to-date symlink: /home/simone/tesi_ws/install/turtlebot3_gazebo/share/turtlebot3_gazebo//launch/turtlebot3_world.launch.py
[19.645s] -- Up-to-date symlink: /home/simone/tesi_ws/install/turtlebot3_gazebo/share/turtlebot3_gazebo//models/turtlebot3_burger/model-1_4.sdf
[19.645s] -- Up-to-date symlink: /home/simone/tesi_ws/install/turtlebot3_gazebo/share/turtlebot3_gazebo//models/turtlebot3_burger/model.config
[19.646s] -- Up-to-date symlink: /home/simone/tesi_ws/install/turtlebot3_gazebo/share/turtlebot3_gazebo//models/turtlebot3_burger/model.sdf
[19.646s] -- Up-to-date symlink: /home/simone/tesi_ws/install/turtlebot3_gazebo/share/turtlebot3_gazebo//models/turtlebot3_common/meshes/burger_base.dae
[19.647s] -- Up-to-date symlink: /home/simone/tesi_ws/install/turtlebot3_gazebo/share/turtlebot3_gazebo//models/turtlebot3_common/meshes/lds.dae
[19.647s] -- Up-to-date symlink: /home/simone/tesi_ws/install/turtlebot3_gazebo/share/turtlebot3_gazebo//models/turtlebot3_common/meshes/r200.dae
[19.647s] -- Up-to-date symlink: /home/simone/tesi_ws/install/turtlebot3_gazebo/share/turtlebot3_gazebo//models/turtlebot3_common/meshes/tire.dae
[19.648s] -- Up-to-date symlink: /home/simone/tesi_ws/install/turtlebot3_gazebo/share/turtlebot3_gazebo//models/turtlebot3_common/meshes/waffle_base.dae
[19.648s] -- Up-to-date symlink: /home/simone/tesi_ws/install/turtlebot3_gazebo/share/turtlebot3_gazebo//models/turtlebot3_common/meshes/waffle_pi_base.dae
[19.648s] -- Up-to-date symlink: /home/simone/tesi_ws/install/turtlebot3_gazebo/share/turtlebot3_gazebo//models/turtlebot3_common/model.config
[19.649s] -- Up-to-date symlink: /home/simone/tesi_ws/install/turtlebot3_gazebo/share/turtlebot3_gazebo//models/turtlebot3_dqn_world/goal_box/model.config
[19.649s] -- Up-to-date symlink: /home/simone/tesi_ws/install/turtlebot3_gazebo/share/turtlebot3_gazebo//models/turtlebot3_dqn_world/goal_box/model.sdf
[19.649s] -- Up-to-date symlink: /home/simone/tesi_ws/install/turtlebot3_gazebo/share/turtlebot3_gazebo//models/turtlebot3_dqn_world/inner_walls/model.config
[19.649s] -- Up-to-date symlink: /home/simone/tesi_ws/install/turtlebot3_gazebo/share/turtlebot3_gazebo//models/turtlebot3_dqn_world/inner_walls/model.sdf
[19.650s] -- Up-to-date symlink: /home/simone/tesi_ws/install/turtlebot3_gazebo/share/turtlebot3_gazebo//models/turtlebot3_dqn_world/model.config
[19.650s] -- Up-to-date symlink: /home/simone/tesi_ws/install/turtlebot3_gazebo/share/turtlebot3_gazebo//models/turtlebot3_dqn_world/model.sdf
[19.650s] -- Up-to-date symlink: /home/simone/tesi_ws/install/turtlebot3_gazebo/share/turtlebot3_gazebo//models/turtlebot3_dqn_world/obstacle1/model.config
[19.651s] -- Up-to-date symlink: /home/simone/tesi_ws/install/turtlebot3_gazebo/share/turtlebot3_gazebo//models/turtlebot3_dqn_world/obstacle1/model.sdf
[19.651s] -- Up-to-date symlink: /home/simone/tesi_ws/install/turtlebot3_gazebo/share/turtlebot3_gazebo//models/turtlebot3_dqn_world/obstacle2/model.config
[19.651s] -- Up-to-date symlink: /home/simone/tesi_ws/install/turtlebot3_gazebo/share/turtlebot3_gazebo//models/turtlebot3_dqn_world/obstacle2/model.sdf
[19.651s] -- Up-to-date symlink: /home/simone/tesi_ws/install/turtlebot3_gazebo/share/turtlebot3_gazebo//models/turtlebot3_dqn_world/obstacle_plugin/CMakeLists.txt
[19.652s] -- Up-to-date symlink: /home/simone/tesi_ws/install/turtlebot3_gazebo/share/turtlebot3_gazebo//models/turtlebot3_dqn_world/obstacle_plugin/obstacle1.cc
[19.652s] -- Up-to-date symlink: /home/simone/tesi_ws/install/turtlebot3_gazebo/share/turtlebot3_gazebo//models/turtlebot3_dqn_world/obstacle_plugin/obstacle2.cc
[19.652s] -- Up-to-date symlink: /home/simone/tesi_ws/install/turtlebot3_gazebo/share/turtlebot3_gazebo//models/turtlebot3_dqn_world/obstacle_plugin/obstacles.cc
[19.652s] -- Up-to-date symlink: /home/simone/tesi_ws/install/turtlebot3_gazebo/share/turtlebot3_gazebo//models/turtlebot3_dqn_world/obstacles/model.config
[19.652s] -- Up-to-date symlink: /home/simone/tesi_ws/install/turtlebot3_gazebo/share/turtlebot3_gazebo//models/turtlebot3_dqn_world/obstacles/model.sdf
[19.653s] -- Up-to-date symlink: /home/simone/tesi_ws/install/turtlebot3_gazebo/share/turtlebot3_gazebo//models/turtlebot3_house/model.config
[19.653s] -- Up-to-date symlink: /home/simone/tesi_ws/install/turtlebot3_gazebo/share/turtlebot3_gazebo//models/turtlebot3_house/model.sdf
[19.653s] -- Up-to-date symlink: /home/simone/tesi_ws/install/turtlebot3_gazebo/share/turtlebot3_gazebo//models/turtlebot3_waffle/model-1_4.sdf
[19.653s] -- Up-to-date symlink: /home/simone/tesi_ws/install/turtlebot3_gazebo/share/turtlebot3_gazebo//models/turtlebot3_waffle/model.config
[19.653s] -- Up-to-date symlink: /home/simone/tesi_ws/install/turtlebot3_gazebo/share/turtlebot3_gazebo//models/turtlebot3_waffle/model.sdf
[19.653s] -- Up-to-date symlink: /home/simone/tesi_ws/install/turtlebot3_gazebo/share/turtlebot3_gazebo//models/turtlebot3_waffle_pi/model-1_4_.sdf
[19.654s] -- Up-to-date symlink: /home/simone/tesi_ws/install/turtlebot3_gazebo/share/turtlebot3_gazebo//models/turtlebot3_waffle_pi/model.config
[19.654s] -- Up-to-date symlink: /home/simone/tesi_ws/install/turtlebot3_gazebo/share/turtlebot3_gazebo//models/turtlebot3_waffle_pi/model.sdf
[19.654s] -- Up-to-date symlink: /home/simone/tesi_ws/install/turtlebot3_gazebo/share/turtlebot3_gazebo//models/turtlebot3_world/meshes/hexagon.dae
[19.654s] -- Up-to-date symlink: /home/simone/tesi_ws/install/turtlebot3_gazebo/share/turtlebot3_gazebo//models/turtlebot3_world/meshes/wall.dae
[19.654s] -- Up-to-date symlink: /home/simone/tesi_ws/install/turtlebot3_gazebo/share/turtlebot3_gazebo//models/turtlebot3_world/model-1_4.sdf
[19.654s] -- Up-to-date symlink: /home/simone/tesi_ws/install/turtlebot3_gazebo/share/turtlebot3_gazebo//models/turtlebot3_world/model.config
[19.655s] -- Up-to-date symlink: /home/simone/tesi_ws/install/turtlebot3_gazebo/share/turtlebot3_gazebo//models/turtlebot3_world/model.sdf
[19.655s] -- Up-to-date symlink: /home/simone/tesi_ws/install/turtlebot3_gazebo/share/turtlebot3_gazebo//rviz/tb3_gazebo.rviz
[19.655s] -- Up-to-date symlink: /home/simone/tesi_ws/install/turtlebot3_gazebo/share/turtlebot3_gazebo//urdf/common_properties.urdf
[19.655s] -- Up-to-date symlink: /home/simone/tesi_ws/install/turtlebot3_gazebo/share/turtlebot3_gazebo//urdf/turtlebot3_burger.urdf
[19.655s] -- Up-to-date symlink: /home/simone/tesi_ws/install/turtlebot3_gazebo/share/turtlebot3_gazebo//urdf/turtlebot3_waffle.urdf
[19.656s] -- Up-to-date symlink: /home/simone/tesi_ws/install/turtlebot3_gazebo/share/turtlebot3_gazebo//urdf/turtlebot3_waffle_pi.urdf
[19.656s] -- Up-to-date symlink: /home/simone/tesi_ws/install/turtlebot3_gazebo/share/turtlebot3_gazebo//worlds/empty_world.world
[19.656s] -- Up-to-date symlink: /home/simone/tesi_ws/install/turtlebot3_gazebo/share/turtlebot3_gazebo//worlds/turtlebot3_dqn_stage1.world
[19.656s] -- Up-to-date symlink: /home/simone/tesi_ws/install/turtlebot3_gazebo/share/turtlebot3_gazebo//worlds/turtlebot3_dqn_stage2.world
[19.656s] -- Up-to-date symlink: /home/simone/tesi_ws/install/turtlebot3_gazebo/share/turtlebot3_gazebo//worlds/turtlebot3_dqn_stage3.world
[19.656s] -- Up-to-date symlink: /home/simone/tesi_ws/install/turtlebot3_gazebo/share/turtlebot3_gazebo//worlds/turtlebot3_dqn_stage4.world
[19.657s] -- Up-to-date symlink: /home/simone/tesi_ws/install/turtlebot3_gazebo/share/turtlebot3_gazebo//worlds/turtlebot3_house.world
[19.657s] -- Up-to-date symlink: /home/simone/tesi_ws/install/turtlebot3_gazebo/share/turtlebot3_gazebo//worlds/turtlebot3_world.world
[19.657s] -- Up-to-date symlink: /home/simone/tesi_ws/install/turtlebot3_gazebo/include//turtlebot3_gazebo/turtlebot3_drive.hpp
[19.657s] -- Up-to-date symlink: /home/simone/tesi_ws/install/turtlebot3_gazebo/share/ament_index/resource_index/package_run_dependencies/turtlebot3_gazebo
[19.657s] -- Up-to-date symlink: /home/simone/tesi_ws/install/turtlebot3_gazebo/share/ament_index/resource_index/parent_prefix_path/turtlebot3_gazebo
[19.657s] -- Up-to-date symlink: /home/simone/tesi_ws/install/turtlebot3_gazebo/share/turtlebot3_gazebo/environment/ament_prefix_path.sh
[19.658s] -- Up-to-date symlink: /home/simone/tesi_ws/install/turtlebot3_gazebo/share/turtlebot3_gazebo/environment/ament_prefix_path.dsv
[19.658s] -- Up-to-date symlink: /home/simone/tesi_ws/install/turtlebot3_gazebo/share/turtlebot3_gazebo/environment/path.sh
[19.658s] -- Up-to-date symlink: /home/simone/tesi_ws/install/turtlebot3_gazebo/share/turtlebot3_gazebo/environment/path.dsv
[19.658s] -- Up-to-date symlink: /home/simone/tesi_ws/install/turtlebot3_gazebo/share/turtlebot3_gazebo/local_setup.bash
[19.658s] -- Up-to-date symlink: /home/simone/tesi_ws/install/turtlebot3_gazebo/share/turtlebot3_gazebo/local_setup.sh
[19.658s] -- Up-to-date symlink: /home/simone/tesi_ws/install/turtlebot3_gazebo/share/turtlebot3_gazebo/local_setup.zsh
[19.658s] -- Up-to-date symlink: /home/simone/tesi_ws/install/turtlebot3_gazebo/share/turtlebot3_gazebo/local_setup.dsv
[19.658s] -- Symlinking: /home/simone/tesi_ws/install/turtlebot3_gazebo/share/turtlebot3_gazebo/package.dsv
[19.665s] -- Up-to-date symlink: /home/simone/tesi_ws/install/turtlebot3_gazebo/share/ament_index/resource_index/packages/turtlebot3_gazebo
[19.665s] -- Up-to-date symlink: /home/simone/tesi_ws/install/turtlebot3_gazebo/share/turtlebot3_gazebo/cmake/ament_cmake_export_include_directories-extras.cmake
[19.666s] -- Up-to-date symlink: /home/simone/tesi_ws/install/turtlebot3_gazebo/share/turtlebot3_gazebo/cmake/ament_cmake_export_dependencies-extras.cmake
[19.666s] -- Up-to-date symlink: /home/simone/tesi_ws/install/turtlebot3_gazebo/share/turtlebot3_gazebo/cmake/turtlebot3_gazeboConfig.cmake
[19.666s] -- Up-to-date symlink: /home/simone/tesi_ws/install/turtlebot3_gazebo/share/turtlebot3_gazebo/cmake/turtlebot3_gazeboConfig-version.cmake
[19.666s] -- Up-to-date symlink: /home/simone/tesi_ws/install/turtlebot3_gazebo/share/turtlebot3_gazebo/package.xml
[19.668s] Invoked command in '/home/simone/tesi_ws/build/turtlebot3_gazebo' returned '0': CMAKE_PREFIX_PATH=${CMAKE_PREFIX_PATH}:/home/simone/tesi_ws/install/turtlebot3_teleop:/home/simone/tesi_ws/install/turtlebot3_example:/home/simone/tesi_ws/install/relocalization_pkg:/home/simone/tesi_ws/install/create_dataset:/opt/ros/humble /usr/bin/cmake --install /home/simone/tesi_ws/build/turtlebot3_gazebo
