[1.700s] Invoking command in '/home/simone/tesi_ws/src/create_dataset': PYTHONPATH=/home/simone/tesi_ws/build/create_dataset/prefix_override:/home/simone/tesi_ws/install/create_dataset/lib/python3.10/site-packages:${PYTHONPATH} /usr/bin/python3 setup.py egg_info --egg-base ../../build/create_dataset build --build-base /home/simone/tesi_ws/build/create_dataset/build install --record /home/simone/tesi_ws/build/create_dataset/install.log --single-version-externally-managed
[2.162s] running egg_info
[2.164s] writing ../../build/create_dataset/create_dataset.egg-info/PKG-INFO
[2.166s] writing dependency_links to ../../build/create_dataset/create_dataset.egg-info/dependency_links.txt
[2.167s] writing entry points to ../../build/create_dataset/create_dataset.egg-info/entry_points.txt
[2.167s] writing requirements to ../../build/create_dataset/create_dataset.egg-info/requires.txt
[2.167s] writing top-level names to ../../build/create_dataset/create_dataset.egg-info/top_level.txt
[2.171s] reading manifest file '../../build/create_dataset/create_dataset.egg-info/SOURCES.txt'
[2.173s] writing manifest file '../../build/create_dataset/create_dataset.egg-info/SOURCES.txt'
[2.173s] running build
[2.173s] running build_py
[2.174s] copying create_dataset/image_capture.py -> /home/simone/tesi_ws/build/create_dataset/build/lib/create_dataset
[2.174s] running install
[2.174s] running install_lib
[2.176s] copying /home/simone/tesi_ws/build/create_dataset/build/lib/create_dataset/image_capture.py -> /home/simone/tesi_ws/install/create_dataset/lib/python3.10/site-packages/create_dataset
[2.177s] byte-compiling /home/simone/tesi_ws/install/create_dataset/lib/python3.10/site-packages/create_dataset/image_capture.py to image_capture.cpython-310.pyc
[2.178s] running install_data
[2.182s] running install_egg_info
[2.187s] removing '/home/simone/tesi_ws/install/create_dataset/lib/python3.10/site-packages/create_dataset-0.0.0-py3.10.egg-info' (and everything under it)
[2.188s] Copying ../../build/create_dataset/create_dataset.egg-info to /home/simone/tesi_ws/install/create_dataset/lib/python3.10/site-packages/create_dataset-0.0.0-py3.10.egg-info
[2.189s] running install_scripts
[2.232s] Installing image_capture_node script to /home/simone/tesi_ws/install/create_dataset/lib/create_dataset
[2.233s] writing list of installed files to '/home/simone/tesi_ws/build/create_dataset/install.log'
[2.395s] Invoked command in '/home/simone/tesi_ws/src/create_dataset' returned '0': PYTHONPATH=/home/simone/tesi_ws/build/create_dataset/prefix_override:/home/simone/tesi_ws/install/create_dataset/lib/python3.10/site-packages:${PYTHONPATH} /usr/bin/python3 setup.py egg_info --egg-base ../../build/create_dataset build --build-base /home/simone/tesi_ws/build/create_dataset/build install --record /home/simone/tesi_ws/build/create_dataset/install.log --single-version-externally-managed
