[0.934s] Invoking command in '/home/simone/tesi_ws/src/relocalization_pkg': PYTHONPATH=/home/simone/tesi_ws/build/relocalization_pkg/prefix_override:/home/simone/tesi_ws/install/relocalization_pkg/lib/python3.10/site-packages:${PYTHONPATH} /usr/bin/python3 setup.py egg_info --egg-base ../../build/relocalization_pkg build --build-base /home/simone/tesi_ws/build/relocalization_pkg/build install --record /home/simone/tesi_ws/build/relocalization_pkg/install.log --single-version-externally-managed
[1.205s] running egg_info
[1.206s] writing ../../build/relocalization_pkg/relocalization_pkg.egg-info/PKG-INFO
[1.206s] writing dependency_links to ../../build/relocalization_pkg/relocalization_pkg.egg-info/dependency_links.txt
[1.207s] writing entry points to ../../build/relocalization_pkg/relocalization_pkg.egg-info/entry_points.txt
[1.207s] writing requirements to ../../build/relocalization_pkg/relocalization_pkg.egg-info/requires.txt
[1.207s] writing top-level names to ../../build/relocalization_pkg/relocalization_pkg.egg-info/top_level.txt
[1.210s] reading manifest file '../../build/relocalization_pkg/relocalization_pkg.egg-info/SOURCES.txt'
[1.211s] writing manifest file '../../build/relocalization_pkg/relocalization_pkg.egg-info/SOURCES.txt'
[1.211s] running build
[1.212s] running build_py
[1.212s] copying relocalization_pkg/reloc_eval.py -> /home/simone/tesi_ws/build/relocalization_pkg/build/lib/relocalization_pkg
[1.212s] running install
[1.212s] running install_lib
[1.213s] copying /home/simone/tesi_ws/build/relocalization_pkg/build/lib/relocalization_pkg/reloc_eval.py -> /home/simone/tesi_ws/install/relocalization_pkg/lib/python3.10/site-packages/relocalization_pkg
[1.214s] byte-compiling /home/simone/tesi_ws/install/relocalization_pkg/lib/python3.10/site-packages/relocalization_pkg/reloc_eval.py to reloc_eval.cpython-310.pyc
[1.214s] running install_data
[1.215s] running install_egg_info
[1.217s] removing '/home/simone/tesi_ws/install/relocalization_pkg/lib/python3.10/site-packages/relocalization_pkg-0.0.0-py3.10.egg-info' (and everything under it)
[1.218s] Copying ../../build/relocalization_pkg/relocalization_pkg.egg-info to /home/simone/tesi_ws/install/relocalization_pkg/lib/python3.10/site-packages/relocalization_pkg-0.0.0-py3.10.egg-info
[1.219s] running install_scripts
[1.241s] Installing reloc_eval script to /home/simone/tesi_ws/install/relocalization_pkg/lib/relocalization_pkg
[1.241s] Installing relocalization_node script to /home/simone/tesi_ws/install/relocalization_pkg/lib/relocalization_pkg
[1.241s] writing list of installed files to '/home/simone/tesi_ws/build/relocalization_pkg/install.log'
[1.281s] Invoked command in '/home/simone/tesi_ws/src/relocalization_pkg' returned '0': PYTHONPATH=/home/simone/tesi_ws/build/relocalization_pkg/prefix_override:/home/simone/tesi_ws/install/relocalization_pkg/lib/python3.10/site-packages:${PYTHONPATH} /usr/bin/python3 setup.py egg_info --egg-base ../../build/relocalization_pkg build --build-base /home/simone/tesi_ws/build/relocalization_pkg/build install --record /home/simone/tesi_ws/build/relocalization_pkg/install.log --single-version-externally-managed
