[1.371s] Invoking command in '/home/simone/tesi_ws/src/create_dataset': PYTHONPATH=/home/simone/tesi_ws/build/create_dataset/prefix_override:/home/simone/tesi_ws/install/create_dataset/lib/python3.10/site-packages:${PYTHONPATH} /usr/bin/python3 setup.py egg_info --egg-base ../../build/create_dataset build --build-base /home/simone/tesi_ws/build/create_dataset/build install --record /home/simone/tesi_ws/build/create_dataset/install.log --single-version-externally-managed
[1.711s] running egg_info
[1.711s] writing ../../build/create_dataset/create_dataset.egg-info/PKG-INFO
[1.712s] writing dependency_links to ../../build/create_dataset/create_dataset.egg-info/dependency_links.txt
[1.713s] writing entry points to ../../build/create_dataset/create_dataset.egg-info/entry_points.txt
[1.713s] writing requirements to ../../build/create_dataset/create_dataset.egg-info/requires.txt
[1.713s] writing top-level names to ../../build/create_dataset/create_dataset.egg-info/top_level.txt
[1.714s] reading manifest file '../../build/create_dataset/create_dataset.egg-info/SOURCES.txt'
[1.719s] writing manifest file '../../build/create_dataset/create_dataset.egg-info/SOURCES.txt'
[1.719s] running build
[1.719s] running build_py
[1.719s] copying create_dataset/image_capture.py -> /home/simone/tesi_ws/build/create_dataset/build/lib/create_dataset
[1.720s] running install
[1.720s] running install_lib
[1.721s] copying /home/simone/tesi_ws/build/create_dataset/build/lib/create_dataset/image_capture.py -> /home/simone/tesi_ws/install/create_dataset/lib/python3.10/site-packages/create_dataset
[1.722s] byte-compiling /home/simone/tesi_ws/install/create_dataset/lib/python3.10/site-packages/create_dataset/image_capture.py to image_capture.cpython-310.pyc
[1.723s] running install_data
[1.724s] running install_egg_info
[1.726s] removing '/home/simone/tesi_ws/install/create_dataset/lib/python3.10/site-packages/create_dataset-0.0.0-py3.10.egg-info' (and everything under it)
[1.727s] Copying ../../build/create_dataset/create_dataset.egg-info to /home/simone/tesi_ws/install/create_dataset/lib/python3.10/site-packages/create_dataset-0.0.0-py3.10.egg-info
[1.729s] running install_scripts
[1.761s] Installing image_capture_node script to /home/simone/tesi_ws/install/create_dataset/lib/create_dataset
[1.761s] writing list of installed files to '/home/simone/tesi_ws/build/create_dataset/install.log'
[1.797s] Invoked command in '/home/simone/tesi_ws/src/create_dataset' returned '0': PYTHONPATH=/home/simone/tesi_ws/build/create_dataset/prefix_override:/home/simone/tesi_ws/install/create_dataset/lib/python3.10/site-packages:${PYTHONPATH} /usr/bin/python3 setup.py egg_info --egg-base ../../build/create_dataset build --build-base /home/simone/tesi_ws/build/create_dataset/build install --record /home/simone/tesi_ws/build/create_dataset/install.log --single-version-externally-managed
