[0.621s] Invoking command in '/home/simone/tesi_ws/build/turtlebot3_hardware': CMAKE_PREFIX_PATH=/home/simone/tesi_ws/install/dynamixel_sdk:/home/simone/tesi_ws/install/turtlebot3:/home/simone/tesi_ws/install/turtlebot3_simulations:/home/simone/tesi_ws/install/turtlebot3_navigation2:/home/simone/tesi_ws/install/turtlebot3_fake_node:/home/simone/tesi_ws/install/turtlebot3_msgs:/home/simone/tesi_ws/install/turtlebot3_hardware:/home/simone/tesi_ws/install/turtlebot3_gazebo:/home/simone/tesi_ws/install/turtlebot3_bringup:/home/simone/tesi_ws/install/turtlebot3_description:/home/simone/tesi_ws/install/turtlebot3_cartographer:/home/simone/tesi_ws/install/dynamixel_sdk_examples:/home/simone/tesi_ws/install/dynamixel_sdk_custom_interfaces:/home/simone/tesi_ws/install/turtlebot3_teleop:/home/simone/tesi_ws/install/turtlebot3_example:/home/simone/tesi_ws/install/relocalization_pkg:/home/simone/tesi_ws/install/create_dataset:/opt/ros/humble LD_LIBRARY_PATH=/home/simone/tesi_ws/install/dynamixel_sdk/lib:/home/simone/tesi_ws/install/turtlebot3_msgs/lib:/home/simone/tesi_ws/install/turtlebot3_hardware/lib:/home/simone/tesi_ws/install/dynamixel_sdk_custom_interfaces/lib:/opt/ros/humble/opt/rviz_ogre_vendor/lib:/opt/ros/humble/lib/x86_64-linux-gnu:/opt/ros/humble/lib:/usr/lib/x86_64-linux-gnu/gazebo-11/plugins /usr/bin/cmake --build /home/simone/tesi_ws/build/turtlebot3_hardware -- -j12 -l12
[0.667s] [100%] Built target turtlebot3_hardware
[0.968s] Invoked command in '/home/simone/tesi_ws/build/turtlebot3_hardware' returned '0': CMAKE_PREFIX_PATH=/home/simone/tesi_ws/install/dynamixel_sdk:/home/simone/tesi_ws/install/turtlebot3:/home/simone/tesi_ws/install/turtlebot3_simulations:/home/simone/tesi_ws/install/turtlebot3_navigation2:/home/simone/tesi_ws/install/turtlebot3_fake_node:/home/simone/tesi_ws/install/turtlebot3_msgs:/home/simone/tesi_ws/install/turtlebot3_hardware:/home/simone/tesi_ws/install/turtlebot3_gazebo:/home/simone/tesi_ws/install/turtlebot3_bringup:/home/simone/tesi_ws/install/turtlebot3_description:/home/simone/tesi_ws/install/turtlebot3_cartographer:/home/simone/tesi_ws/install/dynamixel_sdk_examples:/home/simone/tesi_ws/install/dynamixel_sdk_custom_interfaces:/home/simone/tesi_ws/install/turtlebot3_teleop:/home/simone/tesi_ws/install/turtlebot3_example:/home/simone/tesi_ws/install/relocalization_pkg:/home/simone/tesi_ws/install/create_dataset:/opt/ros/humble LD_LIBRARY_PATH=/home/simone/tesi_ws/install/dynamixel_sdk/lib:/home/simone/tesi_ws/install/turtlebot3_msgs/lib:/home/simone/tesi_ws/install/turtlebot3_hardware/lib:/home/simone/tesi_ws/install/dynamixel_sdk_custom_interfaces/lib:/opt/ros/humble/opt/rviz_ogre_vendor/lib:/opt/ros/humble/lib/x86_64-linux-gnu:/opt/ros/humble/lib:/usr/lib/x86_64-linux-gnu/gazebo-11/plugins /usr/bin/cmake --build /home/simone/tesi_ws/build/turtlebot3_hardware -- -j12 -l12
[1.028s] Invoking command in '/home/simone/tesi_ws/build/turtlebot3_hardware': CMAKE_PREFIX_PATH=/home/simone/tesi_ws/install/dynamixel_sdk:/home/simone/tesi_ws/install/turtlebot3:/home/simone/tesi_ws/install/turtlebot3_simulations:/home/simone/tesi_ws/install/turtlebot3_navigation2:/home/simone/tesi_ws/install/turtlebot3_fake_node:/home/simone/tesi_ws/install/turtlebot3_msgs:/home/simone/tesi_ws/install/turtlebot3_hardware:/home/simone/tesi_ws/install/turtlebot3_gazebo:/home/simone/tesi_ws/install/turtlebot3_bringup:/home/simone/tesi_ws/install/turtlebot3_description:/home/simone/tesi_ws/install/turtlebot3_cartographer:/home/simone/tesi_ws/install/dynamixel_sdk_examples:/home/simone/tesi_ws/install/dynamixel_sdk_custom_interfaces:/home/simone/tesi_ws/install/turtlebot3_teleop:/home/simone/tesi_ws/install/turtlebot3_example:/home/simone/tesi_ws/install/relocalization_pkg:/home/simone/tesi_ws/install/create_dataset:/opt/ros/humble LD_LIBRARY_PATH=/home/simone/tesi_ws/install/dynamixel_sdk/lib:/home/simone/tesi_ws/install/turtlebot3_msgs/lib:/home/simone/tesi_ws/install/turtlebot3_hardware/lib:/home/simone/tesi_ws/install/dynamixel_sdk_custom_interfaces/lib:/opt/ros/humble/opt/rviz_ogre_vendor/lib:/opt/ros/humble/lib/x86_64-linux-gnu:/opt/ros/humble/lib:/usr/lib/x86_64-linux-gnu/gazebo-11/plugins /usr/bin/cmake --install /home/simone/tesi_ws/build/turtlebot3_hardware
[1.034s] -- Install configuration: ""
[1.036s] -- Up-to-date: /home/simone/tesi_ws/install/turtlebot3_hardware/share/turtlebot3_hardware/turtlebot3_hardware.xml
[1.037s] -- Up-to-date: /home/simone/tesi_ws/install/turtlebot3_hardware/include
[1.037s] -- Up-to-date: /home/simone/tesi_ws/install/turtlebot3_hardware/include/turtlebot3_hardware
[1.037s] -- Up-to-date: /home/simone/tesi_ws/install/turtlebot3_hardware/include/turtlebot3_hardware/turtlebot3_system.hpp
[1.038s] -- Up-to-date: /home/simone/tesi_ws/install/turtlebot3_hardware/include/turtlebot3_hardware/visibility_control.h
[1.038s] -- Up-to-date: /home/simone/tesi_ws/install/turtlebot3_hardware/include/turtlebot3_hardware/opencr.hpp
[1.038s] -- Up-to-date: /home/simone/tesi_ws/install/turtlebot3_hardware/include/turtlebot3_hardware/opencr_control_table.hpp
[1.038s] -- Up-to-date: /home/simone/tesi_ws/install/turtlebot3_hardware/include/turtlebot3_hardware/dynamixel_sdk_wrapper.hpp
[1.039s] -- Up-to-date: /home/simone/tesi_ws/install/turtlebot3_hardware/include/turtlebot3_hardware/opencr_definitions.hpp
[1.039s] -- Up-to-date: /home/simone/tesi_ws/install/turtlebot3_hardware/lib/libturtlebot3_hardware.so
[1.042s] -- Up-to-date: /home/simone/tesi_ws/install/turtlebot3_hardware/share/turtlebot3_hardware/environment/library_path.sh
[1.042s] -- Up-to-date: /home/simone/tesi_ws/install/turtlebot3_hardware/share/turtlebot3_hardware/environment/library_path.dsv
[1.042s] -- Up-to-date: /home/simone/tesi_ws/install/turtlebot3_hardware/share/ament_index/resource_index/package_run_dependencies/turtlebot3_hardware
[1.043s] -- Up-to-date: /home/simone/tesi_ws/install/turtlebot3_hardware/share/ament_index/resource_index/parent_prefix_path/turtlebot3_hardware
[1.043s] -- Up-to-date: /home/simone/tesi_ws/install/turtlebot3_hardware/share/turtlebot3_hardware/environment/ament_prefix_path.sh
[1.043s] -- Up-to-date: /home/simone/tesi_ws/install/turtlebot3_hardware/share/turtlebot3_hardware/environment/ament_prefix_path.dsv
[1.046s] -- Up-to-date: /home/simone/tesi_ws/install/turtlebot3_hardware/share/turtlebot3_hardware/environment/path.sh
[1.047s] -- Up-to-date: /home/simone/tesi_ws/install/turtlebot3_hardware/share/turtlebot3_hardware/environment/path.dsv
[1.047s] -- Up-to-date: /home/simone/tesi_ws/install/turtlebot3_hardware/share/turtlebot3_hardware/local_setup.bash
[1.048s] -- Up-to-date: /home/simone/tesi_ws/install/turtlebot3_hardware/share/turtlebot3_hardware/local_setup.sh
[1.048s] -- Up-to-date: /home/simone/tesi_ws/install/turtlebot3_hardware/share/turtlebot3_hardware/local_setup.zsh
[1.048s] -- Up-to-date: /home/simone/tesi_ws/install/turtlebot3_hardware/share/turtlebot3_hardware/local_setup.dsv
[1.049s] -- Installing: /home/simone/tesi_ws/install/turtlebot3_hardware/share/turtlebot3_hardware/package.dsv
[1.049s] -- Up-to-date: /home/simone/tesi_ws/install/turtlebot3_hardware/share/ament_index/resource_index/packages/turtlebot3_hardware
[1.049s] -- Up-to-date: /home/simone/tesi_ws/install/turtlebot3_hardware/share/ament_index/resource_index/hardware_interface__pluginlib__plugin/turtlebot3_hardware
[1.050s] -- Up-to-date: /home/simone/tesi_ws/install/turtlebot3_hardware/share/turtlebot3_hardware/cmake/ament_cmake_export_include_directories-extras.cmake
[1.050s] -- Up-to-date: /home/simone/tesi_ws/install/turtlebot3_hardware/share/turtlebot3_hardware/cmake/ament_cmake_export_libraries-extras.cmake
[1.050s] -- Up-to-date: /home/simone/tesi_ws/install/turtlebot3_hardware/share/turtlebot3_hardware/cmake/ament_cmake_export_dependencies-extras.cmake
[1.051s] -- Up-to-date: /home/simone/tesi_ws/install/turtlebot3_hardware/share/turtlebot3_hardware/cmake/turtlebot3_hardwareConfig.cmake
[1.051s] -- Up-to-date: /home/simone/tesi_ws/install/turtlebot3_hardware/share/turtlebot3_hardware/cmake/turtlebot3_hardwareConfig-version.cmake
[1.051s] -- Up-to-date: /home/simone/tesi_ws/install/turtlebot3_hardware/share/turtlebot3_hardware/package.xml
[1.183s] Invoked command in '/home/simone/tesi_ws/build/turtlebot3_hardware' returned '0': CMAKE_PREFIX_PATH=/home/simone/tesi_ws/install/dynamixel_sdk:/home/simone/tesi_ws/install/turtlebot3:/home/simone/tesi_ws/install/turtlebot3_simulations:/home/simone/tesi_ws/install/turtlebot3_navigation2:/home/simone/tesi_ws/install/turtlebot3_fake_node:/home/simone/tesi_ws/install/turtlebot3_msgs:/home/simone/tesi_ws/install/turtlebot3_hardware:/home/simone/tesi_ws/install/turtlebot3_gazebo:/home/simone/tesi_ws/install/turtlebot3_bringup:/home/simone/tesi_ws/install/turtlebot3_description:/home/simone/tesi_ws/install/turtlebot3_cartographer:/home/simone/tesi_ws/install/dynamixel_sdk_examples:/home/simone/tesi_ws/install/dynamixel_sdk_custom_interfaces:/home/simone/tesi_ws/install/turtlebot3_teleop:/home/simone/tesi_ws/install/turtlebot3_example:/home/simone/tesi_ws/install/relocalization_pkg:/home/simone/tesi_ws/install/create_dataset:/opt/ros/humble LD_LIBRARY_PATH=/home/simone/tesi_ws/install/dynamixel_sdk/lib:/home/simone/tesi_ws/install/turtlebot3_msgs/lib:/home/simone/tesi_ws/install/turtlebot3_hardware/lib:/home/simone/tesi_ws/install/dynamixel_sdk_custom_interfaces/lib:/opt/ros/humble/opt/rviz_ogre_vendor/lib:/opt/ros/humble/lib/x86_64-linux-gnu:/opt/ros/humble/lib:/usr/lib/x86_64-linux-gnu/gazebo-11/plugins /usr/bin/cmake --install /home/simone/tesi_ws/build/turtlebot3_hardware
