[0.197s] Invoking command in '/home/simone/tesi_ws/build/turtlebot3_navigation2': CMAKE_PREFIX_PATH=${CMAKE_PREFIX_PATH}:/home/simone/tesi_ws/install/turtlebot3_teleop:/home/simone/tesi_ws/install/turtlebot3_example:/opt/ros/humble /usr/bin/cmake --build /home/simone/tesi_ws/build/turtlebot3_navigation2 -- -j12 -l12
[0.642s] Invoked command in '/home/simone/tesi_ws/build/turtlebot3_navigation2' returned '0': CMAKE_PREFIX_PATH=${CMAKE_PREFIX_PATH}:/home/simone/tesi_ws/install/turtlebot3_teleop:/home/simone/tesi_ws/install/turtlebot3_example:/opt/ros/humble /usr/bin/cmake --build /home/simone/tesi_ws/build/turtlebot3_navigation2 -- -j12 -l12
[0.677s] Invoking command in '/home/simone/tesi_ws/build/turtlebot3_navigation2': CMAKE_PREFIX_PATH=${CMAKE_PREFIX_PATH}:/home/simone/tesi_ws/install/turtlebot3_teleop:/home/simone/tesi_ws/install/turtlebot3_example:/opt/ros/humble /usr/bin/cmake --install /home/simone/tesi_ws/build/turtlebot3_navigation2
[0.702s] -- Install configuration: ""
[0.702s] -- Execute custom install script
[0.703s] -- Up-to-date symlink: /home/simone/tesi_ws/install/turtlebot3_navigation2/share/turtlebot3_navigation2/launch/navigation2.launch.py
[0.704s] -- Up-to-date symlink: /home/simone/tesi_ws/install/turtlebot3_navigation2/share/turtlebot3_navigation2/launch/navigation2_use_sim_time.launch.py
[0.704s] -- Up-to-date symlink: /home/simone/tesi_ws/install/turtlebot3_navigation2/share/turtlebot3_navigation2/map/turtlebot3_world.pgm
[0.704s] -- Up-to-date symlink: /home/simone/tesi_ws/install/turtlebot3_navigation2/share/turtlebot3_navigation2/map/turtlebot3_world.yaml
[0.704s] -- Up-to-date symlink: /home/simone/tesi_ws/install/turtlebot3_navigation2/share/turtlebot3_navigation2/param/burger.yaml
[0.705s] -- Up-to-date symlink: /home/simone/tesi_ws/install/turtlebot3_navigation2/share/turtlebot3_navigation2/param/burger_use_sim_time.yaml
[0.705s] -- Up-to-date symlink: /home/simone/tesi_ws/install/turtlebot3_navigation2/share/turtlebot3_navigation2/param/waffle_pi.yaml
[0.706s] -- Up-to-date symlink: /home/simone/tesi_ws/install/turtlebot3_navigation2/share/turtlebot3_navigation2/param/waffle_pi_use_sim_time.yaml
[0.706s] -- Up-to-date symlink: /home/simone/tesi_ws/install/turtlebot3_navigation2/share/turtlebot3_navigation2/rviz/navigation2.rviz
[0.707s] -- Up-to-date symlink: /home/simone/tesi_ws/install/turtlebot3_navigation2/share/ament_index/resource_index/package_run_dependencies/turtlebot3_navigation2
[0.707s] -- Up-to-date symlink: /home/simone/tesi_ws/install/turtlebot3_navigation2/share/ament_index/resource_index/parent_prefix_path/turtlebot3_navigation2
[0.707s] -- Up-to-date symlink: /home/simone/tesi_ws/install/turtlebot3_navigation2/share/turtlebot3_navigation2/environment/ament_prefix_path.sh
[0.708s] -- Up-to-date symlink: /home/simone/tesi_ws/install/turtlebot3_navigation2/share/turtlebot3_navigation2/environment/ament_prefix_path.dsv
[0.708s] -- Up-to-date symlink: /home/simone/tesi_ws/install/turtlebot3_navigation2/share/turtlebot3_navigation2/environment/path.sh
[0.708s] -- Up-to-date symlink: /home/simone/tesi_ws/install/turtlebot3_navigation2/share/turtlebot3_navigation2/environment/path.dsv
[0.709s] -- Up-to-date symlink: /home/simone/tesi_ws/install/turtlebot3_navigation2/share/turtlebot3_navigation2/local_setup.bash
[0.709s] -- Up-to-date symlink: /home/simone/tesi_ws/install/turtlebot3_navigation2/share/turtlebot3_navigation2/local_setup.sh
[0.709s] -- Up-to-date symlink: /home/simone/tesi_ws/install/turtlebot3_navigation2/share/turtlebot3_navigation2/local_setup.zsh
[0.711s] -- Up-to-date symlink: /home/simone/tesi_ws/install/turtlebot3_navigation2/share/turtlebot3_navigation2/local_setup.dsv
[0.711s] -- Symlinking: /home/simone/tesi_ws/install/turtlebot3_navigation2/share/turtlebot3_navigation2/package.dsv
[0.723s] -- Up-to-date symlink: /home/simone/tesi_ws/install/turtlebot3_navigation2/share/ament_index/resource_index/packages/turtlebot3_navigation2
[0.723s] -- Up-to-date symlink: /home/simone/tesi_ws/install/turtlebot3_navigation2/share/turtlebot3_navigation2/cmake/turtlebot3_navigation2Config.cmake
[0.725s] -- Up-to-date symlink: /home/simone/tesi_ws/install/turtlebot3_navigation2/share/turtlebot3_navigation2/cmake/turtlebot3_navigation2Config-version.cmake
[0.725s] -- Up-to-date symlink: /home/simone/tesi_ws/install/turtlebot3_navigation2/share/turtlebot3_navigation2/package.xml
[0.845s] Invoked command in '/home/simone/tesi_ws/build/turtlebot3_navigation2' returned '0': CMAKE_PREFIX_PATH=${CMAKE_PREFIX_PATH}:/home/simone/tesi_ws/install/turtlebot3_teleop:/home/simone/tesi_ws/install/turtlebot3_example:/opt/ros/humble /usr/bin/cmake --install /home/simone/tesi_ws/build/turtlebot3_navigation2
