[0.235s] Invoking command in '/home/simone/tesi_ws/build/turtlebot3_simulations': CMAKE_PREFIX_PATH=/home/simone/tesi_ws/install/turtlebot3_fake_node:/home/simone/tesi_ws/install/turtlebot3_msgs:/home/simone/tesi_ws/install/turtlebot3_gazebo:/home/simone/tesi_ws/install/turtlebot3:/home/simone/tesi_ws/install/turtlebot3_simulations:/home/simone/tesi_ws/install/turtlebot3_navigation2:/home/simone/tesi_ws/install/turtlebot3_hardware:/home/simone/tesi_ws/install/turtlebot3_bringup:/home/simone/tesi_ws/install/turtlebot3_description:/home/simone/tesi_ws/install/turtlebot3_cartographer:/home/simone/tesi_ws/install/dynamixel_sdk_examples:/home/simone/tesi_ws/install/dynamixel_sdk_custom_interfaces:/home/simone/tesi_ws/install/dynamixel_sdk:/home/simone/tesi_ws/install/turtlebot3_teleop:/home/simone/tesi_ws/install/turtlebot3_example:/opt/ros/humble /usr/bin/cmake --build /home/simone/tesi_ws/build/turtlebot3_simulations -- -j12 -l12
[0.263s] Invoked command in '/home/simone/tesi_ws/build/turtlebot3_simulations' returned '0': CMAKE_PREFIX_PATH=/home/simone/tesi_ws/install/turtlebot3_fake_node:/home/simone/tesi_ws/install/turtlebot3_msgs:/home/simone/tesi_ws/install/turtlebot3_gazebo:/home/simone/tesi_ws/install/turtlebot3:/home/simone/tesi_ws/install/turtlebot3_simulations:/home/simone/tesi_ws/install/turtlebot3_navigation2:/home/simone/tesi_ws/install/turtlebot3_hardware:/home/simone/tesi_ws/install/turtlebot3_bringup:/home/simone/tesi_ws/install/turtlebot3_description:/home/simone/tesi_ws/install/turtlebot3_cartographer:/home/simone/tesi_ws/install/dynamixel_sdk_examples:/home/simone/tesi_ws/install/dynamixel_sdk_custom_interfaces:/home/simone/tesi_ws/install/dynamixel_sdk:/home/simone/tesi_ws/install/turtlebot3_teleop:/home/simone/tesi_ws/install/turtlebot3_example:/opt/ros/humble /usr/bin/cmake --build /home/simone/tesi_ws/build/turtlebot3_simulations -- -j12 -l12
[0.282s] Invoking command in '/home/simone/tesi_ws/build/turtlebot3_simulations': CMAKE_PREFIX_PATH=/home/simone/tesi_ws/install/turtlebot3_fake_node:/home/simone/tesi_ws/install/turtlebot3_msgs:/home/simone/tesi_ws/install/turtlebot3_gazebo:/home/simone/tesi_ws/install/turtlebot3:/home/simone/tesi_ws/install/turtlebot3_simulations:/home/simone/tesi_ws/install/turtlebot3_navigation2:/home/simone/tesi_ws/install/turtlebot3_hardware:/home/simone/tesi_ws/install/turtlebot3_bringup:/home/simone/tesi_ws/install/turtlebot3_description:/home/simone/tesi_ws/install/turtlebot3_cartographer:/home/simone/tesi_ws/install/dynamixel_sdk_examples:/home/simone/tesi_ws/install/dynamixel_sdk_custom_interfaces:/home/simone/tesi_ws/install/dynamixel_sdk:/home/simone/tesi_ws/install/turtlebot3_teleop:/home/simone/tesi_ws/install/turtlebot3_example:/opt/ros/humble /usr/bin/cmake --install /home/simone/tesi_ws/build/turtlebot3_simulations
[0.287s] -- Install configuration: ""
[0.288s] -- Execute custom install script
[0.288s] -- Up-to-date symlink: /home/simone/tesi_ws/install/turtlebot3_simulations/share/ament_index/resource_index/package_run_dependencies/turtlebot3_simulations
[0.289s] -- Up-to-date symlink: /home/simone/tesi_ws/install/turtlebot3_simulations/share/ament_index/resource_index/parent_prefix_path/turtlebot3_simulations
[0.289s] -- Up-to-date symlink: /home/simone/tesi_ws/install/turtlebot3_simulations/share/turtlebot3_simulations/environment/ament_prefix_path.sh
[0.289s] -- Up-to-date symlink: /home/simone/tesi_ws/install/turtlebot3_simulations/share/turtlebot3_simulations/environment/ament_prefix_path.dsv
[0.289s] -- Up-to-date symlink: /home/simone/tesi_ws/install/turtlebot3_simulations/share/turtlebot3_simulations/environment/path.sh
[0.290s] -- Up-to-date symlink: /home/simone/tesi_ws/install/turtlebot3_simulations/share/turtlebot3_simulations/environment/path.dsv
[0.290s] -- Up-to-date symlink: /home/simone/tesi_ws/install/turtlebot3_simulations/share/turtlebot3_simulations/local_setup.bash
[0.290s] -- Up-to-date symlink: /home/simone/tesi_ws/install/turtlebot3_simulations/share/turtlebot3_simulations/local_setup.sh
[0.290s] -- Up-to-date symlink: /home/simone/tesi_ws/install/turtlebot3_simulations/share/turtlebot3_simulations/local_setup.zsh
[0.290s] -- Up-to-date symlink: /home/simone/tesi_ws/install/turtlebot3_simulations/share/turtlebot3_simulations/local_setup.dsv
[0.290s] -- Symlinking: /home/simone/tesi_ws/install/turtlebot3_simulations/share/turtlebot3_simulations/package.dsv
[0.297s] -- Up-to-date symlink: /home/simone/tesi_ws/install/turtlebot3_simulations/share/ament_index/resource_index/packages/turtlebot3_simulations
[0.297s] -- Up-to-date symlink: /home/simone/tesi_ws/install/turtlebot3_simulations/share/turtlebot3_simulations/cmake/turtlebot3_simulationsConfig.cmake
[0.298s] -- Up-to-date symlink: /home/simone/tesi_ws/install/turtlebot3_simulations/share/turtlebot3_simulations/cmake/turtlebot3_simulationsConfig-version.cmake
[0.298s] -- Up-to-date symlink: /home/simone/tesi_ws/install/turtlebot3_simulations/share/turtlebot3_simulations/package.xml
[0.301s] Invoked command in '/home/simone/tesi_ws/build/turtlebot3_simulations' returned '0': CMAKE_PREFIX_PATH=/home/simone/tesi_ws/install/turtlebot3_fake_node:/home/simone/tesi_ws/install/turtlebot3_msgs:/home/simone/tesi_ws/install/turtlebot3_gazebo:/home/simone/tesi_ws/install/turtlebot3:/home/simone/tesi_ws/install/turtlebot3_simulations:/home/simone/tesi_ws/install/turtlebot3_navigation2:/home/simone/tesi_ws/install/turtlebot3_hardware:/home/simone/tesi_ws/install/turtlebot3_bringup:/home/simone/tesi_ws/install/turtlebot3_description:/home/simone/tesi_ws/install/turtlebot3_cartographer:/home/simone/tesi_ws/install/dynamixel_sdk_examples:/home/simone/tesi_ws/install/dynamixel_sdk_custom_interfaces:/home/simone/tesi_ws/install/dynamixel_sdk:/home/simone/tesi_ws/install/turtlebot3_teleop:/home/simone/tesi_ws/install/turtlebot3_example:/opt/ros/humble /usr/bin/cmake --install /home/simone/tesi_ws/build/turtlebot3_simulations
