[0.214s] Invoking command in '/home/simone/tesi_ws/build/turtlebot3_bringup': AMENT_PREFIX_PATH=/home/simone/tesi_ws/install/turtlebot3_description:${AMENT_PREFIX_PATH} CMAKE_PREFIX_PATH=/home/simone/tesi_ws/install/turtlebot3_description:/opt/ros/humble /usr/bin/cmake /home/simone/tesi_ws/src/turtlebot3/turtlebot3_bringup -DAMENT_CMAKE_SYMLINK_INSTALL=1 -DCMAKE_INSTALL_PREFIX=/home/simone/tesi_ws/install/turtlebot3_bringup
[0.329s] -- The C compiler identification is GNU 11.4.0
[0.760s] -- The CXX compiler identification is GNU 11.4.0
[1.056s] -- Detecting C compiler ABI info
[1.213s] -- Detecting C compiler ABI info - done
[1.225s] -- Check for working C compiler: /usr/bin/cc - skipped
[1.226s] -- Detecting C compile features
[1.226s] -- Detecting C compile features - done
[1.231s] -- Detecting CXX compiler ABI info
[1.422s] -- Detecting CXX compiler ABI info - done
[1.432s] -- Check for working CXX compiler: /usr/bin/c++ - skipped
[1.433s] -- Detecting CXX compile features
[1.433s] -- Detecting CXX compile features - done
[1.436s] -- Found ament_cmake: 1.3.5 (/opt/ros/humble/share/ament_cmake/cmake)
[1.707s] -- Found Python3: /usr/bin/python3.10 (found version "3.10.12") found components: Interpreter 
[1.812s] -- Override CMake install command with custom implementation using symlinks instead of copying resources
[1.950s] -- Configuring done
[1.954s] -- Generating done
[1.956s] -- Build files have been written to: /home/simone/tesi_ws/build/turtlebot3_bringup
[1.962s] Invoked command in '/home/simone/tesi_ws/build/turtlebot3_bringup' returned '0': AMENT_PREFIX_PATH=/home/simone/tesi_ws/install/turtlebot3_description:${AMENT_PREFIX_PATH} CMAKE_PREFIX_PATH=/home/simone/tesi_ws/install/turtlebot3_description:/opt/ros/humble /usr/bin/cmake /home/simone/tesi_ws/src/turtlebot3/turtlebot3_bringup -DAMENT_CMAKE_SYMLINK_INSTALL=1 -DCMAKE_INSTALL_PREFIX=/home/simone/tesi_ws/install/turtlebot3_bringup
[1.966s] Invoking command in '/home/simone/tesi_ws/build/turtlebot3_bringup': AMENT_PREFIX_PATH=/home/simone/tesi_ws/install/turtlebot3_description:${AMENT_PREFIX_PATH} CMAKE_PREFIX_PATH=/home/simone/tesi_ws/install/turtlebot3_description:/opt/ros/humble /usr/bin/cmake --build /home/simone/tesi_ws/build/turtlebot3_bringup -- -j12 -l12
[2.009s] Invoked command in '/home/simone/tesi_ws/build/turtlebot3_bringup' returned '0': AMENT_PREFIX_PATH=/home/simone/tesi_ws/install/turtlebot3_description:${AMENT_PREFIX_PATH} CMAKE_PREFIX_PATH=/home/simone/tesi_ws/install/turtlebot3_description:/opt/ros/humble /usr/bin/cmake --build /home/simone/tesi_ws/build/turtlebot3_bringup -- -j12 -l12
[2.033s] Invoking command in '/home/simone/tesi_ws/build/turtlebot3_bringup': AMENT_PREFIX_PATH=/home/simone/tesi_ws/install/turtlebot3_description:${AMENT_PREFIX_PATH} CMAKE_PREFIX_PATH=/home/simone/tesi_ws/install/turtlebot3_description:/opt/ros/humble /usr/bin/cmake --install /home/simone/tesi_ws/build/turtlebot3_bringup
[2.054s] -- Install configuration: ""
[2.054s] -- Execute custom install script
[2.054s] -- Symlinking: /home/simone/tesi_ws/install/turtlebot3_bringup/share/turtlebot3_bringup/launch/base.launch.py
[2.054s] -- Symlinking: /home/simone/tesi_ws/install/turtlebot3_bringup/share/turtlebot3_bringup/launch/fake.launch.py
[2.060s] -- Symlinking: /home/simone/tesi_ws/install/turtlebot3_bringup/share/turtlebot3_bringup/launch/gazebo.launch.py
[2.070s] -- Symlinking: /home/simone/tesi_ws/install/turtlebot3_bringup/share/turtlebot3_bringup/launch/hardware.launch.py
[2.078s] -- Symlinking: /home/simone/tesi_ws/install/turtlebot3_bringup/share/turtlebot3_bringup/launch/lab03.launch.py
[2.098s] -- Symlinking: /home/simone/tesi_ws/install/turtlebot3_bringup/share/turtlebot3_bringup/config/burger/gazebo_controller_manager.yaml
[2.110s] -- Symlinking: /home/simone/tesi_ws/install/turtlebot3_bringup/share/turtlebot3_bringup/config/burger/hardware_controller_manager.yaml
[2.129s] -- Symlinking: /home/simone/tesi_ws/install/turtlebot3_bringup/share/turtlebot3_bringup/config/burger/twist_mux.yaml
[2.150s] -- Symlinking: /home/simone/tesi_ws/install/turtlebot3_bringup/share/turtlebot3_bringup/config/ekf_odometry.yaml
[2.170s] -- Symlinking: /home/simone/tesi_ws/install/turtlebot3_bringup/share/turtlebot3_bringup/config/waffle_pi/gazebo_controller_manager.yaml
[2.185s] -- Symlinking: /home/simone/tesi_ws/install/turtlebot3_bringup/share/turtlebot3_bringup/config/waffle_pi/hardware_controller_manager.yaml
[2.196s] -- Symlinking: /home/simone/tesi_ws/install/turtlebot3_bringup/share/turtlebot3_bringup/config/waffle_pi/twist_mux.yaml
[2.208s] -- Symlinking: /home/simone/tesi_ws/install/turtlebot3_bringup/share/turtlebot3_bringup/script/99-turtlebot3-cdc.rules
[2.223s] -- Symlinking: /home/simone/tesi_ws/install/turtlebot3_bringup/share/turtlebot3_bringup/script/create_udev_rules
[2.233s] -- Symlinking: /home/simone/tesi_ws/install/turtlebot3_bringup/share/turtlebot3_bringup/worlds/empty_world.model
[2.251s] -- Symlinking: /home/simone/tesi_ws/install/turtlebot3_bringup/share/turtlebot3_bringup/worlds/lab03.world
[2.252s] -- Symlinking: /home/simone/tesi_ws/install/turtlebot3_bringup/share/turtlebot3_bringup/worlds/turtlebot3_world.model
[2.275s] -- Symlinking: /home/simone/tesi_ws/install/turtlebot3_bringup/share/turtlebot3_bringup/worlds/turtlebot3_world/meshes/hexagon.dae
[2.285s] -- Symlinking: /home/simone/tesi_ws/install/turtlebot3_bringup/share/turtlebot3_bringup/worlds/turtlebot3_world/meshes/wall.dae
[2.296s] -- Symlinking: /home/simone/tesi_ws/install/turtlebot3_bringup/share/turtlebot3_bringup/worlds/turtlebot3_world/model-1_4.sdf
[2.305s] -- Symlinking: /home/simone/tesi_ws/install/turtlebot3_bringup/share/turtlebot3_bringup/worlds/turtlebot3_world/model.config
[2.321s] -- Symlinking: /home/simone/tesi_ws/install/turtlebot3_bringup/share/turtlebot3_bringup/worlds/turtlebot3_world/model.sdf
[2.340s] -- Symlinking: /home/simone/tesi_ws/install/turtlebot3_bringup/share/turtlebot3_bringup/rviz/turtlebot3.rviz
[2.351s] -- Symlinking: /home/simone/tesi_ws/install/turtlebot3_bringup/share/turtlebot3_bringup/environment/turtlebot3_bringup.dsv
[2.364s] -- Symlinking: /home/simone/tesi_ws/install/turtlebot3_bringup/share/ament_index/resource_index/package_run_dependencies/turtlebot3_bringup
[2.389s] -- Symlinking: /home/simone/tesi_ws/install/turtlebot3_bringup/share/ament_index/resource_index/parent_prefix_path/turtlebot3_bringup
[2.403s] -- Symlinking: /home/simone/tesi_ws/install/turtlebot3_bringup/share/turtlebot3_bringup/environment/ament_prefix_path.sh
[2.412s] -- Symlinking: /home/simone/tesi_ws/install/turtlebot3_bringup/share/turtlebot3_bringup/environment/ament_prefix_path.dsv
[2.431s] -- Symlinking: /home/simone/tesi_ws/install/turtlebot3_bringup/share/turtlebot3_bringup/environment/path.sh
[2.445s] -- Symlinking: /home/simone/tesi_ws/install/turtlebot3_bringup/share/turtlebot3_bringup/environment/path.dsv
[2.460s] -- Symlinking: /home/simone/tesi_ws/install/turtlebot3_bringup/share/turtlebot3_bringup/local_setup.bash
[2.471s] -- Symlinking: /home/simone/tesi_ws/install/turtlebot3_bringup/share/turtlebot3_bringup/local_setup.sh
[2.488s] -- Symlinking: /home/simone/tesi_ws/install/turtlebot3_bringup/share/turtlebot3_bringup/local_setup.zsh
[2.506s] -- Symlinking: /home/simone/tesi_ws/install/turtlebot3_bringup/share/turtlebot3_bringup/local_setup.dsv
[2.520s] -- Symlinking: /home/simone/tesi_ws/install/turtlebot3_bringup/share/turtlebot3_bringup/package.dsv
[2.588s] -- Symlinking: /home/simone/tesi_ws/install/turtlebot3_bringup/share/ament_index/resource_index/packages/turtlebot3_bringup
[2.618s] -- Symlinking: /home/simone/tesi_ws/install/turtlebot3_bringup/share/turtlebot3_bringup/cmake/turtlebot3_bringupConfig.cmake
[2.633s] -- Symlinking: /home/simone/tesi_ws/install/turtlebot3_bringup/share/turtlebot3_bringup/cmake/turtlebot3_bringupConfig-version.cmake
[2.646s] -- Symlinking: /home/simone/tesi_ws/install/turtlebot3_bringup/share/turtlebot3_bringup/package.xml
[2.674s] Invoked command in '/home/simone/tesi_ws/build/turtlebot3_bringup' returned '0': AMENT_PREFIX_PATH=/home/simone/tesi_ws/install/turtlebot3_description:${AMENT_PREFIX_PATH} CMAKE_PREFIX_PATH=/home/simone/tesi_ws/install/turtlebot3_description:/opt/ros/humble /usr/bin/cmake --install /home/simone/tesi_ws/build/turtlebot3_bringup
