[0.165s] Invoking command in '/home/simone/tesi_ws/build/dynamixel_sdk_examples': AMENT_PREFIX_PATH=/home/simone/tesi_ws/install/dynamixel_sdk_custom_interfaces:/home/simone/tesi_ws/install/dynamixel_sdk:${AMENT_PREFIX_PATH} CMAKE_PREFIX_PATH=/home/simone/tesi_ws/install/dynamixel_sdk_custom_interfaces:/home/simone/tesi_ws/install/dynamixel_sdk:/opt/ros/humble LD_LIBRARY_PATH=/home/simone/tesi_ws/install/dynamixel_sdk_custom_interfaces/lib:/home/simone/tesi_ws/install/dynamixel_sdk/lib:${LD_LIBRARY_PATH} PYTHONPATH=/home/simone/tesi_ws/install/dynamixel_sdk_custom_interfaces/local/lib/python3.10/dist-packages:${PYTHONPATH} /usr/bin/cmake /home/simone/tesi_ws/src/turtlebot3/utils/DynamixelSDK/dynamixel_sdk_examples -DAMENT_CMAKE_SYMLINK_INSTALL=1 -DCMAKE_INSTALL_PREFIX=/home/simone/tesi_ws/install/dynamixel_sdk_examples
[0.262s] -- The C compiler identification is GNU 11.4.0
[0.655s] -- The CXX compiler identification is GNU 11.4.0
[0.912s] -- Detecting C compiler ABI info
[1.031s] -- Detecting C compiler ABI info - done
[1.044s] -- Check for working C compiler: /usr/bin/cc - skipped
[1.044s] -- Detecting C compile features
[1.045s] -- Detecting C compile features - done
[1.050s] -- Detecting CXX compiler ABI info
[1.198s] -- Detecting CXX compiler ABI info - done
[1.208s] -- Check for working CXX compiler: /usr/bin/c++ - skipped
[1.209s] -- Detecting CXX compile features
[1.209s] -- Detecting CXX compile features - done
[1.212s] -- Found ament_cmake: 1.3.5 (/opt/ros/humble/share/ament_cmake/cmake)
[1.408s] -- Found Python3: /usr/bin/python3.10 (found version "3.10.12") found components: Interpreter 
[1.490s] -- Override CMake install command with custom implementation using symlinks instead of copying resources
[1.520s] -- Found dynamixel_sdk: 3.7.60 (/home/simone/tesi_ws/install/dynamixel_sdk/share/dynamixel_sdk/cmake)
[1.522s] -- Found dynamixel_sdk_custom_interfaces: 3.7.60 (/home/simone/tesi_ws/install/dynamixel_sdk_custom_interfaces/share/dynamixel_sdk_custom_interfaces/cmake)
[1.680s] -- Found rosidl_generator_c: 3.1.5 (/opt/ros/humble/share/rosidl_generator_c/cmake)
[1.684s] -- Found rosidl_adapter: 3.1.5 (/opt/ros/humble/share/rosidl_adapter/cmake)
[1.692s] -- Found rosidl_generator_cpp: 3.1.5 (/opt/ros/humble/share/rosidl_generator_cpp/cmake)
[1.706s] -- Using all available rosidl_typesupport_c: rosidl_typesupport_fastrtps_c;rosidl_typesupport_introspection_c
[1.738s] -- Using all available rosidl_typesupport_cpp: rosidl_typesupport_fastrtps_cpp;rosidl_typesupport_introspection_cpp
[1.811s] -- Found rclcpp: 16.0.6 (/opt/ros/humble/share/rclcpp/cmake)
[1.904s] -- Found rmw_implementation_cmake: 6.1.1 (/opt/ros/humble/share/rmw_implementation_cmake/cmake)
[1.908s] -- Found rmw_fastrtps_cpp: 6.2.4 (/opt/ros/humble/share/rmw_fastrtps_cpp/cmake)
[3.256s] -- Found OpenSSL: /usr/lib/x86_64-linux-gnu/libcrypto.so (found version "3.0.2")  
[4.599s] -- Found FastRTPS: /opt/ros/humble/include  
[7.176s] -- Using RMW implementation 'rmw_fastrtps_cpp' as default
[7.187s] -- Looking for pthread.h
[7.329s] -- Looking for pthread.h - found
[7.330s] -- Performing Test CMAKE_HAVE_LIBC_PTHREAD
[7.459s] -- Performing Test CMAKE_HAVE_LIBC_PTHREAD - Success
[7.461s] -- Found Threads: TRUE  
[7.661s] -- Found ament_lint_auto: 0.12.8 (/opt/ros/humble/share/ament_lint_auto/cmake)
[7.776s] -- Added test 'copyright' to check source files copyright and LICENSE
[7.777s] -- Added test 'cppcheck' to perform static code analysis on C / C++ code
[7.777s] -- Configured cppcheck include dirs: /home/simone/tesi_ws/src/turtlebot3/utils/DynamixelSDK/dynamixel_sdk_examples/include
[7.777s] -- Configured cppcheck exclude dirs and/or files: 
[7.778s] -- Added test 'cpplint' to check C / C++ code against the Google style
[7.778s] -- Configured cpplint exclude dirs and/or files: 
[7.779s] -- Added test 'lint_cmake' to check CMake code style
[7.780s] -- Added test 'uncrustify' to check C / C++ code style
[7.780s] -- Configured uncrustify additional arguments: 
[7.781s] -- Added test 'xmllint' to check XML markup files
[7.783s] -- Configuring done
[7.797s] -- Generating done
[7.800s] -- Build files have been written to: /home/simone/tesi_ws/build/dynamixel_sdk_examples
[7.813s] Invoked command in '/home/simone/tesi_ws/build/dynamixel_sdk_examples' returned '0': AMENT_PREFIX_PATH=/home/simone/tesi_ws/install/dynamixel_sdk_custom_interfaces:/home/simone/tesi_ws/install/dynamixel_sdk:${AMENT_PREFIX_PATH} CMAKE_PREFIX_PATH=/home/simone/tesi_ws/install/dynamixel_sdk_custom_interfaces:/home/simone/tesi_ws/install/dynamixel_sdk:/opt/ros/humble LD_LIBRARY_PATH=/home/simone/tesi_ws/install/dynamixel_sdk_custom_interfaces/lib:/home/simone/tesi_ws/install/dynamixel_sdk/lib:${LD_LIBRARY_PATH} PYTHONPATH=/home/simone/tesi_ws/install/dynamixel_sdk_custom_interfaces/local/lib/python3.10/dist-packages:${PYTHONPATH} /usr/bin/cmake /home/simone/tesi_ws/src/turtlebot3/utils/DynamixelSDK/dynamixel_sdk_examples -DAMENT_CMAKE_SYMLINK_INSTALL=1 -DCMAKE_INSTALL_PREFIX=/home/simone/tesi_ws/install/dynamixel_sdk_examples
[7.815s] Invoking command in '/home/simone/tesi_ws/build/dynamixel_sdk_examples': AMENT_PREFIX_PATH=/home/simone/tesi_ws/install/dynamixel_sdk_custom_interfaces:/home/simone/tesi_ws/install/dynamixel_sdk:${AMENT_PREFIX_PATH} CMAKE_PREFIX_PATH=/home/simone/tesi_ws/install/dynamixel_sdk_custom_interfaces:/home/simone/tesi_ws/install/dynamixel_sdk:/opt/ros/humble LD_LIBRARY_PATH=/home/simone/tesi_ws/install/dynamixel_sdk_custom_interfaces/lib:/home/simone/tesi_ws/install/dynamixel_sdk/lib:${LD_LIBRARY_PATH} PYTHONPATH=/home/simone/tesi_ws/install/dynamixel_sdk_custom_interfaces/local/lib/python3.10/dist-packages:${PYTHONPATH} /usr/bin/cmake --build /home/simone/tesi_ws/build/dynamixel_sdk_examples -- -j12 -l12
[7.869s] [ 50%] [32mBuilding CXX object CMakeFiles/read_write_node.dir/src/read_write_node.cpp.o[0m
[19.402s] [100%] [32m[1mLinking CXX executable read_write_node[0m
[19.954s] [100%] Built target read_write_node
[19.965s] Invoked command in '/home/simone/tesi_ws/build/dynamixel_sdk_examples' returned '0': AMENT_PREFIX_PATH=/home/simone/tesi_ws/install/dynamixel_sdk_custom_interfaces:/home/simone/tesi_ws/install/dynamixel_sdk:${AMENT_PREFIX_PATH} CMAKE_PREFIX_PATH=/home/simone/tesi_ws/install/dynamixel_sdk_custom_interfaces:/home/simone/tesi_ws/install/dynamixel_sdk:/opt/ros/humble LD_LIBRARY_PATH=/home/simone/tesi_ws/install/dynamixel_sdk_custom_interfaces/lib:/home/simone/tesi_ws/install/dynamixel_sdk/lib:${LD_LIBRARY_PATH} PYTHONPATH=/home/simone/tesi_ws/install/dynamixel_sdk_custom_interfaces/local/lib/python3.10/dist-packages:${PYTHONPATH} /usr/bin/cmake --build /home/simone/tesi_ws/build/dynamixel_sdk_examples -- -j12 -l12
[19.986s] Invoking command in '/home/simone/tesi_ws/build/dynamixel_sdk_examples': AMENT_PREFIX_PATH=/home/simone/tesi_ws/install/dynamixel_sdk_custom_interfaces:/home/simone/tesi_ws/install/dynamixel_sdk:${AMENT_PREFIX_PATH} CMAKE_PREFIX_PATH=/home/simone/tesi_ws/install/dynamixel_sdk_custom_interfaces:/home/simone/tesi_ws/install/dynamixel_sdk:/opt/ros/humble LD_LIBRARY_PATH=/home/simone/tesi_ws/install/dynamixel_sdk_custom_interfaces/lib:/home/simone/tesi_ws/install/dynamixel_sdk/lib:${LD_LIBRARY_PATH} PYTHONPATH=/home/simone/tesi_ws/install/dynamixel_sdk_custom_interfaces/local/lib/python3.10/dist-packages:${PYTHONPATH} /usr/bin/cmake --install /home/simone/tesi_ws/build/dynamixel_sdk_examples
[19.991s] -- Install configuration: ""
[19.991s] -- Execute custom install script
[19.993s] -- Symlinking: /home/simone/tesi_ws/install/dynamixel_sdk_examples/lib/dynamixel_sdk_examples/read_write_node
[20.003s] -- Symlinking: /home/simone/tesi_ws/install/dynamixel_sdk_examples/share/ament_index/resource_index/package_run_dependencies/dynamixel_sdk_examples
[20.013s] -- Symlinking: /home/simone/tesi_ws/install/dynamixel_sdk_examples/share/ament_index/resource_index/parent_prefix_path/dynamixel_sdk_examples
[20.021s] -- Symlinking: /home/simone/tesi_ws/install/dynamixel_sdk_examples/share/dynamixel_sdk_examples/environment/ament_prefix_path.sh
[20.031s] -- Symlinking: /home/simone/tesi_ws/install/dynamixel_sdk_examples/share/dynamixel_sdk_examples/environment/ament_prefix_path.dsv
[20.039s] -- Symlinking: /home/simone/tesi_ws/install/dynamixel_sdk_examples/share/dynamixel_sdk_examples/environment/path.sh
[20.047s] -- Symlinking: /home/simone/tesi_ws/install/dynamixel_sdk_examples/share/dynamixel_sdk_examples/environment/path.dsv
[20.056s] -- Symlinking: /home/simone/tesi_ws/install/dynamixel_sdk_examples/share/dynamixel_sdk_examples/local_setup.bash
[20.066s] -- Symlinking: /home/simone/tesi_ws/install/dynamixel_sdk_examples/share/dynamixel_sdk_examples/local_setup.sh
[20.074s] -- Symlinking: /home/simone/tesi_ws/install/dynamixel_sdk_examples/share/dynamixel_sdk_examples/local_setup.zsh
[20.085s] -- Symlinking: /home/simone/tesi_ws/install/dynamixel_sdk_examples/share/dynamixel_sdk_examples/local_setup.dsv
[20.094s] -- Symlinking: /home/simone/tesi_ws/install/dynamixel_sdk_examples/share/dynamixel_sdk_examples/package.dsv
[20.104s] -- Symlinking: /home/simone/tesi_ws/install/dynamixel_sdk_examples/share/ament_index/resource_index/packages/dynamixel_sdk_examples
[20.113s] -- Symlinking: /home/simone/tesi_ws/install/dynamixel_sdk_examples/share/dynamixel_sdk_examples/cmake/dynamixel_sdk_examplesConfig.cmake
[20.121s] -- Symlinking: /home/simone/tesi_ws/install/dynamixel_sdk_examples/share/dynamixel_sdk_examples/cmake/dynamixel_sdk_examplesConfig-version.cmake
[20.131s] -- Symlinking: /home/simone/tesi_ws/install/dynamixel_sdk_examples/share/dynamixel_sdk_examples/package.xml
[20.142s] Invoked command in '/home/simone/tesi_ws/build/dynamixel_sdk_examples' returned '0': AMENT_PREFIX_PATH=/home/simone/tesi_ws/install/dynamixel_sdk_custom_interfaces:/home/simone/tesi_ws/install/dynamixel_sdk:${AMENT_PREFIX_PATH} CMAKE_PREFIX_PATH=/home/simone/tesi_ws/install/dynamixel_sdk_custom_interfaces:/home/simone/tesi_ws/install/dynamixel_sdk:/opt/ros/humble LD_LIBRARY_PATH=/home/simone/tesi_ws/install/dynamixel_sdk_custom_interfaces/lib:/home/simone/tesi_ws/install/dynamixel_sdk/lib:${LD_LIBRARY_PATH} PYTHONPATH=/home/simone/tesi_ws/install/dynamixel_sdk_custom_interfaces/local/lib/python3.10/dist-packages:${PYTHONPATH} /usr/bin/cmake --install /home/simone/tesi_ws/build/dynamixel_sdk_examples
