[0.566s] Invoking command in '/home/simone/tesi_ws/build/turtlebot3': AMENT_PREFIX_PATH=/home/simone/tesi_ws/install/turtlebot3_hardware:/home/simone/tesi_ws/install/turtlebot3_example:/home/simone/tesi_ws/install/turtlebot3_bringup:/home/simone/tesi_ws/install/turtlebot3_teleop:/home/simone/tesi_ws/install/turtlebot3_navigation2:/home/simone/tesi_ws/install/turtlebot3_msgs:/home/simone/tesi_ws/install/turtlebot3_description:/home/simone/tesi_ws/install/turtlebot3_cartographer:/home/simone/tesi_ws/install/dynamixel_sdk:${AMENT_PREFIX_PATH} CMAKE_PREFIX_PATH=/home/simone/tesi_ws/install/turtlebot3_hardware:/home/simone/tesi_ws/install/turtlebot3_bringup:/home/simone/tesi_ws/install/turtlebot3_navigation2:/home/simone/tesi_ws/install/turtlebot3_msgs:/home/simone/tesi_ws/install/turtlebot3_description:/home/simone/tesi_ws/install/turtlebot3_cartographer:/home/simone/tesi_ws/install/dynamixel_sdk:/opt/ros/humble LD_LIBRARY_PATH=/home/simone/tesi_ws/install/turtlebot3_hardware/lib:/home/simone/tesi_ws/install/turtlebot3_msgs/lib:/home/simone/tesi_ws/install/dynamixel_sdk/lib:${LD_LIBRARY_PATH} PYTHONPATH=/home/simone/tesi_ws/build/turtlebot3_example:/home/simone/tesi_ws/install/turtlebot3_example/lib/python3.10/site-packages:/home/simone/tesi_ws/build/turtlebot3_teleop:/home/simone/tesi_ws/install/turtlebot3_teleop/lib/python3.10/site-packages:/home/simone/tesi_ws/install/turtlebot3_msgs/local/lib/python3.10/dist-packages:${PYTHONPATH} /usr/bin/cmake /home/simone/tesi_ws/src/turtlebot3/turtlebot3 -DAMENT_CMAKE_SYMLINK_INSTALL=1 -DCMAKE_INSTALL_PREFIX=/home/simone/tesi_ws/install/turtlebot3
[0.712s] -- The C compiler identification is GNU 11.4.0
[1.104s] -- The CXX compiler identification is GNU 11.4.0
[1.401s] -- Detecting C compiler ABI info
[1.529s] -- Detecting C compiler ABI info - done
[1.539s] -- Check for working C compiler: /usr/bin/cc - skipped
[1.540s] -- Detecting C compile features
[1.540s] -- Detecting C compile features - done
[1.544s] -- Detecting CXX compiler ABI info
[1.682s] -- Detecting CXX compiler ABI info - done
[1.693s] -- Check for working CXX compiler: /usr/bin/c++ - skipped
[1.693s] -- Detecting CXX compile features
[1.694s] -- Detecting CXX compile features - done
[1.697s] -- Found ament_cmake: 1.3.5 (/opt/ros/humble/share/ament_cmake/cmake)
[1.898s] -- Found Python3: /usr/bin/python3.10 (found version "3.10.12") found components: Interpreter 
[1.974s] -- Override CMake install command with custom implementation using symlinks instead of copying resources
[2.104s] -- Configuring done
[2.108s] -- Generating done
[2.110s] -- Build files have been written to: /home/simone/tesi_ws/build/turtlebot3
[2.115s] Invoked command in '/home/simone/tesi_ws/build/turtlebot3' returned '0': AMENT_PREFIX_PATH=/home/simone/tesi_ws/install/turtlebot3_hardware:/home/simone/tesi_ws/install/turtlebot3_example:/home/simone/tesi_ws/install/turtlebot3_bringup:/home/simone/tesi_ws/install/turtlebot3_teleop:/home/simone/tesi_ws/install/turtlebot3_navigation2:/home/simone/tesi_ws/install/turtlebot3_msgs:/home/simone/tesi_ws/install/turtlebot3_description:/home/simone/tesi_ws/install/turtlebot3_cartographer:/home/simone/tesi_ws/install/dynamixel_sdk:${AMENT_PREFIX_PATH} CMAKE_PREFIX_PATH=/home/simone/tesi_ws/install/turtlebot3_hardware:/home/simone/tesi_ws/install/turtlebot3_bringup:/home/simone/tesi_ws/install/turtlebot3_navigation2:/home/simone/tesi_ws/install/turtlebot3_msgs:/home/simone/tesi_ws/install/turtlebot3_description:/home/simone/tesi_ws/install/turtlebot3_cartographer:/home/simone/tesi_ws/install/dynamixel_sdk:/opt/ros/humble LD_LIBRARY_PATH=/home/simone/tesi_ws/install/turtlebot3_hardware/lib:/home/simone/tesi_ws/install/turtlebot3_msgs/lib:/home/simone/tesi_ws/install/dynamixel_sdk/lib:${LD_LIBRARY_PATH} PYTHONPATH=/home/simone/tesi_ws/build/turtlebot3_example:/home/simone/tesi_ws/install/turtlebot3_example/lib/python3.10/site-packages:/home/simone/tesi_ws/build/turtlebot3_teleop:/home/simone/tesi_ws/install/turtlebot3_teleop/lib/python3.10/site-packages:/home/simone/tesi_ws/install/turtlebot3_msgs/local/lib/python3.10/dist-packages:${PYTHONPATH} /usr/bin/cmake /home/simone/tesi_ws/src/turtlebot3/turtlebot3 -DAMENT_CMAKE_SYMLINK_INSTALL=1 -DCMAKE_INSTALL_PREFIX=/home/simone/tesi_ws/install/turtlebot3
[2.117s] Invoking command in '/home/simone/tesi_ws/build/turtlebot3': AMENT_PREFIX_PATH=/home/simone/tesi_ws/install/turtlebot3_hardware:/home/simone/tesi_ws/install/turtlebot3_example:/home/simone/tesi_ws/install/turtlebot3_bringup:/home/simone/tesi_ws/install/turtlebot3_teleop:/home/simone/tesi_ws/install/turtlebot3_navigation2:/home/simone/tesi_ws/install/turtlebot3_msgs:/home/simone/tesi_ws/install/turtlebot3_description:/home/simone/tesi_ws/install/turtlebot3_cartographer:/home/simone/tesi_ws/install/dynamixel_sdk:${AMENT_PREFIX_PATH} CMAKE_PREFIX_PATH=/home/simone/tesi_ws/install/turtlebot3_hardware:/home/simone/tesi_ws/install/turtlebot3_bringup:/home/simone/tesi_ws/install/turtlebot3_navigation2:/home/simone/tesi_ws/install/turtlebot3_msgs:/home/simone/tesi_ws/install/turtlebot3_description:/home/simone/tesi_ws/install/turtlebot3_cartographer:/home/simone/tesi_ws/install/dynamixel_sdk:/opt/ros/humble LD_LIBRARY_PATH=/home/simone/tesi_ws/install/turtlebot3_hardware/lib:/home/simone/tesi_ws/install/turtlebot3_msgs/lib:/home/simone/tesi_ws/install/dynamixel_sdk/lib:${LD_LIBRARY_PATH} PYTHONPATH=/home/simone/tesi_ws/build/turtlebot3_example:/home/simone/tesi_ws/install/turtlebot3_example/lib/python3.10/site-packages:/home/simone/tesi_ws/build/turtlebot3_teleop:/home/simone/tesi_ws/install/turtlebot3_teleop/lib/python3.10/site-packages:/home/simone/tesi_ws/install/turtlebot3_msgs/local/lib/python3.10/dist-packages:${PYTHONPATH} /usr/bin/cmake --build /home/simone/tesi_ws/build/turtlebot3 -- -j12 -l12
[2.147s] Invoked command in '/home/simone/tesi_ws/build/turtlebot3' returned '0': AMENT_PREFIX_PATH=/home/simone/tesi_ws/install/turtlebot3_hardware:/home/simone/tesi_ws/install/turtlebot3_example:/home/simone/tesi_ws/install/turtlebot3_bringup:/home/simone/tesi_ws/install/turtlebot3_teleop:/home/simone/tesi_ws/install/turtlebot3_navigation2:/home/simone/tesi_ws/install/turtlebot3_msgs:/home/simone/tesi_ws/install/turtlebot3_description:/home/simone/tesi_ws/install/turtlebot3_cartographer:/home/simone/tesi_ws/install/dynamixel_sdk:${AMENT_PREFIX_PATH} CMAKE_PREFIX_PATH=/home/simone/tesi_ws/install/turtlebot3_hardware:/home/simone/tesi_ws/install/turtlebot3_bringup:/home/simone/tesi_ws/install/turtlebot3_navigation2:/home/simone/tesi_ws/install/turtlebot3_msgs:/home/simone/tesi_ws/install/turtlebot3_description:/home/simone/tesi_ws/install/turtlebot3_cartographer:/home/simone/tesi_ws/install/dynamixel_sdk:/opt/ros/humble LD_LIBRARY_PATH=/home/simone/tesi_ws/install/turtlebot3_hardware/lib:/home/simone/tesi_ws/install/turtlebot3_msgs/lib:/home/simone/tesi_ws/install/dynamixel_sdk/lib:${LD_LIBRARY_PATH} PYTHONPATH=/home/simone/tesi_ws/build/turtlebot3_example:/home/simone/tesi_ws/install/turtlebot3_example/lib/python3.10/site-packages:/home/simone/tesi_ws/build/turtlebot3_teleop:/home/simone/tesi_ws/install/turtlebot3_teleop/lib/python3.10/site-packages:/home/simone/tesi_ws/install/turtlebot3_msgs/local/lib/python3.10/dist-packages:${PYTHONPATH} /usr/bin/cmake --build /home/simone/tesi_ws/build/turtlebot3 -- -j12 -l12
[2.167s] Invoking command in '/home/simone/tesi_ws/build/turtlebot3': AMENT_PREFIX_PATH=/home/simone/tesi_ws/install/turtlebot3_hardware:/home/simone/tesi_ws/install/turtlebot3_example:/home/simone/tesi_ws/install/turtlebot3_bringup:/home/simone/tesi_ws/install/turtlebot3_teleop:/home/simone/tesi_ws/install/turtlebot3_navigation2:/home/simone/tesi_ws/install/turtlebot3_msgs:/home/simone/tesi_ws/install/turtlebot3_description:/home/simone/tesi_ws/install/turtlebot3_cartographer:/home/simone/tesi_ws/install/dynamixel_sdk:${AMENT_PREFIX_PATH} CMAKE_PREFIX_PATH=/home/simone/tesi_ws/install/turtlebot3_hardware:/home/simone/tesi_ws/install/turtlebot3_bringup:/home/simone/tesi_ws/install/turtlebot3_navigation2:/home/simone/tesi_ws/install/turtlebot3_msgs:/home/simone/tesi_ws/install/turtlebot3_description:/home/simone/tesi_ws/install/turtlebot3_cartographer:/home/simone/tesi_ws/install/dynamixel_sdk:/opt/ros/humble LD_LIBRARY_PATH=/home/simone/tesi_ws/install/turtlebot3_hardware/lib:/home/simone/tesi_ws/install/turtlebot3_msgs/lib:/home/simone/tesi_ws/install/dynamixel_sdk/lib:${LD_LIBRARY_PATH} PYTHONPATH=/home/simone/tesi_ws/build/turtlebot3_example:/home/simone/tesi_ws/install/turtlebot3_example/lib/python3.10/site-packages:/home/simone/tesi_ws/build/turtlebot3_teleop:/home/simone/tesi_ws/install/turtlebot3_teleop/lib/python3.10/site-packages:/home/simone/tesi_ws/install/turtlebot3_msgs/local/lib/python3.10/dist-packages:${PYTHONPATH} /usr/bin/cmake --install /home/simone/tesi_ws/build/turtlebot3
[2.174s] -- Install configuration: ""
[2.174s] -- Execute custom install script
[2.175s] -- Symlinking: /home/simone/tesi_ws/install/turtlebot3/share/ament_index/resource_index/package_run_dependencies/turtlebot3
[2.184s] -- Symlinking: /home/simone/tesi_ws/install/turtlebot3/share/ament_index/resource_index/parent_prefix_path/turtlebot3
[2.191s] -- Symlinking: /home/simone/tesi_ws/install/turtlebot3/share/turtlebot3/environment/ament_prefix_path.sh
[2.197s] -- Symlinking: /home/simone/tesi_ws/install/turtlebot3/share/turtlebot3/environment/ament_prefix_path.dsv
[2.204s] -- Symlinking: /home/simone/tesi_ws/install/turtlebot3/share/turtlebot3/environment/path.sh
[2.210s] -- Symlinking: /home/simone/tesi_ws/install/turtlebot3/share/turtlebot3/environment/path.dsv
[2.218s] -- Symlinking: /home/simone/tesi_ws/install/turtlebot3/share/turtlebot3/local_setup.bash
[2.227s] -- Symlinking: /home/simone/tesi_ws/install/turtlebot3/share/turtlebot3/local_setup.sh
[2.236s] -- Symlinking: /home/simone/tesi_ws/install/turtlebot3/share/turtlebot3/local_setup.zsh
[2.245s] -- Symlinking: /home/simone/tesi_ws/install/turtlebot3/share/turtlebot3/local_setup.dsv
[2.252s] -- Symlinking: /home/simone/tesi_ws/install/turtlebot3/share/turtlebot3/package.dsv
[2.258s] -- Symlinking: /home/simone/tesi_ws/install/turtlebot3/share/ament_index/resource_index/packages/turtlebot3
[2.269s] -- Symlinking: /home/simone/tesi_ws/install/turtlebot3/share/turtlebot3/cmake/turtlebot3Config.cmake
[2.276s] -- Symlinking: /home/simone/tesi_ws/install/turtlebot3/share/turtlebot3/cmake/turtlebot3Config-version.cmake
[2.287s] -- Symlinking: /home/simone/tesi_ws/install/turtlebot3/share/turtlebot3/package.xml
[2.298s] Invoked command in '/home/simone/tesi_ws/build/turtlebot3' returned '0': AMENT_PREFIX_PATH=/home/simone/tesi_ws/install/turtlebot3_hardware:/home/simone/tesi_ws/install/turtlebot3_example:/home/simone/tesi_ws/install/turtlebot3_bringup:/home/simone/tesi_ws/install/turtlebot3_teleop:/home/simone/tesi_ws/install/turtlebot3_navigation2:/home/simone/tesi_ws/install/turtlebot3_msgs:/home/simone/tesi_ws/install/turtlebot3_description:/home/simone/tesi_ws/install/turtlebot3_cartographer:/home/simone/tesi_ws/install/dynamixel_sdk:${AMENT_PREFIX_PATH} CMAKE_PREFIX_PATH=/home/simone/tesi_ws/install/turtlebot3_hardware:/home/simone/tesi_ws/install/turtlebot3_bringup:/home/simone/tesi_ws/install/turtlebot3_navigation2:/home/simone/tesi_ws/install/turtlebot3_msgs:/home/simone/tesi_ws/install/turtlebot3_description:/home/simone/tesi_ws/install/turtlebot3_cartographer:/home/simone/tesi_ws/install/dynamixel_sdk:/opt/ros/humble LD_LIBRARY_PATH=/home/simone/tesi_ws/install/turtlebot3_hardware/lib:/home/simone/tesi_ws/install/turtlebot3_msgs/lib:/home/simone/tesi_ws/install/dynamixel_sdk/lib:${LD_LIBRARY_PATH} PYTHONPATH=/home/simone/tesi_ws/build/turtlebot3_example:/home/simone/tesi_ws/install/turtlebot3_example/lib/python3.10/site-packages:/home/simone/tesi_ws/build/turtlebot3_teleop:/home/simone/tesi_ws/install/turtlebot3_teleop/lib/python3.10/site-packages:/home/simone/tesi_ws/install/turtlebot3_msgs/local/lib/python3.10/dist-packages:${PYTHONPATH} /usr/bin/cmake --install /home/simone/tesi_ws/build/turtlebot3
