[0.753s] Invoking command in '/home/simone/tesi_ws/src/create_dataset': PYTHONPATH=/home/simone/tesi_ws/build/create_dataset/prefix_override:/home/simone/tesi_ws/install/create_dataset/lib/python3.10/site-packages:${PYTHONPATH} /usr/bin/python3 setup.py egg_info --egg-base ../../build/create_dataset build --build-base /home/simone/tesi_ws/build/create_dataset/build install --record /home/simone/tesi_ws/build/create_dataset/install.log --single-version-externally-managed
[0.998s] running egg_info
[0.999s] writing ../../build/create_dataset/create_dataset.egg-info/PKG-INFO
[0.999s] writing dependency_links to ../../build/create_dataset/create_dataset.egg-info/dependency_links.txt
[0.999s] writing entry points to ../../build/create_dataset/create_dataset.egg-info/entry_points.txt
[0.999s] writing requirements to ../../build/create_dataset/create_dataset.egg-info/requires.txt
[0.999s] writing top-level names to ../../build/create_dataset/create_dataset.egg-info/top_level.txt
[1.001s] reading manifest file '../../build/create_dataset/create_dataset.egg-info/SOURCES.txt'
[1.002s] writing manifest file '../../build/create_dataset/create_dataset.egg-info/SOURCES.txt'
[1.002s] running build
[1.002s] running build_py
[1.002s] copying create_dataset/reloc_capture.py -> /home/simone/tesi_ws/build/create_dataset/build/lib/create_dataset
[1.002s] running install
[1.003s] running install_lib
[1.003s] copying /home/simone/tesi_ws/build/create_dataset/build/lib/create_dataset/reloc_capture.py -> /home/simone/tesi_ws/install/create_dataset/lib/python3.10/site-packages/create_dataset
[1.004s] byte-compiling /home/simone/tesi_ws/install/create_dataset/lib/python3.10/site-packages/create_dataset/reloc_capture.py to reloc_capture.cpython-310.pyc
[1.005s] running install_data
[1.005s] running install_egg_info
[1.007s] removing '/home/simone/tesi_ws/install/create_dataset/lib/python3.10/site-packages/create_dataset-0.0.0-py3.10.egg-info' (and everything under it)
[1.007s] Copying ../../build/create_dataset/create_dataset.egg-info to /home/simone/tesi_ws/install/create_dataset/lib/python3.10/site-packages/create_dataset-0.0.0-py3.10.egg-info
[1.008s] running install_scripts
[1.024s] Installing image_capture_node script to /home/simone/tesi_ws/install/create_dataset/lib/create_dataset
[1.024s] Installing reloc_capture_node script to /home/simone/tesi_ws/install/create_dataset/lib/create_dataset
[1.025s] writing list of installed files to '/home/simone/tesi_ws/build/create_dataset/install.log'
[1.051s] Invoked command in '/home/simone/tesi_ws/src/create_dataset' returned '0': PYTHONPATH=/home/simone/tesi_ws/build/create_dataset/prefix_override:/home/simone/tesi_ws/install/create_dataset/lib/python3.10/site-packages:${PYTHONPATH} /usr/bin/python3 setup.py egg_info --egg-base ../../build/create_dataset build --build-base /home/simone/tesi_ws/build/create_dataset/build install --record /home/simone/tesi_ws/build/create_dataset/install.log --single-version-externally-managed
