[0.664s] Invoking command in '/home/simone/tesi_ws/src/relocalization_pkg': PYTHONPATH=/home/simone/tesi_ws/build/relocalization_pkg/prefix_override:/home/simone/tesi_ws/install/relocalization_pkg/lib/python3.10/site-packages:${PYTHONPATH} /usr/bin/python3 setup.py egg_info --egg-base ../../build/relocalization_pkg build --build-base /home/simone/tesi_ws/build/relocalization_pkg/build install --record /home/simone/tesi_ws/build/relocalization_pkg/install.log --single-version-externally-managed
[0.861s] running egg_info
[0.861s] writing ../../build/relocalization_pkg/relocalization_pkg.egg-info/PKG-INFO
[0.861s] writing dependency_links to ../../build/relocalization_pkg/relocalization_pkg.egg-info/dependency_links.txt
[0.861s] writing entry points to ../../build/relocalization_pkg/relocalization_pkg.egg-info/entry_points.txt
[0.862s] writing requirements to ../../build/relocalization_pkg/relocalization_pkg.egg-info/requires.txt
[0.862s] writing top-level names to ../../build/relocalization_pkg/relocalization_pkg.egg-info/top_level.txt
[0.864s] reading manifest file '../../build/relocalization_pkg/relocalization_pkg.egg-info/SOURCES.txt'
[0.866s] writing manifest file '../../build/relocalization_pkg/relocalization_pkg.egg-info/SOURCES.txt'
[0.866s] running build
[0.866s] running build_py
[0.866s] running install
[0.867s] running install_lib
[0.868s] creating /home/simone/tesi_ws/install/relocalization_pkg/lib/python3.10/site-packages/relocalization_pkg
[0.869s] copying /home/simone/tesi_ws/build/relocalization_pkg/build/lib/relocalization_pkg/__init__.py -> /home/simone/tesi_ws/install/relocalization_pkg/lib/python3.10/site-packages/relocalization_pkg
[0.870s] byte-compiling /home/simone/tesi_ws/install/relocalization_pkg/lib/python3.10/site-packages/relocalization_pkg/__init__.py to __init__.cpython-310.pyc
[0.870s] running install_data
[0.871s] creating /home/simone/tesi_ws/install/relocalization_pkg/share/ament_index
[0.871s] creating /home/simone/tesi_ws/install/relocalization_pkg/share/ament_index/resource_index
[0.872s] creating /home/simone/tesi_ws/install/relocalization_pkg/share/ament_index/resource_index/packages
[0.873s] copying resource/relocalization_pkg -> /home/simone/tesi_ws/install/relocalization_pkg/share/ament_index/resource_index/packages
[0.874s] copying package.xml -> /home/simone/tesi_ws/install/relocalization_pkg/share/relocalization_pkg
[0.874s] creating /home/simone/tesi_ws/install/relocalization_pkg/share/relocalization_pkg/launch
[0.874s] copying launch/relocalization.launch.py -> /home/simone/tesi_ws/install/relocalization_pkg/share/relocalization_pkg/launch
[0.874s] creating /home/simone/tesi_ws/install/relocalization_pkg/share/relocalization_pkg/params
[0.875s] copying params/nav2_params.yaml -> /home/simone/tesi_ws/install/relocalization_pkg/share/relocalization_pkg/params
[0.875s] creating /home/simone/tesi_ws/install/relocalization_pkg/share/relocalization_pkg/rviz
[0.875s] copying rviz/relocalization.rviz -> /home/simone/tesi_ws/install/relocalization_pkg/share/relocalization_pkg/rviz
[0.875s] creating /home/simone/tesi_ws/install/relocalization_pkg/share/relocalization_pkg/maps
[0.875s] copying maps/new_indoor_save.yaml -> /home/simone/tesi_ws/install/relocalization_pkg/share/relocalization_pkg/maps
[0.875s] copying maps/my_map_v2.yaml -> /home/simone/tesi_ws/install/relocalization_pkg/share/relocalization_pkg/maps
[0.876s] copying maps/my_map_v2.pgm -> /home/simone/tesi_ws/install/relocalization_pkg/share/relocalization_pkg/maps
[0.876s] copying maps/new_indoor_save.pgm -> /home/simone/tesi_ws/install/relocalization_pkg/share/relocalization_pkg/maps
[0.876s] running install_egg_info
[0.877s] Copying ../../build/relocalization_pkg/relocalization_pkg.egg-info to /home/simone/tesi_ws/install/relocalization_pkg/lib/python3.10/site-packages/relocalization_pkg-0.0.0-py3.10.egg-info
[0.885s] running install_scripts
[0.892s] writing list of installed files to '/home/simone/tesi_ws/build/relocalization_pkg/install.log'
[0.911s] Invoked command in '/home/simone/tesi_ws/src/relocalization_pkg' returned '0': PYTHONPATH=/home/simone/tesi_ws/build/relocalization_pkg/prefix_override:/home/simone/tesi_ws/install/relocalization_pkg/lib/python3.10/site-packages:${PYTHONPATH} /usr/bin/python3 setup.py egg_info --egg-base ../../build/relocalization_pkg build --build-base /home/simone/tesi_ws/build/relocalization_pkg/build install --record /home/simone/tesi_ws/build/relocalization_pkg/install.log --single-version-externally-managed
