[1.404s] Invoking command in '/home/simone/tesi_ws/src/create_dataset': PYTHONPATH=/home/simone/tesi_ws/build/create_dataset/prefix_override:/home/simone/tesi_ws/install/create_dataset/lib/python3.10/site-packages:${PYTHONPATH} /usr/bin/python3 setup.py egg_info --egg-base ../../build/create_dataset build --build-base /home/simone/tesi_ws/build/create_dataset/build install --record /home/simone/tesi_ws/build/create_dataset/install.log --single-version-externally-managed
[1.774s] running egg_info
[1.775s] writing ../../build/create_dataset/create_dataset.egg-info/PKG-INFO
[1.776s] writing dependency_links to ../../build/create_dataset/create_dataset.egg-info/dependency_links.txt
[1.777s] writing entry points to ../../build/create_dataset/create_dataset.egg-info/entry_points.txt
[1.777s] writing requirements to ../../build/create_dataset/create_dataset.egg-info/requires.txt
[1.777s] writing top-level names to ../../build/create_dataset/create_dataset.egg-info/top_level.txt
[1.780s] reading manifest file '../../build/create_dataset/create_dataset.egg-info/SOURCES.txt'
[1.781s] writing manifest file '../../build/create_dataset/create_dataset.egg-info/SOURCES.txt'
[1.781s] running build
[1.781s] running build_py
[1.782s] copying create_dataset/image_capture.py -> /home/simone/tesi_ws/build/create_dataset/build/lib/create_dataset
[1.782s] running install
[1.783s] running install_lib
[1.785s] copying /home/simone/tesi_ws/build/create_dataset/build/lib/create_dataset/image_capture.py -> /home/simone/tesi_ws/install/create_dataset/lib/python3.10/site-packages/create_dataset
[1.786s] byte-compiling /home/simone/tesi_ws/install/create_dataset/lib/python3.10/site-packages/create_dataset/image_capture.py to image_capture.cpython-310.pyc
[1.787s] running install_data
[1.789s] running install_egg_info
[1.792s] removing '/home/simone/tesi_ws/install/create_dataset/lib/python3.10/site-packages/create_dataset-0.0.0-py3.10.egg-info' (and everything under it)
[1.792s] Copying ../../build/create_dataset/create_dataset.egg-info to /home/simone/tesi_ws/install/create_dataset/lib/python3.10/site-packages/create_dataset-0.0.0-py3.10.egg-info
[1.794s] running install_scripts
[1.830s] Installing image_capture_node script to /home/simone/tesi_ws/install/create_dataset/lib/create_dataset
[1.831s] Installing reloc_capture_node script to /home/simone/tesi_ws/install/create_dataset/lib/create_dataset
[1.831s] writing list of installed files to '/home/simone/tesi_ws/build/create_dataset/install.log'
[1.920s] Invoked command in '/home/simone/tesi_ws/src/create_dataset' returned '0': PYTHONPATH=/home/simone/tesi_ws/build/create_dataset/prefix_override:/home/simone/tesi_ws/install/create_dataset/lib/python3.10/site-packages:${PYTHONPATH} /usr/bin/python3 setup.py egg_info --egg-base ../../build/create_dataset build --build-base /home/simone/tesi_ws/build/create_dataset/build install --record /home/simone/tesi_ws/build/create_dataset/install.log --single-version-externally-managed
