-- Install configuration: ""
-- Up-to-date: /home/simone/tesi_ws/install/relocalization_pkg/share/relocalization_pkg/launch
-- Installing: /home/simone/tesi_ws/install/relocalization_pkg/share/relocalization_pkg/launch/relocalization.launch.py
-- Up-to-date: /home/simone/tesi_ws/install/relocalization_pkg/share/relocalization_pkg/maps
-- Up-to-date: /home/simone/tesi_ws/install/relocalization_pkg/share/relocalization_pkg/maps/new_indoor_save.yaml
-- Up-to-date: /home/simone/tesi_ws/install/relocalization_pkg/share/relocalization_pkg/maps/my_map_v2.pgm
-- Up-to-date: /home/simone/tesi_ws/install/relocalization_pkg/share/relocalization_pkg/maps/new_indoor_save.pgm
-- Up-to-date: /home/simone/tesi_ws/install/relocalization_pkg/share/relocalization_pkg/maps/new_indoor_serial.posegraph
-- Up-to-date: /home/simone/tesi_ws/install/relocalization_pkg/share/relocalization_pkg/maps/my_map_v2.yaml
-- Up-to-date: /home/simone/tesi_ws/install/relocalization_pkg/share/relocalization_pkg/maps/new_indoor_serial.data
-- Up-to-date: /home/simone/tesi_ws/install/relocalization_pkg/share/relocalization_pkg/params
-- Up-to-date: /home/simone/tesi_ws/install/relocalization_pkg/share/relocalization_pkg/params/nav2_params.yaml
-- Up-to-date: /home/simone/tesi_ws/install/relocalization_pkg/share/relocalization_pkg/rviz
-- Up-to-date: /home/simone/tesi_ws/install/relocalization_pkg/share/relocalization_pkg/rviz/relocalization.rviz
-- Up-to-date: /home/simone/tesi_ws/install/relocalization_pkg/share/relocalization_pkg/src
-- Up-to-date: /home/simone/tesi_ws/install/relocalization_pkg/share/ament_index/resource_index/package_run_dependencies/relocalization_pkg
-- Up-to-date: /home/simone/tesi_ws/install/relocalization_pkg/share/ament_index/resource_index/parent_prefix_path/relocalization_pkg
-- Up-to-date: /home/simone/tesi_ws/install/relocalization_pkg/share/relocalization_pkg/environment/ament_prefix_path.sh
-- Up-to-date: /home/simone/tesi_ws/install/relocalization_pkg/share/relocalization_pkg/environment/ament_prefix_path.dsv
-- Up-to-date: /home/simone/tesi_ws/install/relocalization_pkg/share/relocalization_pkg/environment/path.sh
-- Up-to-date: /home/simone/tesi_ws/install/relocalization_pkg/share/relocalization_pkg/environment/path.dsv
-- Up-to-date: /home/simone/tesi_ws/install/relocalization_pkg/share/relocalization_pkg/local_setup.bash
-- Up-to-date: /home/simone/tesi_ws/install/relocalization_pkg/share/relocalization_pkg/local_setup.sh
-- Up-to-date: /home/simone/tesi_ws/install/relocalization_pkg/share/relocalization_pkg/local_setup.zsh
-- Up-to-date: /home/simone/tesi_ws/install/relocalization_pkg/share/relocalization_pkg/local_setup.dsv
-- Up-to-date: /home/simone/tesi_ws/install/relocalization_pkg/share/relocalization_pkg/package.dsv
-- Up-to-date: /home/simone/tesi_ws/install/relocalization_pkg/share/ament_index/resource_index/packages/relocalization_pkg
-- Up-to-date: /home/simone/tesi_ws/install/relocalization_pkg/share/relocalization_pkg/cmake/relocalization_pkgConfig.cmake
-- Up-to-date: /home/simone/tesi_ws/install/relocalization_pkg/share/relocalization_pkg/cmake/relocalization_pkgConfig-version.cmake
-- Up-to-date: /home/simone/tesi_ws/install/relocalization_pkg/share/relocalization_pkg/package.xml
