[0.820s] Invoking command in '/home/simone/tesi_ws/src/relocalization_pkg': PYTHONPATH=/home/simone/tesi_ws/build/relocalization_pkg/prefix_override:/home/simone/tesi_ws/install/relocalization_pkg/lib/python3.10/site-packages:${PYTHONPATH} /usr/bin/python3 setup.py egg_info --egg-base ../../build/relocalization_pkg build --build-base /home/simone/tesi_ws/build/relocalization_pkg/build install --record /home/simone/tesi_ws/build/relocalization_pkg/install.log --single-version-externally-managed
[1.020s] running egg_info
[1.020s] writing ../../build/relocalization_pkg/relocalization_pkg.egg-info/PKG-INFO
[1.021s] writing dependency_links to ../../build/relocalization_pkg/relocalization_pkg.egg-info/dependency_links.txt
[1.022s] writing entry points to ../../build/relocalization_pkg/relocalization_pkg.egg-info/entry_points.txt
[1.022s] writing requirements to ../../build/relocalization_pkg/relocalization_pkg.egg-info/requires.txt
[1.022s] writing top-level names to ../../build/relocalization_pkg/relocalization_pkg.egg-info/top_level.txt
[1.024s] reading manifest file '../../build/relocalization_pkg/relocalization_pkg.egg-info/SOURCES.txt'
[1.028s] writing manifest file '../../build/relocalization_pkg/relocalization_pkg.egg-info/SOURCES.txt'
[1.028s] running build
[1.028s] running build_py
[1.028s] running install
[1.029s] running install_lib
[1.030s] running install_data
[1.030s] copying config/ekf_odometry.yaml -> /home/simone/tesi_ws/install/relocalization_pkg/share/relocalization_pkg/config
[1.031s] running install_egg_info
[1.033s] removing '/home/simone/tesi_ws/install/relocalization_pkg/lib/python3.10/site-packages/relocalization_pkg-0.0.0-py3.10.egg-info' (and everything under it)
[1.034s] Copying ../../build/relocalization_pkg/relocalization_pkg.egg-info to /home/simone/tesi_ws/install/relocalization_pkg/lib/python3.10/site-packages/relocalization_pkg-0.0.0-py3.10.egg-info
[1.035s] running install_scripts
[1.055s] Installing relocalization_node script to /home/simone/tesi_ws/install/relocalization_pkg/lib/relocalization_pkg
[1.055s] writing list of installed files to '/home/simone/tesi_ws/build/relocalization_pkg/install.log'
[1.073s] Invoked command in '/home/simone/tesi_ws/src/relocalization_pkg' returned '0': PYTHONPATH=/home/simone/tesi_ws/build/relocalization_pkg/prefix_override:/home/simone/tesi_ws/install/relocalization_pkg/lib/python3.10/site-packages:${PYTHONPATH} /usr/bin/python3 setup.py egg_info --egg-base ../../build/relocalization_pkg build --build-base /home/simone/tesi_ws/build/relocalization_pkg/build install --record /home/simone/tesi_ws/build/relocalization_pkg/install.log --single-version-externally-managed
