[0.437s] Invoking command in '/home/simone/tesi_ws/build/turtlebot3_cartographer': CMAKE_PREFIX_PATH=${CMAKE_PREFIX_PATH}:/home/simone/tesi_ws/install/turtlebot3_teleop:/home/simone/tesi_ws/install/turtlebot3_example:/home/simone/tesi_ws/install/relocalization_pkg:/home/simone/tesi_ws/install/create_dataset:/opt/ros/humble /usr/bin/cmake /home/simone/tesi_ws/src/turtlebot3/turtlebot3_cartographer -DCMAKE_INSTALL_PREFIX=/home/simone/tesi_ws/install/turtlebot3_cartographer
[1.798s] -- The C compiler identification is GNU 11.4.0
[1.798s] -- The CXX compiler identification is GNU 11.4.0
[1.798s] -- Detecting C compiler ABI info
[1.798s] -- Detecting C compiler ABI info - done
[1.798s] -- Check for working C compiler: /usr/bin/cc - skipped
[1.799s] -- Detecting C compile features
[1.799s] -- Detecting C compile features - done
[1.799s] -- Detecting CXX compiler ABI info
[1.800s] -- Detecting CXX compiler ABI info - done
[1.800s] -- Check for working CXX compiler: /usr/bin/c++ - skipped
[1.800s] -- Detecting CXX compile features
[1.800s] -- Detecting CXX compile features - done
[1.801s] -- Found ament_cmake: 1.3.6 (/opt/ros/humble/share/ament_cmake/cmake)
[1.801s] -- Found Python3: /usr/bin/python3.10 (found version "3.10.12") found components: Interpreter 
[1.801s] -- Configuring done
[1.801s] -- Generating done
[1.801s] -- Build files have been written to: /home/simone/tesi_ws/build/turtlebot3_cartographer
[1.819s] Invoked command in '/home/simone/tesi_ws/build/turtlebot3_cartographer' returned '0': CMAKE_PREFIX_PATH=${CMAKE_PREFIX_PATH}:/home/simone/tesi_ws/install/turtlebot3_teleop:/home/simone/tesi_ws/install/turtlebot3_example:/home/simone/tesi_ws/install/relocalization_pkg:/home/simone/tesi_ws/install/create_dataset:/opt/ros/humble /usr/bin/cmake /home/simone/tesi_ws/src/turtlebot3/turtlebot3_cartographer -DCMAKE_INSTALL_PREFIX=/home/simone/tesi_ws/install/turtlebot3_cartographer
[1.819s] Invoking command in '/home/simone/tesi_ws/build/turtlebot3_cartographer': CMAKE_PREFIX_PATH=${CMAKE_PREFIX_PATH}:/home/simone/tesi_ws/install/turtlebot3_teleop:/home/simone/tesi_ws/install/turtlebot3_example:/home/simone/tesi_ws/install/relocalization_pkg:/home/simone/tesi_ws/install/create_dataset:/opt/ros/humble /usr/bin/cmake --build /home/simone/tesi_ws/build/turtlebot3_cartographer -- -j12 -l12
[1.850s] Invoked command in '/home/simone/tesi_ws/build/turtlebot3_cartographer' returned '0': CMAKE_PREFIX_PATH=${CMAKE_PREFIX_PATH}:/home/simone/tesi_ws/install/turtlebot3_teleop:/home/simone/tesi_ws/install/turtlebot3_example:/home/simone/tesi_ws/install/relocalization_pkg:/home/simone/tesi_ws/install/create_dataset:/opt/ros/humble /usr/bin/cmake --build /home/simone/tesi_ws/build/turtlebot3_cartographer -- -j12 -l12
[1.877s] Invoking command in '/home/simone/tesi_ws/build/turtlebot3_cartographer': CMAKE_PREFIX_PATH=${CMAKE_PREFIX_PATH}:/home/simone/tesi_ws/install/turtlebot3_teleop:/home/simone/tesi_ws/install/turtlebot3_example:/home/simone/tesi_ws/install/relocalization_pkg:/home/simone/tesi_ws/install/create_dataset:/opt/ros/humble /usr/bin/cmake --install /home/simone/tesi_ws/build/turtlebot3_cartographer
[1.884s] -- Install configuration: ""
[1.884s] -- Installing: /home/simone/tesi_ws/install/turtlebot3_cartographer/share/turtlebot3_cartographer/config
[1.885s] -- Installing: /home/simone/tesi_ws/install/turtlebot3_cartographer/share/turtlebot3_cartographer/config/turtlebot3_2d.lua
[1.885s] -- Installing: /home/simone/tesi_ws/install/turtlebot3_cartographer/share/turtlebot3_cartographer/launch
[1.885s] -- Installing: /home/simone/tesi_ws/install/turtlebot3_cartographer/share/turtlebot3_cartographer/launch/cartographer.launch.py
[1.885s] -- Installing: /home/simone/tesi_ws/install/turtlebot3_cartographer/share/turtlebot3_cartographer/rviz
[1.885s] -- Installing: /home/simone/tesi_ws/install/turtlebot3_cartographer/share/turtlebot3_cartographer/rviz/cartographer.rviz
[1.886s] -- Installing: /home/simone/tesi_ws/install/turtlebot3_cartographer/share/ament_index/resource_index/package_run_dependencies/turtlebot3_cartographer
[1.886s] -- Installing: /home/simone/tesi_ws/install/turtlebot3_cartographer/share/ament_index/resource_index/parent_prefix_path/turtlebot3_cartographer
[1.887s] -- Installing: /home/simone/tesi_ws/install/turtlebot3_cartographer/share/turtlebot3_cartographer/environment/ament_prefix_path.sh
[1.887s] -- Installing: /home/simone/tesi_ws/install/turtlebot3_cartographer/share/turtlebot3_cartographer/environment/ament_prefix_path.dsv
[1.889s] -- Installing: /home/simone/tesi_ws/install/turtlebot3_cartographer/share/turtlebot3_cartographer/environment/path.sh
[1.889s] -- Installing: /home/simone/tesi_ws/install/turtlebot3_cartographer/share/turtlebot3_cartographer/environment/path.dsv
[1.890s] -- Installing: /home/simone/tesi_ws/install/turtlebot3_cartographer/share/turtlebot3_cartographer/local_setup.bash
[1.890s] -- Installing: /home/simone/tesi_ws/install/turtlebot3_cartographer/share/turtlebot3_cartographer/local_setup.sh
[1.890s] -- Installing: /home/simone/tesi_ws/install/turtlebot3_cartographer/share/turtlebot3_cartographer/local_setup.zsh
[1.890s] -- Installing: /home/simone/tesi_ws/install/turtlebot3_cartographer/share/turtlebot3_cartographer/local_setup.dsv
[1.890s] -- Installing: /home/simone/tesi_ws/install/turtlebot3_cartographer/share/turtlebot3_cartographer/package.dsv
[1.890s] -- Installing: /home/simone/tesi_ws/install/turtlebot3_cartographer/share/ament_index/resource_index/packages/turtlebot3_cartographer
[1.890s] -- Installing: /home/simone/tesi_ws/install/turtlebot3_cartographer/share/turtlebot3_cartographer/cmake/turtlebot3_cartographerConfig.cmake
[1.891s] -- Installing: /home/simone/tesi_ws/install/turtlebot3_cartographer/share/turtlebot3_cartographer/cmake/turtlebot3_cartographerConfig-version.cmake
[1.891s] -- Installing: /home/simone/tesi_ws/install/turtlebot3_cartographer/share/turtlebot3_cartographer/package.xml
[1.895s] Invoked command in '/home/simone/tesi_ws/build/turtlebot3_cartographer' returned '0': CMAKE_PREFIX_PATH=${CMAKE_PREFIX_PATH}:/home/simone/tesi_ws/install/turtlebot3_teleop:/home/simone/tesi_ws/install/turtlebot3_example:/home/simone/tesi_ws/install/relocalization_pkg:/home/simone/tesi_ws/install/create_dataset:/opt/ros/humble /usr/bin/cmake --install /home/simone/tesi_ws/build/turtlebot3_cartographer
