[2.186s] Invoking command in '/home/simone/tesi_ws/src/create_dataset': PYTHONPATH=/home/simone/tesi_ws/build/create_dataset/prefix_override:/home/simone/tesi_ws/install/create_dataset/lib/python3.10/site-packages:${PYTHONPATH} /usr/bin/python3 setup.py egg_info --egg-base ../../build/create_dataset build --build-base /home/simone/tesi_ws/build/create_dataset/build install --record /home/simone/tesi_ws/build/create_dataset/install.log --single-version-externally-managed
[2.474s] running egg_info
[2.475s] writing ../../build/create_dataset/create_dataset.egg-info/PKG-INFO
[2.477s] writing dependency_links to ../../build/create_dataset/create_dataset.egg-info/dependency_links.txt
[2.477s] writing entry points to ../../build/create_dataset/create_dataset.egg-info/entry_points.txt
[2.478s] writing requirements to ../../build/create_dataset/create_dataset.egg-info/requires.txt
[2.478s] writing top-level names to ../../build/create_dataset/create_dataset.egg-info/top_level.txt
[2.478s] reading manifest file '../../build/create_dataset/create_dataset.egg-info/SOURCES.txt'
[2.478s] writing manifest file '../../build/create_dataset/create_dataset.egg-info/SOURCES.txt'
[2.479s] running build
[2.479s] running build_py
[2.480s] running install
[2.480s] running install_lib
[2.480s] running install_data
[2.481s] running install_egg_info
[2.481s] removing '/home/simone/tesi_ws/install/create_dataset/lib/python3.10/site-packages/create_dataset-0.0.0-py3.10.egg-info' (and everything under it)
[2.482s] Copying ../../build/create_dataset/create_dataset.egg-info to /home/simone/tesi_ws/install/create_dataset/lib/python3.10/site-packages/create_dataset-0.0.0-py3.10.egg-info
[2.482s] running install_scripts
[2.503s] Installing image_capture_node script to /home/simone/tesi_ws/install/create_dataset/lib/create_dataset
[2.503s] Installing reloc_capture_node script to /home/simone/tesi_ws/install/create_dataset/lib/create_dataset
[2.504s] writing list of installed files to '/home/simone/tesi_ws/build/create_dataset/install.log'
[2.916s] Invoked command in '/home/simone/tesi_ws/src/create_dataset' returned '0': PYTHONPATH=/home/simone/tesi_ws/build/create_dataset/prefix_override:/home/simone/tesi_ws/install/create_dataset/lib/python3.10/site-packages:${PYTHONPATH} /usr/bin/python3 setup.py egg_info --egg-base ../../build/create_dataset build --build-base /home/simone/tesi_ws/build/create_dataset/build install --record /home/simone/tesi_ws/build/create_dataset/install.log --single-version-externally-managed
