[0.745s] Invoking command in '/home/simone/tesi_ws/src/create_dataset': PYTHONPATH=/home/simone/tesi_ws/build/create_dataset/prefix_override:/home/simone/tesi_ws/install/create_dataset/lib/python3.10/site-packages:${PYTHONPATH} /usr/bin/python3 setup.py egg_info --egg-base ../../build/create_dataset build --build-base /home/simone/tesi_ws/build/create_dataset/build install --record /home/simone/tesi_ws/build/create_dataset/install.log --single-version-externally-managed
[0.950s] running egg_info
[0.950s] writing ../../build/create_dataset/create_dataset.egg-info/PKG-INFO
[0.951s] writing dependency_links to ../../build/create_dataset/create_dataset.egg-info/dependency_links.txt
[0.951s] writing entry points to ../../build/create_dataset/create_dataset.egg-info/entry_points.txt
[0.951s] writing requirements to ../../build/create_dataset/create_dataset.egg-info/requires.txt
[0.951s] writing top-level names to ../../build/create_dataset/create_dataset.egg-info/top_level.txt
[0.953s] reading manifest file '../../build/create_dataset/create_dataset.egg-info/SOURCES.txt'
[0.953s] writing manifest file '../../build/create_dataset/create_dataset.egg-info/SOURCES.txt'
[0.953s] running build
[0.954s] running build_py
[0.954s] copying create_dataset/reloc_capture.py -> /home/simone/tesi_ws/build/create_dataset/build/lib/create_dataset
[0.954s] running install
[0.954s] running install_lib
[0.955s] copying /home/simone/tesi_ws/build/create_dataset/build/lib/create_dataset/reloc_capture.py -> /home/simone/tesi_ws/install/create_dataset/lib/python3.10/site-packages/create_dataset
[0.956s] byte-compiling /home/simone/tesi_ws/install/create_dataset/lib/python3.10/site-packages/create_dataset/reloc_capture.py to reloc_capture.cpython-310.pyc
[0.956s] running install_data
[0.957s] running install_egg_info
[0.958s] removing '/home/simone/tesi_ws/install/create_dataset/lib/python3.10/site-packages/create_dataset-0.0.0-py3.10.egg-info' (and everything under it)
[0.960s] Copying ../../build/create_dataset/create_dataset.egg-info to /home/simone/tesi_ws/install/create_dataset/lib/python3.10/site-packages/create_dataset-0.0.0-py3.10.egg-info
[0.961s] running install_scripts
[0.977s] Installing image_capture_node script to /home/simone/tesi_ws/install/create_dataset/lib/create_dataset
[0.977s] Installing reloc_capture_node script to /home/simone/tesi_ws/install/create_dataset/lib/create_dataset
[0.977s] writing list of installed files to '/home/simone/tesi_ws/build/create_dataset/install.log'
[0.998s] Invoked command in '/home/simone/tesi_ws/src/create_dataset' returned '0': PYTHONPATH=/home/simone/tesi_ws/build/create_dataset/prefix_override:/home/simone/tesi_ws/install/create_dataset/lib/python3.10/site-packages:${PYTHONPATH} /usr/bin/python3 setup.py egg_info --egg-base ../../build/create_dataset build --build-base /home/simone/tesi_ws/build/create_dataset/build install --record /home/simone/tesi_ws/build/create_dataset/install.log --single-version-externally-managed
