[2.080s] Invoking command in '/home/simone/tesi_ws/src/create_dataset': PYTHONPATH=/home/simone/tesi_ws/build/create_dataset/prefix_override:/home/simone/tesi_ws/install/create_dataset/lib/python3.10/site-packages:${PYTHONPATH} /usr/bin/python3 setup.py egg_info --egg-base ../../build/create_dataset build --build-base /home/simone/tesi_ws/build/create_dataset/build install --record /home/simone/tesi_ws/build/create_dataset/install.log --single-version-externally-managed
[2.595s] running egg_info
[2.597s] writing ../../build/create_dataset/create_dataset.egg-info/PKG-INFO
[2.598s] writing dependency_links to ../../build/create_dataset/create_dataset.egg-info/dependency_links.txt
[2.599s] writing entry points to ../../build/create_dataset/create_dataset.egg-info/entry_points.txt
[2.599s] writing requirements to ../../build/create_dataset/create_dataset.egg-info/requires.txt
[2.599s] writing top-level names to ../../build/create_dataset/create_dataset.egg-info/top_level.txt
[2.604s] reading manifest file '../../build/create_dataset/create_dataset.egg-info/SOURCES.txt'
[2.605s] writing manifest file '../../build/create_dataset/create_dataset.egg-info/SOURCES.txt'
[2.606s] running build
[2.606s] running build_py
[2.606s] copying create_dataset/image_capture.py -> /home/simone/tesi_ws/build/create_dataset/build/lib/create_dataset
[2.607s] running install
[2.608s] running install_lib
[2.611s] copying /home/simone/tesi_ws/build/create_dataset/build/lib/create_dataset/image_capture.py -> /home/simone/tesi_ws/install/create_dataset/lib/python3.10/site-packages/create_dataset
[2.612s] byte-compiling /home/simone/tesi_ws/install/create_dataset/lib/python3.10/site-packages/create_dataset/image_capture.py to image_capture.cpython-310.pyc
[2.615s] running install_data
[2.617s] running install_egg_info
[2.620s] removing '/home/simone/tesi_ws/install/create_dataset/lib/python3.10/site-packages/create_dataset-0.0.0-py3.10.egg-info' (and everything under it)
[2.621s] Copying ../../build/create_dataset/create_dataset.egg-info to /home/simone/tesi_ws/install/create_dataset/lib/python3.10/site-packages/create_dataset-0.0.0-py3.10.egg-info
[2.624s] running install_scripts
[2.680s] Installing image_capture_node script to /home/simone/tesi_ws/install/create_dataset/lib/create_dataset
[2.681s] Installing reloc_capture_node script to /home/simone/tesi_ws/install/create_dataset/lib/create_dataset
[2.681s] writing list of installed files to '/home/simone/tesi_ws/build/create_dataset/install.log'
[2.837s] Invoked command in '/home/simone/tesi_ws/src/create_dataset' returned '0': PYTHONPATH=/home/simone/tesi_ws/build/create_dataset/prefix_override:/home/simone/tesi_ws/install/create_dataset/lib/python3.10/site-packages:${PYTHONPATH} /usr/bin/python3 setup.py egg_info --egg-base ../../build/create_dataset build --build-base /home/simone/tesi_ws/build/create_dataset/build install --record /home/simone/tesi_ws/build/create_dataset/install.log --single-version-externally-managed
